[0.053s] Invoking command in '/home/blakepi/ros2_ws/build/robot_arm': CMAKE_PREFIX_PATH=${CMAKE_PREFIX_PATH}:/home/blakepi/ros2_ws/install/python_pkgs:/home/blakepi/ros2_ws/install/bluetooth_communication:/opt/ros/humble /usr/bin/cmake --build /home/blakepi/ros2_ws/build/robot_arm -- -j4 -l4
[0.151s] -- Found ament_cmake: 1.3.9 (/opt/ros/humble/share/ament_cmake/cmake)
[0.703s] -- Found rclcpp: 16.0.9 (/opt/ros/humble/share/rclcpp/cmake)
[0.843s] -- Found rosidl_generator_c: 3.1.5 (/opt/ros/humble/share/rosidl_generator_c/cmake)
[0.854s] -- Found rosidl_adapter: 3.1.5 (/opt/ros/humble/share/rosidl_adapter/cmake)
[0.879s] -- Found rosidl_generator_cpp: 3.1.5 (/opt/ros/humble/share/rosidl_generator_cpp/cmake)
[0.924s] -- Using all available rosidl_typesupport_c: rosidl_typesupport_fastrtps_c;rosidl_typesupport_introspection_c
[0.987s] -- Using all available rosidl_typesupport_cpp: rosidl_typesupport_fastrtps_cpp;rosidl_typesupport_introspection_cpp
[1.216s] -- Found rmw_implementation_cmake: 6.1.2 (/opt/ros/humble/share/rmw_implementation_cmake/cmake)
[1.222s] -- Found rmw_fastrtps_cpp: 6.2.6 (/opt/ros/humble/share/rmw_fastrtps_cpp/cmake)
[1.882s] -- Using RMW implementation 'rmw_fastrtps_cpp' as default
[2.470s] -- Found interface: 0.0.0 (/home/blakepi/ros2_ws/install/interface/share/interface/cmake)
[2.536s] -- Found rclpy: 3.3.13 (/opt/ros/humble/share/rclpy/cmake)
[2.537s] -- Found sensor_msgs: 4.2.4 (/opt/ros/humble/share/sensor_msgs/cmake)
[3.294s] [31mCMake Error at /opt/ros/humble/share/ament_cmake_python/cmake/ament_python_install_package.cmake:122 (add_custom_target):
[3.295s]   add_custom_target called with invalid target name
[3.295s]   "ament_cmake_python_copy_src/python".  Target names may not contain a
[3.296s]   slash.  Use ADD_CUSTOM_COMMAND to generate files.
[3.296s] Call Stack (most recent call first):
[3.297s]   /opt/ros/humble/share/ament_cmake_python/cmake/ament_python_install_package.cmake:39 (_ament_cmake_python_install_package)
[3.297s]   CMakeLists.txt:74 (ament_python_install_package)
[3.298s] 
[3.298s] [0m
[3.298s] [31mCMake Error at /opt/ros/humble/share/ament_cmake_python/cmake/ament_python_install_package.cmake:141 (add_custom_target):
[3.299s]   add_custom_target called with invalid target name
[3.299s]   "ament_cmake_python_build_src/python_egg".  Target names may not contain a
[3.299s]   slash.  Use ADD_CUSTOM_COMMAND to generate files.
[3.300s] Call Stack (most recent call first):
[3.300s]   /opt/ros/humble/share/ament_cmake_python/cmake/ament_python_install_package.cmake:39 (_ament_cmake_python_install_package)
[3.301s]   CMakeLists.txt:74 (ament_python_install_package)
[3.301s] 
[3.301s] [0m
[3.302s] -- Found ament_lint_auto: 0.12.11 (/opt/ros/humble/share/ament_lint_auto/cmake)
[3.743s] -- Added test 'cppcheck' to perform static code analysis on C / C++ code
[3.744s] -- Configured cppcheck include dirs: /home/blakepi/ros2_ws/src/robot_arm/include
[3.744s] -- Configured cppcheck exclude dirs and/or files: 
[3.761s] -- Added test 'flake8' to check Python code syntax and style conventions
[3.794s] -- Added test 'lint_cmake' to check CMake code style
[3.811s] -- Added test 'pep257' to check Python code against some of the docstring style conventions in PEP 257
[3.930s] -- Added test 'uncrustify' to check C / C++ code style
[3.930s] -- Configured uncrustify additional arguments: 
[3.947s] -- Added test 'xmllint' to check XML markup files
[3.954s] -- Configuring incomplete, errors occurred!
[3.954s] See also "/home/blakepi/ros2_ws/build/robot_arm/CMakeFiles/CMakeOutput.log".
[3.983s] gmake: *** [Makefile:349: cmake_check_build_system] Error 1
[3.989s] Invoked command in '/home/blakepi/ros2_ws/build/robot_arm' returned '2': CMAKE_PREFIX_PATH=${CMAKE_PREFIX_PATH}:/home/blakepi/ros2_ws/install/python_pkgs:/home/blakepi/ros2_ws/install/bluetooth_communication:/opt/ros/humble /usr/bin/cmake --build /home/blakepi/ros2_ws/build/robot_arm -- -j4 -l4
