[0.062s] Invoking command in '/home/blakepi/ros2_ws/build/robot_arm': CMAKE_PREFIX_PATH=${CMAKE_PREFIX_PATH}:/home/blakepi/ros2_ws/install/python_pkgs:/home/blakepi/ros2_ws/install/bluetooth_communication:/opt/ros/humble /usr/bin/cmake --build /home/blakepi/ros2_ws/build/robot_arm -- -j4 -l4
[0.179s] -- Found ament_cmake: 1.3.9 (/opt/ros/humble/share/ament_cmake/cmake)
[0.986s] -- Found rclcpp: 16.0.9 (/opt/ros/humble/share/rclcpp/cmake)
[1.175s] -- Found rosidl_generator_c: 3.1.5 (/opt/ros/humble/share/rosidl_generator_c/cmake)
[1.190s] -- Found rosidl_adapter: 3.1.5 (/opt/ros/humble/share/rosidl_adapter/cmake)
[1.230s] -- Found rosidl_generator_cpp: 3.1.5 (/opt/ros/humble/share/rosidl_generator_cpp/cmake)
[1.302s] -- Using all available rosidl_typesupport_c: rosidl_typesupport_fastrtps_c;rosidl_typesupport_introspection_c
[1.390s] -- Using all available rosidl_typesupport_cpp: rosidl_typesupport_fastrtps_cpp;rosidl_typesupport_introspection_cpp
[1.705s] -- Found rmw_implementation_cmake: 6.1.2 (/opt/ros/humble/share/rmw_implementation_cmake/cmake)
[1.716s] -- Found rmw_fastrtps_cpp: 6.2.6 (/opt/ros/humble/share/rmw_fastrtps_cpp/cmake)
[2.422s] -- Using RMW implementation 'rmw_fastrtps_cpp' as default
[3.280s] -- Found interface: 0.0.0 (/home/blakepi/ros2_ws/install/interface/share/interface/cmake)
[3.421s] -- Found rclpy: 3.3.13 (/opt/ros/humble/share/rclpy/cmake)
[3.453s] -- Found sensor_msgs: 4.2.4 (/opt/ros/humble/share/sensor_msgs/cmake)
[4.451s] [31mCMake Error at /opt/ros/humble/share/ament_cmake_python/cmake/ament_python_install_package.cmake:66 (message):
[4.451s]   ament_python_install_package() the Python package folder
[4.451s]   '/home/blakepi/ros2_ws/src/robot_arm/robot_arm' doesn't contain an
[4.452s]   '__init__.py' file
[4.453s] Call Stack (most recent call first):
[4.453s]   /opt/ros/humble/share/ament_cmake_python/cmake/ament_python_install_package.cmake:39 (_ament_cmake_python_install_package)
[4.454s]   CMakeLists.txt:74 (ament_python_install_package)
[4.454s] 
[4.454s] [0m
[4.455s] -- Configuring incomplete, errors occurred!
[4.456s] See also "/home/blakepi/ros2_ws/build/robot_arm/CMakeFiles/CMakeOutput.log".
[4.487s] gmake: *** [Makefile:349: cmake_check_build_system] Error 1
[4.493s] Invoked command in '/home/blakepi/ros2_ws/build/robot_arm' returned '2': CMAKE_PREFIX_PATH=${CMAKE_PREFIX_PATH}:/home/blakepi/ros2_ws/install/python_pkgs:/home/blakepi/ros2_ws/install/bluetooth_communication:/opt/ros/humble /usr/bin/cmake --build /home/blakepi/ros2_ws/build/robot_arm -- -j4 -l4
