[0.055s] Invoking command in '/home/blakepi/ros2_ws/build/robot_arm': CMAKE_PREFIX_PATH=${CMAKE_PREFIX_PATH}:/opt/ros/humble /usr/bin/cmake --build /home/blakepi/ros2_ws/build/robot_arm -- -j4 -l4
[0.149s] -- Found ament_cmake: 1.3.9 (/opt/ros/humble/share/ament_cmake/cmake)
[0.698s] -- Found rclcpp: 16.0.9 (/opt/ros/humble/share/rclcpp/cmake)
[0.830s] -- Found rosidl_generator_c: 3.1.5 (/opt/ros/humble/share/rosidl_generator_c/cmake)
[0.840s] -- Found rosidl_adapter: 3.1.5 (/opt/ros/humble/share/rosidl_adapter/cmake)
[0.864s] -- Found rosidl_generator_cpp: 3.1.5 (/opt/ros/humble/share/rosidl_generator_cpp/cmake)
[0.909s] -- Using all available rosidl_typesupport_c: rosidl_typesupport_fastrtps_c;rosidl_typesupport_introspection_c
[0.971s] -- Using all available rosidl_typesupport_cpp: rosidl_typesupport_fastrtps_cpp;rosidl_typesupport_introspection_cpp
[1.195s] -- Found rmw_implementation_cmake: 6.1.2 (/opt/ros/humble/share/rmw_implementation_cmake/cmake)
[1.201s] -- Found rmw_fastrtps_cpp: 6.2.6 (/opt/ros/humble/share/rmw_fastrtps_cpp/cmake)
[1.707s] -- Using RMW implementation 'rmw_fastrtps_cpp' as default
[2.353s] [31mCMake Error at CMakeLists.txt:19 (find_package):
[2.354s]   By not providing "FindDBus.cmake" in CMAKE_MODULE_PATH this project has
[2.354s]   asked CMake to find a package configuration file provided by "DBus", but
[2.355s]   CMake did not find one.
[2.355s] 
[2.355s]   Could not find a package configuration file provided by "DBus" with any of
[2.356s]   the following names:
[2.356s] 
[2.357s]     DBusConfig.cmake
[2.357s]     dbus-config.cmake
[2.358s] 
[2.359s]   Add the installation prefix of "DBus" to CMAKE_PREFIX_PATH or set
[2.360s]   "DBus_DIR" to a directory containing one of the above files.  If "DBus"
[2.361s]   provides a separate development package or SDK, be sure it has been
[2.361s]   installed.
[2.362s] 
[2.363s] [0m
[2.363s] -- Configuring incomplete, errors occurred!
[2.364s] See also "/home/blakepi/ros2_ws/build/robot_arm/CMakeFiles/CMakeOutput.log".
[2.376s] gmake: *** [Makefile:349: cmake_check_build_system] Error 1
[2.382s] Invoked command in '/home/blakepi/ros2_ws/build/robot_arm' returned '2': CMAKE_PREFIX_PATH=${CMAKE_PREFIX_PATH}:/opt/ros/humble /usr/bin/cmake --build /home/blakepi/ros2_ws/build/robot_arm -- -j4 -l4
