[0.055s] Invoking command in '/home/blakepi/ros2_ws/build/robot_arm': CMAKE_PREFIX_PATH=${CMAKE_PREFIX_PATH}:/opt/ros/humble /usr/bin/cmake --build /home/blakepi/ros2_ws/build/robot_arm -- -j4 -l4
[0.150s] -- Found ament_cmake: 1.3.9 (/opt/ros/humble/share/ament_cmake/cmake)
[0.688s] -- Found rclcpp: 16.0.9 (/opt/ros/humble/share/rclcpp/cmake)
[0.821s] -- Found rosidl_generator_c: 3.1.5 (/opt/ros/humble/share/rosidl_generator_c/cmake)
[0.832s] -- Found rosidl_adapter: 3.1.5 (/opt/ros/humble/share/rosidl_adapter/cmake)
[0.857s] -- Found rosidl_generator_cpp: 3.1.5 (/opt/ros/humble/share/rosidl_generator_cpp/cmake)
[0.901s] -- Using all available rosidl_typesupport_c: rosidl_typesupport_fastrtps_c;rosidl_typesupport_introspection_c
[0.963s] -- Using all available rosidl_typesupport_cpp: rosidl_typesupport_fastrtps_cpp;rosidl_typesupport_introspection_cpp
[1.195s] -- Found rmw_implementation_cmake: 6.1.2 (/opt/ros/humble/share/rmw_implementation_cmake/cmake)
[1.202s] -- Found rmw_fastrtps_cpp: 6.2.6 (/opt/ros/humble/share/rmw_fastrtps_cpp/cmake)
[1.734s] -- Using RMW implementation 'rmw_fastrtps_cpp' as default
[2.327s] [31mCMake Error at /home/blakepi/pigpio-master/cmake/pigpioConfig.cmake:1 (include):
[2.328s]   include could not find requested file:
[2.328s] 
[2.328s]     /home/blakepi/pigpio-master/cmake/pigpioTargets.cmake
[2.329s] Call Stack (most recent call first):
[2.329s]   CMakeLists.txt:18 (find_package)
[2.330s] 
[2.330s] [0m
[2.331s] -- Found ament_lint_auto: 0.12.11 (/opt/ros/humble/share/ament_lint_auto/cmake)
[2.738s] -- Added test 'cppcheck' to perform static code analysis on C / C++ code
[2.739s] -- Configured cppcheck include dirs: 
[2.739s] -- Configured cppcheck exclude dirs and/or files: 
[2.754s] -- Added test 'flake8' to check Python code syntax and style conventions
[2.783s] -- Added test 'lint_cmake' to check CMake code style
[2.799s] -- Added test 'pep257' to check Python code against some of the docstring style conventions in PEP 257
[2.914s] -- Added test 'uncrustify' to check C / C++ code style
[2.915s] -- Configured uncrustify additional arguments: 
[2.930s] -- Added test 'xmllint' to check XML markup files
[2.934s] -- Configuring incomplete, errors occurred!
[2.935s] See also "/home/blakepi/ros2_ws/build/robot_arm/CMakeFiles/CMakeOutput.log".
[2.959s] gmake: *** [Makefile:267: cmake_check_build_system] Error 1
[2.965s] Invoked command in '/home/blakepi/ros2_ws/build/robot_arm' returned '2': CMAKE_PREFIX_PATH=${CMAKE_PREFIX_PATH}:/opt/ros/humble /usr/bin/cmake --build /home/blakepi/ros2_ws/build/robot_arm -- -j4 -l4
