[0.040s] Invoking command in '/home/blakepi/ros2_ws/build/robot_arm': CMAKE_PREFIX_PATH=/opt/ros/humble /usr/bin/cmake /home/blakepi/ros2_ws/src/robot_arm -DCMAKE_INSTALL_PREFIX=/home/blakepi/ros2_ws/install/robot_arm
[0.288s] -- The C compiler identification is GNU 11.4.0
[0.533s] -- The CXX compiler identification is GNU 11.4.0
[0.563s] -- Detecting C compiler ABI info
[0.865s] -- Detecting C compiler ABI info - done
[0.889s] -- Check for working C compiler: /usr/bin/cc - skipped
[0.890s] -- Detecting C compile features
[0.891s] -- Detecting C compile features - done
[0.902s] -- Detecting CXX compiler ABI info
[1.233s] -- Detecting CXX compiler ABI info - done
[1.261s] -- Check for working CXX compiler: /usr/bin/c++ - skipped
[1.262s] -- Detecting CXX compile features
[1.264s] -- Detecting CXX compile features - done
[1.280s] -- Found ament_cmake: 1.3.9 (/opt/ros/humble/share/ament_cmake/cmake)
[1.935s] -- Found Python3: /usr/bin/python3 (found version "3.10.12") found components: Interpreter 
[2.368s] -- Found rclcpp: 16.0.9 (/opt/ros/humble/share/rclcpp/cmake)
[2.599s] -- Found rosidl_generator_c: 3.1.5 (/opt/ros/humble/share/rosidl_generator_c/cmake)
[2.630s] -- Found rosidl_adapter: 3.1.5 (/opt/ros/humble/share/rosidl_adapter/cmake)
[2.673s] -- Found rosidl_generator_cpp: 3.1.5 (/opt/ros/humble/share/rosidl_generator_cpp/cmake)
[2.739s] -- Using all available rosidl_typesupport_c: rosidl_typesupport_fastrtps_c;rosidl_typesupport_introspection_c
[2.832s] -- Using all available rosidl_typesupport_cpp: rosidl_typesupport_fastrtps_cpp;rosidl_typesupport_introspection_cpp
[3.148s] -- Found rmw_implementation_cmake: 6.1.2 (/opt/ros/humble/share/rmw_implementation_cmake/cmake)
[3.163s] -- Found rmw_fastrtps_cpp: 6.2.6 (/opt/ros/humble/share/rmw_fastrtps_cpp/cmake)
[3.620s] -- Found OpenSSL: /usr/lib/aarch64-linux-gnu/libcrypto.so (found version "3.0.2")  
[3.732s] -- Found FastRTPS: /opt/ros/humble/include  
[3.938s] -- Using RMW implementation 'rmw_fastrtps_cpp' as default
[3.993s] -- Looking for pthread.h
[4.316s] -- Looking for pthread.h - found
[4.318s] -- Performing Test CMAKE_HAVE_LIBC_PTHREAD
[4.639s] -- Performing Test CMAKE_HAVE_LIBC_PTHREAD - Success
[4.643s] -- Found Threads: TRUE  
[5.278s] -- Found ament_lint_auto: 0.12.11 (/opt/ros/humble/share/ament_lint_auto/cmake)
[5.759s] -- Added test 'cppcheck' to perform static code analysis on C / C++ code
[5.759s] -- Configured cppcheck include dirs: 
[5.759s] -- Configured cppcheck exclude dirs and/or files: 
[5.775s] -- Added test 'flake8' to check Python code syntax and style conventions
[5.805s] -- Added test 'lint_cmake' to check CMake code style
[5.821s] -- Added test 'pep257' to check Python code against some of the docstring style conventions in PEP 257
[5.936s] -- Added test 'uncrustify' to check C / C++ code style
[5.936s] -- Configured uncrustify additional arguments: 
[5.952s] -- Added test 'xmllint' to check XML markup files
[5.958s] -- Configuring done
[6.008s] -- Generating done
[6.015s] -- Build files have been written to: /home/blakepi/ros2_ws/build/robot_arm
[6.044s] Invoked command in '/home/blakepi/ros2_ws/build/robot_arm' returned '0': CMAKE_PREFIX_PATH=/opt/ros/humble /usr/bin/cmake /home/blakepi/ros2_ws/src/robot_arm -DCMAKE_INSTALL_PREFIX=/home/blakepi/ros2_ws/install/robot_arm
[6.056s] Invoking command in '/home/blakepi/ros2_ws/build/robot_arm': CMAKE_PREFIX_PATH=/opt/ros/humble /usr/bin/cmake --build /home/blakepi/ros2_ws/build/robot_arm -- -j4 -l4
[6.247s] [ 50%] [32mBuilding CXX object CMakeFiles/minimal_cpp_node.dir/src/test_node.cpp.o[0m
[17.357s] [100%] [32m[1mLinking CXX executable minimal_cpp_node[0m
[17.836s] [100%] Built target minimal_cpp_node
[17.872s] Invoked command in '/home/blakepi/ros2_ws/build/robot_arm' returned '0': CMAKE_PREFIX_PATH=/opt/ros/humble /usr/bin/cmake --build /home/blakepi/ros2_ws/build/robot_arm -- -j4 -l4
[18.041s] Invoking command in '/home/blakepi/ros2_ws/build/robot_arm': CMAKE_PREFIX_PATH=/opt/ros/humble /usr/bin/cmake --install /home/blakepi/ros2_ws/build/robot_arm
[18.066s] -- Install configuration: ""
[18.066s] -- Installing: /home/blakepi/ros2_ws/install/robot_arm/lib/robot_arm/minimal_cpp_node
[18.069s] -- Set runtime path of "/home/blakepi/ros2_ws/install/robot_arm/lib/robot_arm/minimal_cpp_node" to ""
[18.070s] -- Installing: /home/blakepi/ros2_ws/install/robot_arm/share/ament_index/resource_index/package_run_dependencies/robot_arm
[18.071s] -- Installing: /home/blakepi/ros2_ws/install/robot_arm/share/ament_index/resource_index/parent_prefix_path/robot_arm
[18.073s] -- Installing: /home/blakepi/ros2_ws/install/robot_arm/share/robot_arm/environment/ament_prefix_path.sh
[18.074s] -- Installing: /home/blakepi/ros2_ws/install/robot_arm/share/robot_arm/environment/ament_prefix_path.dsv
[18.075s] -- Installing: /home/blakepi/ros2_ws/install/robot_arm/share/robot_arm/environment/path.sh
[18.077s] -- Installing: /home/blakepi/ros2_ws/install/robot_arm/share/robot_arm/environment/path.dsv
[18.077s] -- Installing: /home/blakepi/ros2_ws/install/robot_arm/share/robot_arm/local_setup.bash
[18.078s] -- Installing: /home/blakepi/ros2_ws/install/robot_arm/share/robot_arm/local_setup.sh
[18.079s] -- Installing: /home/blakepi/ros2_ws/install/robot_arm/share/robot_arm/local_setup.zsh
[18.080s] -- Installing: /home/blakepi/ros2_ws/install/robot_arm/share/robot_arm/local_setup.dsv
[18.081s] -- Installing: /home/blakepi/ros2_ws/install/robot_arm/share/robot_arm/package.dsv
[18.083s] -- Installing: /home/blakepi/ros2_ws/install/robot_arm/share/ament_index/resource_index/packages/robot_arm
[18.084s] -- Installing: /home/blakepi/ros2_ws/install/robot_arm/share/robot_arm/cmake/robot_armConfig.cmake
[18.085s] -- Installing: /home/blakepi/ros2_ws/install/robot_arm/share/robot_arm/cmake/robot_armConfig-version.cmake
[18.086s] -- Installing: /home/blakepi/ros2_ws/install/robot_arm/share/robot_arm/package.xml
[18.092s] Invoked command in '/home/blakepi/ros2_ws/build/robot_arm' returned '0': CMAKE_PREFIX_PATH=/opt/ros/humble /usr/bin/cmake --install /home/blakepi/ros2_ws/build/robot_arm
