[0.406s] DEBUG:colcon:Command line arguments: ['/usr/bin/colcon', 'build', '--packages-select', 'robot_arm']
[0.406s] DEBUG:colcon:Parsed command line arguments: Namespace(log_base=None, log_level=None, verb_name='build', build_base='build', install_base='install', merge_install=False, symlink_install=False, test_result_base=None, continue_on_error=False, executor='parallel', parallel_workers=4, event_handlers=None, ignore_user_meta=False, metas=['./colcon.meta'], base_paths=['.'], packages_ignore=None, packages_ignore_regex=None, paths=None, packages_up_to=None, packages_up_to_regex=None, packages_above=None, packages_above_and_dependencies=None, packages_above_depth=None, packages_select_by_dep=None, packages_skip_by_dep=None, packages_skip_up_to=None, packages_select_build_failed=False, packages_skip_build_finished=False, packages_select_test_failures=False, packages_skip_test_passed=False, packages_select=['robot_arm'], packages_skip=None, packages_select_regex=None, packages_skip_regex=None, packages_start=None, packages_end=None, allow_overriding=[], cmake_args=None, cmake_target=None, cmake_target_skip_unavailable=False, cmake_clean_cache=False, cmake_clean_first=False, cmake_force_configure=False, ament_cmake_args=None, catkin_cmake_args=None, catkin_skip_building_tests=False, verb_parser=<colcon_defaults.argument_parser.defaults.DefaultArgumentsDecorator object at 0xffff93b46140>, verb_extension=<colcon_core.verb.build.BuildVerb object at 0xffff93cded40>, main=<bound method BuildVerb.main of <colcon_core.verb.build.BuildVerb object at 0xffff93cded40>>)
[1.020s] Level 1:colcon.colcon_core.package_discovery:discover_packages(colcon_meta) check parameters
[1.020s] Level 1:colcon.colcon_core.package_discovery:discover_packages(recursive) check parameters
[1.020s] Level 1:colcon.colcon_core.package_discovery:discover_packages(ignore) check parameters
[1.020s] Level 1:colcon.colcon_core.package_discovery:discover_packages(path) check parameters
[1.020s] Level 1:colcon.colcon_core.package_discovery:discover_packages(colcon_meta) discover
[1.021s] Level 1:colcon.colcon_core.package_discovery:discover_packages(recursive) discover
[1.021s] INFO:colcon.colcon_core.package_discovery:Crawling recursively for packages in '/home/blakepi/ros2_ws'
[1.021s] Level 1:colcon.colcon_core.package_identification:_identify(.) by extensions ['ignore', 'ignore_ament_install']
[1.022s] Level 1:colcon.colcon_core.package_identification:_identify(.) by extension 'ignore'
[1.022s] Level 1:colcon.colcon_core.package_identification:_identify(.) by extension 'ignore_ament_install'
[1.022s] Level 1:colcon.colcon_core.package_identification:_identify(.) by extensions ['colcon_pkg']
[1.022s] Level 1:colcon.colcon_core.package_identification:_identify(.) by extension 'colcon_pkg'
[1.022s] Level 1:colcon.colcon_core.package_identification:_identify(.) by extensions ['colcon_meta']
[1.022s] Level 1:colcon.colcon_core.package_identification:_identify(.) by extension 'colcon_meta'
[1.022s] Level 1:colcon.colcon_core.package_identification:_identify(.) by extensions ['ros']
[1.023s] Level 1:colcon.colcon_core.package_identification:_identify(.) by extension 'ros'
[1.066s] Level 1:colcon.colcon_core.package_identification:_identify(.) by extensions ['cmake', 'python']
[1.067s] Level 1:colcon.colcon_core.package_identification:_identify(.) by extension 'cmake'
[1.067s] Level 1:colcon.colcon_core.package_identification:_identify(.) by extension 'python'
[1.067s] Level 1:colcon.colcon_core.package_identification:_identify(.) by extensions ['python_setup_py']
[1.067s] Level 1:colcon.colcon_core.package_identification:_identify(.) by extension 'python_setup_py'
[1.068s] Level 1:colcon.colcon_core.package_identification:_identify(build) by extensions ['ignore', 'ignore_ament_install']
[1.068s] Level 1:colcon.colcon_core.package_identification:_identify(build) by extension 'ignore'
[1.068s] Level 1:colcon.colcon_core.package_identification:_identify(build) ignored
[1.069s] Level 1:colcon.colcon_core.package_identification:_identify(install) by extensions ['ignore', 'ignore_ament_install']
[1.069s] Level 1:colcon.colcon_core.package_identification:_identify(install) by extension 'ignore'
[1.069s] Level 1:colcon.colcon_core.package_identification:_identify(install) ignored
[1.070s] Level 1:colcon.colcon_core.package_identification:_identify(log) by extensions ['ignore', 'ignore_ament_install']
[1.070s] Level 1:colcon.colcon_core.package_identification:_identify(log) by extension 'ignore'
[1.070s] Level 1:colcon.colcon_core.package_identification:_identify(log) ignored
[1.070s] Level 1:colcon.colcon_core.package_identification:_identify(src) by extensions ['ignore', 'ignore_ament_install']
[1.071s] Level 1:colcon.colcon_core.package_identification:_identify(src) by extension 'ignore'
[1.071s] Level 1:colcon.colcon_core.package_identification:_identify(src) by extension 'ignore_ament_install'
[1.071s] Level 1:colcon.colcon_core.package_identification:_identify(src) by extensions ['colcon_pkg']
[1.071s] Level 1:colcon.colcon_core.package_identification:_identify(src) by extension 'colcon_pkg'
[1.071s] Level 1:colcon.colcon_core.package_identification:_identify(src) by extensions ['colcon_meta']
[1.071s] Level 1:colcon.colcon_core.package_identification:_identify(src) by extension 'colcon_meta'
[1.072s] Level 1:colcon.colcon_core.package_identification:_identify(src) by extensions ['ros']
[1.072s] Level 1:colcon.colcon_core.package_identification:_identify(src) by extension 'ros'
[1.072s] Level 1:colcon.colcon_core.package_identification:_identify(src) by extensions ['cmake', 'python']
[1.072s] Level 1:colcon.colcon_core.package_identification:_identify(src) by extension 'cmake'
[1.072s] Level 1:colcon.colcon_core.package_identification:_identify(src) by extension 'python'
[1.072s] Level 1:colcon.colcon_core.package_identification:_identify(src) by extensions ['python_setup_py']
[1.073s] Level 1:colcon.colcon_core.package_identification:_identify(src) by extension 'python_setup_py'
[1.073s] Level 1:colcon.colcon_core.package_identification:_identify(src/robot_arm) by extensions ['ignore', 'ignore_ament_install']
[1.073s] Level 1:colcon.colcon_core.package_identification:_identify(src/robot_arm) by extension 'ignore'
[1.074s] Level 1:colcon.colcon_core.package_identification:_identify(src/robot_arm) by extension 'ignore_ament_install'
[1.074s] Level 1:colcon.colcon_core.package_identification:_identify(src/robot_arm) by extensions ['colcon_pkg']
[1.074s] Level 1:colcon.colcon_core.package_identification:_identify(src/robot_arm) by extension 'colcon_pkg'
[1.074s] Level 1:colcon.colcon_core.package_identification:_identify(src/robot_arm) by extensions ['colcon_meta']
[1.074s] Level 1:colcon.colcon_core.package_identification:_identify(src/robot_arm) by extension 'colcon_meta'
[1.074s] Level 1:colcon.colcon_core.package_identification:_identify(src/robot_arm) by extensions ['ros']
[1.074s] Level 1:colcon.colcon_core.package_identification:_identify(src/robot_arm) by extension 'ros'
[1.083s] DEBUG:colcon.colcon_core.package_identification:Package 'src/robot_arm' with type 'ros.ament_cmake' and name 'robot_arm'
[1.083s] Level 1:colcon.colcon_core.package_discovery:discover_packages(recursive) using defaults
[1.084s] Level 1:colcon.colcon_core.package_discovery:discover_packages(ignore) discover
[1.084s] Level 1:colcon.colcon_core.package_discovery:discover_packages(ignore) using defaults
[1.084s] Level 1:colcon.colcon_core.package_discovery:discover_packages(path) discover
[1.084s] Level 1:colcon.colcon_core.package_discovery:discover_packages(path) using defaults
[1.160s] Level 1:colcon.colcon_core.package_discovery:discover_packages(prefix_path) check parameters
[1.160s] Level 1:colcon.colcon_core.package_discovery:discover_packages(prefix_path) discover
[1.168s] DEBUG:colcon.colcon_installed_package_information.package_discovery:Found 1 installed packages in /home/blakepi/ros2_ws/install
[1.174s] DEBUG:colcon.colcon_installed_package_information.package_discovery:Found 180 installed packages in /opt/ros/humble
[1.178s] Level 1:colcon.colcon_core.package_discovery:discover_packages(prefix_path) using defaults
[1.282s] Level 5:colcon.colcon_core.verb:set package 'robot_arm' build argument 'cmake_args' from command line to 'None'
[1.282s] Level 5:colcon.colcon_core.verb:set package 'robot_arm' build argument 'cmake_target' from command line to 'None'
[1.282s] Level 5:colcon.colcon_core.verb:set package 'robot_arm' build argument 'cmake_target_skip_unavailable' from command line to 'False'
[1.283s] Level 5:colcon.colcon_core.verb:set package 'robot_arm' build argument 'cmake_clean_cache' from command line to 'False'
[1.283s] Level 5:colcon.colcon_core.verb:set package 'robot_arm' build argument 'cmake_clean_first' from command line to 'False'
[1.283s] Level 5:colcon.colcon_core.verb:set package 'robot_arm' build argument 'cmake_force_configure' from command line to 'False'
[1.283s] Level 5:colcon.colcon_core.verb:set package 'robot_arm' build argument 'ament_cmake_args' from command line to 'None'
[1.283s] Level 5:colcon.colcon_core.verb:set package 'robot_arm' build argument 'catkin_cmake_args' from command line to 'None'
[1.283s] Level 5:colcon.colcon_core.verb:set package 'robot_arm' build argument 'catkin_skip_building_tests' from command line to 'False'
[1.283s] DEBUG:colcon.colcon_core.verb:Building package 'robot_arm' with the following arguments: {'ament_cmake_args': None, 'build_base': '/home/blakepi/ros2_ws/build/robot_arm', 'catkin_cmake_args': None, 'catkin_skip_building_tests': False, 'cmake_args': None, 'cmake_clean_cache': False, 'cmake_clean_first': False, 'cmake_force_configure': False, 'cmake_target': None, 'cmake_target_skip_unavailable': False, 'install_base': '/home/blakepi/ros2_ws/install/robot_arm', 'merge_install': False, 'path': '/home/blakepi/ros2_ws/src/robot_arm', 'symlink_install': False, 'test_result_base': None}
[1.284s] INFO:colcon.colcon_core.executor:Executing jobs using 'parallel' executor
[1.287s] DEBUG:colcon.colcon_parallel_executor.executor.parallel:run_until_complete
[1.288s] INFO:colcon.colcon_ros.task.ament_cmake.build:Building ROS package in '/home/blakepi/ros2_ws/src/robot_arm' with build type 'ament_cmake'
[1.289s] INFO:colcon.colcon_cmake.task.cmake.build:Building CMake package in '/home/blakepi/ros2_ws/src/robot_arm'
[1.297s] INFO:colcon.colcon_core.plugin_system:Skipping extension 'colcon_core.shell.bat': Not used on non-Windows systems
[1.298s] INFO:colcon.colcon_core.shell:Skip shell extension 'powershell' for command environment: Not usable outside of PowerShell
[1.298s] DEBUG:colcon.colcon_core.shell:Skip shell extension 'dsv' for command environment
[1.340s] DEBUG:colcon.colcon_core.event_handler.log_command:Invoking command in '/home/blakepi/ros2_ws/build/robot_arm': CMAKE_PREFIX_PATH=${CMAKE_PREFIX_PATH}:/opt/ros/humble /usr/bin/cmake --build /home/blakepi/ros2_ws/build/robot_arm -- -j4 -l4
[1.617s] DEBUG:colcon.colcon_core.event_handler.log_command:Invoked command in '/home/blakepi/ros2_ws/build/robot_arm' returned '0': CMAKE_PREFIX_PATH=${CMAKE_PREFIX_PATH}:/opt/ros/humble /usr/bin/cmake --build /home/blakepi/ros2_ws/build/robot_arm -- -j4 -l4
[1.788s] DEBUG:colcon.colcon_core.event_handler.log_command:Invoking command in '/home/blakepi/ros2_ws/build/robot_arm': CMAKE_PREFIX_PATH=${CMAKE_PREFIX_PATH}:/opt/ros/humble /usr/bin/cmake --install /home/blakepi/ros2_ws/build/robot_arm
[1.824s] Level 1:colcon.colcon_core.environment:create_environment_scripts_only(robot_arm)
[1.826s] DEBUG:colcon.colcon_core.event_handler.log_command:Invoked command in '/home/blakepi/ros2_ws/build/robot_arm' returned '0': CMAKE_PREFIX_PATH=${CMAKE_PREFIX_PATH}:/opt/ros/humble /usr/bin/cmake --install /home/blakepi/ros2_ws/build/robot_arm
[1.836s] Level 1:colcon.colcon_core.environment:checking '/home/blakepi/ros2_ws/install/robot_arm' for CMake module files
[1.840s] Level 1:colcon.colcon_core.environment:checking '/home/blakepi/ros2_ws/install/robot_arm' for CMake config files
[1.843s] Level 1:colcon.colcon_core.shell:create_environment_hook('robot_arm', 'cmake_prefix_path')
[1.844s] INFO:colcon.colcon_core.shell:Creating environment hook '/home/blakepi/ros2_ws/install/robot_arm/share/robot_arm/hook/cmake_prefix_path.ps1'
[1.849s] INFO:colcon.colcon_core.shell:Creating environment descriptor '/home/blakepi/ros2_ws/install/robot_arm/share/robot_arm/hook/cmake_prefix_path.dsv'
[1.851s] INFO:colcon.colcon_core.shell:Creating environment hook '/home/blakepi/ros2_ws/install/robot_arm/share/robot_arm/hook/cmake_prefix_path.sh'
[1.855s] Level 1:colcon.colcon_core.environment:checking '/home/blakepi/ros2_ws/install/robot_arm/lib'
[1.856s] Level 1:colcon.colcon_core.environment:checking '/home/blakepi/ros2_ws/install/robot_arm/bin'
[1.856s] Level 1:colcon.colcon_core.environment:checking '/home/blakepi/ros2_ws/install/robot_arm/lib/pkgconfig/robot_arm.pc'
[1.857s] Level 1:colcon.colcon_core.environment:checking '/home/blakepi/ros2_ws/install/robot_arm/lib/python3.10/site-packages'
[1.858s] Level 1:colcon.colcon_core.environment:checking '/home/blakepi/ros2_ws/install/robot_arm/bin'
[1.859s] INFO:colcon.colcon_core.shell:Creating package script '/home/blakepi/ros2_ws/install/robot_arm/share/robot_arm/package.ps1'
[1.862s] INFO:colcon.colcon_core.shell:Creating package descriptor '/home/blakepi/ros2_ws/install/robot_arm/share/robot_arm/package.dsv'
[1.864s] INFO:colcon.colcon_core.shell:Creating package script '/home/blakepi/ros2_ws/install/robot_arm/share/robot_arm/package.sh'
[1.867s] INFO:colcon.colcon_core.shell:Creating package script '/home/blakepi/ros2_ws/install/robot_arm/share/robot_arm/package.bash'
[1.870s] INFO:colcon.colcon_core.shell:Creating package script '/home/blakepi/ros2_ws/install/robot_arm/share/robot_arm/package.zsh'
[1.873s] Level 1:colcon.colcon_core.environment:create_file_with_runtime_dependencies(/home/blakepi/ros2_ws/install/robot_arm/share/colcon-core/packages/robot_arm)
[2.005s] Level 1:colcon.colcon_core.environment:create_environment_scripts_only(robot_arm)
[2.006s] Level 1:colcon.colcon_core.environment:checking '/home/blakepi/ros2_ws/install/robot_arm' for CMake module files
[2.010s] Level 1:colcon.colcon_core.environment:checking '/home/blakepi/ros2_ws/install/robot_arm' for CMake config files
[2.012s] Level 1:colcon.colcon_core.shell:create_environment_hook('robot_arm', 'cmake_prefix_path')
[2.013s] INFO:colcon.colcon_core.shell:Creating environment hook '/home/blakepi/ros2_ws/install/robot_arm/share/robot_arm/hook/cmake_prefix_path.ps1'
[2.015s] INFO:colcon.colcon_core.shell:Creating environment descriptor '/home/blakepi/ros2_ws/install/robot_arm/share/robot_arm/hook/cmake_prefix_path.dsv'
[2.017s] INFO:colcon.colcon_core.shell:Creating environment hook '/home/blakepi/ros2_ws/install/robot_arm/share/robot_arm/hook/cmake_prefix_path.sh'
[2.019s] Level 1:colcon.colcon_core.environment:checking '/home/blakepi/ros2_ws/install/robot_arm/lib'
[2.020s] Level 1:colcon.colcon_core.environment:checking '/home/blakepi/ros2_ws/install/robot_arm/bin'
[2.020s] Level 1:colcon.colcon_core.environment:checking '/home/blakepi/ros2_ws/install/robot_arm/lib/pkgconfig/robot_arm.pc'
[2.021s] Level 1:colcon.colcon_core.environment:checking '/home/blakepi/ros2_ws/install/robot_arm/lib/python3.10/site-packages'
[2.022s] Level 1:colcon.colcon_core.environment:checking '/home/blakepi/ros2_ws/install/robot_arm/bin'
[2.023s] INFO:colcon.colcon_core.shell:Creating package script '/home/blakepi/ros2_ws/install/robot_arm/share/robot_arm/package.ps1'
[2.025s] INFO:colcon.colcon_core.shell:Creating package descriptor '/home/blakepi/ros2_ws/install/robot_arm/share/robot_arm/package.dsv'
[2.027s] INFO:colcon.colcon_core.shell:Creating package script '/home/blakepi/ros2_ws/install/robot_arm/share/robot_arm/package.sh'
[2.029s] INFO:colcon.colcon_core.shell:Creating package script '/home/blakepi/ros2_ws/install/robot_arm/share/robot_arm/package.bash'
[2.031s] INFO:colcon.colcon_core.shell:Creating package script '/home/blakepi/ros2_ws/install/robot_arm/share/robot_arm/package.zsh'
[2.033s] Level 1:colcon.colcon_core.environment:create_file_with_runtime_dependencies(/home/blakepi/ros2_ws/install/robot_arm/share/colcon-core/packages/robot_arm)
[2.034s] DEBUG:colcon.colcon_parallel_executor.executor.parallel:closing loop
[2.035s] DEBUG:colcon.colcon_parallel_executor.executor.parallel:loop closed
[2.035s] DEBUG:colcon.colcon_parallel_executor.executor.parallel:run_until_complete finished with '0'
[2.036s] DEBUG:colcon.colcon_core.event_reactor:joining thread
[2.091s] INFO:colcon.colcon_core.plugin_system:Skipping extension 'colcon_notification.desktop_notification.notify_send': Could not find 'notify-send'
[2.091s] INFO:colcon.colcon_core.plugin_system:Skipping extension 'colcon_notification.desktop_notification.terminal_notifier': Not used on non-Darwin systems
[2.092s] INFO:colcon.colcon_core.plugin_system:Skipping extension 'colcon_notification.desktop_notification.win32': Not used on non-Windows systems
[2.092s] INFO:colcon.colcon_notification.desktop_notification:Sending desktop notification using 'notify2'
[2.094s] DEBUG:colcon.colcon_notification.desktop_notification.notify2:Failed to initialize notify2: org.freedesktop.DBus.Error.ServiceUnknown: The name org.freedesktop.Notifications was not provided by any .service files
[2.095s] DEBUG:colcon.colcon_core.event_reactor:joined thread
[2.096s] INFO:colcon.colcon_core.shell:Creating prefix script '/home/blakepi/ros2_ws/install/local_setup.ps1'
[2.099s] INFO:colcon.colcon_core.shell:Creating prefix util module '/home/blakepi/ros2_ws/install/_local_setup_util_ps1.py'
[2.106s] INFO:colcon.colcon_core.shell:Creating prefix chain script '/home/blakepi/ros2_ws/install/setup.ps1'
[2.112s] INFO:colcon.colcon_core.shell:Creating prefix script '/home/blakepi/ros2_ws/install/local_setup.sh'
[2.114s] INFO:colcon.colcon_core.shell:Creating prefix util module '/home/blakepi/ros2_ws/install/_local_setup_util_sh.py'
[2.116s] INFO:colcon.colcon_core.shell:Creating prefix chain script '/home/blakepi/ros2_ws/install/setup.sh'
[2.120s] INFO:colcon.colcon_core.shell:Creating prefix script '/home/blakepi/ros2_ws/install/local_setup.bash'
[2.123s] INFO:colcon.colcon_core.shell:Creating prefix chain script '/home/blakepi/ros2_ws/install/setup.bash'
[2.127s] INFO:colcon.colcon_core.shell:Creating prefix script '/home/blakepi/ros2_ws/install/local_setup.zsh'
[2.129s] INFO:colcon.colcon_core.shell:Creating prefix chain script '/home/blakepi/ros2_ws/install/setup.zsh'
