[0.056s] Invoking command in '/home/blakepi/ros2_ws/build/robot_arm': CMAKE_PREFIX_PATH=${CMAKE_PREFIX_PATH}:/opt/ros/humble /usr/bin/cmake --build /home/blakepi/ros2_ws/build/robot_arm -- -j4 -l4
[0.150s] -- Found ament_cmake: 1.3.9 (/opt/ros/humble/share/ament_cmake/cmake)
[0.711s] -- Found rclcpp: 16.0.9 (/opt/ros/humble/share/rclcpp/cmake)
[0.843s] -- Found rosidl_generator_c: 3.1.5 (/opt/ros/humble/share/rosidl_generator_c/cmake)
[0.854s] -- Found rosidl_adapter: 3.1.5 (/opt/ros/humble/share/rosidl_adapter/cmake)
[0.879s] -- Found rosidl_generator_cpp: 3.1.5 (/opt/ros/humble/share/rosidl_generator_cpp/cmake)
[0.923s] -- Using all available rosidl_typesupport_c: rosidl_typesupport_fastrtps_c;rosidl_typesupport_introspection_c
[0.986s] -- Using all available rosidl_typesupport_cpp: rosidl_typesupport_fastrtps_cpp;rosidl_typesupport_introspection_cpp
[1.212s] -- Found rmw_implementation_cmake: 6.1.2 (/opt/ros/humble/share/rmw_implementation_cmake/cmake)
[1.218s] -- Found rmw_fastrtps_cpp: 6.2.6 (/opt/ros/humble/share/rmw_fastrtps_cpp/cmake)
[1.730s] -- Using RMW implementation 'rmw_fastrtps_cpp' as default
[2.442s] [31mCMake Error at CMakeLists.txt:19 (find_package):
[2.442s]   By not providing "FindBluetooth.cmake" in CMAKE_MODULE_PATH this project
[2.442s]   has asked CMake to find a package configuration file provided by
[2.443s]   "Bluetooth", but CMake did not find one.
[2.443s] 
[2.444s]   Could not find a package configuration file provided by "Bluetooth" with
[2.444s]   any of the following names:
[2.445s] 
[2.445s]     BluetoothConfig.cmake
[2.447s]     bluetooth-config.cmake
[2.448s] 
[2.450s]   Add the installation prefix of "Bluetooth" to CMAKE_PREFIX_PATH or set
[2.450s]   "Bluetooth_DIR" to a directory containing one of the above files.  If
[2.451s]   "Bluetooth" provides a separate development package or SDK, be sure it has
[2.452s]   been installed.
[2.453s] 
[2.454s] [0m
[2.456s] -- Configuring incomplete, errors occurred!
[2.457s] See also "/home/blakepi/ros2_ws/build/robot_arm/CMakeFiles/CMakeOutput.log".
[2.470s] gmake: *** [Makefile:308: cmake_check_build_system] Error 1
[2.474s] Invoked command in '/home/blakepi/ros2_ws/build/robot_arm' returned '2': CMAKE_PREFIX_PATH=${CMAKE_PREFIX_PATH}:/opt/ros/humble /usr/bin/cmake --build /home/blakepi/ros2_ws/build/robot_arm -- -j4 -l4
