running egg_info
writing ../../build/bluetooth_communication/bluetooth_communication.egg-info/PKG-INFO
writing dependency_links to ../../build/bluetooth_communication/bluetooth_communication.egg-info/dependency_links.txt
writing entry points to ../../build/bluetooth_communication/bluetooth_communication.egg-info/entry_points.txt
writing requirements to ../../build/bluetooth_communication/bluetooth_communication.egg-info/requires.txt
writing top-level names to ../../build/bluetooth_communication/bluetooth_communication.egg-info/top_level.txt
reading manifest file '../../build/bluetooth_communication/bluetooth_communication.egg-info/SOURCES.txt'
writing manifest file '../../build/bluetooth_communication/bluetooth_communication.egg-info/SOURCES.txt'
running build
running build_py
copying bluetooth_communication/bluetooth_node.py -> /home/blakepi/ros2_ws/build/bluetooth_communication/build/lib/bluetooth_communication
running install
running install_lib
copying /home/blakepi/ros2_ws/build/bluetooth_communication/build/lib/bluetooth_communication/bluetooth_node.py -> /home/blakepi/ros2_ws/install/bluetooth_communication/lib/python3.10/site-packages/bluetooth_communication
byte-compiling /home/blakepi/ros2_ws/install/bluetooth_communication/lib/python3.10/site-packages/bluetooth_communication/bluetooth_node.py to bluetooth_node.cpython-310.pyc
running install_data
running install_egg_info
removing '/home/blakepi/ros2_ws/install/bluetooth_communication/lib/python3.10/site-packages/bluetooth_communication-0.0.0-py3.10.egg-info' (and everything under it)
Copying ../../build/bluetooth_communication/bluetooth_communication.egg-info to /home/blakepi/ros2_ws/install/bluetooth_communication/lib/python3.10/site-packages/bluetooth_communication-0.0.0-py3.10.egg-info
running install_scripts
Installing bluetooth_node script to /home/blakepi/ros2_ws/install/bluetooth_communication/lib/bluetooth_communication
writing list of installed files to '/home/blakepi/ros2_ws/build/bluetooth_communication/install.log'
