[13.373s] Invoking command in '/home/blakepi/ros2_ws/src/python_pkgs': PYTHONPATH=/home/blakepi/ros2_ws/build/python_pkgs/prefix_override:/usr/lib/python3/dist-packages/colcon_core/task/python/colcon_distutils_commands:/home/blakepi/ros2_ws/install/python_pkgs/lib/python3.10/site-packages:${PYTHONPATH} /usr/bin/python3 -W ignore:setup.py install is deprecated setup.py egg_info --egg-base ../../build/python_pkgs build --build-base /home/blakepi/ros2_ws/build/python_pkgs/build install --record /home/blakepi/ros2_ws/build/python_pkgs/install.log --single-version-externally-managed install_data
[19.577s] running egg_info
[19.584s] writing ../../build/python_pkgs/python_pkgs.egg-info/PKG-INFO
[19.586s] writing dependency_links to ../../build/python_pkgs/python_pkgs.egg-info/dependency_links.txt
[19.596s] writing entry points to ../../build/python_pkgs/python_pkgs.egg-info/entry_points.txt
[19.597s] writing requirements to ../../build/python_pkgs/python_pkgs.egg-info/requires.txt
[19.608s] writing top-level names to ../../build/python_pkgs/python_pkgs.egg-info/top_level.txt
[19.610s] reading manifest file '../../build/python_pkgs/python_pkgs.egg-info/SOURCES.txt'
[19.611s] writing manifest file '../../build/python_pkgs/python_pkgs.egg-info/SOURCES.txt'
[19.612s] running build
[19.613s] running build_py
[19.636s] running install
[19.637s] running install_lib
[19.657s] running install_data
[19.672s] running install_egg_info
[19.757s] removing '/home/blakepi/ros2_ws/install/python_pkgs/lib/python3.10/site-packages/python_pkgs-0.0.0-py3.10.egg-info' (and everything under it)
[19.829s] Copying ../../build/python_pkgs/python_pkgs.egg-info to /home/blakepi/ros2_ws/install/python_pkgs/lib/python3.10/site-packages/python_pkgs-0.0.0-py3.10.egg-info
[19.943s] running install_scripts
[20.361s] Installing bluetooth_node script to /home/blakepi/ros2_ws/install/python_pkgs/lib/python_pkgs
[20.381s] writing list of installed files to '/home/blakepi/ros2_ws/build/python_pkgs/install.log'
[20.891s] Invoked command in '/home/blakepi/ros2_ws/src/python_pkgs' returned '0': PYTHONPATH=/home/blakepi/ros2_ws/build/python_pkgs/prefix_override:/usr/lib/python3/dist-packages/colcon_core/task/python/colcon_distutils_commands:/home/blakepi/ros2_ws/install/python_pkgs/lib/python3.10/site-packages:${PYTHONPATH} /usr/bin/python3 -W ignore:setup.py install is deprecated setup.py egg_info --egg-base ../../build/python_pkgs build --build-base /home/blakepi/ros2_ws/build/python_pkgs/build install --record /home/blakepi/ros2_ws/build/python_pkgs/install.log --single-version-externally-managed install_data
