[35m[1mConsolidate compiler generated dependencies of target robot_arm__rosidl_generator_c[0m
[  2%] Built target robot_arm__cpp
[ 10%] Built target robot_arm__rosidl_generator_c
[ 10%] Built target ament_cmake_python_copy_robot_arm
[35m[1mConsolidate compiler generated dependencies of target servo_publisher_node[0m
[35m[1mConsolidate compiler generated dependencies of target bluetooth_node[0m
[ 13%] [32mBuilding CXX object CMakeFiles/servo_node.dir/src/servo_controller.cpp.o[0m
[ 18%] Built target servo_publisher_node
[ 27%] [34m[1mGenerating C++ type support dispatch for ROS interfaces[0m
[ 27%] Built target bluetooth_node
[ 29%] [34m[1mGenerating C type support for eProsima Fast-RTPS[0m
[ 32%] [34m[1mGenerating C++ type support for eProsima Fast-RTPS[0m
[ 35%] [32mBuilding CXX object CMakeFiles/robot_arm__rosidl_typesupport_cpp.dir/rosidl_typesupport_cpp/robot_arm/msg/servo_motor_state__type_support.cpp.o[0m
[ 37%] [32mBuilding CXX object CMakeFiles/robot_arm__rosidl_typesupport_fastrtps_c.dir/rosidl_typesupport_fastrtps_c/robot_arm/msg/detail/servo_motor_state__type_support_c.cpp.o[0m
[ 40%] [32mBuilding CXX object CMakeFiles/robot_arm__rosidl_typesupport_fastrtps_cpp.dir/rosidl_typesupport_fastrtps_cpp/robot_arm/msg/detail/dds_fastrtps/servo_motor_state__type_support.cpp.o[0m
[ 43%] [32m[1mLinking CXX shared library librobot_arm__rosidl_typesupport_cpp.so[0m
[ 43%] Built target robot_arm__rosidl_typesupport_cpp
[ 45%] [32m[1mLinking CXX shared library librobot_arm__rosidl_typesupport_fastrtps_cpp.so[0m
[ 48%] [32m[1mLinking CXX shared library librobot_arm__rosidl_typesupport_fastrtps_c.so[0m
[ 48%] Built target robot_arm__rosidl_typesupport_fastrtps_cpp
[ 48%] Built target robot_arm__rosidl_typesupport_fastrtps_c
