[0.138s] Invoking command in '/home/blakepi/ros2_ws/build/interface': CMAKE_PREFIX_PATH=${CMAKE_PREFIX_PATH}:/home/blakepi/ros2_ws/install/python_pkgs:/opt/ros/humble /usr/bin/cmake /home/blakepi/ros2_ws/src/interface -DCMAKE_INSTALL_PREFIX=/home/blakepi/ros2_ws/install/interface
[1.785s] -- The C compiler identification is GNU 11.4.0
[1.786s] -- The CXX compiler identification is GNU 11.4.0
[1.787s] -- Detecting C compiler ABI info
[1.787s] -- Detecting C compiler ABI info - done
[1.788s] -- Check for working C compiler: /usr/bin/cc - skipped
[1.788s] -- Detecting C compile features
[1.789s] -- Detecting C compile features - done
[1.789s] -- Detecting CXX compiler ABI info
[1.871s] -- Detecting CXX compiler ABI info - done
[1.902s] -- Check for working CXX compiler: /usr/bin/c++ - skipped
[1.904s] -- Detecting CXX compile features
[1.908s] -- Detecting CXX compile features - done
[1.928s] -- Found ament_cmake: 1.3.9 (/opt/ros/humble/share/ament_cmake/cmake)
[2.964s] -- Found Python3: /usr/bin/python3 (found version "3.10.12") found components: Interpreter 
[3.686s] -- Found rclcpp: 16.0.9 (/opt/ros/humble/share/rclcpp/cmake)
[4.368s] -- Found rosidl_generator_c: 3.1.5 (/opt/ros/humble/share/rosidl_generator_c/cmake)
[4.421s] -- Found rosidl_adapter: 3.1.5 (/opt/ros/humble/share/rosidl_adapter/cmake)
[4.527s] -- Found rosidl_generator_cpp: 3.1.5 (/opt/ros/humble/share/rosidl_generator_cpp/cmake)
[4.692s] -- Using all available rosidl_typesupport_c: rosidl_typesupport_fastrtps_c;rosidl_typesupport_introspection_c
[4.997s] -- Using all available rosidl_typesupport_cpp: rosidl_typesupport_fastrtps_cpp;rosidl_typesupport_introspection_cpp
[5.723s] -- Found rmw_implementation_cmake: 6.1.2 (/opt/ros/humble/share/rmw_implementation_cmake/cmake)
[5.748s] -- Found rmw_fastrtps_cpp: 6.2.6 (/opt/ros/humble/share/rmw_fastrtps_cpp/cmake)
[6.519s] -- Found OpenSSL: /usr/lib/aarch64-linux-gnu/libcrypto.so (found version "3.0.2")  
[6.660s] -- Found FastRTPS: /opt/ros/humble/include  
[6.942s] -- Using RMW implementation 'rmw_fastrtps_cpp' as default
[7.026s] -- Looking for pthread.h
[7.527s] -- Looking for pthread.h - found
[7.535s] -- Performing Test CMAKE_HAVE_LIBC_PTHREAD
[8.506s] -- Performing Test CMAKE_HAVE_LIBC_PTHREAD - Success
[8.511s] -- Found Threads: TRUE  
[9.475s] -- Found rosidl_default_generators: 1.2.0 (/opt/ros/humble/share/rosidl_default_generators/cmake)
[10.949s] -- Found ament_cmake_ros: 0.10.0 (/opt/ros/humble/share/ament_cmake_ros/cmake)
[12.568s] -- Using all available rosidl_typesupport_c: rosidl_typesupport_fastrtps_c;rosidl_typesupport_introspection_c
[13.180s] -- Using all available rosidl_typesupport_cpp: rosidl_typesupport_fastrtps_cpp;rosidl_typesupport_introspection_cpp
[13.316s] -- Found PythonInterp: /usr/bin/python3 (found suitable version "3.10.12", minimum required is "3.6") 
[13.332s] -- Found python_cmake_module: 0.10.0 (/opt/ros/humble/share/python_cmake_module/cmake)
[13.456s] -- Found PythonLibs: /usr/lib/aarch64-linux-gnu/libpython3.10.so (found suitable version "3.10.12", minimum required is "3.5") 
[13.457s] -- Using PYTHON_EXECUTABLE: /usr/bin/python3
[13.457s] -- Using PYTHON_INCLUDE_DIRS: /usr/include/python3.10
[13.458s] -- Using PYTHON_LIBRARIES: /usr/lib/aarch64-linux-gnu/libpython3.10.so
[13.575s] -- Found PythonExtra: .so  
[13.747s] -- Found ament_lint_auto: 0.12.11 (/opt/ros/humble/share/ament_lint_auto/cmake)
[13.905s] -- Added test 'lint_cmake' to check CMake code style
[13.914s] -- Added test 'xmllint' to check XML markup files
[13.937s] -- Configuring done
[14.138s] -- Generating done
[14.154s] -- Build files have been written to: /home/blakepi/ros2_ws/build/interface
