[0.125s] Invoking command in '/home/blakepi/ros2_ws/build/robot_arm': CMAKE_PREFIX_PATH=/home/blakepi/ros2_ws/install/interface:/home/blakepi/ros2_ws/install/robot_arm:/home/blakepi/ros2_ws/install/python_pkgs:/opt/ros/humble /usr/bin/cmake --build /home/blakepi/ros2_ws/build/robot_arm -- -j4 -l4
[0.679s] [ 50%] Built target bluetooth_node
[0.687s] [ 50%] Built target ament_cmake_python_copy_robot_arm
[0.703s] [100%] Built target servo_node
[2.179s] running egg_info
[2.184s] writing robot_arm.egg-info/PKG-INFO
[2.185s] writing dependency_links to robot_arm.egg-info/dependency_links.txt
[2.186s] writing top-level names to robot_arm.egg-info/top_level.txt
[2.197s] reading manifest file 'robot_arm.egg-info/SOURCES.txt'
[2.200s] writing manifest file 'robot_arm.egg-info/SOURCES.txt'
[2.413s] [100%] Built target ament_cmake_python_build_robot_arm_egg
[2.482s] Invoked command in '/home/blakepi/ros2_ws/build/robot_arm' returned '0': CMAKE_PREFIX_PATH=/home/blakepi/ros2_ws/install/interface:/home/blakepi/ros2_ws/install/robot_arm:/home/blakepi/ros2_ws/install/python_pkgs:/opt/ros/humble /usr/bin/cmake --build /home/blakepi/ros2_ws/build/robot_arm -- -j4 -l4
[2.679s] Invoking command in '/home/blakepi/ros2_ws/build/robot_arm': CMAKE_PREFIX_PATH=/home/blakepi/ros2_ws/install/interface:/home/blakepi/ros2_ws/install/robot_arm:/home/blakepi/ros2_ws/install/python_pkgs:/opt/ros/humble /usr/bin/cmake --install /home/blakepi/ros2_ws/build/robot_arm
[2.719s] -- Install configuration: ""
[2.722s] -- Up-to-date: /home/blakepi/ros2_ws/install/robot_arm/lib/robot_arm/servo_node
[2.726s] -- Up-to-date: /home/blakepi/ros2_ws/install/robot_arm/lib/robot_arm/bluetooth_node
[2.730s] -- Up-to-date: /home/blakepi/ros2_ws/install/robot_arm/share/robot_arm/environment/pythonpath.sh
[2.732s] -- Up-to-date: /home/blakepi/ros2_ws/install/robot_arm/share/robot_arm/environment/pythonpath.dsv
[2.733s] -- Up-to-date: /home/blakepi/ros2_ws/install/robot_arm/local/lib/python3.10/dist-packages/robot_arm-0.0.0-py3.10.egg-info
[2.735s] -- Installing: /home/blakepi/ros2_ws/install/robot_arm/local/lib/python3.10/dist-packages/robot_arm-0.0.0-py3.10.egg-info/SOURCES.txt
[2.735s] -- Installing: /home/blakepi/ros2_ws/install/robot_arm/local/lib/python3.10/dist-packages/robot_arm-0.0.0-py3.10.egg-info/dependency_links.txt
[2.738s] -- Installing: /home/blakepi/ros2_ws/install/robot_arm/local/lib/python3.10/dist-packages/robot_arm-0.0.0-py3.10.egg-info/PKG-INFO
[2.738s] -- Installing: /home/blakepi/ros2_ws/install/robot_arm/local/lib/python3.10/dist-packages/robot_arm-0.0.0-py3.10.egg-info/top_level.txt
[2.739s] -- Up-to-date: /home/blakepi/ros2_ws/install/robot_arm/local/lib/python3.10/dist-packages/robot_arm
[2.742s] -- Up-to-date: /home/blakepi/ros2_ws/install/robot_arm/local/lib/python3.10/dist-packages/robot_arm/__init__.py
[2.743s] -- Up-to-date: /home/blakepi/ros2_ws/install/robot_arm/local/lib/python3.10/dist-packages/robot_arm/wifi_image_sender_node.py
[2.744s] -- Up-to-date: /home/blakepi/ros2_ws/install/robot_arm/local/lib/python3.10/dist-packages/robot_arm/camera_node.py
[2.744s] -- Up-to-date: /home/blakepi/ros2_ws/install/robot_arm/local/lib/python3.10/dist-packages/robot_arm/distance_node.py
[2.948s] Listing '/home/blakepi/ros2_ws/install/robot_arm/local/lib/python3.10/dist-packages/robot_arm'...
[2.949s] Compiling '/home/blakepi/ros2_ws/install/robot_arm/local/lib/python3.10/dist-packages/robot_arm/distance_node.py'...
[2.950s] ***   File "/home/blakepi/ros2_ws/install/robot_arm/local/lib/python3.10/dist-packages/robot_arm/distance_node.py", line 28
[2.951s]     self.timer = self.create_timer(1/30), self.timer_callback)
[2.952s]                                                              ^
[2.954s] SyntaxError: unmatched ')'
[2.959s] 
[2.974s] -- Up-to-date: /home/blakepi/ros2_ws/install/robot_arm/lib/robot_arm/camera_node.py
[2.975s] -- Up-to-date: /home/blakepi/ros2_ws/install/robot_arm/lib/robot_arm/distance_node.py
[2.976s] -- Up-to-date: /home/blakepi/ros2_ws/install/robot_arm/lib/robot_arm/wifi_image_sender_node.py
[2.976s] -- Up-to-date: /home/blakepi/ros2_ws/install/robot_arm/share/ament_index/resource_index/package_run_dependencies/robot_arm
[2.977s] -- Up-to-date: /home/blakepi/ros2_ws/install/robot_arm/share/ament_index/resource_index/parent_prefix_path/robot_arm
[2.978s] -- Up-to-date: /home/blakepi/ros2_ws/install/robot_arm/share/robot_arm/environment/ament_prefix_path.sh
[2.978s] -- Up-to-date: /home/blakepi/ros2_ws/install/robot_arm/share/robot_arm/environment/ament_prefix_path.dsv
[2.979s] -- Up-to-date: /home/blakepi/ros2_ws/install/robot_arm/share/robot_arm/environment/path.sh
[2.980s] -- Up-to-date: /home/blakepi/ros2_ws/install/robot_arm/share/robot_arm/environment/path.dsv
[2.980s] -- Up-to-date: /home/blakepi/ros2_ws/install/robot_arm/share/robot_arm/local_setup.bash
[2.981s] -- Up-to-date: /home/blakepi/ros2_ws/install/robot_arm/share/robot_arm/local_setup.sh
[2.981s] -- Up-to-date: /home/blakepi/ros2_ws/install/robot_arm/share/robot_arm/local_setup.zsh
[2.982s] -- Up-to-date: /home/blakepi/ros2_ws/install/robot_arm/share/robot_arm/local_setup.dsv
[2.983s] -- Installing: /home/blakepi/ros2_ws/install/robot_arm/share/robot_arm/package.dsv
[2.983s] -- Up-to-date: /home/blakepi/ros2_ws/install/robot_arm/share/ament_index/resource_index/packages/robot_arm
[2.984s] -- Up-to-date: /home/blakepi/ros2_ws/install/robot_arm/share/robot_arm/cmake/robot_armConfig.cmake
[2.984s] -- Up-to-date: /home/blakepi/ros2_ws/install/robot_arm/share/robot_arm/cmake/robot_armConfig-version.cmake
[2.985s] -- Up-to-date: /home/blakepi/ros2_ws/install/robot_arm/share/robot_arm/package.xml
[3.020s] Invoked command in '/home/blakepi/ros2_ws/build/robot_arm' returned '0': CMAKE_PREFIX_PATH=/home/blakepi/ros2_ws/install/interface:/home/blakepi/ros2_ws/install/robot_arm:/home/blakepi/ros2_ws/install/python_pkgs:/opt/ros/humble /usr/bin/cmake --install /home/blakepi/ros2_ws/build/robot_arm
