[0.054s] Invoking command in '/home/blakepi/ros2_ws/build/robot_arm': CMAKE_PREFIX_PATH=${CMAKE_PREFIX_PATH}:/opt/ros/humble /usr/bin/cmake --build /home/blakepi/ros2_ws/build/robot_arm -- -j4 -l4
[0.148s] -- Found ament_cmake: 1.3.9 (/opt/ros/humble/share/ament_cmake/cmake)
[0.697s] -- Found rclcpp: 16.0.9 (/opt/ros/humble/share/rclcpp/cmake)
[0.829s] -- Found rosidl_generator_c: 3.1.5 (/opt/ros/humble/share/rosidl_generator_c/cmake)
[0.840s] -- Found rosidl_adapter: 3.1.5 (/opt/ros/humble/share/rosidl_adapter/cmake)
[0.864s] -- Found rosidl_generator_cpp: 3.1.5 (/opt/ros/humble/share/rosidl_generator_cpp/cmake)
[0.908s] -- Using all available rosidl_typesupport_c: rosidl_typesupport_fastrtps_c;rosidl_typesupport_introspection_c
[0.969s] -- Using all available rosidl_typesupport_cpp: rosidl_typesupport_fastrtps_cpp;rosidl_typesupport_introspection_cpp
[1.192s] -- Found rmw_implementation_cmake: 6.1.2 (/opt/ros/humble/share/rmw_implementation_cmake/cmake)
[1.198s] -- Found rmw_fastrtps_cpp: 6.2.6 (/opt/ros/humble/share/rmw_fastrtps_cpp/cmake)
[1.731s] -- Using RMW implementation 'rmw_fastrtps_cpp' as default
[2.329s] -- Found ament_lint_auto: 0.12.11 (/opt/ros/humble/share/ament_lint_auto/cmake)
[2.733s] -- Added test 'cppcheck' to perform static code analysis on C / C++ code
[2.733s] -- Configured cppcheck include dirs: 
[2.733s] -- Configured cppcheck exclude dirs and/or files: 
[2.748s] -- Added test 'flake8' to check Python code syntax and style conventions
[2.778s] -- Added test 'lint_cmake' to check CMake code style
[2.794s] -- Added test 'pep257' to check Python code against some of the docstring style conventions in PEP 257
[2.910s] -- Added test 'uncrustify' to check C / C++ code style
[2.911s] -- Configured uncrustify additional arguments: 
[2.926s] -- Added test 'xmllint' to check XML markup files
[2.930s] -- Configuring done
[2.982s] -- Generating done
[2.990s] -- Build files have been written to: /home/blakepi/ros2_ws/build/robot_arm
[3.125s] [ 50%] [32mBuilding CXX object CMakeFiles/servo_node.dir/src/servo_controller.cpp.o[0m
[37.540s] [100%] [32m[1mLinking CXX executable servo_node[0m
[39.048s] /usr/bin/ld: CMakeFiles/servo_node.dir/src/servo_controller.cpp.o: in function `MultiServoController::MultiServoController()':
[39.050s] servo_controller.cpp:(.text._ZN20MultiServoControllerC2Ev[_ZN20MultiServoControllerC5Ev]+0xdc): undefined reference to `gpioInitialise'
[39.051s] /usr/bin/ld: CMakeFiles/servo_node.dir/src/servo_controller.cpp.o: in function `MultiServoController::~MultiServoController()':
[39.053s] servo_controller.cpp:(.text._ZN20MultiServoControllerD2Ev[_ZN20MultiServoControllerD5Ev]+0x1c): undefined reference to `gpioTerminate'
[39.054s] /usr/bin/ld: CMakeFiles/servo_node.dir/src/servo_controller.cpp.o: in function `MultiServoController::adjustServo(int, double)':
[39.054s] servo_controller.cpp:(.text._ZN20MultiServoController11adjustServoEid[_ZN20MultiServoController11adjustServoEid]+0x1b4): undefined reference to `gpioServo'
[39.228s] collect2: error: ld returned 1 exit status
[39.233s] gmake[2]: *** [CMakeFiles/servo_node.dir/build.make:159: servo_node] Error 1
[39.234s] gmake[1]: *** [CMakeFiles/Makefile2:137: CMakeFiles/servo_node.dir/all] Error 2
[39.235s] gmake: *** [Makefile:146: all] Error 2
[39.242s] Invoked command in '/home/blakepi/ros2_ws/build/robot_arm' returned '2': CMAKE_PREFIX_PATH=${CMAKE_PREFIX_PATH}:/opt/ros/humble /usr/bin/cmake --build /home/blakepi/ros2_ws/build/robot_arm -- -j4 -l4
