[5.286s] Invoking command in '/home/blakepi/ros2_ws/src/python_pkgs': PYTHONPATH=/home/blakepi/ros2_ws/build/python_pkgs/prefix_override:/home/blakepi/ros2_ws/install/python_pkgs/lib/python3.10/site-packages:${PYTHONPATH} /usr/bin/python3 -W ignore:setup.py install is deprecated setup.py egg_info --egg-base ../../build/python_pkgs build --build-base /home/blakepi/ros2_ws/build/python_pkgs/build install --record /home/blakepi/ros2_ws/build/python_pkgs/install.log --single-version-externally-managed install_data
[7.146s] running egg_info
[7.150s] writing ../../build/python_pkgs/python_pkgs.egg-info/PKG-INFO
[7.153s] writing dependency_links to ../../build/python_pkgs/python_pkgs.egg-info/dependency_links.txt
[7.155s] writing entry points to ../../build/python_pkgs/python_pkgs.egg-info/entry_points.txt
[7.156s] writing requirements to ../../build/python_pkgs/python_pkgs.egg-info/requires.txt
[7.156s] writing top-level names to ../../build/python_pkgs/python_pkgs.egg-info/top_level.txt
[7.165s] reading manifest file '../../build/python_pkgs/python_pkgs.egg-info/SOURCES.txt'
[7.172s] writing manifest file '../../build/python_pkgs/python_pkgs.egg-info/SOURCES.txt'
[7.176s] running build
[7.177s] running build_py
[7.178s] running install
[7.179s] running install_lib
[7.187s] running install_data
[7.188s] running install_egg_info
[7.195s] removing '/home/blakepi/ros2_ws/install/python_pkgs/lib/python3.10/site-packages/python_pkgs-0.0.0-py3.10.egg-info' (and everything under it)
[7.197s] Copying ../../build/python_pkgs/python_pkgs.egg-info to /home/blakepi/ros2_ws/install/python_pkgs/lib/python3.10/site-packages/python_pkgs-0.0.0-py3.10.egg-info
[7.206s] running install_scripts
[7.340s] Installing bluetooth_node script to /home/blakepi/ros2_ws/install/python_pkgs/lib/python_pkgs
[7.345s] writing list of installed files to '/home/blakepi/ros2_ws/build/python_pkgs/install.log'
[7.548s] Invoked command in '/home/blakepi/ros2_ws/src/python_pkgs' returned '0': PYTHONPATH=/home/blakepi/ros2_ws/build/python_pkgs/prefix_override:/home/blakepi/ros2_ws/install/python_pkgs/lib/python3.10/site-packages:${PYTHONPATH} /usr/bin/python3 -W ignore:setup.py install is deprecated setup.py egg_info --egg-base ../../build/python_pkgs build --build-base /home/blakepi/ros2_ws/build/python_pkgs/build install --record /home/blakepi/ros2_ws/build/python_pkgs/install.log --single-version-externally-managed install_data
