[6.141s] Invoking command in '/home/blakepi/ros2_ws/src/python_pkgs': PYTHONPATH=/home/blakepi/ros2_ws/build/python_pkgs/prefix_override:/usr/lib/python3/dist-packages/colcon_core/task/python/colcon_distutils_commands:/home/blakepi/ros2_ws/install/python_pkgs/lib/python3.10/site-packages:${PYTHONPATH} /usr/bin/python3 -W ignore:setup.py install is deprecated setup.py egg_info --egg-base ../../build/python_pkgs build --build-base /home/blakepi/ros2_ws/build/python_pkgs/build install --record /home/blakepi/ros2_ws/build/python_pkgs/install.log --single-version-externally-managed install_data
[8.733s] running egg_info
[8.738s] writing ../../build/python_pkgs/python_pkgs.egg-info/PKG-INFO
[8.742s] writing dependency_links to ../../build/python_pkgs/python_pkgs.egg-info/dependency_links.txt
[8.743s] writing entry points to ../../build/python_pkgs/python_pkgs.egg-info/entry_points.txt
[8.745s] writing requirements to ../../build/python_pkgs/python_pkgs.egg-info/requires.txt
[8.746s] writing top-level names to ../../build/python_pkgs/python_pkgs.egg-info/top_level.txt
[8.760s] reading manifest file '../../build/python_pkgs/python_pkgs.egg-info/SOURCES.txt'
[8.774s] writing manifest file '../../build/python_pkgs/python_pkgs.egg-info/SOURCES.txt'
[8.776s] running build
[8.777s] running build_py
[8.807s] running install
[8.808s] running install_lib
[8.835s] running install_data
[8.836s] running install_egg_info
[8.846s] removing '/home/blakepi/ros2_ws/install/python_pkgs/lib/python3.10/site-packages/python_pkgs-0.0.0-py3.10.egg-info' (and everything under it)
[8.849s] Copying ../../build/python_pkgs/python_pkgs.egg-info to /home/blakepi/ros2_ws/install/python_pkgs/lib/python3.10/site-packages/python_pkgs-0.0.0-py3.10.egg-info
[8.859s] running install_scripts
[8.972s] Installing bluetooth_node script to /home/blakepi/ros2_ws/install/python_pkgs/lib/python_pkgs
[8.979s] writing list of installed files to '/home/blakepi/ros2_ws/build/python_pkgs/install.log'
[9.212s] Invoked command in '/home/blakepi/ros2_ws/src/python_pkgs' returned '0': PYTHONPATH=/home/blakepi/ros2_ws/build/python_pkgs/prefix_override:/usr/lib/python3/dist-packages/colcon_core/task/python/colcon_distutils_commands:/home/blakepi/ros2_ws/install/python_pkgs/lib/python3.10/site-packages:${PYTHONPATH} /usr/bin/python3 -W ignore:setup.py install is deprecated setup.py egg_info --egg-base ../../build/python_pkgs build --build-base /home/blakepi/ros2_ws/build/python_pkgs/build install --record /home/blakepi/ros2_ws/build/python_pkgs/install.log --single-version-externally-managed install_data
