[0.071s] Invoking command in '/home/blakepi/ros2_ws/build/interface': CMAKE_PREFIX_PATH=${CMAKE_PREFIX_PATH}:/home/blakepi/ros2_ws/install/python_pkgs:/opt/ros/humble /usr/bin/cmake --build /home/blakepi/ros2_ws/build/interface -- -j4 -l4
[0.381s] [  2%] Built target interface__cpp
[0.417s] [ 12%] Built target interface__rosidl_generator_c
[0.443s] [ 12%] Built target ament_cmake_python_copy_interface
[0.536s] [ 23%] Built target interface__rosidl_typesupport_fastrtps_cpp
[0.569s] [ 33%] Built target interface__rosidl_typesupport_cpp
[0.599s] [ 43%] Built target interface__rosidl_typesupport_fastrtps_c
[0.638s] [ 53%] Built target interface__rosidl_typesupport_introspection_cpp
[0.711s] [ 64%] Built target interface__rosidl_typesupport_introspection_c
[0.760s] [ 74%] Built target interface__rosidl_typesupport_c
[0.865s] [ 74%] Built target interface
[0.979s] [ 76%] Built target interface__py
[1.103s] [ 84%] Built target interface__rosidl_generator_py
[1.257s] [ 89%] Built target interface__rosidl_typesupport_fastrtps_c__pyext
[1.332s] [ 94%] Built target interface__rosidl_typesupport_c__pyext
[1.377s] [100%] Built target interface__rosidl_typesupport_introspection_c__pyext
[2.227s] running egg_info
[2.232s] writing interface.egg-info/PKG-INFO
[2.233s] writing dependency_links to interface.egg-info/dependency_links.txt
[2.234s] writing top-level names to interface.egg-info/top_level.txt
[2.245s] reading manifest file 'interface.egg-info/SOURCES.txt'
[2.248s] writing manifest file 'interface.egg-info/SOURCES.txt'
[2.400s] [100%] Built target ament_cmake_python_build_interface_egg
[2.453s] Invoked command in '/home/blakepi/ros2_ws/build/interface' returned '0': CMAKE_PREFIX_PATH=${CMAKE_PREFIX_PATH}:/home/blakepi/ros2_ws/install/python_pkgs:/opt/ros/humble /usr/bin/cmake --build /home/blakepi/ros2_ws/build/interface -- -j4 -l4
[3.015s] Invoking command in '/home/blakepi/ros2_ws/build/interface': CMAKE_PREFIX_PATH=${CMAKE_PREFIX_PATH}:/home/blakepi/ros2_ws/install/python_pkgs:/opt/ros/humble /usr/bin/cmake --install /home/blakepi/ros2_ws/build/interface
[3.050s] -- Install configuration: ""
[3.052s] -- Up-to-date: /home/blakepi/ros2_ws/install/interface/share/ament_index/resource_index/rosidl_interfaces/interface
[3.053s] -- Up-to-date: /home/blakepi/ros2_ws/install/interface/include/interface/interface
[3.056s] -- Up-to-date: /home/blakepi/ros2_ws/install/interface/include/interface/interface/msg
[3.059s] -- Up-to-date: /home/blakepi/ros2_ws/install/interface/include/interface/interface/msg/servo_motor_state_change.h
[3.060s] -- Up-to-date: /home/blakepi/ros2_ws/install/interface/include/interface/interface/msg/detail
[3.062s] -- Up-to-date: /home/blakepi/ros2_ws/install/interface/include/interface/interface/msg/detail/servo_motor_state__struct.h
[3.064s] -- Up-to-date: /home/blakepi/ros2_ws/install/interface/include/interface/interface/msg/detail/servo_motor_state_change__type_support.h
[3.066s] -- Up-to-date: /home/blakepi/ros2_ws/install/interface/include/interface/interface/msg/detail/servo_motor_state_change__functions.h
[3.066s] -- Up-to-date: /home/blakepi/ros2_ws/install/interface/include/interface/interface/msg/detail/servo_motor_state__type_support.h
[3.069s] -- Up-to-date: /home/blakepi/ros2_ws/install/interface/include/interface/interface/msg/detail/servo_motor_state_change__functions.c
[3.074s] -- Up-to-date: /home/blakepi/ros2_ws/install/interface/include/interface/interface/msg/detail/servo_motor_state_change__struct.h
[3.075s] -- Up-to-date: /home/blakepi/ros2_ws/install/interface/include/interface/interface/msg/detail/servo_motor_state__functions.h
[3.077s] -- Up-to-date: /home/blakepi/ros2_ws/install/interface/include/interface/interface/msg/detail/servo_motor_state__functions.c
[3.078s] -- Up-to-date: /home/blakepi/ros2_ws/install/interface/include/interface/interface/msg/servo_motor_state.h
[3.081s] -- Up-to-date: /home/blakepi/ros2_ws/install/interface/include/interface/interface/msg/rosidl_generator_c__visibility_control.h
[3.084s] -- Up-to-date: /home/blakepi/ros2_ws/install/interface/share/interface/environment/library_path.sh
[3.089s] -- Up-to-date: /home/blakepi/ros2_ws/install/interface/share/interface/environment/library_path.dsv
[3.089s] -- Up-to-date: /home/blakepi/ros2_ws/install/interface/lib/libinterface__rosidl_generator_c.so
[3.090s] -- Up-to-date: /home/blakepi/ros2_ws/install/interface/include/interface/interface
[3.094s] -- Up-to-date: /home/blakepi/ros2_ws/install/interface/include/interface/interface/msg
[3.095s] -- Up-to-date: /home/blakepi/ros2_ws/install/interface/include/interface/interface/msg/rosidl_typesupport_fastrtps_c__visibility_control.h
[3.096s] -- Up-to-date: /home/blakepi/ros2_ws/install/interface/include/interface/interface/msg/detail
[3.100s] -- Up-to-date: /home/blakepi/ros2_ws/install/interface/include/interface/interface/msg/detail/servo_motor_state__rosidl_typesupport_fastrtps_c.h
[3.101s] -- Up-to-date: /home/blakepi/ros2_ws/install/interface/include/interface/interface/msg/detail/servo_motor_state_change__rosidl_typesupport_fastrtps_c.h
[3.104s] -- Up-to-date: /home/blakepi/ros2_ws/install/interface/lib/libinterface__rosidl_typesupport_fastrtps_c.so
[3.105s] -- Up-to-date: /home/blakepi/ros2_ws/install/interface/include/interface/interface
[3.119s] -- Up-to-date: /home/blakepi/ros2_ws/install/interface/include/interface/interface/msg
[3.119s] -- Up-to-date: /home/blakepi/ros2_ws/install/interface/include/interface/interface/msg/servo_motor_state.hpp
[3.120s] -- Up-to-date: /home/blakepi/ros2_ws/install/interface/include/interface/interface/msg/servo_motor_state_change.hpp
[3.121s] -- Up-to-date: /home/blakepi/ros2_ws/install/interface/include/interface/interface/msg/detail
[3.121s] -- Up-to-date: /home/blakepi/ros2_ws/install/interface/include/interface/interface/msg/detail/servo_motor_state__struct.hpp
[3.122s] -- Up-to-date: /home/blakepi/ros2_ws/install/interface/include/interface/interface/msg/detail/servo_motor_state__builder.hpp
[3.123s] -- Up-to-date: /home/blakepi/ros2_ws/install/interface/include/interface/interface/msg/detail/servo_motor_state_change__traits.hpp
[3.125s] -- Up-to-date: /home/blakepi/ros2_ws/install/interface/include/interface/interface/msg/detail/servo_motor_state__traits.hpp
[3.126s] -- Up-to-date: /home/blakepi/ros2_ws/install/interface/include/interface/interface/msg/detail/servo_motor_state_change__builder.hpp
[3.127s] -- Up-to-date: /home/blakepi/ros2_ws/install/interface/include/interface/interface/msg/detail/servo_motor_state_change__struct.hpp
[3.128s] -- Up-to-date: /home/blakepi/ros2_ws/install/interface/include/interface/interface
[3.129s] -- Up-to-date: /home/blakepi/ros2_ws/install/interface/include/interface/interface/msg
[3.129s] -- Up-to-date: /home/blakepi/ros2_ws/install/interface/include/interface/interface/msg/rosidl_typesupport_fastrtps_cpp__visibility_control.h
[3.131s] -- Up-to-date: /home/blakepi/ros2_ws/install/interface/include/interface/interface/msg/detail
[3.132s] -- Up-to-date: /home/blakepi/ros2_ws/install/interface/include/interface/interface/msg/detail/servo_motor_state__rosidl_typesupport_fastrtps_cpp.hpp
[3.132s] -- Up-to-date: /home/blakepi/ros2_ws/install/interface/include/interface/interface/msg/detail/servo_motor_state_change__rosidl_typesupport_fastrtps_cpp.hpp
[3.134s] -- Up-to-date: /home/blakepi/ros2_ws/install/interface/include/interface/interface/msg/detail/dds_fastrtps
[3.139s] -- Up-to-date: /home/blakepi/ros2_ws/install/interface/lib/libinterface__rosidl_typesupport_fastrtps_cpp.so
[3.150s] -- Up-to-date: /home/blakepi/ros2_ws/install/interface/include/interface/interface
[3.151s] -- Up-to-date: /home/blakepi/ros2_ws/install/interface/include/interface/interface/msg
[3.152s] -- Up-to-date: /home/blakepi/ros2_ws/install/interface/include/interface/interface/msg/detail
[3.153s] -- Up-to-date: /home/blakepi/ros2_ws/install/interface/include/interface/interface/msg/detail/servo_motor_state_change__rosidl_typesupport_introspection_c.h
[3.153s] -- Up-to-date: /home/blakepi/ros2_ws/install/interface/include/interface/interface/msg/detail/servo_motor_state__rosidl_typesupport_introspection_c.h
[3.154s] -- Up-to-date: /home/blakepi/ros2_ws/install/interface/include/interface/interface/msg/detail/servo_motor_state_change__type_support.c
[3.155s] -- Up-to-date: /home/blakepi/ros2_ws/install/interface/include/interface/interface/msg/detail/servo_motor_state__type_support.c
[3.156s] -- Up-to-date: /home/blakepi/ros2_ws/install/interface/include/interface/interface/msg/rosidl_typesupport_introspection_c__visibility_control.h
[3.156s] -- Up-to-date: /home/blakepi/ros2_ws/install/interface/lib/libinterface__rosidl_typesupport_introspection_c.so
[3.157s] -- Up-to-date: /home/blakepi/ros2_ws/install/interface/lib/libinterface__rosidl_typesupport_c.so
[3.158s] -- Up-to-date: /home/blakepi/ros2_ws/install/interface/include/interface/interface
[3.158s] -- Up-to-date: /home/blakepi/ros2_ws/install/interface/include/interface/interface/msg
[3.159s] -- Up-to-date: /home/blakepi/ros2_ws/install/interface/include/interface/interface/msg/detail
[3.160s] -- Up-to-date: /home/blakepi/ros2_ws/install/interface/include/interface/interface/msg/detail/servo_motor_state_change__rosidl_typesupport_introspection_cpp.hpp
[3.161s] -- Up-to-date: /home/blakepi/ros2_ws/install/interface/include/interface/interface/msg/detail/servo_motor_state__rosidl_typesupport_introspection_cpp.hpp
[3.161s] -- Up-to-date: /home/blakepi/ros2_ws/install/interface/include/interface/interface/msg/detail/servo_motor_state__type_support.cpp
[3.175s] -- Up-to-date: /home/blakepi/ros2_ws/install/interface/include/interface/interface/msg/detail/servo_motor_state_change__type_support.cpp
[3.175s] -- Up-to-date: /home/blakepi/ros2_ws/install/interface/lib/libinterface__rosidl_typesupport_introspection_cpp.so
[3.176s] -- Up-to-date: /home/blakepi/ros2_ws/install/interface/lib/libinterface__rosidl_typesupport_cpp.so
[3.176s] -- Up-to-date: /home/blakepi/ros2_ws/install/interface/share/interface/environment/pythonpath.sh
[3.177s] -- Up-to-date: /home/blakepi/ros2_ws/install/interface/share/interface/environment/pythonpath.dsv
[3.178s] -- Up-to-date: /home/blakepi/ros2_ws/install/interface/local/lib/python3.10/dist-packages/interface-0.0.0-py3.10.egg-info
[3.179s] -- Installing: /home/blakepi/ros2_ws/install/interface/local/lib/python3.10/dist-packages/interface-0.0.0-py3.10.egg-info/SOURCES.txt
[3.179s] -- Installing: /home/blakepi/ros2_ws/install/interface/local/lib/python3.10/dist-packages/interface-0.0.0-py3.10.egg-info/dependency_links.txt
[3.180s] -- Installing: /home/blakepi/ros2_ws/install/interface/local/lib/python3.10/dist-packages/interface-0.0.0-py3.10.egg-info/PKG-INFO
[3.181s] -- Installing: /home/blakepi/ros2_ws/install/interface/local/lib/python3.10/dist-packages/interface-0.0.0-py3.10.egg-info/top_level.txt
[3.181s] -- Up-to-date: /home/blakepi/ros2_ws/install/interface/local/lib/python3.10/dist-packages/interface
[3.182s] -- Up-to-date: /home/blakepi/ros2_ws/install/interface/local/lib/python3.10/dist-packages/interface/interface_s__rosidl_typesupport_fastrtps_c.cpython-310-aarch64-linux-gnu.so
[3.183s] -- Up-to-date: /home/blakepi/ros2_ws/install/interface/local/lib/python3.10/dist-packages/interface/__init__.py
[3.183s] -- Up-to-date: /home/blakepi/ros2_ws/install/interface/local/lib/python3.10/dist-packages/interface/_interface_s.ep.rosidl_typesupport_fastrtps_c.c
[3.184s] -- Up-to-date: /home/blakepi/ros2_ws/install/interface/local/lib/python3.10/dist-packages/interface/_interface_s.ep.rosidl_typesupport_c.c
[3.184s] -- Up-to-date: /home/blakepi/ros2_ws/install/interface/local/lib/python3.10/dist-packages/interface/libinterface__rosidl_generator_py.so
[3.185s] -- Up-to-date: /home/blakepi/ros2_ws/install/interface/local/lib/python3.10/dist-packages/interface/_interface_s.ep.rosidl_typesupport_introspection_c.c
[3.186s] -- Up-to-date: /home/blakepi/ros2_ws/install/interface/local/lib/python3.10/dist-packages/interface/interface_s__rosidl_typesupport_introspection_c.cpython-310-aarch64-linux-gnu.so
[3.186s] -- Up-to-date: /home/blakepi/ros2_ws/install/interface/local/lib/python3.10/dist-packages/interface/msg
[3.187s] -- Up-to-date: /home/blakepi/ros2_ws/install/interface/local/lib/python3.10/dist-packages/interface/msg/_servo_motor_state_change_s.c
[3.188s] -- Up-to-date: /home/blakepi/ros2_ws/install/interface/local/lib/python3.10/dist-packages/interface/msg/__init__.py
[3.188s] -- Up-to-date: /home/blakepi/ros2_ws/install/interface/local/lib/python3.10/dist-packages/interface/msg/_servo_motor_state_change.py
[3.189s] -- Up-to-date: /home/blakepi/ros2_ws/install/interface/local/lib/python3.10/dist-packages/interface/msg/_servo_motor_state_s.c
[3.189s] -- Up-to-date: /home/blakepi/ros2_ws/install/interface/local/lib/python3.10/dist-packages/interface/msg/_servo_motor_state.py
[3.190s] -- Up-to-date: /home/blakepi/ros2_ws/install/interface/local/lib/python3.10/dist-packages/interface/interface_s__rosidl_typesupport_c.cpython-310-aarch64-linux-gnu.so
[3.335s] Listing '/home/blakepi/ros2_ws/install/interface/local/lib/python3.10/dist-packages/interface'...
[3.336s] Listing '/home/blakepi/ros2_ws/install/interface/local/lib/python3.10/dist-packages/interface/msg'...
[3.367s] -- Up-to-date: /home/blakepi/ros2_ws/install/interface/local/lib/python3.10/dist-packages/interface/interface_s__rosidl_typesupport_fastrtps_c.cpython-310-aarch64-linux-gnu.so
[3.369s] -- Up-to-date: /home/blakepi/ros2_ws/install/interface/local/lib/python3.10/dist-packages/interface/interface_s__rosidl_typesupport_introspection_c.cpython-310-aarch64-linux-gnu.so
[3.371s] -- Up-to-date: /home/blakepi/ros2_ws/install/interface/local/lib/python3.10/dist-packages/interface/interface_s__rosidl_typesupport_c.cpython-310-aarch64-linux-gnu.so
[3.375s] -- Up-to-date: /home/blakepi/ros2_ws/install/interface/lib/libinterface__rosidl_generator_py.so
[3.376s] -- Up-to-date: /home/blakepi/ros2_ws/install/interface/share/interface/msg/ServoMotorState.idl
[3.377s] -- Up-to-date: /home/blakepi/ros2_ws/install/interface/share/interface/msg/ServoMotorStateChange.idl
[3.380s] -- Up-to-date: /home/blakepi/ros2_ws/install/interface/share/interface/msg/ServoMotorState.msg
[3.382s] -- Up-to-date: /home/blakepi/ros2_ws/install/interface/share/interface/msg/ServoMotorStateChange.msg
[3.383s] -- Up-to-date: /home/blakepi/ros2_ws/install/interface/share/ament_index/resource_index/package_run_dependencies/interface
[3.386s] -- Up-to-date: /home/blakepi/ros2_ws/install/interface/share/ament_index/resource_index/parent_prefix_path/interface
[3.387s] -- Up-to-date: /home/blakepi/ros2_ws/install/interface/share/interface/environment/ament_prefix_path.sh
[3.390s] -- Up-to-date: /home/blakepi/ros2_ws/install/interface/share/interface/environment/ament_prefix_path.dsv
[3.391s] -- Up-to-date: /home/blakepi/ros2_ws/install/interface/share/interface/environment/path.sh
[3.394s] -- Up-to-date: /home/blakepi/ros2_ws/install/interface/share/interface/environment/path.dsv
[3.399s] -- Up-to-date: /home/blakepi/ros2_ws/install/interface/share/interface/local_setup.bash
[3.407s] -- Up-to-date: /home/blakepi/ros2_ws/install/interface/share/interface/local_setup.sh
[3.423s] -- Up-to-date: /home/blakepi/ros2_ws/install/interface/share/interface/local_setup.zsh
[3.424s] -- Up-to-date: /home/blakepi/ros2_ws/install/interface/share/interface/local_setup.dsv
[3.424s] -- Installing: /home/blakepi/ros2_ws/install/interface/share/interface/package.dsv
[3.425s] -- Up-to-date: /home/blakepi/ros2_ws/install/interface/share/ament_index/resource_index/packages/interface
[3.425s] -- Up-to-date: /home/blakepi/ros2_ws/install/interface/share/interface/cmake/export_interface__rosidl_generator_cExport.cmake
[3.426s] -- Up-to-date: /home/blakepi/ros2_ws/install/interface/share/interface/cmake/export_interface__rosidl_generator_cExport-noconfig.cmake
[3.426s] -- Up-to-date: /home/blakepi/ros2_ws/install/interface/share/interface/cmake/export_interface__rosidl_typesupport_fastrtps_cExport.cmake
[3.427s] -- Up-to-date: /home/blakepi/ros2_ws/install/interface/share/interface/cmake/export_interface__rosidl_typesupport_fastrtps_cExport-noconfig.cmake
[3.427s] -- Up-to-date: /home/blakepi/ros2_ws/install/interface/share/interface/cmake/export_interface__rosidl_generator_cppExport.cmake
[3.428s] -- Up-to-date: /home/blakepi/ros2_ws/install/interface/share/interface/cmake/export_interface__rosidl_typesupport_fastrtps_cppExport.cmake
[3.428s] -- Up-to-date: /home/blakepi/ros2_ws/install/interface/share/interface/cmake/export_interface__rosidl_typesupport_fastrtps_cppExport-noconfig.cmake
[3.429s] -- Up-to-date: /home/blakepi/ros2_ws/install/interface/share/interface/cmake/interface__rosidl_typesupport_introspection_cExport.cmake
[3.429s] -- Up-to-date: /home/blakepi/ros2_ws/install/interface/share/interface/cmake/interface__rosidl_typesupport_introspection_cExport-noconfig.cmake
[3.430s] -- Up-to-date: /home/blakepi/ros2_ws/install/interface/share/interface/cmake/interface__rosidl_typesupport_cExport.cmake
[3.430s] -- Up-to-date: /home/blakepi/ros2_ws/install/interface/share/interface/cmake/interface__rosidl_typesupport_cExport-noconfig.cmake
[3.431s] -- Up-to-date: /home/blakepi/ros2_ws/install/interface/share/interface/cmake/interface__rosidl_typesupport_introspection_cppExport.cmake
[3.431s] -- Up-to-date: /home/blakepi/ros2_ws/install/interface/share/interface/cmake/interface__rosidl_typesupport_introspection_cppExport-noconfig.cmake
[3.432s] -- Up-to-date: /home/blakepi/ros2_ws/install/interface/share/interface/cmake/interface__rosidl_typesupport_cppExport.cmake
[3.434s] -- Up-to-date: /home/blakepi/ros2_ws/install/interface/share/interface/cmake/interface__rosidl_typesupport_cppExport-noconfig.cmake
[3.442s] -- Up-to-date: /home/blakepi/ros2_ws/install/interface/share/interface/cmake/export_interface__rosidl_generator_pyExport.cmake
[3.443s] -- Up-to-date: /home/blakepi/ros2_ws/install/interface/share/interface/cmake/export_interface__rosidl_generator_pyExport-noconfig.cmake
[3.443s] -- Up-to-date: /home/blakepi/ros2_ws/install/interface/share/interface/cmake/rosidl_cmake-extras.cmake
[3.444s] -- Up-to-date: /home/blakepi/ros2_ws/install/interface/share/interface/cmake/ament_cmake_export_include_directories-extras.cmake
[3.444s] -- Up-to-date: /home/blakepi/ros2_ws/install/interface/share/interface/cmake/ament_cmake_export_libraries-extras.cmake
[3.445s] -- Up-to-date: /home/blakepi/ros2_ws/install/interface/share/interface/cmake/ament_cmake_export_targets-extras.cmake
[3.445s] -- Up-to-date: /home/blakepi/ros2_ws/install/interface/share/interface/cmake/rosidl_cmake_export_typesupport_targets-extras.cmake
[3.446s] -- Up-to-date: /home/blakepi/ros2_ws/install/interface/share/interface/cmake/ament_cmake_export_dependencies-extras.cmake
[3.447s] -- Up-to-date: /home/blakepi/ros2_ws/install/interface/share/interface/cmake/rosidl_cmake_export_typesupport_libraries-extras.cmake
[3.447s] -- Up-to-date: /home/blakepi/ros2_ws/install/interface/share/interface/cmake/interfaceConfig.cmake
[3.448s] -- Up-to-date: /home/blakepi/ros2_ws/install/interface/share/interface/cmake/interfaceConfig-version.cmake
[3.449s] -- Up-to-date: /home/blakepi/ros2_ws/install/interface/share/interface/package.xml
[3.449s] Invoked command in '/home/blakepi/ros2_ws/build/interface' returned '0': CMAKE_PREFIX_PATH=${CMAKE_PREFIX_PATH}:/home/blakepi/ros2_ws/install/python_pkgs:/opt/ros/humble /usr/bin/cmake --install /home/blakepi/ros2_ws/build/interface
