[0.047s] Invoking command in '/home/blakepi/ros2_ws/build/robot_arm': CMAKE_PREFIX_PATH=${CMAKE_PREFIX_PATH}:/opt/ros/humble /usr/bin/cmake --build /home/blakepi/ros2_ws/build/robot_arm -- -j4 -l4
[0.218s] [35m[1mConsolidate compiler generated dependencies of target servo_node[0m
[0.313s] [100%] Built target servo_node
[0.350s] Invoked command in '/home/blakepi/ros2_ws/build/robot_arm' returned '0': CMAKE_PREFIX_PATH=${CMAKE_PREFIX_PATH}:/opt/ros/humble /usr/bin/cmake --build /home/blakepi/ros2_ws/build/robot_arm -- -j4 -l4
[0.522s] Invoking command in '/home/blakepi/ros2_ws/build/robot_arm': CMAKE_PREFIX_PATH=${CMAKE_PREFIX_PATH}:/opt/ros/humble /usr/bin/cmake --install /home/blakepi/ros2_ws/build/robot_arm
[0.557s] -- Install configuration: ""
[0.562s] -- Up-to-date: /home/blakepi/ros2_ws/install/robot_arm/lib/robot_arm/servo_node
[0.568s] -- Up-to-date: /home/blakepi/ros2_ws/install/robot_arm/share/ament_index/resource_index/package_run_dependencies/robot_arm
[0.571s] -- Up-to-date: /home/blakepi/ros2_ws/install/robot_arm/share/ament_index/resource_index/parent_prefix_path/robot_arm
[0.575s] -- Up-to-date: /home/blakepi/ros2_ws/install/robot_arm/share/robot_arm/environment/ament_prefix_path.sh
[0.578s] -- Up-to-date: /home/blakepi/ros2_ws/install/robot_arm/share/robot_arm/environment/ament_prefix_path.dsv
[0.581s] -- Up-to-date: /home/blakepi/ros2_ws/install/robot_arm/share/robot_arm/environment/path.sh
[0.584s] -- Up-to-date: /home/blakepi/ros2_ws/install/robot_arm/share/robot_arm/environment/path.dsv
[0.587s] -- Up-to-date: /home/blakepi/ros2_ws/install/robot_arm/share/robot_arm/local_setup.bash
[0.591s] -- Up-to-date: /home/blakepi/ros2_ws/install/robot_arm/share/robot_arm/local_setup.sh
[0.594s] -- Up-to-date: /home/blakepi/ros2_ws/install/robot_arm/share/robot_arm/local_setup.zsh
[0.597s] -- Up-to-date: /home/blakepi/ros2_ws/install/robot_arm/share/robot_arm/local_setup.dsv
[0.600s] -- Installing: /home/blakepi/ros2_ws/install/robot_arm/share/robot_arm/package.dsv
[0.603s] -- Up-to-date: /home/blakepi/ros2_ws/install/robot_arm/share/ament_index/resource_index/packages/robot_arm
[0.604s] -- Up-to-date: /home/blakepi/ros2_ws/install/robot_arm/share/robot_arm/cmake/robot_armConfig.cmake
[0.606s] -- Up-to-date: /home/blakepi/ros2_ws/install/robot_arm/share/robot_arm/cmake/robot_armConfig-version.cmake
[0.624s] -- Up-to-date: /home/blakepi/ros2_ws/install/robot_arm/share/robot_arm/package.xml
[0.625s] Invoked command in '/home/blakepi/ros2_ws/build/robot_arm' returned '0': CMAKE_PREFIX_PATH=${CMAKE_PREFIX_PATH}:/opt/ros/humble /usr/bin/cmake --install /home/blakepi/ros2_ws/build/robot_arm
