[3.866s] Invoking command in '/home/blakepi/ros2_ws/src/python_pkgs': PYTHONPATH=/home/blakepi/ros2_ws/build/python_pkgs/prefix_override:/usr/lib/python3/dist-packages/colcon_core/task/python/colcon_distutils_commands:/home/blakepi/ros2_ws/install/python_pkgs/lib/python3.10/site-packages:${PYTHONPATH} /usr/bin/python3 -W ignore:setup.py install is deprecated setup.py egg_info --egg-base ../../build/python_pkgs build --build-base /home/blakepi/ros2_ws/build/python_pkgs/build install --record /home/blakepi/ros2_ws/build/python_pkgs/install.log --single-version-externally-managed install_data
[5.294s] running egg_info
[5.300s] writing ../../build/python_pkgs/python_pkgs.egg-info/PKG-INFO
[5.305s] writing dependency_links to ../../build/python_pkgs/python_pkgs.egg-info/dependency_links.txt
[5.313s] writing entry points to ../../build/python_pkgs/python_pkgs.egg-info/entry_points.txt
[5.314s] writing requirements to ../../build/python_pkgs/python_pkgs.egg-info/requires.txt
[5.315s] writing top-level names to ../../build/python_pkgs/python_pkgs.egg-info/top_level.txt
[5.328s] reading manifest file '../../build/python_pkgs/python_pkgs.egg-info/SOURCES.txt'
[5.334s] writing manifest file '../../build/python_pkgs/python_pkgs.egg-info/SOURCES.txt'
[5.337s] running build
[5.337s] running build_py
[5.342s] running install
[5.346s] running install_lib
[5.357s] running install_data
[5.358s] running install_egg_info
[5.369s] removing '/home/blakepi/ros2_ws/install/python_pkgs/lib/python3.10/site-packages/python_pkgs-0.0.0-py3.10.egg-info' (and everything under it)
[5.382s] Copying ../../build/python_pkgs/python_pkgs.egg-info to /home/blakepi/ros2_ws/install/python_pkgs/lib/python3.10/site-packages/python_pkgs-0.0.0-py3.10.egg-info
[5.424s] running install_scripts
[5.524s] Installing bluetooth_node script to /home/blakepi/ros2_ws/install/python_pkgs/lib/python_pkgs
[5.526s] writing list of installed files to '/home/blakepi/ros2_ws/build/python_pkgs/install.log'
[5.703s] Invoked command in '/home/blakepi/ros2_ws/src/python_pkgs' returned '0': PYTHONPATH=/home/blakepi/ros2_ws/build/python_pkgs/prefix_override:/usr/lib/python3/dist-packages/colcon_core/task/python/colcon_distutils_commands:/home/blakepi/ros2_ws/install/python_pkgs/lib/python3.10/site-packages:${PYTHONPATH} /usr/bin/python3 -W ignore:setup.py install is deprecated setup.py egg_info --egg-base ../../build/python_pkgs build --build-base /home/blakepi/ros2_ws/build/python_pkgs/build install --record /home/blakepi/ros2_ws/build/python_pkgs/install.log --single-version-externally-managed install_data
