[0.077s] Invoking command in '/home/blakepi/ros2_ws/build/robot_arm': CMAKE_PREFIX_PATH=/home/blakepi/ros2_ws/install/interface:/home/blakepi/ros2_ws/install/robot_arm:/home/blakepi/ros2_ws/install/python_pkgs:/opt/ros/humble /usr/bin/cmake --build /home/blakepi/ros2_ws/build/robot_arm -- -j4 -l4
[0.487s] [ 75%] Built target bluetooth_node
[0.490s] [100%] Built target servo_node
[0.524s] [100%] Built target ament_cmake_python_copy_robot_arm
[2.108s] running egg_info
[2.111s] writing robot_arm.egg-info/PKG-INFO
[2.114s] writing dependency_links to robot_arm.egg-info/dependency_links.txt
[2.117s] writing top-level names to robot_arm.egg-info/top_level.txt
[2.124s] reading manifest file 'robot_arm.egg-info/SOURCES.txt'
[2.128s] writing manifest file 'robot_arm.egg-info/SOURCES.txt'
[2.268s] [100%] Built target ament_cmake_python_build_robot_arm_egg
[2.337s] Invoked command in '/home/blakepi/ros2_ws/build/robot_arm' returned '0': CMAKE_PREFIX_PATH=/home/blakepi/ros2_ws/install/interface:/home/blakepi/ros2_ws/install/robot_arm:/home/blakepi/ros2_ws/install/python_pkgs:/opt/ros/humble /usr/bin/cmake --build /home/blakepi/ros2_ws/build/robot_arm -- -j4 -l4
[2.510s] Invoking command in '/home/blakepi/ros2_ws/build/robot_arm': CMAKE_PREFIX_PATH=/home/blakepi/ros2_ws/install/interface:/home/blakepi/ros2_ws/install/robot_arm:/home/blakepi/ros2_ws/install/python_pkgs:/opt/ros/humble /usr/bin/cmake --install /home/blakepi/ros2_ws/build/robot_arm
[2.537s] -- Install configuration: ""
[2.539s] -- Up-to-date: /home/blakepi/ros2_ws/install/robot_arm/lib/robot_arm/servo_node
[2.542s] -- Up-to-date: /home/blakepi/ros2_ws/install/robot_arm/lib/robot_arm/bluetooth_node
[2.547s] -- Up-to-date: /home/blakepi/ros2_ws/install/robot_arm/share/robot_arm/environment/pythonpath.sh
[2.549s] -- Up-to-date: /home/blakepi/ros2_ws/install/robot_arm/share/robot_arm/environment/pythonpath.dsv
[2.550s] -- Up-to-date: /home/blakepi/ros2_ws/install/robot_arm/local/lib/python3.10/dist-packages/robot_arm-0.0.0-py3.10.egg-info
[2.554s] -- Installing: /home/blakepi/ros2_ws/install/robot_arm/local/lib/python3.10/dist-packages/robot_arm-0.0.0-py3.10.egg-info/SOURCES.txt
[2.554s] -- Installing: /home/blakepi/ros2_ws/install/robot_arm/local/lib/python3.10/dist-packages/robot_arm-0.0.0-py3.10.egg-info/dependency_links.txt
[2.555s] -- Installing: /home/blakepi/ros2_ws/install/robot_arm/local/lib/python3.10/dist-packages/robot_arm-0.0.0-py3.10.egg-info/PKG-INFO
[2.555s] -- Installing: /home/blakepi/ros2_ws/install/robot_arm/local/lib/python3.10/dist-packages/robot_arm-0.0.0-py3.10.egg-info/top_level.txt
[2.556s] -- Up-to-date: /home/blakepi/ros2_ws/install/robot_arm/local/lib/python3.10/dist-packages/robot_arm
[2.556s] -- Up-to-date: /home/blakepi/ros2_ws/install/robot_arm/local/lib/python3.10/dist-packages/robot_arm/__init__.py
[2.557s] -- Up-to-date: /home/blakepi/ros2_ws/install/robot_arm/local/lib/python3.10/dist-packages/robot_arm/camera_node.py
[2.557s] -- Installing: /home/blakepi/ros2_ws/install/robot_arm/local/lib/python3.10/dist-packages/robot_arm/distance_node.py
[2.718s] Listing '/home/blakepi/ros2_ws/install/robot_arm/local/lib/python3.10/dist-packages/robot_arm'...
[2.720s] Compiling '/home/blakepi/ros2_ws/install/robot_arm/local/lib/python3.10/dist-packages/robot_arm/distance_node.py'...
[2.742s] -- Up-to-date: /home/blakepi/ros2_ws/install/robot_arm/lib/robot_arm/camera_node.py
[2.743s] -- Installing: /home/blakepi/ros2_ws/install/robot_arm/lib/robot_arm/distance_node.py
[2.747s] -- Up-to-date: /home/blakepi/ros2_ws/install/robot_arm/share/ament_index/resource_index/package_run_dependencies/robot_arm
[2.748s] -- Up-to-date: /home/blakepi/ros2_ws/install/robot_arm/share/ament_index/resource_index/parent_prefix_path/robot_arm
[2.753s] -- Up-to-date: /home/blakepi/ros2_ws/install/robot_arm/share/robot_arm/environment/ament_prefix_path.sh
[2.754s] -- Up-to-date: /home/blakepi/ros2_ws/install/robot_arm/share/robot_arm/environment/ament_prefix_path.dsv
[2.754s] -- Up-to-date: /home/blakepi/ros2_ws/install/robot_arm/share/robot_arm/environment/path.sh
[2.755s] -- Up-to-date: /home/blakepi/ros2_ws/install/robot_arm/share/robot_arm/environment/path.dsv
[2.756s] -- Up-to-date: /home/blakepi/ros2_ws/install/robot_arm/share/robot_arm/local_setup.bash
[2.757s] -- Up-to-date: /home/blakepi/ros2_ws/install/robot_arm/share/robot_arm/local_setup.sh
[2.758s] -- Up-to-date: /home/blakepi/ros2_ws/install/robot_arm/share/robot_arm/local_setup.zsh
[2.758s] -- Up-to-date: /home/blakepi/ros2_ws/install/robot_arm/share/robot_arm/local_setup.dsv
[2.759s] -- Installing: /home/blakepi/ros2_ws/install/robot_arm/share/robot_arm/package.dsv
[2.760s] -- Up-to-date: /home/blakepi/ros2_ws/install/robot_arm/share/ament_index/resource_index/packages/robot_arm
[2.762s] -- Up-to-date: /home/blakepi/ros2_ws/install/robot_arm/share/robot_arm/cmake/robot_armConfig.cmake
[2.762s] -- Up-to-date: /home/blakepi/ros2_ws/install/robot_arm/share/robot_arm/cmake/robot_armConfig-version.cmake
[2.763s] -- Up-to-date: /home/blakepi/ros2_ws/install/robot_arm/share/robot_arm/package.xml
[2.771s] Invoked command in '/home/blakepi/ros2_ws/build/robot_arm' returned '0': CMAKE_PREFIX_PATH=/home/blakepi/ros2_ws/install/interface:/home/blakepi/ros2_ws/install/robot_arm:/home/blakepi/ros2_ws/install/python_pkgs:/opt/ros/humble /usr/bin/cmake --install /home/blakepi/ros2_ws/build/robot_arm
