[0.038s] Invoking command in '/home/blakepi/ros2_ws/src/robot_arm/build/robot_arm': CMAKE_PREFIX_PATH=/opt/ros/humble /usr/bin/cmake /home/blakepi/ros2_ws/src/robot_arm -DCMAKE_INSTALL_PREFIX=/home/blakepi/ros2_ws/src/robot_arm/install/robot_arm
[0.303s] -- The CXX compiler identification is GNU 11.4.0
[0.341s] -- Detecting CXX compiler ABI info
[0.675s] -- Detecting CXX compiler ABI info - done
[0.701s] -- Check for working CXX compiler: /usr/bin/c++ - skipped
[0.702s] -- Detecting CXX compile features
[0.703s] -- Detecting CXX compile features - done
[0.728s] -- Found ament_cmake: 1.3.9 (/opt/ros/humble/share/ament_cmake/cmake)
[1.411s] -- Found Python3: /usr/bin/python3 (found version "3.10.12") found components: Interpreter 
[1.942s] -- Found rclcpp: 16.0.9 (/opt/ros/humble/share/rclcpp/cmake)
[2.264s] -- Found rosidl_generator_c: 3.1.5 (/opt/ros/humble/share/rosidl_generator_c/cmake)
[2.303s] -- Found rosidl_adapter: 3.1.5 (/opt/ros/humble/share/rosidl_adapter/cmake)
[2.367s] -- Found rosidl_generator_cpp: 3.1.5 (/opt/ros/humble/share/rosidl_generator_cpp/cmake)
[2.457s] -- Using all available rosidl_typesupport_c: rosidl_typesupport_fastrtps_c;rosidl_typesupport_introspection_c
[2.579s] -- Using all available rosidl_typesupport_cpp: rosidl_typesupport_fastrtps_cpp;rosidl_typesupport_introspection_cpp
[2.981s] -- Found rmw_implementation_cmake: 6.1.2 (/opt/ros/humble/share/rmw_implementation_cmake/cmake)
[3.005s] -- Found rmw_fastrtps_cpp: 6.2.6 (/opt/ros/humble/share/rmw_fastrtps_cpp/cmake)
[3.523s] -- Found OpenSSL: /usr/lib/aarch64-linux-gnu/libcrypto.so (found version "3.0.2")  
[3.641s] -- Found FastRTPS: /opt/ros/humble/include  
[3.851s] -- Using RMW implementation 'rmw_fastrtps_cpp' as default
[3.924s] -- Looking for pthread.h
[4.374s] -- Looking for pthread.h - found
[4.375s] -- Performing Test CMAKE_HAVE_LIBC_PTHREAD
[4.704s] -- Performing Test CMAKE_HAVE_LIBC_PTHREAD - Success
[4.709s] -- Found Threads: TRUE  
[5.427s] -- Found ament_lint_auto: 0.12.11 (/opt/ros/humble/share/ament_lint_auto/cmake)
[5.894s] -- Added test 'cppcheck' to perform static code analysis on C / C++ code
[5.894s] -- Configured cppcheck include dirs: 
[5.895s] -- Configured cppcheck exclude dirs and/or files: 
[5.904s] -- Added test 'flake8' to check Python code syntax and style conventions
[5.923s] -- Added test 'lint_cmake' to check CMake code style
[5.933s] -- Added test 'pep257' to check Python code against some of the docstring style conventions in PEP 257
[6.001s] -- Added test 'uncrustify' to check C / C++ code style
[6.002s] -- Configured uncrustify additional arguments: 
[6.012s] -- Added test 'xmllint' to check XML markup files
[6.020s] -- Configuring done
[6.071s] -- Generating done
[6.078s] -- Build files have been written to: /home/blakepi/ros2_ws/src/robot_arm/build/robot_arm
[6.109s] Invoked command in '/home/blakepi/ros2_ws/src/robot_arm/build/robot_arm' returned '0': CMAKE_PREFIX_PATH=/opt/ros/humble /usr/bin/cmake /home/blakepi/ros2_ws/src/robot_arm -DCMAKE_INSTALL_PREFIX=/home/blakepi/ros2_ws/src/robot_arm/install/robot_arm
[6.117s] Invoking command in '/home/blakepi/ros2_ws/src/robot_arm/build/robot_arm': CMAKE_PREFIX_PATH=/opt/ros/humble /usr/bin/cmake --build /home/blakepi/ros2_ws/src/robot_arm/build/robot_arm -- -j4 -l4
[6.315s] [ 50%] [32mBuilding CXX object CMakeFiles/minimal_cpp_node.dir/src/test_node.cpp.o[0m
[17.946s] [100%] [32m[1mLinking CXX executable minimal_cpp_node[0m
[18.512s] [100%] Built target minimal_cpp_node
[18.548s] Invoked command in '/home/blakepi/ros2_ws/src/robot_arm/build/robot_arm' returned '0': CMAKE_PREFIX_PATH=/opt/ros/humble /usr/bin/cmake --build /home/blakepi/ros2_ws/src/robot_arm/build/robot_arm -- -j4 -l4
[18.717s] Invoking command in '/home/blakepi/ros2_ws/src/robot_arm/build/robot_arm': CMAKE_PREFIX_PATH=/opt/ros/humble /usr/bin/cmake --install /home/blakepi/ros2_ws/src/robot_arm/build/robot_arm
[18.742s] -- Install configuration: ""
[18.743s] -- Installing: /home/blakepi/ros2_ws/src/robot_arm/install/robot_arm/lib/robot_arm/minimal_cpp_node
[18.746s] -- Set runtime path of "/home/blakepi/ros2_ws/src/robot_arm/install/robot_arm/lib/robot_arm/minimal_cpp_node" to ""
[18.747s] -- Installing: /home/blakepi/ros2_ws/src/robot_arm/install/robot_arm/share/ament_index/resource_index/package_run_dependencies/robot_arm
[18.749s] -- Installing: /home/blakepi/ros2_ws/src/robot_arm/install/robot_arm/share/ament_index/resource_index/parent_prefix_path/robot_arm
[18.750s] -- Installing: /home/blakepi/ros2_ws/src/robot_arm/install/robot_arm/share/robot_arm/environment/ament_prefix_path.sh
[18.752s] -- Installing: /home/blakepi/ros2_ws/src/robot_arm/install/robot_arm/share/robot_arm/environment/ament_prefix_path.dsv
[18.753s] -- Installing: /home/blakepi/ros2_ws/src/robot_arm/install/robot_arm/share/robot_arm/environment/path.sh
[18.754s] -- Installing: /home/blakepi/ros2_ws/src/robot_arm/install/robot_arm/share/robot_arm/environment/path.dsv
[18.755s] -- Installing: /home/blakepi/ros2_ws/src/robot_arm/install/robot_arm/share/robot_arm/local_setup.bash
[18.756s] -- Installing: /home/blakepi/ros2_ws/src/robot_arm/install/robot_arm/share/robot_arm/local_setup.sh
[18.757s] -- Installing: /home/blakepi/ros2_ws/src/robot_arm/install/robot_arm/share/robot_arm/local_setup.zsh
[18.758s] -- Installing: /home/blakepi/ros2_ws/src/robot_arm/install/robot_arm/share/robot_arm/local_setup.dsv
[18.759s] -- Installing: /home/blakepi/ros2_ws/src/robot_arm/install/robot_arm/share/robot_arm/package.dsv
[18.761s] -- Installing: /home/blakepi/ros2_ws/src/robot_arm/install/robot_arm/share/ament_index/resource_index/packages/robot_arm
[18.762s] -- Installing: /home/blakepi/ros2_ws/src/robot_arm/install/robot_arm/share/robot_arm/cmake/robot_armConfig.cmake
[18.763s] -- Installing: /home/blakepi/ros2_ws/src/robot_arm/install/robot_arm/share/robot_arm/cmake/robot_armConfig-version.cmake
[18.764s] -- Installing: /home/blakepi/ros2_ws/src/robot_arm/install/robot_arm/share/robot_arm/package.xml
[18.770s] Invoked command in '/home/blakepi/ros2_ws/src/robot_arm/build/robot_arm' returned '0': CMAKE_PREFIX_PATH=/opt/ros/humble /usr/bin/cmake --install /home/blakepi/ros2_ws/src/robot_arm/build/robot_arm
