[0.050s] Invoking command in '/home/blakepi/ros2_ws/build/robot_arm': CMAKE_PREFIX_PATH=/home/blakepi/ros2_ws/install/interface:/home/blakepi/ros2_ws/install/robot_arm:/home/blakepi/ros2_ws/install/python_pkgs:/opt/ros/humble /usr/bin/cmake --build /home/blakepi/ros2_ws/build/robot_arm -- -j4 -l4
[0.433s] [ 50%] Built target servo_node
[0.541s] [100%] Built target bluetooth_node
[0.583s] [100%] Built target ament_cmake_python_copy_robot_arm
[2.408s] running egg_info
[2.411s] writing robot_arm.egg-info/PKG-INFO
[2.413s] writing dependency_links to robot_arm.egg-info/dependency_links.txt
[2.414s] writing top-level names to robot_arm.egg-info/top_level.txt
[2.426s] reading manifest file 'robot_arm.egg-info/SOURCES.txt'
[2.430s] writing manifest file 'robot_arm.egg-info/SOURCES.txt'
[2.584s] [100%] Built target ament_cmake_python_build_robot_arm_egg
[2.633s] Invoked command in '/home/blakepi/ros2_ws/build/robot_arm' returned '0': CMAKE_PREFIX_PATH=/home/blakepi/ros2_ws/install/interface:/home/blakepi/ros2_ws/install/robot_arm:/home/blakepi/ros2_ws/install/python_pkgs:/opt/ros/humble /usr/bin/cmake --build /home/blakepi/ros2_ws/build/robot_arm -- -j4 -l4
[2.827s] Invoking command in '/home/blakepi/ros2_ws/build/robot_arm': CMAKE_PREFIX_PATH=/home/blakepi/ros2_ws/install/interface:/home/blakepi/ros2_ws/install/robot_arm:/home/blakepi/ros2_ws/install/python_pkgs:/opt/ros/humble /usr/bin/cmake --install /home/blakepi/ros2_ws/build/robot_arm
[2.862s] -- Install configuration: ""
[2.865s] -- Up-to-date: /home/blakepi/ros2_ws/install/robot_arm/lib/robot_arm/servo_node
[2.871s] -- Up-to-date: /home/blakepi/ros2_ws/install/robot_arm/lib/robot_arm/bluetooth_node
[2.875s] -- Up-to-date: /home/blakepi/ros2_ws/install/robot_arm/share/robot_arm/environment/pythonpath.sh
[2.878s] -- Up-to-date: /home/blakepi/ros2_ws/install/robot_arm/share/robot_arm/environment/pythonpath.dsv
[2.881s] -- Up-to-date: /home/blakepi/ros2_ws/install/robot_arm/local/lib/python3.10/dist-packages/robot_arm-0.0.0-py3.10.egg-info
[2.885s] -- Installing: /home/blakepi/ros2_ws/install/robot_arm/local/lib/python3.10/dist-packages/robot_arm-0.0.0-py3.10.egg-info/SOURCES.txt
[2.893s] -- Installing: /home/blakepi/ros2_ws/install/robot_arm/local/lib/python3.10/dist-packages/robot_arm-0.0.0-py3.10.egg-info/dependency_links.txt
[2.900s] -- Installing: /home/blakepi/ros2_ws/install/robot_arm/local/lib/python3.10/dist-packages/robot_arm-0.0.0-py3.10.egg-info/PKG-INFO
[2.905s] -- Installing: /home/blakepi/ros2_ws/install/robot_arm/local/lib/python3.10/dist-packages/robot_arm-0.0.0-py3.10.egg-info/top_level.txt
[2.910s] -- Up-to-date: /home/blakepi/ros2_ws/install/robot_arm/local/lib/python3.10/dist-packages/robot_arm
[2.911s] -- Up-to-date: /home/blakepi/ros2_ws/install/robot_arm/local/lib/python3.10/dist-packages/robot_arm/__init__.py
[2.912s] -- Installing: /home/blakepi/ros2_ws/install/robot_arm/local/lib/python3.10/dist-packages/robot_arm/wifi_image_sender_node.py
[2.919s] -- Up-to-date: /home/blakepi/ros2_ws/install/robot_arm/local/lib/python3.10/dist-packages/robot_arm/camera_node.py
[2.922s] -- Up-to-date: /home/blakepi/ros2_ws/install/robot_arm/local/lib/python3.10/dist-packages/robot_arm/distance_node.py
[3.153s] Listing '/home/blakepi/ros2_ws/install/robot_arm/local/lib/python3.10/dist-packages/robot_arm'...
[3.154s] Compiling '/home/blakepi/ros2_ws/install/robot_arm/local/lib/python3.10/dist-packages/robot_arm/wifi_image_sender_node.py'...
[3.184s] -- Up-to-date: /home/blakepi/ros2_ws/install/robot_arm/lib/robot_arm/camera_node.py
[3.189s] -- Up-to-date: /home/blakepi/ros2_ws/install/robot_arm/lib/robot_arm/distance_node.py
[3.190s] -- Installing: /home/blakepi/ros2_ws/install/robot_arm/lib/robot_arm/wifi_image_sender_node.py
[3.190s] -- Up-to-date: /home/blakepi/ros2_ws/install/robot_arm/share/ament_index/resource_index/package_run_dependencies/robot_arm
[3.191s] -- Up-to-date: /home/blakepi/ros2_ws/install/robot_arm/share/ament_index/resource_index/parent_prefix_path/robot_arm
[3.191s] -- Up-to-date: /home/blakepi/ros2_ws/install/robot_arm/share/robot_arm/environment/ament_prefix_path.sh
[3.192s] -- Up-to-date: /home/blakepi/ros2_ws/install/robot_arm/share/robot_arm/environment/ament_prefix_path.dsv
[3.197s] -- Up-to-date: /home/blakepi/ros2_ws/install/robot_arm/share/robot_arm/environment/path.sh
[3.217s] -- Up-to-date: /home/blakepi/ros2_ws/install/robot_arm/share/robot_arm/environment/path.dsv
[3.219s] -- Up-to-date: /home/blakepi/ros2_ws/install/robot_arm/share/robot_arm/local_setup.bash
[3.219s] -- Up-to-date: /home/blakepi/ros2_ws/install/robot_arm/share/robot_arm/local_setup.sh
[3.220s] -- Up-to-date: /home/blakepi/ros2_ws/install/robot_arm/share/robot_arm/local_setup.zsh
[3.221s] -- Up-to-date: /home/blakepi/ros2_ws/install/robot_arm/share/robot_arm/local_setup.dsv
[3.222s] -- Installing: /home/blakepi/ros2_ws/install/robot_arm/share/robot_arm/package.dsv
[3.223s] -- Up-to-date: /home/blakepi/ros2_ws/install/robot_arm/share/ament_index/resource_index/packages/robot_arm
[3.223s] -- Up-to-date: /home/blakepi/ros2_ws/install/robot_arm/share/robot_arm/cmake/robot_armConfig.cmake
[3.224s] -- Up-to-date: /home/blakepi/ros2_ws/install/robot_arm/share/robot_arm/cmake/robot_armConfig-version.cmake
[3.225s] -- Up-to-date: /home/blakepi/ros2_ws/install/robot_arm/share/robot_arm/package.xml
[3.226s] Invoked command in '/home/blakepi/ros2_ws/build/robot_arm' returned '0': CMAKE_PREFIX_PATH=/home/blakepi/ros2_ws/install/interface:/home/blakepi/ros2_ws/install/robot_arm:/home/blakepi/ros2_ws/install/python_pkgs:/opt/ros/humble /usr/bin/cmake --install /home/blakepi/ros2_ws/build/robot_arm
