[4.099s] Invoking command in '/home/blakepi/ros2_ws/src/python_pkgs': PYTHONPATH=/home/blakepi/ros2_ws/build/python_pkgs/prefix_override:/usr/lib/python3/dist-packages/colcon_core/task/python/colcon_distutils_commands:/home/blakepi/ros2_ws/install/python_pkgs/lib/python3.10/site-packages:${PYTHONPATH} /usr/bin/python3 -W ignore:setup.py install is deprecated setup.py egg_info --egg-base ../../build/python_pkgs build --build-base /home/blakepi/ros2_ws/build/python_pkgs/build install --record /home/blakepi/ros2_ws/build/python_pkgs/install.log --single-version-externally-managed install_data
[5.537s] running egg_info
[5.539s] writing ../../build/python_pkgs/python_pkgs.egg-info/PKG-INFO
[5.543s] writing dependency_links to ../../build/python_pkgs/python_pkgs.egg-info/dependency_links.txt
[5.544s] writing entry points to ../../build/python_pkgs/python_pkgs.egg-info/entry_points.txt
[5.548s] writing requirements to ../../build/python_pkgs/python_pkgs.egg-info/requires.txt
[5.549s] writing top-level names to ../../build/python_pkgs/python_pkgs.egg-info/top_level.txt
[5.551s] reading manifest file '../../build/python_pkgs/python_pkgs.egg-info/SOURCES.txt'
[5.555s] writing manifest file '../../build/python_pkgs/python_pkgs.egg-info/SOURCES.txt'
[5.556s] running build
[5.556s] running build_py
[5.557s] running install
[5.558s] running install_lib
[5.565s] running install_data
[5.566s] running install_egg_info
[5.573s] removing '/home/blakepi/ros2_ws/install/python_pkgs/lib/python3.10/site-packages/python_pkgs-0.0.0-py3.10.egg-info' (and everything under it)
[5.574s] Copying ../../build/python_pkgs/python_pkgs.egg-info to /home/blakepi/ros2_ws/install/python_pkgs/lib/python3.10/site-packages/python_pkgs-0.0.0-py3.10.egg-info
[5.583s] running install_scripts
[5.666s] Installing bluetooth_node script to /home/blakepi/ros2_ws/install/python_pkgs/lib/python_pkgs
[5.668s] writing list of installed files to '/home/blakepi/ros2_ws/build/python_pkgs/install.log'
[5.794s] Invoked command in '/home/blakepi/ros2_ws/src/python_pkgs' returned '0': PYTHONPATH=/home/blakepi/ros2_ws/build/python_pkgs/prefix_override:/usr/lib/python3/dist-packages/colcon_core/task/python/colcon_distutils_commands:/home/blakepi/ros2_ws/install/python_pkgs/lib/python3.10/site-packages:${PYTHONPATH} /usr/bin/python3 -W ignore:setup.py install is deprecated setup.py egg_info --egg-base ../../build/python_pkgs build --build-base /home/blakepi/ros2_ws/build/python_pkgs/build install --record /home/blakepi/ros2_ws/build/python_pkgs/install.log --single-version-externally-managed install_data
