[4.518s] Invoking command in '/home/blakepi/ros2_ws/src/python_pkgs': PYTHONPATH=/home/blakepi/ros2_ws/build/python_pkgs/prefix_override:/usr/lib/python3/dist-packages/colcon_core/task/python/colcon_distutils_commands:/home/blakepi/ros2_ws/install/python_pkgs/lib/python3.10/site-packages:${PYTHONPATH} /usr/bin/python3 -W ignore:setup.py install is deprecated setup.py egg_info --egg-base ../../build/python_pkgs build --build-base /home/blakepi/ros2_ws/build/python_pkgs/build install --record /home/blakepi/ros2_ws/build/python_pkgs/install.log --single-version-externally-managed install_data
[6.159s] running egg_info
[6.163s] writing ../../build/python_pkgs/python_pkgs.egg-info/PKG-INFO
[6.164s] writing dependency_links to ../../build/python_pkgs/python_pkgs.egg-info/dependency_links.txt
[6.165s] writing entry points to ../../build/python_pkgs/python_pkgs.egg-info/entry_points.txt
[6.166s] writing requirements to ../../build/python_pkgs/python_pkgs.egg-info/requires.txt
[6.167s] writing top-level names to ../../build/python_pkgs/python_pkgs.egg-info/top_level.txt
[6.177s] reading manifest file '../../build/python_pkgs/python_pkgs.egg-info/SOURCES.txt'
[6.182s] writing manifest file '../../build/python_pkgs/python_pkgs.egg-info/SOURCES.txt'
[6.183s] running build
[6.183s] running build_py
[6.184s] running install
[6.186s] running install_lib
[6.192s] running install_data
[6.193s] running install_egg_info
[6.202s] removing '/home/blakepi/ros2_ws/install/python_pkgs/lib/python3.10/site-packages/python_pkgs-0.0.0-py3.10.egg-info' (and everything under it)
[6.205s] Copying ../../build/python_pkgs/python_pkgs.egg-info to /home/blakepi/ros2_ws/install/python_pkgs/lib/python3.10/site-packages/python_pkgs-0.0.0-py3.10.egg-info
[6.214s] running install_scripts
[6.317s] Installing bluetooth_node script to /home/blakepi/ros2_ws/install/python_pkgs/lib/python_pkgs
[6.319s] writing list of installed files to '/home/blakepi/ros2_ws/build/python_pkgs/install.log'
[6.486s] Invoked command in '/home/blakepi/ros2_ws/src/python_pkgs' returned '0': PYTHONPATH=/home/blakepi/ros2_ws/build/python_pkgs/prefix_override:/usr/lib/python3/dist-packages/colcon_core/task/python/colcon_distutils_commands:/home/blakepi/ros2_ws/install/python_pkgs/lib/python3.10/site-packages:${PYTHONPATH} /usr/bin/python3 -W ignore:setup.py install is deprecated setup.py egg_info --egg-base ../../build/python_pkgs build --build-base /home/blakepi/ros2_ws/build/python_pkgs/build install --record /home/blakepi/ros2_ws/build/python_pkgs/install.log --single-version-externally-managed install_data
