[0.061s] Invoking command in '/home/blakepi/ros2_ws/src/robot_arm/build/robot_arm': CMAKE_PREFIX_PATH=/opt/ros/humble /usr/bin/cmake /home/blakepi/ros2_ws/src/robot_arm -DCMAKE_INSTALL_PREFIX=/home/blakepi/ros2_ws/src/robot_arm/install/robot_arm
[0.708s] -- The C compiler identification is GNU 11.4.0
[1.319s] -- The CXX compiler identification is unknown
[1.355s] -- Detecting C compiler ABI info
[1.705s] -- Detecting C compiler ABI info - done
[1.731s] -- Check for working C compiler: /usr/bin/cc - skipped
[1.733s] -- Detecting C compile features
[1.736s] -- Detecting C compile features - done
[1.739s] [31mCMake Error at CMakeLists.txt:2 (project):
[1.739s]   No CMAKE_CXX_COMPILER could be found.
[1.739s] 
[1.740s]   Tell CMake where to find the compiler by setting either the environment
[1.740s]   variable "CXX" or the CMake cache entry CMAKE_CXX_COMPILER to the full path
[1.740s]   to the compiler, or to the compiler name if it is in the PATH.
[1.741s] 
[1.741s] [0m
[1.745s] -- Configuring incomplete, errors occurred!
[1.745s] See also "/home/blakepi/ros2_ws/src/robot_arm/build/robot_arm/CMakeFiles/CMakeOutput.log".
[1.746s] See also "/home/blakepi/ros2_ws/src/robot_arm/build/robot_arm/CMakeFiles/CMakeError.log".
[1.764s] Invoked command in '/home/blakepi/ros2_ws/src/robot_arm/build/robot_arm' returned '1': CMAKE_PREFIX_PATH=/opt/ros/humble /usr/bin/cmake /home/blakepi/ros2_ws/src/robot_arm -DCMAKE_INSTALL_PREFIX=/home/blakepi/ros2_ws/src/robot_arm/install/robot_arm
