-- Found ament_cmake: 1.3.9 (/opt/ros/humble/share/ament_cmake/cmake)
-- Found rclcpp: 16.0.9 (/opt/ros/humble/share/rclcpp/cmake)
-- Found rosidl_generator_c: 3.1.5 (/opt/ros/humble/share/rosidl_generator_c/cmake)
-- Found rosidl_adapter: 3.1.5 (/opt/ros/humble/share/rosidl_adapter/cmake)
-- Found rosidl_generator_cpp: 3.1.5 (/opt/ros/humble/share/rosidl_generator_cpp/cmake)
-- Using all available rosidl_typesupport_c: rosidl_typesupport_fastrtps_c;rosidl_typesupport_introspection_c
-- Using all available rosidl_typesupport_cpp: rosidl_typesupport_fastrtps_cpp;rosidl_typesupport_introspection_cpp
-- Found rmw_implementation_cmake: 6.1.2 (/opt/ros/humble/share/rmw_implementation_cmake/cmake)
-- Found rmw_fastrtps_cpp: 6.2.6 (/opt/ros/humble/share/rmw_fastrtps_cpp/cmake)
-- Using RMW implementation 'rmw_fastrtps_cpp' as default
-- Found pigpio: /usr/local/include  
-- Found ament_lint_auto: 0.12.11 (/opt/ros/humble/share/ament_lint_auto/cmake)
-- Added test 'cppcheck' to perform static code analysis on C / C++ code
-- Configured cppcheck include dirs: 
-- Configured cppcheck exclude dirs and/or files: 
-- Added test 'flake8' to check Python code syntax and style conventions
-- Added test 'lint_cmake' to check CMake code style
-- Added test 'pep257' to check Python code against some of the docstring style conventions in PEP 257
-- Added test 'uncrustify' to check C / C++ code style
-- Configured uncrustify additional arguments: 
-- Added test 'xmllint' to check XML markup files
-- Configuring done
-- Generating done
-- Build files have been written to: /home/blakepi/ros2_ws/build/robot_arm
[35m[1mConsolidate compiler generated dependencies of target servo_node[0m
[ 50%] [32m[1mLinking CXX executable servo_node[0m
/usr/bin/ld: CMakeFiles/servo_node.dir/src/servo_controller.cpp.o: in function `MultiServoController::MultiServoController()':
servo_controller.cpp:(.text._ZN20MultiServoControllerC2Ev[_ZN20MultiServoControllerC5Ev]+0xdc): undefined reference to `gpioInitialise'
/usr/bin/ld: CMakeFiles/servo_node.dir/src/servo_controller.cpp.o: in function `MultiServoController::~MultiServoController()':
servo_controller.cpp:(.text._ZN20MultiServoControllerD2Ev[_ZN20MultiServoControllerD5Ev]+0x1c): undefined reference to `gpioTerminate'
/usr/bin/ld: CMakeFiles/servo_node.dir/src/servo_controller.cpp.o: in function `MultiServoController::adjustServo(int, double)':
servo_controller.cpp:(.text._ZN20MultiServoController11adjustServoEid[_ZN20MultiServoController11adjustServoEid]+0x1b4): undefined reference to `gpioServo'
collect2: error: ld returned 1 exit status
gmake[2]: *** [CMakeFiles/servo_node.dir/build.make:159: servo_node] Error 1
gmake[1]: *** [CMakeFiles/Makefile2:137: CMakeFiles/servo_node.dir/all] Error 2
gmake: *** [Makefile:146: all] Error 2
