[0.050s] Invoking command in '/home/blakepi/ros2_ws/build/interface': CMAKE_PREFIX_PATH=${CMAKE_PREFIX_PATH}:/home/blakepi/ros2_ws/install/python_pkgs:/opt/ros/humble /usr/bin/cmake --build /home/blakepi/ros2_ws/build/interface -- -j4 -l4
[0.218s] [35m[1mConsolidate compiler generated dependencies of target interface__rosidl_generator_c[0m
[0.257s] [  3%] Built target interface__cpp
[0.291s] [ 12%] Built target interface__rosidl_generator_c
[0.305s] [35m[1mConsolidate compiler generated dependencies of target interface__rosidl_typesupport_cpp[0m
[0.311s] [ 12%] Built target ament_cmake_python_copy_interface
[0.328s] [35m[1mConsolidate compiler generated dependencies of target interface__rosidl_typesupport_fastrtps_cpp[0m
[0.358s] [35m[1mConsolidate compiler generated dependencies of target interface__rosidl_typesupport_introspection_cpp[0m
[0.366s] [35m[1mConsolidate compiler generated dependencies of target interface__rosidl_typesupport_fastrtps_c[0m
[0.384s] [ 22%] Built target interface__rosidl_typesupport_cpp
[0.415s] [ 32%] Built target interface__rosidl_typesupport_fastrtps_cpp
[0.431s] [35m[1mConsolidate compiler generated dependencies of target interface__rosidl_typesupport_introspection_c[0m
[0.448s] [ 41%] Built target interface__rosidl_typesupport_fastrtps_c
[0.455s] [ 51%] Built target interface__rosidl_typesupport_introspection_cpp
[0.484s] [35m[1mConsolidate compiler generated dependencies of target interface__rosidl_typesupport_c[0m
[0.570s] [ 61%] Built target interface__rosidl_typesupport_introspection_c
[0.585s] [ 70%] Built target interface__rosidl_typesupport_c
[0.714s] [ 70%] Built target interface
[0.811s] [ 74%] Built target interface__py
[0.851s] [35m[1mConsolidate compiler generated dependencies of target interface__rosidl_generator_py[0m
[0.910s] [ 80%] Built target interface__rosidl_generator_py
[0.961s] [35m[1mConsolidate compiler generated dependencies of target interface__rosidl_typesupport_introspection_c__pyext[0m
[0.962s] [35m[1mConsolidate compiler generated dependencies of target interface__rosidl_typesupport_fastrtps_c__pyext[0m
[0.962s] [35m[1mConsolidate compiler generated dependencies of target interface__rosidl_typesupport_c__pyext[0m
[1.073s] [ 87%] Built target interface__rosidl_typesupport_c__pyext
[1.113s] [ 93%] Built target interface__rosidl_typesupport_fastrtps_c__pyext
[1.131s] [100%] Built target interface__rosidl_typesupport_introspection_c__pyext
[1.842s] running egg_info
[1.845s] writing interface.egg-info/PKG-INFO
[1.846s] writing dependency_links to interface.egg-info/dependency_links.txt
[1.847s] writing top-level names to interface.egg-info/top_level.txt
[1.857s] reading manifest file 'interface.egg-info/SOURCES.txt'
[1.860s] writing manifest file 'interface.egg-info/SOURCES.txt'
[1.984s] [100%] Built target ament_cmake_python_build_interface_egg
[2.026s] Invoked command in '/home/blakepi/ros2_ws/build/interface' returned '0': CMAKE_PREFIX_PATH=${CMAKE_PREFIX_PATH}:/home/blakepi/ros2_ws/install/python_pkgs:/opt/ros/humble /usr/bin/cmake --build /home/blakepi/ros2_ws/build/interface -- -j4 -l4
[2.483s] Invoking command in '/home/blakepi/ros2_ws/build/interface': CMAKE_PREFIX_PATH=${CMAKE_PREFIX_PATH}:/home/blakepi/ros2_ws/install/python_pkgs:/opt/ros/humble /usr/bin/cmake --install /home/blakepi/ros2_ws/build/interface
[2.533s] -- Install configuration: ""
[2.536s] -- Up-to-date: /home/blakepi/ros2_ws/install/interface/share/ament_index/resource_index/rosidl_interfaces/interface
[2.537s] -- Up-to-date: /home/blakepi/ros2_ws/install/interface/include/interface/interface
[2.550s] -- Up-to-date: /home/blakepi/ros2_ws/install/interface/include/interface/interface/msg
[2.553s] -- Up-to-date: /home/blakepi/ros2_ws/install/interface/include/interface/interface/msg/detail
[2.554s] -- Up-to-date: /home/blakepi/ros2_ws/install/interface/include/interface/interface/msg/detail/servo_motor_state__struct.h
[2.557s] -- Up-to-date: /home/blakepi/ros2_ws/install/interface/include/interface/interface/msg/detail/servo_motor_state__type_support.h
[2.558s] -- Up-to-date: /home/blakepi/ros2_ws/install/interface/include/interface/interface/msg/detail/servo_motor_state__functions.h
[2.560s] -- Up-to-date: /home/blakepi/ros2_ws/install/interface/include/interface/interface/msg/detail/servo_motor_state__functions.c
[2.560s] -- Up-to-date: /home/blakepi/ros2_ws/install/interface/include/interface/interface/msg/servo_motor_state.h
[2.562s] -- Up-to-date: /home/blakepi/ros2_ws/install/interface/include/interface/interface/msg/rosidl_generator_c__visibility_control.h
[2.562s] -- Up-to-date: /home/blakepi/ros2_ws/install/interface/share/interface/environment/library_path.sh
[2.563s] -- Up-to-date: /home/blakepi/ros2_ws/install/interface/share/interface/environment/library_path.dsv
[2.564s] -- Up-to-date: /home/blakepi/ros2_ws/install/interface/lib/libinterface__rosidl_generator_c.so
[2.564s] -- Up-to-date: /home/blakepi/ros2_ws/install/interface/include/interface/interface
[2.565s] -- Up-to-date: /home/blakepi/ros2_ws/install/interface/include/interface/interface/msg
[2.566s] -- Up-to-date: /home/blakepi/ros2_ws/install/interface/include/interface/interface/msg/rosidl_typesupport_fastrtps_c__visibility_control.h
[2.567s] -- Up-to-date: /home/blakepi/ros2_ws/install/interface/include/interface/interface/msg/detail
[2.567s] -- Up-to-date: /home/blakepi/ros2_ws/install/interface/include/interface/interface/msg/detail/servo_motor_state__rosidl_typesupport_fastrtps_c.h
[2.568s] -- Up-to-date: /home/blakepi/ros2_ws/install/interface/lib/libinterface__rosidl_typesupport_fastrtps_c.so
[2.569s] -- Up-to-date: /home/blakepi/ros2_ws/install/interface/include/interface/interface
[2.569s] -- Up-to-date: /home/blakepi/ros2_ws/install/interface/include/interface/interface/msg
[2.570s] -- Up-to-date: /home/blakepi/ros2_ws/install/interface/include/interface/interface/msg/servo_motor_state.hpp
[2.571s] -- Up-to-date: /home/blakepi/ros2_ws/install/interface/include/interface/interface/msg/detail
[2.573s] -- Up-to-date: /home/blakepi/ros2_ws/install/interface/include/interface/interface/msg/detail/servo_motor_state__struct.hpp
[2.574s] -- Up-to-date: /home/blakepi/ros2_ws/install/interface/include/interface/interface/msg/detail/servo_motor_state__builder.hpp
[2.574s] -- Up-to-date: /home/blakepi/ros2_ws/install/interface/include/interface/interface/msg/detail/servo_motor_state__traits.hpp
[2.575s] -- Up-to-date: /home/blakepi/ros2_ws/install/interface/include/interface/interface
[2.576s] -- Up-to-date: /home/blakepi/ros2_ws/install/interface/include/interface/interface/msg
[2.576s] -- Up-to-date: /home/blakepi/ros2_ws/install/interface/include/interface/interface/msg/rosidl_typesupport_fastrtps_cpp__visibility_control.h
[2.577s] -- Up-to-date: /home/blakepi/ros2_ws/install/interface/include/interface/interface/msg/detail
[2.578s] -- Up-to-date: /home/blakepi/ros2_ws/install/interface/include/interface/interface/msg/detail/servo_motor_state__rosidl_typesupport_fastrtps_cpp.hpp
[2.579s] -- Up-to-date: /home/blakepi/ros2_ws/install/interface/include/interface/interface/msg/detail/dds_fastrtps
[2.582s] -- Up-to-date: /home/blakepi/ros2_ws/install/interface/lib/libinterface__rosidl_typesupport_fastrtps_cpp.so
[2.590s] -- Up-to-date: /home/blakepi/ros2_ws/install/interface/include/interface/interface
[2.591s] -- Up-to-date: /home/blakepi/ros2_ws/install/interface/include/interface/interface/msg
[2.593s] -- Up-to-date: /home/blakepi/ros2_ws/install/interface/include/interface/interface/msg/detail
[2.594s] -- Up-to-date: /home/blakepi/ros2_ws/install/interface/include/interface/interface/msg/detail/servo_motor_state__rosidl_typesupport_introspection_c.h
[2.595s] -- Up-to-date: /home/blakepi/ros2_ws/install/interface/include/interface/interface/msg/detail/servo_motor_state__type_support.c
[2.596s] -- Up-to-date: /home/blakepi/ros2_ws/install/interface/include/interface/interface/msg/rosidl_typesupport_introspection_c__visibility_control.h
[2.597s] -- Up-to-date: /home/blakepi/ros2_ws/install/interface/lib/libinterface__rosidl_typesupport_introspection_c.so
[2.598s] -- Up-to-date: /home/blakepi/ros2_ws/install/interface/lib/libinterface__rosidl_typesupport_c.so
[2.598s] -- Up-to-date: /home/blakepi/ros2_ws/install/interface/include/interface/interface
[2.599s] -- Up-to-date: /home/blakepi/ros2_ws/install/interface/include/interface/interface/msg
[2.599s] -- Up-to-date: /home/blakepi/ros2_ws/install/interface/include/interface/interface/msg/detail
[2.600s] -- Up-to-date: /home/blakepi/ros2_ws/install/interface/include/interface/interface/msg/detail/servo_motor_state__rosidl_typesupport_introspection_cpp.hpp
[2.600s] -- Up-to-date: /home/blakepi/ros2_ws/install/interface/include/interface/interface/msg/detail/servo_motor_state__type_support.cpp
[2.613s] -- Up-to-date: /home/blakepi/ros2_ws/install/interface/lib/libinterface__rosidl_typesupport_introspection_cpp.so
[2.615s] -- Up-to-date: /home/blakepi/ros2_ws/install/interface/lib/libinterface__rosidl_typesupport_cpp.so
[2.616s] -- Up-to-date: /home/blakepi/ros2_ws/install/interface/share/interface/environment/pythonpath.sh
[2.618s] -- Up-to-date: /home/blakepi/ros2_ws/install/interface/share/interface/environment/pythonpath.dsv
[2.619s] -- Up-to-date: /home/blakepi/ros2_ws/install/interface/local/lib/python3.10/dist-packages/interface-0.0.0-py3.10.egg-info
[2.637s] -- Installing: /home/blakepi/ros2_ws/install/interface/local/lib/python3.10/dist-packages/interface-0.0.0-py3.10.egg-info/SOURCES.txt
[2.641s] -- Installing: /home/blakepi/ros2_ws/install/interface/local/lib/python3.10/dist-packages/interface-0.0.0-py3.10.egg-info/dependency_links.txt
[2.643s] -- Installing: /home/blakepi/ros2_ws/install/interface/local/lib/python3.10/dist-packages/interface-0.0.0-py3.10.egg-info/PKG-INFO
[2.644s] -- Installing: /home/blakepi/ros2_ws/install/interface/local/lib/python3.10/dist-packages/interface-0.0.0-py3.10.egg-info/top_level.txt
[2.645s] -- Up-to-date: /home/blakepi/ros2_ws/install/interface/local/lib/python3.10/dist-packages/interface
[2.645s] -- Up-to-date: /home/blakepi/ros2_ws/install/interface/local/lib/python3.10/dist-packages/interface/interface_s__rosidl_typesupport_fastrtps_c.cpython-310-aarch64-linux-gnu.so
[2.647s] -- Up-to-date: /home/blakepi/ros2_ws/install/interface/local/lib/python3.10/dist-packages/interface/__init__.py
[2.648s] -- Up-to-date: /home/blakepi/ros2_ws/install/interface/local/lib/python3.10/dist-packages/interface/_interface_s.ep.rosidl_typesupport_fastrtps_c.c
[2.649s] -- Up-to-date: /home/blakepi/ros2_ws/install/interface/local/lib/python3.10/dist-packages/interface/_interface_s.ep.rosidl_typesupport_c.c
[2.650s] -- Up-to-date: /home/blakepi/ros2_ws/install/interface/local/lib/python3.10/dist-packages/interface/libinterface__rosidl_generator_py.so
[2.650s] -- Up-to-date: /home/blakepi/ros2_ws/install/interface/local/lib/python3.10/dist-packages/interface/_interface_s.ep.rosidl_typesupport_introspection_c.c
[2.651s] -- Up-to-date: /home/blakepi/ros2_ws/install/interface/local/lib/python3.10/dist-packages/interface/interface_s__rosidl_typesupport_introspection_c.cpython-310-aarch64-linux-gnu.so
[2.651s] -- Up-to-date: /home/blakepi/ros2_ws/install/interface/local/lib/python3.10/dist-packages/interface/msg
[2.652s] -- Up-to-date: /home/blakepi/ros2_ws/install/interface/local/lib/python3.10/dist-packages/interface/msg/__init__.py
[2.652s] -- Up-to-date: /home/blakepi/ros2_ws/install/interface/local/lib/python3.10/dist-packages/interface/msg/_servo_motor_state_s.c
[2.653s] -- Up-to-date: /home/blakepi/ros2_ws/install/interface/local/lib/python3.10/dist-packages/interface/msg/_servo_motor_state.py
[2.653s] -- Up-to-date: /home/blakepi/ros2_ws/install/interface/local/lib/python3.10/dist-packages/interface/interface_s__rosidl_typesupport_c.cpython-310-aarch64-linux-gnu.so
[2.808s] Listing '/home/blakepi/ros2_ws/install/interface/local/lib/python3.10/dist-packages/interface'...
[2.809s] Listing '/home/blakepi/ros2_ws/install/interface/local/lib/python3.10/dist-packages/interface/msg'...
[2.836s] -- Up-to-date: /home/blakepi/ros2_ws/install/interface/local/lib/python3.10/dist-packages/interface/interface_s__rosidl_typesupport_fastrtps_c.cpython-310-aarch64-linux-gnu.so
[2.839s] -- Up-to-date: /home/blakepi/ros2_ws/install/interface/local/lib/python3.10/dist-packages/interface/interface_s__rosidl_typesupport_introspection_c.cpython-310-aarch64-linux-gnu.so
[2.842s] -- Up-to-date: /home/blakepi/ros2_ws/install/interface/local/lib/python3.10/dist-packages/interface/interface_s__rosidl_typesupport_c.cpython-310-aarch64-linux-gnu.so
[2.844s] -- Up-to-date: /home/blakepi/ros2_ws/install/interface/lib/libinterface__rosidl_generator_py.so
[2.847s] -- Up-to-date: /home/blakepi/ros2_ws/install/interface/share/interface/msg/ServoMotorState.idl
[2.849s] -- Up-to-date: /home/blakepi/ros2_ws/install/interface/share/interface/msg/ServoMotorState.msg
[2.849s] -- Up-to-date: /home/blakepi/ros2_ws/install/interface/share/ament_index/resource_index/package_run_dependencies/interface
[2.850s] -- Up-to-date: /home/blakepi/ros2_ws/install/interface/share/ament_index/resource_index/parent_prefix_path/interface
[2.851s] -- Up-to-date: /home/blakepi/ros2_ws/install/interface/share/interface/environment/ament_prefix_path.sh
[2.851s] -- Up-to-date: /home/blakepi/ros2_ws/install/interface/share/interface/environment/ament_prefix_path.dsv
[2.852s] -- Up-to-date: /home/blakepi/ros2_ws/install/interface/share/interface/environment/path.sh
[2.852s] -- Up-to-date: /home/blakepi/ros2_ws/install/interface/share/interface/environment/path.dsv
[2.853s] -- Up-to-date: /home/blakepi/ros2_ws/install/interface/share/interface/local_setup.bash
[2.854s] -- Up-to-date: /home/blakepi/ros2_ws/install/interface/share/interface/local_setup.sh
[2.855s] -- Up-to-date: /home/blakepi/ros2_ws/install/interface/share/interface/local_setup.zsh
[2.855s] -- Up-to-date: /home/blakepi/ros2_ws/install/interface/share/interface/local_setup.dsv
[2.856s] -- Installing: /home/blakepi/ros2_ws/install/interface/share/interface/package.dsv
[2.857s] -- Up-to-date: /home/blakepi/ros2_ws/install/interface/share/ament_index/resource_index/packages/interface
[2.858s] -- Up-to-date: /home/blakepi/ros2_ws/install/interface/share/interface/cmake/export_interface__rosidl_generator_cExport.cmake
[2.864s] -- Up-to-date: /home/blakepi/ros2_ws/install/interface/share/interface/cmake/export_interface__rosidl_generator_cExport-noconfig.cmake
[2.867s] -- Up-to-date: /home/blakepi/ros2_ws/install/interface/share/interface/cmake/export_interface__rosidl_typesupport_fastrtps_cExport.cmake
[2.870s] -- Up-to-date: /home/blakepi/ros2_ws/install/interface/share/interface/cmake/export_interface__rosidl_typesupport_fastrtps_cExport-noconfig.cmake
[2.872s] -- Up-to-date: /home/blakepi/ros2_ws/install/interface/share/interface/cmake/export_interface__rosidl_generator_cppExport.cmake
[2.874s] -- Up-to-date: /home/blakepi/ros2_ws/install/interface/share/interface/cmake/export_interface__rosidl_typesupport_fastrtps_cppExport.cmake
[2.875s] -- Up-to-date: /home/blakepi/ros2_ws/install/interface/share/interface/cmake/export_interface__rosidl_typesupport_fastrtps_cppExport-noconfig.cmake
[2.876s] -- Up-to-date: /home/blakepi/ros2_ws/install/interface/share/interface/cmake/interface__rosidl_typesupport_introspection_cExport.cmake
[2.877s] -- Up-to-date: /home/blakepi/ros2_ws/install/interface/share/interface/cmake/interface__rosidl_typesupport_introspection_cExport-noconfig.cmake
[2.878s] -- Up-to-date: /home/blakepi/ros2_ws/install/interface/share/interface/cmake/interface__rosidl_typesupport_cExport.cmake
[2.879s] -- Up-to-date: /home/blakepi/ros2_ws/install/interface/share/interface/cmake/interface__rosidl_typesupport_cExport-noconfig.cmake
[2.880s] -- Up-to-date: /home/blakepi/ros2_ws/install/interface/share/interface/cmake/interface__rosidl_typesupport_introspection_cppExport.cmake
[2.881s] -- Up-to-date: /home/blakepi/ros2_ws/install/interface/share/interface/cmake/interface__rosidl_typesupport_introspection_cppExport-noconfig.cmake
[2.882s] -- Up-to-date: /home/blakepi/ros2_ws/install/interface/share/interface/cmake/interface__rosidl_typesupport_cppExport.cmake
[2.894s] -- Up-to-date: /home/blakepi/ros2_ws/install/interface/share/interface/cmake/interface__rosidl_typesupport_cppExport-noconfig.cmake
[2.894s] -- Up-to-date: /home/blakepi/ros2_ws/install/interface/share/interface/cmake/export_interface__rosidl_generator_pyExport.cmake
[2.895s] -- Up-to-date: /home/blakepi/ros2_ws/install/interface/share/interface/cmake/export_interface__rosidl_generator_pyExport-noconfig.cmake
[2.895s] -- Up-to-date: /home/blakepi/ros2_ws/install/interface/share/interface/cmake/rosidl_cmake-extras.cmake
[2.896s] -- Up-to-date: /home/blakepi/ros2_ws/install/interface/share/interface/cmake/ament_cmake_export_include_directories-extras.cmake
[2.896s] -- Up-to-date: /home/blakepi/ros2_ws/install/interface/share/interface/cmake/ament_cmake_export_libraries-extras.cmake
[2.896s] -- Up-to-date: /home/blakepi/ros2_ws/install/interface/share/interface/cmake/ament_cmake_export_targets-extras.cmake
[2.897s] -- Up-to-date: /home/blakepi/ros2_ws/install/interface/share/interface/cmake/rosidl_cmake_export_typesupport_targets-extras.cmake
[2.897s] -- Up-to-date: /home/blakepi/ros2_ws/install/interface/share/interface/cmake/ament_cmake_export_dependencies-extras.cmake
[2.898s] -- Up-to-date: /home/blakepi/ros2_ws/install/interface/share/interface/cmake/rosidl_cmake_export_typesupport_libraries-extras.cmake
[2.898s] -- Up-to-date: /home/blakepi/ros2_ws/install/interface/share/interface/cmake/interfaceConfig.cmake
[2.899s] -- Up-to-date: /home/blakepi/ros2_ws/install/interface/share/interface/cmake/interfaceConfig-version.cmake
[2.899s] -- Up-to-date: /home/blakepi/ros2_ws/install/interface/share/interface/package.xml
[2.900s] Invoked command in '/home/blakepi/ros2_ws/build/interface' returned '0': CMAKE_PREFIX_PATH=${CMAKE_PREFIX_PATH}:/home/blakepi/ros2_ws/install/python_pkgs:/opt/ros/humble /usr/bin/cmake --install /home/blakepi/ros2_ws/build/interface
