[4.864s] Invoking command in '/home/blakepi/ros2_ws/src/python_pkgs': PYTHONPATH=/home/blakepi/ros2_ws/build/python_pkgs/prefix_override:/usr/lib/python3/dist-packages/colcon_core/task/python/colcon_distutils_commands:/home/blakepi/ros2_ws/install/python_pkgs/lib/python3.10/site-packages:${PYTHONPATH} /usr/bin/python3 -W ignore:setup.py install is deprecated setup.py egg_info --egg-base ../../build/python_pkgs build --build-base /home/blakepi/ros2_ws/build/python_pkgs/build install --record /home/blakepi/ros2_ws/build/python_pkgs/install.log --single-version-externally-managed install_data
[6.391s] running egg_info
[6.394s] writing ../../build/python_pkgs/python_pkgs.egg-info/PKG-INFO
[6.398s] writing dependency_links to ../../build/python_pkgs/python_pkgs.egg-info/dependency_links.txt
[6.400s] writing entry points to ../../build/python_pkgs/python_pkgs.egg-info/entry_points.txt
[6.400s] writing requirements to ../../build/python_pkgs/python_pkgs.egg-info/requires.txt
[6.401s] writing top-level names to ../../build/python_pkgs/python_pkgs.egg-info/top_level.txt
[6.407s] reading manifest file '../../build/python_pkgs/python_pkgs.egg-info/SOURCES.txt'
[6.411s] writing manifest file '../../build/python_pkgs/python_pkgs.egg-info/SOURCES.txt'
[6.412s] running build
[6.413s] running build_py
[6.416s] running install
[6.417s] running install_lib
[6.422s] running install_data
[6.423s] running install_egg_info
[6.431s] removing '/home/blakepi/ros2_ws/install/python_pkgs/lib/python3.10/site-packages/python_pkgs-0.0.0-py3.10.egg-info' (and everything under it)
[6.433s] Copying ../../build/python_pkgs/python_pkgs.egg-info to /home/blakepi/ros2_ws/install/python_pkgs/lib/python3.10/site-packages/python_pkgs-0.0.0-py3.10.egg-info
[6.442s] running install_scripts
[6.545s] Installing bluetooth_node script to /home/blakepi/ros2_ws/install/python_pkgs/lib/python_pkgs
[6.548s] writing list of installed files to '/home/blakepi/ros2_ws/build/python_pkgs/install.log'
[6.699s] Invoked command in '/home/blakepi/ros2_ws/src/python_pkgs' returned '0': PYTHONPATH=/home/blakepi/ros2_ws/build/python_pkgs/prefix_override:/usr/lib/python3/dist-packages/colcon_core/task/python/colcon_distutils_commands:/home/blakepi/ros2_ws/install/python_pkgs/lib/python3.10/site-packages:${PYTHONPATH} /usr/bin/python3 -W ignore:setup.py install is deprecated setup.py egg_info --egg-base ../../build/python_pkgs build --build-base /home/blakepi/ros2_ws/build/python_pkgs/build install --record /home/blakepi/ros2_ws/build/python_pkgs/install.log --single-version-externally-managed install_data
