[3.916s] Invoking command in '/home/blakepi/ros2_ws/src/python_pkgs': PYTHONPATH=/home/blakepi/ros2_ws/build/python_pkgs/prefix_override:/usr/lib/python3/dist-packages/colcon_core/task/python/colcon_distutils_commands:/home/blakepi/ros2_ws/install/python_pkgs/lib/python3.10/site-packages:${PYTHONPATH} /usr/bin/python3 -W ignore:setup.py install is deprecated setup.py egg_info --egg-base ../../build/python_pkgs build --build-base /home/blakepi/ros2_ws/build/python_pkgs/build install --record /home/blakepi/ros2_ws/build/python_pkgs/install.log --single-version-externally-managed install_data
[5.757s] running egg_info
[5.763s] writing ../../build/python_pkgs/python_pkgs.egg-info/PKG-INFO
[5.769s] writing dependency_links to ../../build/python_pkgs/python_pkgs.egg-info/dependency_links.txt
[5.774s] writing entry points to ../../build/python_pkgs/python_pkgs.egg-info/entry_points.txt
[5.778s] writing requirements to ../../build/python_pkgs/python_pkgs.egg-info/requires.txt
[5.781s] writing top-level names to ../../build/python_pkgs/python_pkgs.egg-info/top_level.txt
[5.794s] reading manifest file '../../build/python_pkgs/python_pkgs.egg-info/SOURCES.txt'
[5.800s] writing manifest file '../../build/python_pkgs/python_pkgs.egg-info/SOURCES.txt'
[5.804s] running build
[5.806s] running build_py
[5.809s] running install
[5.813s] running install_lib
[5.822s] running install_data
[5.825s] running install_egg_info
[5.836s] removing '/home/blakepi/ros2_ws/install/python_pkgs/lib/python3.10/site-packages/python_pkgs-0.0.0-py3.10.egg-info' (and everything under it)
[5.847s] Copying ../../build/python_pkgs/python_pkgs.egg-info to /home/blakepi/ros2_ws/install/python_pkgs/lib/python3.10/site-packages/python_pkgs-0.0.0-py3.10.egg-info
[5.871s] running install_scripts
[5.978s] Installing bluetooth_node script to /home/blakepi/ros2_ws/install/python_pkgs/lib/python_pkgs
[6.029s] writing list of installed files to '/home/blakepi/ros2_ws/build/python_pkgs/install.log'
[6.213s] Invoked command in '/home/blakepi/ros2_ws/src/python_pkgs' returned '0': PYTHONPATH=/home/blakepi/ros2_ws/build/python_pkgs/prefix_override:/usr/lib/python3/dist-packages/colcon_core/task/python/colcon_distutils_commands:/home/blakepi/ros2_ws/install/python_pkgs/lib/python3.10/site-packages:${PYTHONPATH} /usr/bin/python3 -W ignore:setup.py install is deprecated setup.py egg_info --egg-base ../../build/python_pkgs build --build-base /home/blakepi/ros2_ws/build/python_pkgs/build install --record /home/blakepi/ros2_ws/build/python_pkgs/install.log --single-version-externally-managed install_data
