[0.057s] Invoking command in '/home/blakepi/ros2_ws/build/robot_arm': CMAKE_PREFIX_PATH=${CMAKE_PREFIX_PATH}:/opt/ros/humble /usr/bin/cmake --build /home/blakepi/ros2_ws/build/robot_arm -- -j4 -l4
[0.151s] -- Found ament_cmake: 1.3.9 (/opt/ros/humble/share/ament_cmake/cmake)
[0.708s] -- Found rclcpp: 16.0.9 (/opt/ros/humble/share/rclcpp/cmake)
[0.844s] -- Found rosidl_generator_c: 3.1.5 (/opt/ros/humble/share/rosidl_generator_c/cmake)
[0.855s] -- Found rosidl_adapter: 3.1.5 (/opt/ros/humble/share/rosidl_adapter/cmake)
[0.881s] -- Found rosidl_generator_cpp: 3.1.5 (/opt/ros/humble/share/rosidl_generator_cpp/cmake)
[0.925s] -- Using all available rosidl_typesupport_c: rosidl_typesupport_fastrtps_c;rosidl_typesupport_introspection_c
[0.988s] -- Using all available rosidl_typesupport_cpp: rosidl_typesupport_fastrtps_cpp;rosidl_typesupport_introspection_cpp
[1.212s] -- Found rmw_implementation_cmake: 6.1.2 (/opt/ros/humble/share/rmw_implementation_cmake/cmake)
[1.218s] -- Found rmw_fastrtps_cpp: 6.2.6 (/opt/ros/humble/share/rmw_fastrtps_cpp/cmake)
[1.735s] -- Using RMW implementation 'rmw_fastrtps_cpp' as default
[2.332s] -- Found ament_lint_auto: 0.12.11 (/opt/ros/humble/share/ament_lint_auto/cmake)
[2.744s] -- Added test 'cppcheck' to perform static code analysis on C / C++ code
[2.744s] -- Configured cppcheck include dirs: 
[2.745s] -- Configured cppcheck exclude dirs and/or files: 
[2.760s] -- Added test 'flake8' to check Python code syntax and style conventions
[2.790s] -- Added test 'lint_cmake' to check CMake code style
[2.806s] -- Added test 'pep257' to check Python code against some of the docstring style conventions in PEP 257
[2.924s] -- Added test 'uncrustify' to check C / C++ code style
[2.925s] -- Configured uncrustify additional arguments: 
[2.940s] -- Added test 'xmllint' to check XML markup files
[2.955s] -- Configuring done
[3.022s] -- Generating done
[3.032s] -- Build files have been written to: /home/blakepi/ros2_ws/build/robot_arm
[3.131s] [35m[1mConsolidate compiler generated dependencies of target servo_node[0m
[3.131s] [35m[1mConsolidate compiler generated dependencies of target bluetooth_node[0m
[3.238s] [ 25%] [32m[1mLinking CXX executable bluetooth_node[0m
[3.244s] [ 75%] Built target servo_node
[3.759s] /usr/bin/ld: CMakeFiles/bluetooth_node.dir/src/bluetooth_node.cpp.o: in function `BluetoothNode::BluetoothNode()':
[3.760s] bluetooth_node.cpp:(.text._ZN13BluetoothNodeC2Ev[_ZN13BluetoothNodeC5Ev]+0x1fc): undefined reference to `hci_get_route'
[3.784s] collect2: error: ld returned 1 exit status
[3.789s] gmake[2]: *** [CMakeFiles/bluetooth_node.dir/build.make:151: bluetooth_node] Error 1
[3.793s] gmake[1]: *** [CMakeFiles/Makefile2:165: CMakeFiles/bluetooth_node.dir/all] Error 2
[3.794s] gmake: *** [Makefile:146: all] Error 2
[3.803s] Invoked command in '/home/blakepi/ros2_ws/build/robot_arm' returned '2': CMAKE_PREFIX_PATH=${CMAKE_PREFIX_PATH}:/opt/ros/humble /usr/bin/cmake --build /home/blakepi/ros2_ws/build/robot_arm -- -j4 -l4
