[4.980s] Invoking command in '/home/blakepi/ros2_ws/src/bluetooth_communication': PYTHONPATH=/home/blakepi/ros2_ws/build/bluetooth_communication/prefix_override:/home/blakepi/ros2_ws/install/bluetooth_communication/lib/python3.10/site-packages:${PYTHONPATH} /usr/bin/python3 -W ignore:setup.py install is deprecated setup.py egg_info --egg-base ../../build/bluetooth_communication build --build-base /home/blakepi/ros2_ws/build/bluetooth_communication/build install --record /home/blakepi/ros2_ws/build/bluetooth_communication/install.log --single-version-externally-managed install_data
[6.406s] running egg_info
[6.410s] writing ../../build/bluetooth_communication/bluetooth_communication.egg-info/PKG-INFO
[6.412s] writing dependency_links to ../../build/bluetooth_communication/bluetooth_communication.egg-info/dependency_links.txt
[6.413s] writing entry points to ../../build/bluetooth_communication/bluetooth_communication.egg-info/entry_points.txt
[6.420s] writing requirements to ../../build/bluetooth_communication/bluetooth_communication.egg-info/requires.txt
[6.420s] writing top-level names to ../../build/bluetooth_communication/bluetooth_communication.egg-info/top_level.txt
[6.433s] reading manifest file '../../build/bluetooth_communication/bluetooth_communication.egg-info/SOURCES.txt'
[6.441s] writing manifest file '../../build/bluetooth_communication/bluetooth_communication.egg-info/SOURCES.txt'
[6.444s] running build
[6.444s] running build_py
[6.448s] running install
[6.451s] running install_lib
[6.459s] running install_data
[6.462s] running install_egg_info
[6.474s] removing '/home/blakepi/ros2_ws/install/bluetooth_communication/lib/python3.10/site-packages/bluetooth_communication-0.0.0-py3.10.egg-info' (and everything under it)
[6.488s] Copying ../../build/bluetooth_communication/bluetooth_communication.egg-info to /home/blakepi/ros2_ws/install/bluetooth_communication/lib/python3.10/site-packages/bluetooth_communication-0.0.0-py3.10.egg-info
[6.506s] running install_scripts
[6.641s] Installing bluetooth_node script to /home/blakepi/ros2_ws/install/bluetooth_communication/lib/bluetooth_communication
[6.643s] writing list of installed files to '/home/blakepi/ros2_ws/build/bluetooth_communication/install.log'
[6.840s] Invoked command in '/home/blakepi/ros2_ws/src/bluetooth_communication' returned '0': PYTHONPATH=/home/blakepi/ros2_ws/build/bluetooth_communication/prefix_override:/home/blakepi/ros2_ws/install/bluetooth_communication/lib/python3.10/site-packages:${PYTHONPATH} /usr/bin/python3 -W ignore:setup.py install is deprecated setup.py egg_info --egg-base ../../build/bluetooth_communication build --build-base /home/blakepi/ros2_ws/build/bluetooth_communication/build install --record /home/blakepi/ros2_ws/build/bluetooth_communication/install.log --single-version-externally-managed install_data
