[0.498s] DEBUG:colcon:Command line arguments: ['/usr/bin/colcon', 'build', '--packages-select', 'robot_arm']
[0.499s] DEBUG:colcon:Parsed command line arguments: Namespace(log_base=None, log_level=None, verb_name='build', build_base='build', install_base='install', merge_install=False, symlink_install=False, test_result_base=None, continue_on_error=False, executor='parallel', parallel_workers=4, event_handlers=None, ignore_user_meta=False, metas=['./colcon.meta'], base_paths=['.'], packages_ignore=None, packages_ignore_regex=None, paths=None, packages_up_to=None, packages_up_to_regex=None, packages_above=None, packages_above_and_dependencies=None, packages_above_depth=None, packages_select_by_dep=None, packages_skip_by_dep=None, packages_skip_up_to=None, packages_select_build_failed=False, packages_skip_build_finished=False, packages_select_test_failures=False, packages_skip_test_passed=False, packages_select=['robot_arm'], packages_skip=None, packages_select_regex=None, packages_skip_regex=None, packages_start=None, packages_end=None, allow_overriding=[], cmake_args=None, cmake_target=None, cmake_target_skip_unavailable=False, cmake_clean_cache=False, cmake_clean_first=False, cmake_force_configure=False, ament_cmake_args=None, catkin_cmake_args=None, catkin_skip_building_tests=False, verb_parser=<colcon_defaults.argument_parser.defaults.DefaultArgumentsDecorator object at 0xffffbd1da350>, verb_extension=<colcon_core.verb.build.BuildVerb object at 0xffffbd36ef50>, main=<bound method BuildVerb.main of <colcon_core.verb.build.BuildVerb object at 0xffffbd36ef50>>)
[1.168s] Level 1:colcon.colcon_core.package_discovery:discover_packages(colcon_meta) check parameters
[1.169s] Level 1:colcon.colcon_core.package_discovery:discover_packages(recursive) check parameters
[1.169s] Level 1:colcon.colcon_core.package_discovery:discover_packages(ignore) check parameters
[1.169s] Level 1:colcon.colcon_core.package_discovery:discover_packages(path) check parameters
[1.170s] Level 1:colcon.colcon_core.package_discovery:discover_packages(colcon_meta) discover
[1.170s] Level 1:colcon.colcon_core.package_discovery:discover_packages(recursive) discover
[1.170s] INFO:colcon.colcon_core.package_discovery:Crawling recursively for packages in '/home/blakepi/ros2_ws'
[1.170s] Level 1:colcon.colcon_core.package_identification:_identify(.) by extensions ['ignore', 'ignore_ament_install']
[1.171s] Level 1:colcon.colcon_core.package_identification:_identify(.) by extension 'ignore'
[1.171s] Level 1:colcon.colcon_core.package_identification:_identify(.) by extension 'ignore_ament_install'
[1.171s] Level 1:colcon.colcon_core.package_identification:_identify(.) by extensions ['colcon_pkg']
[1.171s] Level 1:colcon.colcon_core.package_identification:_identify(.) by extension 'colcon_pkg'
[1.172s] Level 1:colcon.colcon_core.package_identification:_identify(.) by extensions ['colcon_meta']
[1.172s] Level 1:colcon.colcon_core.package_identification:_identify(.) by extension 'colcon_meta'
[1.172s] Level 1:colcon.colcon_core.package_identification:_identify(.) by extensions ['ros']
[1.172s] Level 1:colcon.colcon_core.package_identification:_identify(.) by extension 'ros'
[1.215s] Level 1:colcon.colcon_core.package_identification:_identify(.) by extensions ['cmake', 'python']
[1.216s] Level 1:colcon.colcon_core.package_identification:_identify(.) by extension 'cmake'
[1.216s] Level 1:colcon.colcon_core.package_identification:_identify(.) by extension 'python'
[1.216s] Level 1:colcon.colcon_core.package_identification:_identify(.) by extensions ['python_setup_py']
[1.216s] Level 1:colcon.colcon_core.package_identification:_identify(.) by extension 'python_setup_py'
[1.217s] Level 1:colcon.colcon_core.package_identification:_identify(build) by extensions ['ignore', 'ignore_ament_install']
[1.217s] Level 1:colcon.colcon_core.package_identification:_identify(build) by extension 'ignore'
[1.218s] Level 1:colcon.colcon_core.package_identification:_identify(build) ignored
[1.218s] Level 1:colcon.colcon_core.package_identification:_identify(install) by extensions ['ignore', 'ignore_ament_install']
[1.219s] Level 1:colcon.colcon_core.package_identification:_identify(install) by extension 'ignore'
[1.219s] Level 1:colcon.colcon_core.package_identification:_identify(install) ignored
[1.220s] Level 1:colcon.colcon_core.package_identification:_identify(log) by extensions ['ignore', 'ignore_ament_install']
[1.220s] Level 1:colcon.colcon_core.package_identification:_identify(log) by extension 'ignore'
[1.220s] Level 1:colcon.colcon_core.package_identification:_identify(log) ignored
[1.221s] Level 1:colcon.colcon_core.package_identification:_identify(src) by extensions ['ignore', 'ignore_ament_install']
[1.221s] Level 1:colcon.colcon_core.package_identification:_identify(src) by extension 'ignore'
[1.221s] Level 1:colcon.colcon_core.package_identification:_identify(src) by extension 'ignore_ament_install'
[1.221s] Level 1:colcon.colcon_core.package_identification:_identify(src) by extensions ['colcon_pkg']
[1.222s] Level 1:colcon.colcon_core.package_identification:_identify(src) by extension 'colcon_pkg'
[1.222s] Level 1:colcon.colcon_core.package_identification:_identify(src) by extensions ['colcon_meta']
[1.222s] Level 1:colcon.colcon_core.package_identification:_identify(src) by extension 'colcon_meta'
[1.222s] Level 1:colcon.colcon_core.package_identification:_identify(src) by extensions ['ros']
[1.222s] Level 1:colcon.colcon_core.package_identification:_identify(src) by extension 'ros'
[1.223s] Level 1:colcon.colcon_core.package_identification:_identify(src) by extensions ['cmake', 'python']
[1.223s] Level 1:colcon.colcon_core.package_identification:_identify(src) by extension 'cmake'
[1.223s] Level 1:colcon.colcon_core.package_identification:_identify(src) by extension 'python'
[1.223s] Level 1:colcon.colcon_core.package_identification:_identify(src) by extensions ['python_setup_py']
[1.223s] Level 1:colcon.colcon_core.package_identification:_identify(src) by extension 'python_setup_py'
[1.224s] Level 1:colcon.colcon_core.package_identification:_identify(src/robot_arm) by extensions ['ignore', 'ignore_ament_install']
[1.224s] Level 1:colcon.colcon_core.package_identification:_identify(src/robot_arm) by extension 'ignore'
[1.224s] Level 1:colcon.colcon_core.package_identification:_identify(src/robot_arm) by extension 'ignore_ament_install'
[1.224s] Level 1:colcon.colcon_core.package_identification:_identify(src/robot_arm) by extensions ['colcon_pkg']
[1.225s] Level 1:colcon.colcon_core.package_identification:_identify(src/robot_arm) by extension 'colcon_pkg'
[1.225s] Level 1:colcon.colcon_core.package_identification:_identify(src/robot_arm) by extensions ['colcon_meta']
[1.225s] Level 1:colcon.colcon_core.package_identification:_identify(src/robot_arm) by extension 'colcon_meta'
[1.225s] Level 1:colcon.colcon_core.package_identification:_identify(src/robot_arm) by extensions ['ros']
[1.225s] Level 1:colcon.colcon_core.package_identification:_identify(src/robot_arm) by extension 'ros'
[1.235s] DEBUG:colcon.colcon_core.package_identification:Package 'src/robot_arm' with type 'ros.ament_cmake' and name 'robot_arm'
[1.235s] Level 1:colcon.colcon_core.package_discovery:discover_packages(recursive) using defaults
[1.235s] Level 1:colcon.colcon_core.package_discovery:discover_packages(ignore) discover
[1.235s] Level 1:colcon.colcon_core.package_discovery:discover_packages(ignore) using defaults
[1.235s] Level 1:colcon.colcon_core.package_discovery:discover_packages(path) discover
[1.235s] Level 1:colcon.colcon_core.package_discovery:discover_packages(path) using defaults
[1.313s] Level 1:colcon.colcon_core.package_discovery:discover_packages(prefix_path) check parameters
[1.313s] Level 1:colcon.colcon_core.package_discovery:discover_packages(prefix_path) discover
[1.320s] DEBUG:colcon.colcon_installed_package_information.package_discovery:Found 1 installed packages in /home/blakepi/ros2_ws/install
[1.327s] DEBUG:colcon.colcon_installed_package_information.package_discovery:Found 180 installed packages in /opt/ros/humble
[1.331s] Level 1:colcon.colcon_core.package_discovery:discover_packages(prefix_path) using defaults
[1.437s] Level 5:colcon.colcon_core.verb:set package 'robot_arm' build argument 'cmake_args' from command line to 'None'
[1.437s] Level 5:colcon.colcon_core.verb:set package 'robot_arm' build argument 'cmake_target' from command line to 'None'
[1.437s] Level 5:colcon.colcon_core.verb:set package 'robot_arm' build argument 'cmake_target_skip_unavailable' from command line to 'False'
[1.437s] Level 5:colcon.colcon_core.verb:set package 'robot_arm' build argument 'cmake_clean_cache' from command line to 'False'
[1.437s] Level 5:colcon.colcon_core.verb:set package 'robot_arm' build argument 'cmake_clean_first' from command line to 'False'
[1.438s] Level 5:colcon.colcon_core.verb:set package 'robot_arm' build argument 'cmake_force_configure' from command line to 'False'
[1.438s] Level 5:colcon.colcon_core.verb:set package 'robot_arm' build argument 'ament_cmake_args' from command line to 'None'
[1.438s] Level 5:colcon.colcon_core.verb:set package 'robot_arm' build argument 'catkin_cmake_args' from command line to 'None'
[1.438s] Level 5:colcon.colcon_core.verb:set package 'robot_arm' build argument 'catkin_skip_building_tests' from command line to 'False'
[1.438s] DEBUG:colcon.colcon_core.verb:Building package 'robot_arm' with the following arguments: {'ament_cmake_args': None, 'build_base': '/home/blakepi/ros2_ws/build/robot_arm', 'catkin_cmake_args': None, 'catkin_skip_building_tests': False, 'cmake_args': None, 'cmake_clean_cache': False, 'cmake_clean_first': False, 'cmake_force_configure': False, 'cmake_target': None, 'cmake_target_skip_unavailable': False, 'install_base': '/home/blakepi/ros2_ws/install/robot_arm', 'merge_install': False, 'path': '/home/blakepi/ros2_ws/src/robot_arm', 'symlink_install': False, 'test_result_base': None}
[1.439s] INFO:colcon.colcon_core.executor:Executing jobs using 'parallel' executor
[1.442s] DEBUG:colcon.colcon_parallel_executor.executor.parallel:run_until_complete
[1.443s] INFO:colcon.colcon_ros.task.ament_cmake.build:Building ROS package in '/home/blakepi/ros2_ws/src/robot_arm' with build type 'ament_cmake'
[1.444s] INFO:colcon.colcon_cmake.task.cmake.build:Building CMake package in '/home/blakepi/ros2_ws/src/robot_arm'
[1.453s] INFO:colcon.colcon_core.plugin_system:Skipping extension 'colcon_core.shell.bat': Not used on non-Windows systems
[1.454s] INFO:colcon.colcon_core.shell:Skip shell extension 'powershell' for command environment: Not usable outside of PowerShell
[1.454s] DEBUG:colcon.colcon_core.shell:Skip shell extension 'dsv' for command environment
[1.498s] DEBUG:colcon.colcon_core.event_handler.log_command:Invoking command in '/home/blakepi/ros2_ws/build/robot_arm': CMAKE_PREFIX_PATH=${CMAKE_PREFIX_PATH}:/opt/ros/humble /usr/bin/cmake --build /home/blakepi/ros2_ws/build/robot_arm -- -j4 -l4
[11.921s] DEBUG:colcon.colcon_parallel_executor.executor.parallel:run_until_complete was interrupted
[11.921s] DEBUG:colcon.colcon_parallel_executor.executor.parallel:run_until_complete again
[12.011s] DEBUG:colcon.colcon_core.event_handler.log_command:Invoked command in '/home/blakepi/ros2_ws/build/robot_arm' returned '-2': CMAKE_PREFIX_PATH=${CMAKE_PREFIX_PATH}:/opt/ros/humble /usr/bin/cmake --build /home/blakepi/ros2_ws/build/robot_arm -- -j4 -l4
[12.152s] Level 1:colcon.colcon_core.environment:create_environment_scripts_only(robot_arm)
[12.170s] Level 1:colcon.colcon_core.environment:checking '/home/blakepi/ros2_ws/install/robot_arm' for CMake module files
[12.174s] Level 1:colcon.colcon_core.environment:checking '/home/blakepi/ros2_ws/install/robot_arm' for CMake config files
[12.176s] Level 1:colcon.colcon_core.shell:create_environment_hook('robot_arm', 'cmake_prefix_path')
[12.177s] INFO:colcon.colcon_core.shell:Creating environment hook '/home/blakepi/ros2_ws/install/robot_arm/share/robot_arm/hook/cmake_prefix_path.ps1'
[12.184s] INFO:colcon.colcon_core.shell:Creating environment descriptor '/home/blakepi/ros2_ws/install/robot_arm/share/robot_arm/hook/cmake_prefix_path.dsv'
[12.187s] INFO:colcon.colcon_core.shell:Creating environment hook '/home/blakepi/ros2_ws/install/robot_arm/share/robot_arm/hook/cmake_prefix_path.sh'
[12.192s] Level 1:colcon.colcon_core.environment:checking '/home/blakepi/ros2_ws/install/robot_arm/lib'
[12.194s] Level 1:colcon.colcon_core.environment:checking '/home/blakepi/ros2_ws/install/robot_arm/bin'
[12.195s] Level 1:colcon.colcon_core.environment:checking '/home/blakepi/ros2_ws/install/robot_arm/lib/pkgconfig/robot_arm.pc'
[12.196s] Level 1:colcon.colcon_core.environment:checking '/home/blakepi/ros2_ws/install/robot_arm/lib/python3.10/site-packages'
[12.198s] Level 1:colcon.colcon_core.environment:checking '/home/blakepi/ros2_ws/install/robot_arm/bin'
[12.201s] INFO:colcon.colcon_core.shell:Creating package script '/home/blakepi/ros2_ws/install/robot_arm/share/robot_arm/package.ps1'
[12.205s] INFO:colcon.colcon_core.shell:Creating package descriptor '/home/blakepi/ros2_ws/install/robot_arm/share/robot_arm/package.dsv'
[12.210s] INFO:colcon.colcon_core.shell:Creating package script '/home/blakepi/ros2_ws/install/robot_arm/share/robot_arm/package.sh'
[12.215s] INFO:colcon.colcon_core.shell:Creating package script '/home/blakepi/ros2_ws/install/robot_arm/share/robot_arm/package.bash'
[12.219s] INFO:colcon.colcon_core.shell:Creating package script '/home/blakepi/ros2_ws/install/robot_arm/share/robot_arm/package.zsh'
[12.224s] Level 1:colcon.colcon_core.environment:create_file_with_runtime_dependencies(/home/blakepi/ros2_ws/install/robot_arm/share/colcon-core/packages/robot_arm)
[12.236s] DEBUG:colcon.colcon_parallel_executor.executor.parallel:run_until_complete finished
[12.237s] DEBUG:colcon.colcon_parallel_executor.executor.parallel:closing loop
[12.237s] DEBUG:colcon.colcon_parallel_executor.executor.parallel:loop closed
[12.238s] DEBUG:colcon.colcon_core.event_reactor:joining thread
[12.329s] INFO:colcon.colcon_core.plugin_system:Skipping extension 'colcon_notification.desktop_notification.notify_send': Could not find 'notify-send'
[12.330s] INFO:colcon.colcon_core.plugin_system:Skipping extension 'colcon_notification.desktop_notification.terminal_notifier': Not used on non-Darwin systems
[12.331s] INFO:colcon.colcon_core.plugin_system:Skipping extension 'colcon_notification.desktop_notification.win32': Not used on non-Windows systems
[12.332s] INFO:colcon.colcon_notification.desktop_notification:Sending desktop notification using 'notify2'
[12.333s] DEBUG:colcon.colcon_notification.desktop_notification.notify2:Failed to initialize notify2: org.freedesktop.DBus.Error.NoReply: Did not receive a reply. Possible causes include: the remote application did not send a reply, the message bus security policy blocked the reply, the reply timeout expired, or the network connection was broken.
[12.334s] DEBUG:colcon.colcon_core.event_reactor:joined thread
[12.335s] INFO:colcon.colcon_core.shell:Creating prefix script '/home/blakepi/ros2_ws/install/local_setup.ps1'
[12.340s] INFO:colcon.colcon_core.shell:Creating prefix util module '/home/blakepi/ros2_ws/install/_local_setup_util_ps1.py'
[12.347s] INFO:colcon.colcon_core.shell:Creating prefix chain script '/home/blakepi/ros2_ws/install/setup.ps1'
[12.352s] INFO:colcon.colcon_core.shell:Creating prefix script '/home/blakepi/ros2_ws/install/local_setup.sh'
[12.356s] INFO:colcon.colcon_core.shell:Creating prefix util module '/home/blakepi/ros2_ws/install/_local_setup_util_sh.py'
[12.360s] INFO:colcon.colcon_core.shell:Creating prefix chain script '/home/blakepi/ros2_ws/install/setup.sh'
[12.367s] INFO:colcon.colcon_core.shell:Creating prefix script '/home/blakepi/ros2_ws/install/local_setup.bash'
[12.370s] INFO:colcon.colcon_core.shell:Creating prefix chain script '/home/blakepi/ros2_ws/install/setup.bash'
[12.377s] INFO:colcon.colcon_core.shell:Creating prefix script '/home/blakepi/ros2_ws/install/local_setup.zsh'
[12.382s] INFO:colcon.colcon_core.shell:Creating prefix chain script '/home/blakepi/ros2_ws/install/setup.zsh'
