[12.469s] Invoking command in '/home/blakepi/ros2_ws/src/python_pkgs': PYTHONPATH=/home/blakepi/ros2_ws/build/python_pkgs/prefix_override:/usr/lib/python3/dist-packages/colcon_core/task/python/colcon_distutils_commands:/home/blakepi/ros2_ws/install/python_pkgs/lib/python3.10/site-packages:${PYTHONPATH} /usr/bin/python3 -W ignore:setup.py install is deprecated setup.py egg_info --egg-base ../../build/python_pkgs build --build-base /home/blakepi/ros2_ws/build/python_pkgs/build install --record /home/blakepi/ros2_ws/build/python_pkgs/install.log --single-version-externally-managed install_data
[17.435s] running egg_info
[17.468s] writing ../../build/python_pkgs/python_pkgs.egg-info/PKG-INFO
[17.469s] writing dependency_links to ../../build/python_pkgs/python_pkgs.egg-info/dependency_links.txt
[17.471s] writing entry points to ../../build/python_pkgs/python_pkgs.egg-info/entry_points.txt
[17.474s] writing requirements to ../../build/python_pkgs/python_pkgs.egg-info/requires.txt
[17.488s] writing top-level names to ../../build/python_pkgs/python_pkgs.egg-info/top_level.txt
[17.489s] reading manifest file '../../build/python_pkgs/python_pkgs.egg-info/SOURCES.txt'
[17.495s] writing manifest file '../../build/python_pkgs/python_pkgs.egg-info/SOURCES.txt'
[17.506s] running build
[17.507s] running build_py
[17.509s] running install
[17.510s] running install_lib
[17.536s] running install_data
[17.539s] running install_egg_info
[17.557s] removing '/home/blakepi/ros2_ws/install/python_pkgs/lib/python3.10/site-packages/python_pkgs-0.0.0-py3.10.egg-info' (and everything under it)
[17.558s] Copying ../../build/python_pkgs/python_pkgs.egg-info to /home/blakepi/ros2_ws/install/python_pkgs/lib/python3.10/site-packages/python_pkgs-0.0.0-py3.10.egg-info
[17.576s] running install_scripts
[17.850s] Installing bluetooth_node script to /home/blakepi/ros2_ws/install/python_pkgs/lib/python_pkgs
[17.858s] writing list of installed files to '/home/blakepi/ros2_ws/build/python_pkgs/install.log'
[18.182s] Invoked command in '/home/blakepi/ros2_ws/src/python_pkgs' returned '0': PYTHONPATH=/home/blakepi/ros2_ws/build/python_pkgs/prefix_override:/usr/lib/python3/dist-packages/colcon_core/task/python/colcon_distutils_commands:/home/blakepi/ros2_ws/install/python_pkgs/lib/python3.10/site-packages:${PYTHONPATH} /usr/bin/python3 -W ignore:setup.py install is deprecated setup.py egg_info --egg-base ../../build/python_pkgs build --build-base /home/blakepi/ros2_ws/build/python_pkgs/build install --record /home/blakepi/ros2_ws/build/python_pkgs/install.log --single-version-externally-managed install_data
