[0.070s] Invoking command in '/home/blakepi/ros2_ws/build/interface': CMAKE_PREFIX_PATH=${CMAKE_PREFIX_PATH}:/home/blakepi/ros2_ws/install/python_pkgs:/opt/ros/humble /usr/bin/cmake --build /home/blakepi/ros2_ws/build/interface -- -j4 -l4
[0.322s] [ 10%] Built target interface__rosidl_generator_c
[0.365s] [ 12%] Built target interface__cpp
[0.409s] [ 12%] Built target ament_cmake_python_copy_interface
[0.535s] [ 23%] Built target interface__rosidl_typesupport_fastrtps_c
[0.561s] [ 33%] Built target interface__rosidl_typesupport_introspection_c
[0.593s] [ 43%] Built target interface__rosidl_typesupport_c
[0.653s] [ 53%] Built target interface__rosidl_typesupport_introspection_cpp
[0.779s] [ 64%] Built target interface__rosidl_typesupport_cpp
[0.798s] [ 74%] Built target interface__rosidl_typesupport_fastrtps_cpp
[1.010s] [ 74%] Built target interface
[1.123s] [ 76%] Built target interface__py
[1.244s] [ 84%] Built target interface__rosidl_generator_py
[1.443s] [ 89%] Built target interface__rosidl_typesupport_introspection_c__pyext
[1.486s] [ 94%] Built target interface__rosidl_typesupport_c__pyext
[1.502s] [100%] Built target interface__rosidl_typesupport_fastrtps_c__pyext
[2.140s] running egg_info
[2.144s] writing interface.egg-info/PKG-INFO
[2.145s] writing dependency_links to interface.egg-info/dependency_links.txt
[2.147s] writing top-level names to interface.egg-info/top_level.txt
[2.161s] reading manifest file 'interface.egg-info/SOURCES.txt'
[2.164s] writing manifest file 'interface.egg-info/SOURCES.txt'
[2.316s] [100%] Built target ament_cmake_python_build_interface_egg
[2.370s] Invoked command in '/home/blakepi/ros2_ws/build/interface' returned '0': CMAKE_PREFIX_PATH=${CMAKE_PREFIX_PATH}:/home/blakepi/ros2_ws/install/python_pkgs:/opt/ros/humble /usr/bin/cmake --build /home/blakepi/ros2_ws/build/interface -- -j4 -l4
[2.956s] Invoking command in '/home/blakepi/ros2_ws/build/interface': CMAKE_PREFIX_PATH=${CMAKE_PREFIX_PATH}:/home/blakepi/ros2_ws/install/python_pkgs:/opt/ros/humble /usr/bin/cmake --install /home/blakepi/ros2_ws/build/interface
[2.987s] -- Install configuration: ""
[2.990s] -- Up-to-date: /home/blakepi/ros2_ws/install/interface/share/ament_index/resource_index/rosidl_interfaces/interface
[2.990s] -- Up-to-date: /home/blakepi/ros2_ws/install/interface/include/interface/interface
[2.992s] -- Up-to-date: /home/blakepi/ros2_ws/install/interface/include/interface/interface/msg
[2.994s] -- Up-to-date: /home/blakepi/ros2_ws/install/interface/include/interface/interface/msg/servo_motor_state_change.h
[2.996s] -- Up-to-date: /home/blakepi/ros2_ws/install/interface/include/interface/interface/msg/detail
[2.999s] -- Up-to-date: /home/blakepi/ros2_ws/install/interface/include/interface/interface/msg/detail/servo_motor_state__struct.h
[3.001s] -- Up-to-date: /home/blakepi/ros2_ws/install/interface/include/interface/interface/msg/detail/servo_motor_state_change__type_support.h
[3.003s] -- Up-to-date: /home/blakepi/ros2_ws/install/interface/include/interface/interface/msg/detail/servo_motor_state_change__functions.h
[3.004s] -- Up-to-date: /home/blakepi/ros2_ws/install/interface/include/interface/interface/msg/detail/servo_motor_state__type_support.h
[3.005s] -- Up-to-date: /home/blakepi/ros2_ws/install/interface/include/interface/interface/msg/detail/servo_motor_state_change__functions.c
[3.006s] -- Up-to-date: /home/blakepi/ros2_ws/install/interface/include/interface/interface/msg/detail/servo_motor_state_change__struct.h
[3.006s] -- Up-to-date: /home/blakepi/ros2_ws/install/interface/include/interface/interface/msg/detail/servo_motor_state__functions.h
[3.007s] -- Up-to-date: /home/blakepi/ros2_ws/install/interface/include/interface/interface/msg/detail/servo_motor_state__functions.c
[3.008s] -- Up-to-date: /home/blakepi/ros2_ws/install/interface/include/interface/interface/msg/servo_motor_state.h
[3.009s] -- Up-to-date: /home/blakepi/ros2_ws/install/interface/include/interface/interface/msg/rosidl_generator_c__visibility_control.h
[3.009s] -- Up-to-date: /home/blakepi/ros2_ws/install/interface/share/interface/environment/library_path.sh
[3.010s] -- Up-to-date: /home/blakepi/ros2_ws/install/interface/share/interface/environment/library_path.dsv
[3.010s] -- Up-to-date: /home/blakepi/ros2_ws/install/interface/lib/libinterface__rosidl_generator_c.so
[3.011s] -- Up-to-date: /home/blakepi/ros2_ws/install/interface/include/interface/interface
[3.011s] -- Up-to-date: /home/blakepi/ros2_ws/install/interface/include/interface/interface/msg
[3.016s] -- Up-to-date: /home/blakepi/ros2_ws/install/interface/include/interface/interface/msg/rosidl_typesupport_fastrtps_c__visibility_control.h
[3.017s] -- Up-to-date: /home/blakepi/ros2_ws/install/interface/include/interface/interface/msg/detail
[3.019s] -- Up-to-date: /home/blakepi/ros2_ws/install/interface/include/interface/interface/msg/detail/servo_motor_state__rosidl_typesupport_fastrtps_c.h
[3.020s] -- Up-to-date: /home/blakepi/ros2_ws/install/interface/include/interface/interface/msg/detail/servo_motor_state_change__rosidl_typesupport_fastrtps_c.h
[3.023s] -- Up-to-date: /home/blakepi/ros2_ws/install/interface/lib/libinterface__rosidl_typesupport_fastrtps_c.so
[3.026s] -- Up-to-date: /home/blakepi/ros2_ws/install/interface/include/interface/interface
[3.027s] -- Up-to-date: /home/blakepi/ros2_ws/install/interface/include/interface/interface/msg
[3.031s] -- Up-to-date: /home/blakepi/ros2_ws/install/interface/include/interface/interface/msg/servo_motor_state.hpp
[3.032s] -- Up-to-date: /home/blakepi/ros2_ws/install/interface/include/interface/interface/msg/servo_motor_state_change.hpp
[3.040s] -- Up-to-date: /home/blakepi/ros2_ws/install/interface/include/interface/interface/msg/detail
[3.040s] -- Up-to-date: /home/blakepi/ros2_ws/install/interface/include/interface/interface/msg/detail/servo_motor_state__struct.hpp
[3.041s] -- Up-to-date: /home/blakepi/ros2_ws/install/interface/include/interface/interface/msg/detail/servo_motor_state__builder.hpp
[3.042s] -- Up-to-date: /home/blakepi/ros2_ws/install/interface/include/interface/interface/msg/detail/servo_motor_state_change__traits.hpp
[3.042s] -- Up-to-date: /home/blakepi/ros2_ws/install/interface/include/interface/interface/msg/detail/servo_motor_state__traits.hpp
[3.043s] -- Up-to-date: /home/blakepi/ros2_ws/install/interface/include/interface/interface/msg/detail/servo_motor_state_change__builder.hpp
[3.043s] -- Up-to-date: /home/blakepi/ros2_ws/install/interface/include/interface/interface/msg/detail/servo_motor_state_change__struct.hpp
[3.044s] -- Up-to-date: /home/blakepi/ros2_ws/install/interface/include/interface/interface
[3.044s] -- Up-to-date: /home/blakepi/ros2_ws/install/interface/include/interface/interface/msg
[3.045s] -- Up-to-date: /home/blakepi/ros2_ws/install/interface/include/interface/interface/msg/rosidl_typesupport_fastrtps_cpp__visibility_control.h
[3.048s] -- Up-to-date: /home/blakepi/ros2_ws/install/interface/include/interface/interface/msg/detail
[3.048s] -- Up-to-date: /home/blakepi/ros2_ws/install/interface/include/interface/interface/msg/detail/servo_motor_state__rosidl_typesupport_fastrtps_cpp.hpp
[3.053s] -- Up-to-date: /home/blakepi/ros2_ws/install/interface/include/interface/interface/msg/detail/servo_motor_state_change__rosidl_typesupport_fastrtps_cpp.hpp
[3.053s] -- Up-to-date: /home/blakepi/ros2_ws/install/interface/include/interface/interface/msg/detail/dds_fastrtps
[3.058s] -- Up-to-date: /home/blakepi/ros2_ws/install/interface/lib/libinterface__rosidl_typesupport_fastrtps_cpp.so
[3.060s] -- Up-to-date: /home/blakepi/ros2_ws/install/interface/include/interface/interface
[3.061s] -- Up-to-date: /home/blakepi/ros2_ws/install/interface/include/interface/interface/msg
[3.061s] -- Up-to-date: /home/blakepi/ros2_ws/install/interface/include/interface/interface/msg/detail
[3.064s] -- Up-to-date: /home/blakepi/ros2_ws/install/interface/include/interface/interface/msg/detail/servo_motor_state_change__rosidl_typesupport_introspection_c.h
[3.066s] -- Up-to-date: /home/blakepi/ros2_ws/install/interface/include/interface/interface/msg/detail/servo_motor_state__rosidl_typesupport_introspection_c.h
[3.066s] -- Up-to-date: /home/blakepi/ros2_ws/install/interface/include/interface/interface/msg/detail/servo_motor_state_change__type_support.c
[3.067s] -- Up-to-date: /home/blakepi/ros2_ws/install/interface/include/interface/interface/msg/detail/servo_motor_state__type_support.c
[3.068s] -- Up-to-date: /home/blakepi/ros2_ws/install/interface/include/interface/interface/msg/rosidl_typesupport_introspection_c__visibility_control.h
[3.074s] -- Up-to-date: /home/blakepi/ros2_ws/install/interface/lib/libinterface__rosidl_typesupport_introspection_c.so
[3.074s] -- Up-to-date: /home/blakepi/ros2_ws/install/interface/lib/libinterface__rosidl_typesupport_c.so
[3.077s] -- Up-to-date: /home/blakepi/ros2_ws/install/interface/include/interface/interface
[3.077s] -- Up-to-date: /home/blakepi/ros2_ws/install/interface/include/interface/interface/msg
[3.080s] -- Up-to-date: /home/blakepi/ros2_ws/install/interface/include/interface/interface/msg/detail
[3.080s] -- Up-to-date: /home/blakepi/ros2_ws/install/interface/include/interface/interface/msg/detail/servo_motor_state_change__rosidl_typesupport_introspection_cpp.hpp
[3.083s] -- Up-to-date: /home/blakepi/ros2_ws/install/interface/include/interface/interface/msg/detail/servo_motor_state__rosidl_typesupport_introspection_cpp.hpp
[3.087s] -- Up-to-date: /home/blakepi/ros2_ws/install/interface/include/interface/interface/msg/detail/servo_motor_state__type_support.cpp
[3.089s] -- Up-to-date: /home/blakepi/ros2_ws/install/interface/include/interface/interface/msg/detail/servo_motor_state_change__type_support.cpp
[3.089s] -- Up-to-date: /home/blakepi/ros2_ws/install/interface/lib/libinterface__rosidl_typesupport_introspection_cpp.so
[3.090s] -- Up-to-date: /home/blakepi/ros2_ws/install/interface/lib/libinterface__rosidl_typesupport_cpp.so
[3.091s] -- Up-to-date: /home/blakepi/ros2_ws/install/interface/share/interface/environment/pythonpath.sh
[3.091s] -- Up-to-date: /home/blakepi/ros2_ws/install/interface/share/interface/environment/pythonpath.dsv
[3.092s] -- Up-to-date: /home/blakepi/ros2_ws/install/interface/local/lib/python3.10/dist-packages/interface-0.0.0-py3.10.egg-info
[3.093s] -- Installing: /home/blakepi/ros2_ws/install/interface/local/lib/python3.10/dist-packages/interface-0.0.0-py3.10.egg-info/SOURCES.txt
[3.096s] -- Installing: /home/blakepi/ros2_ws/install/interface/local/lib/python3.10/dist-packages/interface-0.0.0-py3.10.egg-info/dependency_links.txt
[3.097s] -- Installing: /home/blakepi/ros2_ws/install/interface/local/lib/python3.10/dist-packages/interface-0.0.0-py3.10.egg-info/PKG-INFO
[3.098s] -- Installing: /home/blakepi/ros2_ws/install/interface/local/lib/python3.10/dist-packages/interface-0.0.0-py3.10.egg-info/top_level.txt
[3.098s] -- Up-to-date: /home/blakepi/ros2_ws/install/interface/local/lib/python3.10/dist-packages/interface
[3.099s] -- Up-to-date: /home/blakepi/ros2_ws/install/interface/local/lib/python3.10/dist-packages/interface/interface_s__rosidl_typesupport_fastrtps_c.cpython-310-aarch64-linux-gnu.so
[3.101s] -- Up-to-date: /home/blakepi/ros2_ws/install/interface/local/lib/python3.10/dist-packages/interface/__init__.py
[3.102s] -- Up-to-date: /home/blakepi/ros2_ws/install/interface/local/lib/python3.10/dist-packages/interface/_interface_s.ep.rosidl_typesupport_fastrtps_c.c
[3.102s] -- Up-to-date: /home/blakepi/ros2_ws/install/interface/local/lib/python3.10/dist-packages/interface/_interface_s.ep.rosidl_typesupport_c.c
[3.103s] -- Up-to-date: /home/blakepi/ros2_ws/install/interface/local/lib/python3.10/dist-packages/interface/libinterface__rosidl_generator_py.so
[3.103s] -- Up-to-date: /home/blakepi/ros2_ws/install/interface/local/lib/python3.10/dist-packages/interface/_interface_s.ep.rosidl_typesupport_introspection_c.c
[3.104s] -- Up-to-date: /home/blakepi/ros2_ws/install/interface/local/lib/python3.10/dist-packages/interface/interface_s__rosidl_typesupport_introspection_c.cpython-310-aarch64-linux-gnu.so
[3.104s] -- Up-to-date: /home/blakepi/ros2_ws/install/interface/local/lib/python3.10/dist-packages/interface/msg
[3.105s] -- Up-to-date: /home/blakepi/ros2_ws/install/interface/local/lib/python3.10/dist-packages/interface/msg/_servo_motor_state_change_s.c
[3.106s] -- Up-to-date: /home/blakepi/ros2_ws/install/interface/local/lib/python3.10/dist-packages/interface/msg/__init__.py
[3.106s] -- Up-to-date: /home/blakepi/ros2_ws/install/interface/local/lib/python3.10/dist-packages/interface/msg/_servo_motor_state_change.py
[3.107s] -- Up-to-date: /home/blakepi/ros2_ws/install/interface/local/lib/python3.10/dist-packages/interface/msg/_servo_motor_state_s.c
[3.107s] -- Up-to-date: /home/blakepi/ros2_ws/install/interface/local/lib/python3.10/dist-packages/interface/msg/_servo_motor_state.py
[3.108s] -- Up-to-date: /home/blakepi/ros2_ws/install/interface/local/lib/python3.10/dist-packages/interface/interface_s__rosidl_typesupport_c.cpython-310-aarch64-linux-gnu.so
[3.295s] Listing '/home/blakepi/ros2_ws/install/interface/local/lib/python3.10/dist-packages/interface'...
[3.296s] Listing '/home/blakepi/ros2_ws/install/interface/local/lib/python3.10/dist-packages/interface/msg'...
[3.326s] -- Up-to-date: /home/blakepi/ros2_ws/install/interface/local/lib/python3.10/dist-packages/interface/interface_s__rosidl_typesupport_fastrtps_c.cpython-310-aarch64-linux-gnu.so
[3.328s] -- Up-to-date: /home/blakepi/ros2_ws/install/interface/local/lib/python3.10/dist-packages/interface/interface_s__rosidl_typesupport_introspection_c.cpython-310-aarch64-linux-gnu.so
[3.337s] -- Up-to-date: /home/blakepi/ros2_ws/install/interface/local/lib/python3.10/dist-packages/interface/interface_s__rosidl_typesupport_c.cpython-310-aarch64-linux-gnu.so
[3.338s] -- Up-to-date: /home/blakepi/ros2_ws/install/interface/lib/libinterface__rosidl_generator_py.so
[3.339s] -- Up-to-date: /home/blakepi/ros2_ws/install/interface/share/interface/msg/ServoMotorState.idl
[3.339s] -- Up-to-date: /home/blakepi/ros2_ws/install/interface/share/interface/msg/ServoMotorStateChange.idl
[3.341s] -- Up-to-date: /home/blakepi/ros2_ws/install/interface/share/interface/msg/ServoMotorState.msg
[3.342s] -- Up-to-date: /home/blakepi/ros2_ws/install/interface/share/interface/msg/ServoMotorStateChange.msg
[3.343s] -- Up-to-date: /home/blakepi/ros2_ws/install/interface/share/ament_index/resource_index/package_run_dependencies/interface
[3.345s] -- Up-to-date: /home/blakepi/ros2_ws/install/interface/share/ament_index/resource_index/parent_prefix_path/interface
[3.346s] -- Up-to-date: /home/blakepi/ros2_ws/install/interface/share/interface/environment/ament_prefix_path.sh
[3.347s] -- Up-to-date: /home/blakepi/ros2_ws/install/interface/share/interface/environment/ament_prefix_path.dsv
[3.349s] -- Up-to-date: /home/blakepi/ros2_ws/install/interface/share/interface/environment/path.sh
[3.350s] -- Up-to-date: /home/blakepi/ros2_ws/install/interface/share/interface/environment/path.dsv
[3.351s] -- Up-to-date: /home/blakepi/ros2_ws/install/interface/share/interface/local_setup.bash
[3.353s] -- Up-to-date: /home/blakepi/ros2_ws/install/interface/share/interface/local_setup.sh
[3.354s] -- Up-to-date: /home/blakepi/ros2_ws/install/interface/share/interface/local_setup.zsh
[3.356s] -- Up-to-date: /home/blakepi/ros2_ws/install/interface/share/interface/local_setup.dsv
[3.357s] -- Installing: /home/blakepi/ros2_ws/install/interface/share/interface/package.dsv
[3.359s] -- Up-to-date: /home/blakepi/ros2_ws/install/interface/share/ament_index/resource_index/packages/interface
[3.361s] -- Up-to-date: /home/blakepi/ros2_ws/install/interface/share/interface/cmake/export_interface__rosidl_generator_cExport.cmake
[3.362s] -- Up-to-date: /home/blakepi/ros2_ws/install/interface/share/interface/cmake/export_interface__rosidl_generator_cExport-noconfig.cmake
[3.364s] -- Up-to-date: /home/blakepi/ros2_ws/install/interface/share/interface/cmake/export_interface__rosidl_typesupport_fastrtps_cExport.cmake
[3.366s] -- Up-to-date: /home/blakepi/ros2_ws/install/interface/share/interface/cmake/export_interface__rosidl_typesupport_fastrtps_cExport-noconfig.cmake
[3.368s] -- Up-to-date: /home/blakepi/ros2_ws/install/interface/share/interface/cmake/export_interface__rosidl_generator_cppExport.cmake
[3.370s] -- Up-to-date: /home/blakepi/ros2_ws/install/interface/share/interface/cmake/export_interface__rosidl_typesupport_fastrtps_cppExport.cmake
[3.371s] -- Up-to-date: /home/blakepi/ros2_ws/install/interface/share/interface/cmake/export_interface__rosidl_typesupport_fastrtps_cppExport-noconfig.cmake
[3.373s] -- Up-to-date: /home/blakepi/ros2_ws/install/interface/share/interface/cmake/interface__rosidl_typesupport_introspection_cExport.cmake
[3.375s] -- Up-to-date: /home/blakepi/ros2_ws/install/interface/share/interface/cmake/interface__rosidl_typesupport_introspection_cExport-noconfig.cmake
[3.377s] -- Up-to-date: /home/blakepi/ros2_ws/install/interface/share/interface/cmake/interface__rosidl_typesupport_cExport.cmake
[3.378s] -- Up-to-date: /home/blakepi/ros2_ws/install/interface/share/interface/cmake/interface__rosidl_typesupport_cExport-noconfig.cmake
[3.382s] -- Up-to-date: /home/blakepi/ros2_ws/install/interface/share/interface/cmake/interface__rosidl_typesupport_introspection_cppExport.cmake
[3.385s] -- Up-to-date: /home/blakepi/ros2_ws/install/interface/share/interface/cmake/interface__rosidl_typesupport_introspection_cppExport-noconfig.cmake
[3.385s] -- Up-to-date: /home/blakepi/ros2_ws/install/interface/share/interface/cmake/interface__rosidl_typesupport_cppExport.cmake
[3.387s] -- Up-to-date: /home/blakepi/ros2_ws/install/interface/share/interface/cmake/interface__rosidl_typesupport_cppExport-noconfig.cmake
[3.388s] -- Up-to-date: /home/blakepi/ros2_ws/install/interface/share/interface/cmake/export_interface__rosidl_generator_pyExport.cmake
[3.392s] -- Up-to-date: /home/blakepi/ros2_ws/install/interface/share/interface/cmake/export_interface__rosidl_generator_pyExport-noconfig.cmake
[3.394s] -- Up-to-date: /home/blakepi/ros2_ws/install/interface/share/interface/cmake/rosidl_cmake-extras.cmake
[3.394s] -- Up-to-date: /home/blakepi/ros2_ws/install/interface/share/interface/cmake/ament_cmake_export_include_directories-extras.cmake
[3.395s] -- Up-to-date: /home/blakepi/ros2_ws/install/interface/share/interface/cmake/ament_cmake_export_libraries-extras.cmake
[3.396s] -- Up-to-date: /home/blakepi/ros2_ws/install/interface/share/interface/cmake/ament_cmake_export_targets-extras.cmake
[3.397s] -- Up-to-date: /home/blakepi/ros2_ws/install/interface/share/interface/cmake/rosidl_cmake_export_typesupport_targets-extras.cmake
[3.398s] -- Up-to-date: /home/blakepi/ros2_ws/install/interface/share/interface/cmake/ament_cmake_export_dependencies-extras.cmake
[3.413s] -- Up-to-date: /home/blakepi/ros2_ws/install/interface/share/interface/cmake/rosidl_cmake_export_typesupport_libraries-extras.cmake
[3.414s] -- Up-to-date: /home/blakepi/ros2_ws/install/interface/share/interface/cmake/interfaceConfig.cmake
[3.415s] -- Up-to-date: /home/blakepi/ros2_ws/install/interface/share/interface/cmake/interfaceConfig-version.cmake
[3.415s] -- Up-to-date: /home/blakepi/ros2_ws/install/interface/share/interface/package.xml
[3.416s] Invoked command in '/home/blakepi/ros2_ws/build/interface' returned '0': CMAKE_PREFIX_PATH=${CMAKE_PREFIX_PATH}:/home/blakepi/ros2_ws/install/python_pkgs:/opt/ros/humble /usr/bin/cmake --install /home/blakepi/ros2_ws/build/interface
