[0.054s] Invoking command in '/home/blakepi/ros2_ws/build/robot_arm': CMAKE_PREFIX_PATH=${CMAKE_PREFIX_PATH}:/home/blakepi/ros2_ws/install/python_pkgs:/home/blakepi/ros2_ws/install/bluetooth_communication:/opt/ros/humble /usr/bin/cmake --build /home/blakepi/ros2_ws/build/robot_arm -- -j4 -l4
[0.148s] -- Found ament_cmake: 1.3.9 (/opt/ros/humble/share/ament_cmake/cmake)
[0.710s] -- Found rclcpp: 16.0.9 (/opt/ros/humble/share/rclcpp/cmake)
[0.853s] -- Found rosidl_generator_c: 3.1.5 (/opt/ros/humble/share/rosidl_generator_c/cmake)
[0.863s] -- Found rosidl_adapter: 3.1.5 (/opt/ros/humble/share/rosidl_adapter/cmake)
[0.887s] -- Found rosidl_generator_cpp: 3.1.5 (/opt/ros/humble/share/rosidl_generator_cpp/cmake)
[0.932s] -- Using all available rosidl_typesupport_c: rosidl_typesupport_fastrtps_c;rosidl_typesupport_introspection_c
[1.004s] -- Using all available rosidl_typesupport_cpp: rosidl_typesupport_fastrtps_cpp;rosidl_typesupport_introspection_cpp
[1.236s] -- Found rmw_implementation_cmake: 6.1.2 (/opt/ros/humble/share/rmw_implementation_cmake/cmake)
[1.242s] -- Found rmw_fastrtps_cpp: 6.2.6 (/opt/ros/humble/share/rmw_fastrtps_cpp/cmake)
[1.904s] -- Using RMW implementation 'rmw_fastrtps_cpp' as default
[2.499s] -- Found interface: 0.0.0 (/home/blakepi/ros2_ws/install/interface/share/interface/cmake)
[2.564s] -- Found rclpy: 3.3.13 (/opt/ros/humble/share/rclpy/cmake)
[2.565s] -- Found sensor_msgs: 4.2.4 (/opt/ros/humble/share/sensor_msgs/cmake)
[3.054s] [31mCMake Error at /opt/ros/humble/share/ament_cmake_python/cmake/ament_python_install_package.cmake:46 (message):
[3.055s]   ament_python_install_package() called with unused arguments:
[3.055s]   PATH;src/python
[3.055s] Call Stack (most recent call first):
[3.056s]   /opt/ros/humble/share/ament_cmake_python/cmake/ament_python_install_package.cmake:39 (_ament_cmake_python_install_package)
[3.056s]   CMakeLists.txt:73 (ament_python_install_package)
[3.056s] 
[3.057s] [0m
[3.057s] -- Configuring incomplete, errors occurred!
[3.058s] See also "/home/blakepi/ros2_ws/build/robot_arm/CMakeFiles/CMakeOutput.log".
[3.080s] gmake: *** [Makefile:349: cmake_check_build_system] Error 1
[3.087s] Invoked command in '/home/blakepi/ros2_ws/build/robot_arm' returned '2': CMAKE_PREFIX_PATH=${CMAKE_PREFIX_PATH}:/home/blakepi/ros2_ws/install/python_pkgs:/home/blakepi/ros2_ws/install/bluetooth_communication:/opt/ros/humble /usr/bin/cmake --build /home/blakepi/ros2_ws/build/robot_arm -- -j4 -l4
