[5.044s] Invoking command in '/home/blakepi/ros2_ws/src/python_pkgs': PYTHONPATH=/home/blakepi/ros2_ws/build/python_pkgs/prefix_override:/home/blakepi/ros2_ws/install/python_pkgs/lib/python3.10/site-packages:${PYTHONPATH} /usr/bin/python3 -W ignore:setup.py install is deprecated setup.py egg_info --egg-base ../../build/python_pkgs build --build-base /home/blakepi/ros2_ws/build/python_pkgs/build install --record /home/blakepi/ros2_ws/build/python_pkgs/install.log --single-version-externally-managed install_data
[7.063s] running egg_info
[7.066s] writing ../../build/python_pkgs/python_pkgs.egg-info/PKG-INFO
[7.068s] writing dependency_links to ../../build/python_pkgs/python_pkgs.egg-info/dependency_links.txt
[7.070s] writing entry points to ../../build/python_pkgs/python_pkgs.egg-info/entry_points.txt
[7.074s] writing requirements to ../../build/python_pkgs/python_pkgs.egg-info/requires.txt
[7.074s] writing top-level names to ../../build/python_pkgs/python_pkgs.egg-info/top_level.txt
[7.080s] reading manifest file '../../build/python_pkgs/python_pkgs.egg-info/SOURCES.txt'
[7.084s] writing manifest file '../../build/python_pkgs/python_pkgs.egg-info/SOURCES.txt'
[7.085s] running build
[7.086s] running build_py
[7.088s] running install
[7.089s] running install_lib
[7.095s] running install_data
[7.098s] running install_egg_info
[7.105s] removing '/home/blakepi/ros2_ws/install/python_pkgs/lib/python3.10/site-packages/python_pkgs-0.0.0-py3.10.egg-info' (and everything under it)
[7.107s] Copying ../../build/python_pkgs/python_pkgs.egg-info to /home/blakepi/ros2_ws/install/python_pkgs/lib/python3.10/site-packages/python_pkgs-0.0.0-py3.10.egg-info
[7.121s] running install_scripts
[7.304s] Installing bluetooth_node script to /home/blakepi/ros2_ws/install/python_pkgs/lib/python_pkgs
[7.319s] writing list of installed files to '/home/blakepi/ros2_ws/build/python_pkgs/install.log'
[7.683s] Invoked command in '/home/blakepi/ros2_ws/src/python_pkgs' returned '0': PYTHONPATH=/home/blakepi/ros2_ws/build/python_pkgs/prefix_override:/home/blakepi/ros2_ws/install/python_pkgs/lib/python3.10/site-packages:${PYTHONPATH} /usr/bin/python3 -W ignore:setup.py install is deprecated setup.py egg_info --egg-base ../../build/python_pkgs build --build-base /home/blakepi/ros2_ws/build/python_pkgs/build install --record /home/blakepi/ros2_ws/build/python_pkgs/install.log --single-version-externally-managed install_data
