[4.458s] Invoking command in '/home/blakepi/ros2_ws/src/python_pkgs': PYTHONPATH=/home/blakepi/ros2_ws/build/python_pkgs/prefix_override:/home/blakepi/ros2_ws/install/python_pkgs/lib/python3.10/site-packages:${PYTHONPATH} /usr/bin/python3 -W ignore:setup.py install is deprecated setup.py egg_info --egg-base ../../build/python_pkgs build --build-base /home/blakepi/ros2_ws/build/python_pkgs/build install --record /home/blakepi/ros2_ws/build/python_pkgs/install.log --single-version-externally-managed install_data
[5.992s] running egg_info
[5.995s] creating ../../build/python_pkgs/python_pkgs.egg-info
[5.996s] writing ../../build/python_pkgs/python_pkgs.egg-info/PKG-INFO
[5.997s] writing dependency_links to ../../build/python_pkgs/python_pkgs.egg-info/dependency_links.txt
[5.998s] writing entry points to ../../build/python_pkgs/python_pkgs.egg-info/entry_points.txt
[5.998s] writing requirements to ../../build/python_pkgs/python_pkgs.egg-info/requires.txt
[5.999s] writing top-level names to ../../build/python_pkgs/python_pkgs.egg-info/top_level.txt
[6.000s] writing manifest file '../../build/python_pkgs/python_pkgs.egg-info/SOURCES.txt'
[6.007s] reading manifest file '../../build/python_pkgs/python_pkgs.egg-info/SOURCES.txt'
[6.011s] writing manifest file '../../build/python_pkgs/python_pkgs.egg-info/SOURCES.txt'
[6.012s] running build
[6.013s] running build_py
[6.014s] creating /home/blakepi/ros2_ws/build/python_pkgs/build
[6.014s] creating /home/blakepi/ros2_ws/build/python_pkgs/build/lib
[6.015s] creating /home/blakepi/ros2_ws/build/python_pkgs/build/lib/python_pkgs
[6.015s] copying python_pkgs/__init__.py -> /home/blakepi/ros2_ws/build/python_pkgs/build/lib/python_pkgs
[6.016s] running install
[6.016s] running install_lib
[6.020s] creating /home/blakepi/ros2_ws/install/python_pkgs/lib/python3.10/site-packages/python_pkgs
[6.021s] copying /home/blakepi/ros2_ws/build/python_pkgs/build/lib/python_pkgs/__init__.py -> /home/blakepi/ros2_ws/install/python_pkgs/lib/python3.10/site-packages/python_pkgs
[6.024s] byte-compiling /home/blakepi/ros2_ws/install/python_pkgs/lib/python3.10/site-packages/python_pkgs/__init__.py to __init__.cpython-310.pyc
[6.026s] running install_data
[6.026s] creating /home/blakepi/ros2_ws/install/python_pkgs/share/ament_index
[6.027s] creating /home/blakepi/ros2_ws/install/python_pkgs/share/ament_index/resource_index
[6.028s] creating /home/blakepi/ros2_ws/install/python_pkgs/share/ament_index/resource_index/packages
[6.028s] copying resource/python_pkgs -> /home/blakepi/ros2_ws/install/python_pkgs/share/ament_index/resource_index/packages
[6.029s] copying package.xml -> /home/blakepi/ros2_ws/install/python_pkgs/share/python_pkgs
[6.029s] running install_egg_info
[6.036s] Copying ../../build/python_pkgs/python_pkgs.egg-info to /home/blakepi/ros2_ws/install/python_pkgs/lib/python3.10/site-packages/python_pkgs-0.0.0-py3.10.egg-info
[6.044s] running install_scripts
[6.161s] Installing bluetooth_node script to /home/blakepi/ros2_ws/install/python_pkgs/lib/python_pkgs
[6.163s] writing list of installed files to '/home/blakepi/ros2_ws/build/python_pkgs/install.log'
