In file included from [01m[K/opt/ros/humble/include/rclcpp/rclcpp/logging.hpp:24[m[K,
                 from [01m[K/opt/ros/humble/include/rclcpp/rclcpp/client.hpp:40[m[K,
                 from [01m[K/opt/ros/humble/include/rclcpp/rclcpp/callback_group.hpp:24[m[K,
                 from [01m[K/opt/ros/humble/include/rclcpp/rclcpp/any_executable.hpp:20[m[K,
                 from [01m[K/opt/ros/humble/include/rclcpp/rclcpp/memory_strategy.hpp:25[m[K,
                 from [01m[K/opt/ros/humble/include/rclcpp/rclcpp/memory_strategies.hpp:18[m[K,
                 from [01m[K/opt/ros/humble/include/rclcpp/rclcpp/executor_options.hpp:20[m[K,
                 from [01m[K/opt/ros/humble/include/rclcpp/rclcpp/executor.hpp:37[m[K,
                 from [01m[K/opt/ros/humble/include/rclcpp/rclcpp/executors/multi_threaded_executor.hpp:25[m[K,
                 from [01m[K/opt/ros/humble/include/rclcpp/rclcpp/executors.hpp:21[m[K,
                 from [01m[K/opt/ros/humble/include/rclcpp/rclcpp/rclcpp.hpp:155[m[K,
                 from [01m[K/home/blakepi/ros2_ws/src/robot_arm/src/servo_controller.cpp:1[m[K:
[01m[K/home/blakepi/ros2_ws/src/robot_arm/src/servo_controller.cpp:[m[K In member function ‘[01m[Kvoid ServoNode::adjustServo(std::string, int, double)[m[K’:
[01m[K/home/blakepi/ros2_ws/src/robot_arm/src/servo_controller.cpp:73:41:[m[K [01;35m[Kwarning: [m[Kformat ‘[01m[K%f[m[K’ expects argument of type ‘[01m[Kdouble[m[K’, but argument 6 has type ‘[01m[Kint[m[K’ [[01;35m[K]8;;https://gcc.gnu.org/onlinedocs/gcc/Warning-Options.html#index-Wformat=-Wformat=]8;;[m[K]
   73 |         RCLCPP_INFO(this->get_logger(), [01;35m[K"Adjusting servo on GPIO %d to PWM value: %f"[m[K, gpio_pin, [32m[Kpwm_value[m[K);
      |                                         [01;35m[K^~~~~~~~~~~~~~~~~~~~~~~~~~~~~~~~~~~~~~~~~~~~~[m[K            [32m[K~~~~~~~~~[m[K
      |                                                                                                  [32m[K|[m[K
      |                                                                                                  [32m[Kint[m[K
[01m[K/home/blakepi/ros2_ws/src/robot_arm/src/servo_controller.cpp:73:84:[m[K [01;36m[Knote: [m[Kformat string is defined here
   73 |         RCLCPP_INFO(this->get_logger(), "Adjusting servo on GPIO %d to PWM value: [01;36m[K%f[m[K", gpio_pin, pwm_value);
      |                                                                                   [01;36m[K~^[m[K
      |                                                                                    [01;36m[K|[m[K
      |                                                                                    [01;36m[Kdouble[m[K
      |                                                                                   [32m[K%d[m[K
