[35m[1mConsolidate compiler generated dependencies of target servo_node[0m
[ 33%] Built target servo_publisher_node
[ 66%] Built target bluetooth_node
[ 83%] [32mBuilding CXX object CMakeFiles/servo_node.dir/src/servo_controller.cpp.o[0m
In file included from [01m[K/opt/ros/humble/include/rclcpp/rclcpp/logging.hpp:24[m[K,
                 from [01m[K/opt/ros/humble/include/rclcpp/rclcpp/client.hpp:40[m[K,
                 from [01m[K/opt/ros/humble/include/rclcpp/rclcpp/callback_group.hpp:24[m[K,
                 from [01m[K/opt/ros/humble/include/rclcpp/rclcpp/any_executable.hpp:20[m[K,
                 from [01m[K/opt/ros/humble/include/rclcpp/rclcpp/memory_strategy.hpp:25[m[K,
                 from [01m[K/opt/ros/humble/include/rclcpp/rclcpp/memory_strategies.hpp:18[m[K,
                 from [01m[K/opt/ros/humble/include/rclcpp/rclcpp/executor_options.hpp:20[m[K,
                 from [01m[K/opt/ros/humble/include/rclcpp/rclcpp/executor.hpp:37[m[K,
                 from [01m[K/opt/ros/humble/include/rclcpp/rclcpp/executors/multi_threaded_executor.hpp:25[m[K,
                 from [01m[K/opt/ros/humble/include/rclcpp/rclcpp/executors.hpp:21[m[K,
                 from [01m[K/opt/ros/humble/include/rclcpp/rclcpp/rclcpp.hpp:155[m[K,
                 from [01m[K/home/blakepi/ros2_ws/src/robot_arm/src/servo_controller.cpp:1[m[K:
[01m[K/home/blakepi/ros2_ws/src/robot_arm/src/servo_controller.cpp:[m[K In member function ‘[01m[Kvoid ServoNode::adjustServo(std::string, int, double)[m[K’:
[01m[K/home/blakepi/ros2_ws/src/robot_arm/src/servo_controller.cpp:73:41:[m[K [01;35m[Kwarning: [m[Kformat ‘[01m[K%f[m[K’ expects argument of type ‘[01m[Kdouble[m[K’, but argument 6 has type ‘[01m[Kint[m[K’ [[01;35m[K]8;;https://gcc.gnu.org/onlinedocs/gcc/Warning-Options.html#index-Wformat=-Wformat=]8;;[m[K]
   73 |         RCLCPP_INFO(this->get_logger(), [01;35m[K"Adjusting servo on GPIO %d to PWM value: %f"[m[K, gpio_pin, [32m[Kpwm_value[m[K);
      |                                         [01;35m[K^~~~~~~~~~~~~~~~~~~~~~~~~~~~~~~~~~~~~~~~~~~~~[m[K            [32m[K~~~~~~~~~[m[K
      |                                                                                                  [32m[K|[m[K
      |                                                                                                  [32m[Kint[m[K
[01m[K/home/blakepi/ros2_ws/src/robot_arm/src/servo_controller.cpp:73:84:[m[K [01;36m[Knote: [m[Kformat string is defined here
   73 |         RCLCPP_INFO(this->get_logger(), "Adjusting servo on GPIO %d to PWM value: [01;36m[K%f[m[K", gpio_pin, pwm_value);
      |                                                                                   [01;36m[K~^[m[K
      |                                                                                    [01;36m[K|[m[K
      |                                                                                    [01;36m[Kdouble[m[K
      |                                                                                   [32m[K%d[m[K
[100%] [32m[1mLinking CXX executable servo_node[0m
[100%] Built target servo_node
-- Install configuration: ""
-- Installing: /home/blakepi/ros2_ws/install/robot_arm/lib/robot_arm/servo_node
-- Set runtime path of "/home/blakepi/ros2_ws/install/robot_arm/lib/robot_arm/servo_node" to ""
-- Up-to-date: /home/blakepi/ros2_ws/install/robot_arm/lib/robot_arm/servo_publisher_node
-- Up-to-date: /home/blakepi/ros2_ws/install/robot_arm/lib/robot_arm/bluetooth_node
-- Up-to-date: /home/blakepi/ros2_ws/install/robot_arm/share/ament_index/resource_index/package_run_dependencies/robot_arm
-- Up-to-date: /home/blakepi/ros2_ws/install/robot_arm/share/ament_index/resource_index/parent_prefix_path/robot_arm
-- Up-to-date: /home/blakepi/ros2_ws/install/robot_arm/share/robot_arm/environment/ament_prefix_path.sh
-- Up-to-date: /home/blakepi/ros2_ws/install/robot_arm/share/robot_arm/environment/ament_prefix_path.dsv
-- Up-to-date: /home/blakepi/ros2_ws/install/robot_arm/share/robot_arm/environment/path.sh
-- Up-to-date: /home/blakepi/ros2_ws/install/robot_arm/share/robot_arm/environment/path.dsv
-- Up-to-date: /home/blakepi/ros2_ws/install/robot_arm/share/robot_arm/local_setup.bash
-- Up-to-date: /home/blakepi/ros2_ws/install/robot_arm/share/robot_arm/local_setup.sh
-- Up-to-date: /home/blakepi/ros2_ws/install/robot_arm/share/robot_arm/local_setup.zsh
-- Up-to-date: /home/blakepi/ros2_ws/install/robot_arm/share/robot_arm/local_setup.dsv
-- Installing: /home/blakepi/ros2_ws/install/robot_arm/share/robot_arm/package.dsv
-- Up-to-date: /home/blakepi/ros2_ws/install/robot_arm/share/ament_index/resource_index/packages/robot_arm
-- Up-to-date: /home/blakepi/ros2_ws/install/robot_arm/share/robot_arm/cmake/robot_armConfig.cmake
-- Up-to-date: /home/blakepi/ros2_ws/install/robot_arm/share/robot_arm/cmake/robot_armConfig-version.cmake
-- Up-to-date: /home/blakepi/ros2_ws/install/robot_arm/share/robot_arm/package.xml
