[0.045s] Invoking command in '/home/blakepi/ros2_ws/build/robot_arm': CMAKE_PREFIX_PATH=${CMAKE_PREFIX_PATH}:/opt/ros/humble /usr/bin/cmake --build /home/blakepi/ros2_ws/build/robot_arm -- -j4 -l4
[0.149s] -- Found ament_cmake: 1.3.9 (/opt/ros/humble/share/ament_cmake/cmake)
[0.695s] -- Found rclcpp: 16.0.9 (/opt/ros/humble/share/rclcpp/cmake)
[0.827s] -- Found rosidl_generator_c: 3.1.5 (/opt/ros/humble/share/rosidl_generator_c/cmake)
[0.838s] -- Found rosidl_adapter: 3.1.5 (/opt/ros/humble/share/rosidl_adapter/cmake)
[0.862s] -- Found rosidl_generator_cpp: 3.1.5 (/opt/ros/humble/share/rosidl_generator_cpp/cmake)
[0.905s] -- Using all available rosidl_typesupport_c: rosidl_typesupport_fastrtps_c;rosidl_typesupport_introspection_c
[0.967s] -- Using all available rosidl_typesupport_cpp: rosidl_typesupport_fastrtps_cpp;rosidl_typesupport_introspection_cpp
[1.190s] -- Found rmw_implementation_cmake: 6.1.2 (/opt/ros/humble/share/rmw_implementation_cmake/cmake)
[1.196s] -- Found rmw_fastrtps_cpp: 6.2.6 (/opt/ros/humble/share/rmw_fastrtps_cpp/cmake)
[1.726s] -- Using RMW implementation 'rmw_fastrtps_cpp' as default
[2.317s] [31mCMake Error at /home/blakepi/pigpio-master/cmake/pigpioConfig.cmake:1 (include):
[2.317s]   include could not find requested file:
[2.318s] 
[2.320s]     /home/blakepi/pigpio-master/cmake/pigpioTargets.cmake
[2.320s] Call Stack (most recent call first):
[2.321s]   CMakeLists.txt:18 (find_package)
[2.322s] 
[2.322s] [0m
[2.323s] -- Found ament_lint_auto: 0.12.11 (/opt/ros/humble/share/ament_lint_auto/cmake)
[2.758s] -- Added test 'cppcheck' to perform static code analysis on C / C++ code
[2.759s] -- Configured cppcheck include dirs: 
[2.759s] -- Configured cppcheck exclude dirs and/or files: 
[2.774s] -- Added test 'flake8' to check Python code syntax and style conventions
[2.805s] -- Added test 'lint_cmake' to check CMake code style
[2.820s] -- Added test 'pep257' to check Python code against some of the docstring style conventions in PEP 257
[2.935s] -- Added test 'uncrustify' to check C / C++ code style
[2.935s] -- Configured uncrustify additional arguments: 
[2.951s] -- Added test 'xmllint' to check XML markup files
[2.955s] -- Configuring incomplete, errors occurred!
[2.956s] See also "/home/blakepi/ros2_ws/build/robot_arm/CMakeFiles/CMakeOutput.log".
[2.980s] gmake: *** [Makefile:267: cmake_check_build_system] Error 1
[2.987s] Invoked command in '/home/blakepi/ros2_ws/build/robot_arm' returned '2': CMAKE_PREFIX_PATH=${CMAKE_PREFIX_PATH}:/opt/ros/humble /usr/bin/cmake --build /home/blakepi/ros2_ws/build/robot_arm -- -j4 -l4
