[0.051s] Invoking command in '/home/blakepi/ros2_ws/build/robot_arm': CMAKE_PREFIX_PATH=${CMAKE_PREFIX_PATH}:/opt/ros/humble /usr/bin/cmake --build /home/blakepi/ros2_ws/build/robot_arm -- -j4 -l4
[0.147s] -- Found ament_cmake: 1.3.9 (/opt/ros/humble/share/ament_cmake/cmake)
[0.692s] -- Found rclcpp: 16.0.9 (/opt/ros/humble/share/rclcpp/cmake)
[0.823s] -- Found rosidl_generator_c: 3.1.5 (/opt/ros/humble/share/rosidl_generator_c/cmake)
[0.834s] -- Found rosidl_adapter: 3.1.5 (/opt/ros/humble/share/rosidl_adapter/cmake)
[0.858s] -- Found rosidl_generator_cpp: 3.1.5 (/opt/ros/humble/share/rosidl_generator_cpp/cmake)
[0.903s] -- Using all available rosidl_typesupport_c: rosidl_typesupport_fastrtps_c;rosidl_typesupport_introspection_c
[0.964s] -- Using all available rosidl_typesupport_cpp: rosidl_typesupport_fastrtps_cpp;rosidl_typesupport_introspection_cpp
[1.215s] -- Found rmw_implementation_cmake: 6.1.2 (/opt/ros/humble/share/rmw_implementation_cmake/cmake)
[1.216s] -- Found rmw_fastrtps_cpp: 6.2.6 (/opt/ros/humble/share/rmw_fastrtps_cpp/cmake)
[1.725s] -- Using RMW implementation 'rmw_fastrtps_cpp' as default
[2.388s] [31mCMake Error at CMakeLists.txt:18 (find_package):
[2.389s]   By not providing "Findpigpio.cmake" in CMAKE_MODULE_PATH this project has
[2.389s]   asked CMake to find a package configuration file provided by "pigpio", but
[2.390s]   CMake did not find one.
[2.390s] 
[2.390s]   Could not find a package configuration file provided by "pigpio" with any
[2.391s]   of the following names:
[2.391s] 
[2.391s]     pigpioConfig.cmake
[2.392s]     pigpio-config.cmake
[2.392s] 
[2.393s]   Add the installation prefix of "pigpio" to CMAKE_PREFIX_PATH or set
[2.393s]   "pigpio_DIR" to a directory containing one of the above files.  If "pigpio"
[2.395s]   provides a separate development package or SDK, be sure it has been
[2.395s]   installed.
[2.396s] 
[2.397s] [0m
[2.397s] -- Configuring incomplete, errors occurred!
[2.398s] See also "/home/blakepi/ros2_ws/build/robot_arm/CMakeFiles/CMakeOutput.log".
[2.415s] gmake: *** [Makefile:267: cmake_check_build_system] Error 1
[2.420s] Invoked command in '/home/blakepi/ros2_ws/build/robot_arm' returned '2': CMAKE_PREFIX_PATH=${CMAKE_PREFIX_PATH}:/opt/ros/humble /usr/bin/cmake --build /home/blakepi/ros2_ws/build/robot_arm -- -j4 -l4
