[3.737s] Invoking command in '/home/blakepi/ros2_ws/src/python_pkgs': PYTHONPATH=/home/blakepi/ros2_ws/build/python_pkgs/prefix_override:/home/blakepi/ros2_ws/install/python_pkgs/lib/python3.10/site-packages:${PYTHONPATH} /usr/bin/python3 -W ignore:setup.py install is deprecated setup.py egg_info --egg-base ../../build/python_pkgs build --build-base /home/blakepi/ros2_ws/build/python_pkgs/build install --record /home/blakepi/ros2_ws/build/python_pkgs/install.log --single-version-externally-managed install_data
[5.777s] running egg_info
[5.792s] writing ../../build/python_pkgs/python_pkgs.egg-info/PKG-INFO
[5.794s] writing dependency_links to ../../build/python_pkgs/python_pkgs.egg-info/dependency_links.txt
[5.797s] writing entry points to ../../build/python_pkgs/python_pkgs.egg-info/entry_points.txt
[5.799s] writing requirements to ../../build/python_pkgs/python_pkgs.egg-info/requires.txt
[5.803s] writing top-level names to ../../build/python_pkgs/python_pkgs.egg-info/top_level.txt
[5.812s] reading manifest file '../../build/python_pkgs/python_pkgs.egg-info/SOURCES.txt'
[5.829s] writing manifest file '../../build/python_pkgs/python_pkgs.egg-info/SOURCES.txt'
[5.831s] running build
[5.832s] running build_py
[5.832s] running install
[5.836s] running install_lib
[5.839s] running install_data
[5.852s] running install_egg_info
[5.860s] removing '/home/blakepi/ros2_ws/install/python_pkgs/lib/python3.10/site-packages/python_pkgs-0.0.0-py3.10.egg-info' (and everything under it)
[5.876s] Copying ../../build/python_pkgs/python_pkgs.egg-info to /home/blakepi/ros2_ws/install/python_pkgs/lib/python3.10/site-packages/python_pkgs-0.0.0-py3.10.egg-info
[5.884s] running install_scripts
[6.003s] Installing bluetooth_node script to /home/blakepi/ros2_ws/install/python_pkgs/lib/python_pkgs
[6.006s] writing list of installed files to '/home/blakepi/ros2_ws/build/python_pkgs/install.log'
[6.175s] Invoked command in '/home/blakepi/ros2_ws/src/python_pkgs' returned '0': PYTHONPATH=/home/blakepi/ros2_ws/build/python_pkgs/prefix_override:/home/blakepi/ros2_ws/install/python_pkgs/lib/python3.10/site-packages:${PYTHONPATH} /usr/bin/python3 -W ignore:setup.py install is deprecated setup.py egg_info --egg-base ../../build/python_pkgs build --build-base /home/blakepi/ros2_ws/build/python_pkgs/build install --record /home/blakepi/ros2_ws/build/python_pkgs/install.log --single-version-externally-managed install_data
