[0.417s] DEBUG:colcon:Command line arguments: ['/usr/bin/colcon', 'build', '--packages-select', 'interface', 'robot_arm']
[0.418s] DEBUG:colcon:Parsed command line arguments: Namespace(log_base=None, log_level=None, verb_name='build', build_base='build', install_base='install', merge_install=False, symlink_install=False, test_result_base=None, continue_on_error=False, executor='parallel', parallel_workers=4, event_handlers=None, ignore_user_meta=False, metas=['./colcon.meta'], base_paths=['.'], packages_ignore=None, packages_ignore_regex=None, paths=None, packages_up_to=None, packages_up_to_regex=None, packages_above=None, packages_above_and_dependencies=None, packages_above_depth=None, packages_select_by_dep=None, packages_skip_by_dep=None, packages_skip_up_to=None, packages_select_build_failed=False, packages_skip_build_finished=False, packages_select_test_failures=False, packages_skip_test_passed=False, packages_select=['interface', 'robot_arm'], packages_skip=None, packages_select_regex=None, packages_skip_regex=None, packages_start=None, packages_end=None, allow_overriding=[], cmake_args=None, cmake_target=None, cmake_target_skip_unavailable=False, cmake_clean_cache=False, cmake_clean_first=False, cmake_force_configure=False, ament_cmake_args=None, catkin_cmake_args=None, catkin_skip_building_tests=False, verb_parser=<colcon_defaults.argument_parser.defaults.DefaultArgumentsDecorator object at 0xffffa510af50>, verb_extension=<colcon_core.verb.build.BuildVerb object at 0xffffa5284550>, main=<bound method BuildVerb.main of <colcon_core.verb.build.BuildVerb object at 0xffffa5284550>>)
[1.067s] Level 1:colcon.colcon_core.package_discovery:discover_packages(colcon_meta) check parameters
[1.068s] Level 1:colcon.colcon_core.package_discovery:discover_packages(recursive) check parameters
[1.068s] Level 1:colcon.colcon_core.package_discovery:discover_packages(ignore) check parameters
[1.068s] Level 1:colcon.colcon_core.package_discovery:discover_packages(path) check parameters
[1.068s] Level 1:colcon.colcon_core.package_discovery:discover_packages(colcon_meta) discover
[1.069s] Level 1:colcon.colcon_core.package_discovery:discover_packages(recursive) discover
[1.069s] INFO:colcon.colcon_core.package_discovery:Crawling recursively for packages in '/home/blakepi/ros2_ws'
[1.069s] Level 1:colcon.colcon_core.package_identification:_identify(.) by extensions ['ignore', 'ignore_ament_install']
[1.070s] Level 1:colcon.colcon_core.package_identification:_identify(.) by extension 'ignore'
[1.070s] Level 1:colcon.colcon_core.package_identification:_identify(.) by extension 'ignore_ament_install'
[1.070s] Level 1:colcon.colcon_core.package_identification:_identify(.) by extensions ['colcon_pkg']
[1.071s] Level 1:colcon.colcon_core.package_identification:_identify(.) by extension 'colcon_pkg'
[1.071s] Level 1:colcon.colcon_core.package_identification:_identify(.) by extensions ['colcon_meta']
[1.071s] Level 1:colcon.colcon_core.package_identification:_identify(.) by extension 'colcon_meta'
[1.071s] Level 1:colcon.colcon_core.package_identification:_identify(.) by extensions ['ros']
[1.071s] Level 1:colcon.colcon_core.package_identification:_identify(.) by extension 'ros'
[1.118s] Level 1:colcon.colcon_core.package_identification:_identify(.) by extensions ['cmake', 'python']
[1.118s] Level 1:colcon.colcon_core.package_identification:_identify(.) by extension 'cmake'
[1.118s] Level 1:colcon.colcon_core.package_identification:_identify(.) by extension 'python'
[1.119s] Level 1:colcon.colcon_core.package_identification:_identify(.) by extensions ['python_setup_py']
[1.119s] Level 1:colcon.colcon_core.package_identification:_identify(.) by extension 'python_setup_py'
[1.119s] Level 1:colcon.colcon_core.package_identification:_identify(build) by extensions ['ignore', 'ignore_ament_install']
[1.120s] Level 1:colcon.colcon_core.package_identification:_identify(build) by extension 'ignore'
[1.120s] Level 1:colcon.colcon_core.package_identification:_identify(build) ignored
[1.121s] Level 1:colcon.colcon_core.package_identification:_identify(install) by extensions ['ignore', 'ignore_ament_install']
[1.121s] Level 1:colcon.colcon_core.package_identification:_identify(install) by extension 'ignore'
[1.121s] Level 1:colcon.colcon_core.package_identification:_identify(install) ignored
[1.122s] Level 1:colcon.colcon_core.package_identification:_identify(log) by extensions ['ignore', 'ignore_ament_install']
[1.122s] Level 1:colcon.colcon_core.package_identification:_identify(log) by extension 'ignore'
[1.123s] Level 1:colcon.colcon_core.package_identification:_identify(log) ignored
[1.123s] Level 1:colcon.colcon_core.package_identification:_identify(src) by extensions ['ignore', 'ignore_ament_install']
[1.123s] Level 1:colcon.colcon_core.package_identification:_identify(src) by extension 'ignore'
[1.124s] Level 1:colcon.colcon_core.package_identification:_identify(src) by extension 'ignore_ament_install'
[1.124s] Level 1:colcon.colcon_core.package_identification:_identify(src) by extensions ['colcon_pkg']
[1.124s] Level 1:colcon.colcon_core.package_identification:_identify(src) by extension 'colcon_pkg'
[1.125s] Level 1:colcon.colcon_core.package_identification:_identify(src) by extensions ['colcon_meta']
[1.125s] Level 1:colcon.colcon_core.package_identification:_identify(src) by extension 'colcon_meta'
[1.125s] Level 1:colcon.colcon_core.package_identification:_identify(src) by extensions ['ros']
[1.126s] Level 1:colcon.colcon_core.package_identification:_identify(src) by extension 'ros'
[1.126s] Level 1:colcon.colcon_core.package_identification:_identify(src) by extensions ['cmake', 'python']
[1.126s] Level 1:colcon.colcon_core.package_identification:_identify(src) by extension 'cmake'
[1.127s] Level 1:colcon.colcon_core.package_identification:_identify(src) by extension 'python'
[1.127s] Level 1:colcon.colcon_core.package_identification:_identify(src) by extensions ['python_setup_py']
[1.127s] Level 1:colcon.colcon_core.package_identification:_identify(src) by extension 'python_setup_py'
[1.128s] Level 1:colcon.colcon_core.package_identification:_identify(src/interface) by extensions ['ignore', 'ignore_ament_install']
[1.129s] Level 1:colcon.colcon_core.package_identification:_identify(src/interface) by extension 'ignore'
[1.129s] Level 1:colcon.colcon_core.package_identification:_identify(src/interface) by extension 'ignore_ament_install'
[1.130s] Level 1:colcon.colcon_core.package_identification:_identify(src/interface) by extensions ['colcon_pkg']
[1.130s] Level 1:colcon.colcon_core.package_identification:_identify(src/interface) by extension 'colcon_pkg'
[1.130s] Level 1:colcon.colcon_core.package_identification:_identify(src/interface) by extensions ['colcon_meta']
[1.130s] Level 1:colcon.colcon_core.package_identification:_identify(src/interface) by extension 'colcon_meta'
[1.130s] Level 1:colcon.colcon_core.package_identification:_identify(src/interface) by extensions ['ros']
[1.131s] Level 1:colcon.colcon_core.package_identification:_identify(src/interface) by extension 'ros'
[1.139s] DEBUG:colcon.colcon_core.package_identification:Package 'src/interface' with type 'ros.ament_cmake' and name 'interface'
[1.140s] Level 1:colcon.colcon_core.package_identification:_identify(src/python_pkgs) by extensions ['ignore', 'ignore_ament_install']
[1.140s] Level 1:colcon.colcon_core.package_identification:_identify(src/python_pkgs) by extension 'ignore'
[1.140s] Level 1:colcon.colcon_core.package_identification:_identify(src/python_pkgs) by extension 'ignore_ament_install'
[1.140s] Level 1:colcon.colcon_core.package_identification:_identify(src/python_pkgs) by extensions ['colcon_pkg']
[1.141s] Level 1:colcon.colcon_core.package_identification:_identify(src/python_pkgs) by extension 'colcon_pkg'
[1.141s] Level 1:colcon.colcon_core.package_identification:_identify(src/python_pkgs) by extensions ['colcon_meta']
[1.141s] Level 1:colcon.colcon_core.package_identification:_identify(src/python_pkgs) by extension 'colcon_meta'
[1.141s] Level 1:colcon.colcon_core.package_identification:_identify(src/python_pkgs) by extensions ['ros']
[1.141s] Level 1:colcon.colcon_core.package_identification:_identify(src/python_pkgs) by extension 'ros'
[1.143s] DEBUG:colcon.colcon_core.package_identification:Package 'src/python_pkgs' with type 'ros.ament_python' and name 'python_pkgs'
[1.144s] Level 1:colcon.colcon_core.package_identification:_identify(src/robot_arm) by extensions ['ignore', 'ignore_ament_install']
[1.144s] Level 1:colcon.colcon_core.package_identification:_identify(src/robot_arm) by extension 'ignore'
[1.145s] Level 1:colcon.colcon_core.package_identification:_identify(src/robot_arm) by extension 'ignore_ament_install'
[1.145s] Level 1:colcon.colcon_core.package_identification:_identify(src/robot_arm) by extensions ['colcon_pkg']
[1.145s] Level 1:colcon.colcon_core.package_identification:_identify(src/robot_arm) by extension 'colcon_pkg'
[1.145s] Level 1:colcon.colcon_core.package_identification:_identify(src/robot_arm) by extensions ['colcon_meta']
[1.146s] Level 1:colcon.colcon_core.package_identification:_identify(src/robot_arm) by extension 'colcon_meta'
[1.146s] Level 1:colcon.colcon_core.package_identification:_identify(src/robot_arm) by extensions ['ros']
[1.146s] Level 1:colcon.colcon_core.package_identification:_identify(src/robot_arm) by extension 'ros'
[1.154s] DEBUG:colcon.colcon_core.package_identification:Package 'src/robot_arm' with type 'ros.ament_cmake' and name 'robot_arm'
[1.155s] Level 1:colcon.colcon_core.package_discovery:discover_packages(recursive) using defaults
[1.155s] Level 1:colcon.colcon_core.package_discovery:discover_packages(ignore) discover
[1.155s] Level 1:colcon.colcon_core.package_discovery:discover_packages(ignore) using defaults
[1.155s] Level 1:colcon.colcon_core.package_discovery:discover_packages(path) discover
[1.155s] Level 1:colcon.colcon_core.package_discovery:discover_packages(path) using defaults
[1.230s] INFO:colcon.colcon_core.package_selection:Skipping not selected package 'python_pkgs' in 'src/python_pkgs'
[1.232s] Level 1:colcon.colcon_core.package_discovery:discover_packages(prefix_path) check parameters
[1.232s] Level 1:colcon.colcon_core.package_discovery:discover_packages(prefix_path) discover
[1.237s] WARNING:colcon.colcon_ros.prefix_path.ament:The path '/home/blakepi/ros2_ws/install/bluetooth_communication' in the environment variable AMENT_PREFIX_PATH doesn't exist
[1.241s] DEBUG:colcon.colcon_installed_package_information.package_discovery:Found 3 installed packages in /home/blakepi/ros2_ws/install
[1.248s] DEBUG:colcon.colcon_installed_package_information.package_discovery:Found 180 installed packages in /opt/ros/humble
[1.252s] Level 1:colcon.colcon_core.package_discovery:discover_packages(prefix_path) using defaults
[1.396s] Level 5:colcon.colcon_core.verb:set package 'interface' build argument 'cmake_args' from command line to 'None'
[1.397s] Level 5:colcon.colcon_core.verb:set package 'interface' build argument 'cmake_target' from command line to 'None'
[1.397s] Level 5:colcon.colcon_core.verb:set package 'interface' build argument 'cmake_target_skip_unavailable' from command line to 'False'
[1.397s] Level 5:colcon.colcon_core.verb:set package 'interface' build argument 'cmake_clean_cache' from command line to 'False'
[1.397s] Level 5:colcon.colcon_core.verb:set package 'interface' build argument 'cmake_clean_first' from command line to 'False'
[1.397s] Level 5:colcon.colcon_core.verb:set package 'interface' build argument 'cmake_force_configure' from command line to 'False'
[1.397s] Level 5:colcon.colcon_core.verb:set package 'interface' build argument 'ament_cmake_args' from command line to 'None'
[1.397s] Level 5:colcon.colcon_core.verb:set package 'interface' build argument 'catkin_cmake_args' from command line to 'None'
[1.398s] Level 5:colcon.colcon_core.verb:set package 'interface' build argument 'catkin_skip_building_tests' from command line to 'False'
[1.398s] DEBUG:colcon.colcon_core.verb:Building package 'interface' with the following arguments: {'ament_cmake_args': None, 'build_base': '/home/blakepi/ros2_ws/build/interface', 'catkin_cmake_args': None, 'catkin_skip_building_tests': False, 'cmake_args': None, 'cmake_clean_cache': False, 'cmake_clean_first': False, 'cmake_force_configure': False, 'cmake_target': None, 'cmake_target_skip_unavailable': False, 'install_base': '/home/blakepi/ros2_ws/install/interface', 'merge_install': False, 'path': '/home/blakepi/ros2_ws/src/interface', 'symlink_install': False, 'test_result_base': None}
[1.399s] Level 5:colcon.colcon_core.verb:set package 'robot_arm' build argument 'cmake_args' from command line to 'None'
[1.399s] Level 5:colcon.colcon_core.verb:set package 'robot_arm' build argument 'cmake_target' from command line to 'None'
[1.400s] Level 5:colcon.colcon_core.verb:set package 'robot_arm' build argument 'cmake_target_skip_unavailable' from command line to 'False'
[1.400s] Level 5:colcon.colcon_core.verb:set package 'robot_arm' build argument 'cmake_clean_cache' from command line to 'False'
[1.400s] Level 5:colcon.colcon_core.verb:set package 'robot_arm' build argument 'cmake_clean_first' from command line to 'False'
[1.400s] Level 5:colcon.colcon_core.verb:set package 'robot_arm' build argument 'cmake_force_configure' from command line to 'False'
[1.400s] Level 5:colcon.colcon_core.verb:set package 'robot_arm' build argument 'ament_cmake_args' from command line to 'None'
[1.400s] Level 5:colcon.colcon_core.verb:set package 'robot_arm' build argument 'catkin_cmake_args' from command line to 'None'
[1.400s] Level 5:colcon.colcon_core.verb:set package 'robot_arm' build argument 'catkin_skip_building_tests' from command line to 'False'
[1.401s] DEBUG:colcon.colcon_core.verb:Building package 'robot_arm' with the following arguments: {'ament_cmake_args': None, 'build_base': '/home/blakepi/ros2_ws/build/robot_arm', 'catkin_cmake_args': None, 'catkin_skip_building_tests': False, 'cmake_args': None, 'cmake_clean_cache': False, 'cmake_clean_first': False, 'cmake_force_configure': False, 'cmake_target': None, 'cmake_target_skip_unavailable': False, 'install_base': '/home/blakepi/ros2_ws/install/robot_arm', 'merge_install': False, 'path': '/home/blakepi/ros2_ws/src/robot_arm', 'symlink_install': False, 'test_result_base': None}
[1.401s] INFO:colcon.colcon_core.executor:Executing jobs using 'parallel' executor
[1.405s] DEBUG:colcon.colcon_parallel_executor.executor.parallel:run_until_complete
[1.406s] INFO:colcon.colcon_ros.task.ament_cmake.build:Building ROS package in '/home/blakepi/ros2_ws/src/interface' with build type 'ament_cmake'
[1.406s] INFO:colcon.colcon_cmake.task.cmake.build:Building CMake package in '/home/blakepi/ros2_ws/src/interface'
[1.416s] INFO:colcon.colcon_core.plugin_system:Skipping extension 'colcon_core.shell.bat': Not used on non-Windows systems
[1.417s] INFO:colcon.colcon_core.shell:Skip shell extension 'powershell' for command environment: Not usable outside of PowerShell
[1.417s] DEBUG:colcon.colcon_core.shell:Skip shell extension 'dsv' for command environment
[1.457s] DEBUG:colcon.colcon_core.event_handler.log_command:Invoking command in '/home/blakepi/ros2_ws/build/interface': CMAKE_PREFIX_PATH=${CMAKE_PREFIX_PATH}:/home/blakepi/ros2_ws/install/python_pkgs:/home/blakepi/ros2_ws/install/bluetooth_communication:/opt/ros/humble /usr/bin/cmake --build /home/blakepi/ros2_ws/build/interface -- -j4 -l4
[3.602s] DEBUG:colcon.colcon_core.event_handler.log_command:Invoked command in '/home/blakepi/ros2_ws/build/interface' returned '0': CMAKE_PREFIX_PATH=${CMAKE_PREFIX_PATH}:/home/blakepi/ros2_ws/install/python_pkgs:/home/blakepi/ros2_ws/install/bluetooth_communication:/opt/ros/humble /usr/bin/cmake --build /home/blakepi/ros2_ws/build/interface -- -j4 -l4
[4.159s] DEBUG:colcon.colcon_core.event_handler.log_command:Invoking command in '/home/blakepi/ros2_ws/build/interface': CMAKE_PREFIX_PATH=${CMAKE_PREFIX_PATH}:/home/blakepi/ros2_ws/install/python_pkgs:/home/blakepi/ros2_ws/install/bluetooth_communication:/opt/ros/humble /usr/bin/cmake --install /home/blakepi/ros2_ws/build/interface
[4.584s] Level 1:colcon.colcon_core.environment:create_environment_scripts_only(interface)
[4.597s] DEBUG:colcon.colcon_core.event_handler.log_command:Invoked command in '/home/blakepi/ros2_ws/build/interface' returned '0': CMAKE_PREFIX_PATH=${CMAKE_PREFIX_PATH}:/home/blakepi/ros2_ws/install/python_pkgs:/home/blakepi/ros2_ws/install/bluetooth_communication:/opt/ros/humble /usr/bin/cmake --install /home/blakepi/ros2_ws/build/interface
[4.600s] Level 1:colcon.colcon_core.environment:checking '/home/blakepi/ros2_ws/install/interface' for CMake module files
[4.605s] Level 1:colcon.colcon_core.environment:checking '/home/blakepi/ros2_ws/install/interface' for CMake config files
[4.608s] Level 1:colcon.colcon_core.shell:create_environment_hook('interface', 'cmake_prefix_path')
[4.610s] INFO:colcon.colcon_core.shell:Creating environment hook '/home/blakepi/ros2_ws/install/interface/share/interface/hook/cmake_prefix_path.ps1'
[4.613s] INFO:colcon.colcon_core.shell:Creating environment descriptor '/home/blakepi/ros2_ws/install/interface/share/interface/hook/cmake_prefix_path.dsv'
[4.615s] INFO:colcon.colcon_core.shell:Creating environment hook '/home/blakepi/ros2_ws/install/interface/share/interface/hook/cmake_prefix_path.sh'
[4.620s] Level 1:colcon.colcon_core.environment:checking '/home/blakepi/ros2_ws/install/interface/lib'
[4.621s] Level 1:colcon.colcon_core.shell:create_environment_hook('interface', 'ld_library_path_lib')
[4.622s] INFO:colcon.colcon_core.shell:Creating environment hook '/home/blakepi/ros2_ws/install/interface/share/interface/hook/ld_library_path_lib.ps1'
[4.624s] INFO:colcon.colcon_core.shell:Creating environment descriptor '/home/blakepi/ros2_ws/install/interface/share/interface/hook/ld_library_path_lib.dsv'
[4.626s] INFO:colcon.colcon_core.shell:Creating environment hook '/home/blakepi/ros2_ws/install/interface/share/interface/hook/ld_library_path_lib.sh'
[4.629s] Level 1:colcon.colcon_core.environment:checking '/home/blakepi/ros2_ws/install/interface/bin'
[4.629s] Level 1:colcon.colcon_core.environment:checking '/home/blakepi/ros2_ws/install/interface/lib/pkgconfig/interface.pc'
[4.630s] Level 1:colcon.colcon_core.environment:checking '/home/blakepi/ros2_ws/install/interface/lib/python3.10/site-packages'
[4.631s] Level 1:colcon.colcon_core.environment:checking '/home/blakepi/ros2_ws/install/interface/bin'
[4.633s] INFO:colcon.colcon_core.shell:Creating package script '/home/blakepi/ros2_ws/install/interface/share/interface/package.ps1'
[4.637s] INFO:colcon.colcon_core.shell:Creating package descriptor '/home/blakepi/ros2_ws/install/interface/share/interface/package.dsv'
[4.640s] INFO:colcon.colcon_core.shell:Creating package script '/home/blakepi/ros2_ws/install/interface/share/interface/package.sh'
[4.644s] INFO:colcon.colcon_core.shell:Creating package script '/home/blakepi/ros2_ws/install/interface/share/interface/package.bash'
[4.648s] INFO:colcon.colcon_core.shell:Creating package script '/home/blakepi/ros2_ws/install/interface/share/interface/package.zsh'
[4.651s] Level 1:colcon.colcon_core.environment:create_file_with_runtime_dependencies(/home/blakepi/ros2_ws/install/interface/share/colcon-core/packages/interface)
[5.140s] Level 1:colcon.colcon_core.environment:create_environment_scripts_only(interface)
[5.142s] Level 1:colcon.colcon_core.environment:checking '/home/blakepi/ros2_ws/install/interface' for CMake module files
[5.146s] Level 1:colcon.colcon_core.environment:checking '/home/blakepi/ros2_ws/install/interface' for CMake config files
[5.150s] Level 1:colcon.colcon_core.shell:create_environment_hook('interface', 'cmake_prefix_path')
[5.152s] INFO:colcon.colcon_core.shell:Creating environment hook '/home/blakepi/ros2_ws/install/interface/share/interface/hook/cmake_prefix_path.ps1'
[5.154s] INFO:colcon.colcon_core.shell:Creating environment descriptor '/home/blakepi/ros2_ws/install/interface/share/interface/hook/cmake_prefix_path.dsv'
[5.157s] INFO:colcon.colcon_core.shell:Creating environment hook '/home/blakepi/ros2_ws/install/interface/share/interface/hook/cmake_prefix_path.sh'
[5.161s] Level 1:colcon.colcon_core.environment:checking '/home/blakepi/ros2_ws/install/interface/lib'
[5.161s] Level 1:colcon.colcon_core.shell:create_environment_hook('interface', 'ld_library_path_lib')
[5.163s] INFO:colcon.colcon_core.shell:Creating environment hook '/home/blakepi/ros2_ws/install/interface/share/interface/hook/ld_library_path_lib.ps1'
[5.165s] INFO:colcon.colcon_core.shell:Creating environment descriptor '/home/blakepi/ros2_ws/install/interface/share/interface/hook/ld_library_path_lib.dsv'
[5.167s] INFO:colcon.colcon_core.shell:Creating environment hook '/home/blakepi/ros2_ws/install/interface/share/interface/hook/ld_library_path_lib.sh'
[5.170s] Level 1:colcon.colcon_core.environment:checking '/home/blakepi/ros2_ws/install/interface/bin'
[5.171s] Level 1:colcon.colcon_core.environment:checking '/home/blakepi/ros2_ws/install/interface/lib/pkgconfig/interface.pc'
[5.172s] Level 1:colcon.colcon_core.environment:checking '/home/blakepi/ros2_ws/install/interface/lib/python3.10/site-packages'
[5.173s] Level 1:colcon.colcon_core.environment:checking '/home/blakepi/ros2_ws/install/interface/bin'
[5.175s] INFO:colcon.colcon_core.shell:Creating package script '/home/blakepi/ros2_ws/install/interface/share/interface/package.ps1'
[5.178s] INFO:colcon.colcon_core.shell:Creating package descriptor '/home/blakepi/ros2_ws/install/interface/share/interface/package.dsv'
[5.181s] INFO:colcon.colcon_core.shell:Creating package script '/home/blakepi/ros2_ws/install/interface/share/interface/package.sh'
[5.184s] INFO:colcon.colcon_core.shell:Creating package script '/home/blakepi/ros2_ws/install/interface/share/interface/package.bash'
[5.187s] INFO:colcon.colcon_core.shell:Creating package script '/home/blakepi/ros2_ws/install/interface/share/interface/package.zsh'
[5.190s] Level 1:colcon.colcon_core.environment:create_file_with_runtime_dependencies(/home/blakepi/ros2_ws/install/interface/share/colcon-core/packages/interface)
[5.192s] INFO:colcon.colcon_ros.task.ament_cmake.build:Building ROS package in '/home/blakepi/ros2_ws/src/robot_arm' with build type 'ament_cmake'
[5.193s] INFO:colcon.colcon_cmake.task.cmake.build:Building CMake package in '/home/blakepi/ros2_ws/src/robot_arm'
[5.194s] INFO:colcon.colcon_core.shell:Skip shell extension 'powershell' for command environment: Not usable outside of PowerShell
[5.195s] DEBUG:colcon.colcon_core.shell:Skip shell extension 'dsv' for command environment
[5.253s] DEBUG:colcon.colcon_core.event_handler.log_command:Invoking command in '/home/blakepi/ros2_ws/build/robot_arm': CMAKE_PREFIX_PATH=${CMAKE_PREFIX_PATH}:/home/blakepi/ros2_ws/install/python_pkgs:/home/blakepi/ros2_ws/install/bluetooth_communication:/opt/ros/humble /usr/bin/cmake --build /home/blakepi/ros2_ws/build/robot_arm -- -j4 -l4
[26.637s] DEBUG:colcon.colcon_core.event_handler.log_command:Invoked command in '/home/blakepi/ros2_ws/build/robot_arm' returned '2': CMAKE_PREFIX_PATH=${CMAKE_PREFIX_PATH}:/home/blakepi/ros2_ws/install/python_pkgs:/home/blakepi/ros2_ws/install/bluetooth_communication:/opt/ros/humble /usr/bin/cmake --build /home/blakepi/ros2_ws/build/robot_arm -- -j4 -l4
[26.842s] Level 1:colcon.colcon_core.environment:create_environment_scripts_only(robot_arm)
[26.844s] Level 1:colcon.colcon_core.environment:checking '/home/blakepi/ros2_ws/install/robot_arm' for CMake module files
[26.847s] Level 1:colcon.colcon_core.environment:checking '/home/blakepi/ros2_ws/install/robot_arm' for CMake config files
[26.849s] Level 1:colcon.colcon_core.shell:create_environment_hook('robot_arm', 'cmake_prefix_path')
[26.850s] INFO:colcon.colcon_core.shell:Creating environment hook '/home/blakepi/ros2_ws/install/robot_arm/share/robot_arm/hook/cmake_prefix_path.ps1'
[26.852s] INFO:colcon.colcon_core.shell:Creating environment descriptor '/home/blakepi/ros2_ws/install/robot_arm/share/robot_arm/hook/cmake_prefix_path.dsv'
[26.855s] INFO:colcon.colcon_core.shell:Creating environment hook '/home/blakepi/ros2_ws/install/robot_arm/share/robot_arm/hook/cmake_prefix_path.sh'
[26.858s] Level 1:colcon.colcon_core.environment:checking '/home/blakepi/ros2_ws/install/robot_arm/lib'
[26.858s] Level 1:colcon.colcon_core.environment:checking '/home/blakepi/ros2_ws/install/robot_arm/bin'
[26.858s] Level 1:colcon.colcon_core.environment:checking '/home/blakepi/ros2_ws/install/robot_arm/lib/pkgconfig/robot_arm.pc'
[26.860s] Level 1:colcon.colcon_core.environment:checking '/home/blakepi/ros2_ws/install/robot_arm/lib/python3.10/site-packages'
[26.861s] Level 1:colcon.colcon_core.environment:checking '/home/blakepi/ros2_ws/install/robot_arm/bin'
[26.862s] INFO:colcon.colcon_core.shell:Creating package script '/home/blakepi/ros2_ws/install/robot_arm/share/robot_arm/package.ps1'
[26.864s] INFO:colcon.colcon_core.shell:Creating package descriptor '/home/blakepi/ros2_ws/install/robot_arm/share/robot_arm/package.dsv'
[26.867s] INFO:colcon.colcon_core.shell:Creating package script '/home/blakepi/ros2_ws/install/robot_arm/share/robot_arm/package.sh'
[26.869s] INFO:colcon.colcon_core.shell:Creating package script '/home/blakepi/ros2_ws/install/robot_arm/share/robot_arm/package.bash'
[26.871s] INFO:colcon.colcon_core.shell:Creating package script '/home/blakepi/ros2_ws/install/robot_arm/share/robot_arm/package.zsh'
[26.873s] Level 1:colcon.colcon_core.environment:create_file_with_runtime_dependencies(/home/blakepi/ros2_ws/install/robot_arm/share/colcon-core/packages/robot_arm)
[26.884s] DEBUG:colcon.colcon_parallel_executor.executor.parallel:closing loop
[26.885s] DEBUG:colcon.colcon_parallel_executor.executor.parallel:loop closed
[26.886s] DEBUG:colcon.colcon_parallel_executor.executor.parallel:run_until_complete finished with '2'
[26.886s] DEBUG:colcon.colcon_core.event_reactor:joining thread
[26.911s] INFO:colcon.colcon_core.plugin_system:Skipping extension 'colcon_notification.desktop_notification.notify_send': Could not find 'notify-send'
[26.912s] INFO:colcon.colcon_core.plugin_system:Skipping extension 'colcon_notification.desktop_notification.terminal_notifier': Not used on non-Darwin systems
[26.912s] INFO:colcon.colcon_core.plugin_system:Skipping extension 'colcon_notification.desktop_notification.win32': Not used on non-Windows systems
[26.912s] INFO:colcon.colcon_notification.desktop_notification:Sending desktop notification using 'notify2'
[26.913s] DEBUG:colcon.colcon_notification.desktop_notification.notify2:Failed to initialize notify2: org.freedesktop.DBus.Error.NoReply: Did not receive a reply. Possible causes include: the remote application did not send a reply, the message bus security policy blocked the reply, the reply timeout expired, or the network connection was broken.
[26.914s] DEBUG:colcon.colcon_core.event_reactor:joined thread
[26.915s] INFO:colcon.colcon_core.shell:Creating prefix script '/home/blakepi/ros2_ws/install/local_setup.ps1'
[26.919s] INFO:colcon.colcon_core.shell:Creating prefix util module '/home/blakepi/ros2_ws/install/_local_setup_util_ps1.py'
[26.924s] INFO:colcon.colcon_core.shell:Creating prefix chain script '/home/blakepi/ros2_ws/install/setup.ps1'
[26.930s] INFO:colcon.colcon_core.shell:Creating prefix script '/home/blakepi/ros2_ws/install/local_setup.sh'
[26.933s] INFO:colcon.colcon_core.shell:Creating prefix util module '/home/blakepi/ros2_ws/install/_local_setup_util_sh.py'
[26.935s] INFO:colcon.colcon_core.shell:Creating prefix chain script '/home/blakepi/ros2_ws/install/setup.sh'
[26.940s] INFO:colcon.colcon_core.shell:Creating prefix script '/home/blakepi/ros2_ws/install/local_setup.bash'
[26.942s] INFO:colcon.colcon_core.shell:Creating prefix chain script '/home/blakepi/ros2_ws/install/setup.bash'
[26.947s] INFO:colcon.colcon_core.shell:Creating prefix script '/home/blakepi/ros2_ws/install/local_setup.zsh'
[26.950s] INFO:colcon.colcon_core.shell:Creating prefix chain script '/home/blakepi/ros2_ws/install/setup.zsh'
