[7.442s] Invoking command in '/home/blakepi/ros2_ws/src/python_pkgs': PYTHONPATH=/home/blakepi/ros2_ws/build/python_pkgs/prefix_override:/usr/lib/python3/dist-packages/colcon_core/task/python/colcon_distutils_commands:/home/blakepi/ros2_ws/install/python_pkgs/lib/python3.10/site-packages:${PYTHONPATH} /usr/bin/python3 -W ignore:setup.py install is deprecated setup.py egg_info --egg-base ../../build/python_pkgs build --build-base /home/blakepi/ros2_ws/build/python_pkgs/build install --record /home/blakepi/ros2_ws/build/python_pkgs/install.log --single-version-externally-managed install_data
[9.078s] running egg_info
[9.081s] writing ../../build/python_pkgs/python_pkgs.egg-info/PKG-INFO
[9.083s] writing dependency_links to ../../build/python_pkgs/python_pkgs.egg-info/dependency_links.txt
[9.084s] writing entry points to ../../build/python_pkgs/python_pkgs.egg-info/entry_points.txt
[9.089s] writing requirements to ../../build/python_pkgs/python_pkgs.egg-info/requires.txt
[9.091s] writing top-level names to ../../build/python_pkgs/python_pkgs.egg-info/top_level.txt
[9.096s] reading manifest file '../../build/python_pkgs/python_pkgs.egg-info/SOURCES.txt'
[9.103s] writing manifest file '../../build/python_pkgs/python_pkgs.egg-info/SOURCES.txt'
[9.104s] running build
[9.105s] running build_py
[9.115s] running install
[9.116s] running install_lib
[9.116s] running install_data
[9.117s] running install_egg_info
[9.126s] removing '/home/blakepi/ros2_ws/install/python_pkgs/lib/python3.10/site-packages/python_pkgs-0.0.0-py3.10.egg-info' (and everything under it)
[9.128s] Copying ../../build/python_pkgs/python_pkgs.egg-info to /home/blakepi/ros2_ws/install/python_pkgs/lib/python3.10/site-packages/python_pkgs-0.0.0-py3.10.egg-info
[9.137s] running install_scripts
[9.242s] Installing bluetooth_node script to /home/blakepi/ros2_ws/install/python_pkgs/lib/python_pkgs
[9.244s] writing list of installed files to '/home/blakepi/ros2_ws/build/python_pkgs/install.log'
[9.386s] Invoked command in '/home/blakepi/ros2_ws/src/python_pkgs' returned '0': PYTHONPATH=/home/blakepi/ros2_ws/build/python_pkgs/prefix_override:/usr/lib/python3/dist-packages/colcon_core/task/python/colcon_distutils_commands:/home/blakepi/ros2_ws/install/python_pkgs/lib/python3.10/site-packages:${PYTHONPATH} /usr/bin/python3 -W ignore:setup.py install is deprecated setup.py egg_info --egg-base ../../build/python_pkgs build --build-base /home/blakepi/ros2_ws/build/python_pkgs/build install --record /home/blakepi/ros2_ws/build/python_pkgs/install.log --single-version-externally-managed install_data
