[0.045s] Invoking command in '/home/blakepi/ros2_ws/build/robot_arm': CMAKE_PREFIX_PATH=${CMAKE_PREFIX_PATH}:/opt/ros/humble /usr/bin/cmake --build /home/blakepi/ros2_ws/build/robot_arm -- -j4 -l4
[0.232s] [35m[1mConsolidate compiler generated dependencies of target servo_node[0m
[0.293s] [ 33%] Built target servo_publisher_node
[0.314s] [ 50%] [32mBuilding CXX object CMakeFiles/bluetooth_node.dir/src/bluetooth_node.cpp.o[0m
[0.353s] [ 66%] [32mBuilding CXX object CMakeFiles/servo_node.dir/src/servo_controller.cpp.o[0m
[1.923s] [01m[K/home/blakepi/ros2_ws/src/robot_arm/src/bluetooth_node.cpp:9:10:[m[K [01;31m[Kfatal error: [m[Krobot_arm/servo_config.hpp: No such file or directory
[1.924s]     9 | #include [01;31m[K<robot_arm/servo_config.hpp>[m[K
[1.924s]       |          [01;31m[K^~~~~~~~~~~~~~~~~~~~~~~~~~~~[m[K
[1.925s] compilation terminated.
[1.935s] gmake[2]: *** [CMakeFiles/bluetooth_node.dir/build.make:76: CMakeFiles/bluetooth_node.dir/src/bluetooth_node.cpp.o] Error 1
[1.936s] gmake[1]: *** [CMakeFiles/Makefile2:193: CMakeFiles/bluetooth_node.dir/all] Error 2
[1.936s] gmake[1]: *** Waiting for unfinished jobs....
[1.953s] [01m[K/home/blakepi/ros2_ws/src/robot_arm/src/servo_controller.cpp:7:10:[m[K [01;31m[Kfatal error: [m[Krobot_arm/servo_config.hpp: No such file or directory
[1.955s]     7 | #include [01;31m[K"robot_arm/servo_config.hpp"[m[K
[1.955s]       |          [01;31m[K^~~~~~~~~~~~~~~~~~~~~~~~~~~~[m[K
[1.956s] compilation terminated.
[1.972s] gmake[2]: *** [CMakeFiles/servo_node.dir/build.make:76: CMakeFiles/servo_node.dir/src/servo_controller.cpp.o] Error 1
[1.973s] gmake[1]: *** [CMakeFiles/Makefile2:167: CMakeFiles/servo_node.dir/all] Error 2
[1.973s] gmake: *** [Makefile:146: all] Error 2
[1.978s] Invoked command in '/home/blakepi/ros2_ws/build/robot_arm' returned '2': CMAKE_PREFIX_PATH=${CMAKE_PREFIX_PATH}:/opt/ros/humble /usr/bin/cmake --build /home/blakepi/ros2_ws/build/robot_arm -- -j4 -l4
