[0.068s] Invoking command in '/home/blakepi/ros2_ws/build/interface': CMAKE_PREFIX_PATH=${CMAKE_PREFIX_PATH}:/home/blakepi/ros2_ws/install/python_pkgs:/opt/ros/humble /usr/bin/cmake --build /home/blakepi/ros2_ws/build/interface -- -j4 -l4
[0.356s] [  2%] Built target interface__cpp
[0.390s] [ 12%] Built target interface__rosidl_generator_c
[0.452s] [ 12%] Built target ament_cmake_python_copy_interface
[0.539s] [ 23%] Built target interface__rosidl_typesupport_cpp
[0.592s] [ 33%] Built target interface__rosidl_typesupport_fastrtps_cpp
[0.608s] [ 43%] Built target interface__rosidl_typesupport_introspection_cpp
[0.674s] [ 53%] Built target interface__rosidl_typesupport_fastrtps_c
[0.741s] [ 64%] Built target interface__rosidl_typesupport_introspection_c
[0.752s] [ 74%] Built target interface__rosidl_typesupport_c
[1.010s] [ 74%] Built target interface
[1.245s] [ 76%] Built target interface__py
[1.456s] [ 84%] Built target interface__rosidl_generator_py
[1.692s] [ 89%] Built target interface__rosidl_typesupport_fastrtps_c__pyext
[1.732s] [ 94%] Built target interface__rosidl_typesupport_introspection_c__pyext
[1.776s] [100%] Built target interface__rosidl_typesupport_c__pyext
[2.626s] running egg_info
[2.631s] writing interface.egg-info/PKG-INFO
[2.633s] writing dependency_links to interface.egg-info/dependency_links.txt
[2.636s] writing top-level names to interface.egg-info/top_level.txt
[2.651s] reading manifest file 'interface.egg-info/SOURCES.txt'
[2.656s] writing manifest file 'interface.egg-info/SOURCES.txt'
[2.858s] [100%] Built target ament_cmake_python_build_interface_egg
[2.945s] Invoked command in '/home/blakepi/ros2_ws/build/interface' returned '0': CMAKE_PREFIX_PATH=${CMAKE_PREFIX_PATH}:/home/blakepi/ros2_ws/install/python_pkgs:/opt/ros/humble /usr/bin/cmake --build /home/blakepi/ros2_ws/build/interface -- -j4 -l4
[3.777s] Invoking command in '/home/blakepi/ros2_ws/build/interface': CMAKE_PREFIX_PATH=${CMAKE_PREFIX_PATH}:/home/blakepi/ros2_ws/install/python_pkgs:/opt/ros/humble /usr/bin/cmake --install /home/blakepi/ros2_ws/build/interface
[3.815s] -- Install configuration: ""
[3.817s] -- Up-to-date: /home/blakepi/ros2_ws/install/interface/share/ament_index/resource_index/rosidl_interfaces/interface
[3.819s] -- Up-to-date: /home/blakepi/ros2_ws/install/interface/include/interface/interface
[3.820s] -- Up-to-date: /home/blakepi/ros2_ws/install/interface/include/interface/interface/msg
[3.821s] -- Up-to-date: /home/blakepi/ros2_ws/install/interface/include/interface/interface/msg/servo_motor_state_change.h
[3.823s] -- Up-to-date: /home/blakepi/ros2_ws/install/interface/include/interface/interface/msg/detail
[3.825s] -- Up-to-date: /home/blakepi/ros2_ws/install/interface/include/interface/interface/msg/detail/servo_motor_state__struct.h
[3.826s] -- Up-to-date: /home/blakepi/ros2_ws/install/interface/include/interface/interface/msg/detail/servo_motor_state_change__type_support.h
[3.828s] -- Up-to-date: /home/blakepi/ros2_ws/install/interface/include/interface/interface/msg/detail/servo_motor_state_change__functions.h
[3.829s] -- Up-to-date: /home/blakepi/ros2_ws/install/interface/include/interface/interface/msg/detail/servo_motor_state__type_support.h
[3.830s] -- Up-to-date: /home/blakepi/ros2_ws/install/interface/include/interface/interface/msg/detail/servo_motor_state_change__functions.c
[3.832s] -- Up-to-date: /home/blakepi/ros2_ws/install/interface/include/interface/interface/msg/detail/servo_motor_state_change__struct.h
[3.833s] -- Up-to-date: /home/blakepi/ros2_ws/install/interface/include/interface/interface/msg/detail/servo_motor_state__functions.h
[3.835s] -- Up-to-date: /home/blakepi/ros2_ws/install/interface/include/interface/interface/msg/detail/servo_motor_state__functions.c
[3.837s] -- Up-to-date: /home/blakepi/ros2_ws/install/interface/include/interface/interface/msg/servo_motor_state.h
[3.838s] -- Up-to-date: /home/blakepi/ros2_ws/install/interface/include/interface/interface/msg/rosidl_generator_c__visibility_control.h
[3.839s] -- Up-to-date: /home/blakepi/ros2_ws/install/interface/share/interface/environment/library_path.sh
[3.841s] -- Up-to-date: /home/blakepi/ros2_ws/install/interface/share/interface/environment/library_path.dsv
[3.844s] -- Up-to-date: /home/blakepi/ros2_ws/install/interface/lib/libinterface__rosidl_generator_c.so
[3.846s] -- Up-to-date: /home/blakepi/ros2_ws/install/interface/include/interface/interface
[3.848s] -- Up-to-date: /home/blakepi/ros2_ws/install/interface/include/interface/interface/msg
[3.849s] -- Up-to-date: /home/blakepi/ros2_ws/install/interface/include/interface/interface/msg/rosidl_typesupport_fastrtps_c__visibility_control.h
[3.851s] -- Up-to-date: /home/blakepi/ros2_ws/install/interface/include/interface/interface/msg/detail
[3.852s] -- Up-to-date: /home/blakepi/ros2_ws/install/interface/include/interface/interface/msg/detail/servo_motor_state__rosidl_typesupport_fastrtps_c.h
[3.855s] -- Up-to-date: /home/blakepi/ros2_ws/install/interface/include/interface/interface/msg/detail/servo_motor_state_change__rosidl_typesupport_fastrtps_c.h
[3.858s] -- Up-to-date: /home/blakepi/ros2_ws/install/interface/lib/libinterface__rosidl_typesupport_fastrtps_c.so
[3.861s] -- Up-to-date: /home/blakepi/ros2_ws/install/interface/include/interface/interface
[3.862s] -- Up-to-date: /home/blakepi/ros2_ws/install/interface/include/interface/interface/msg
[3.864s] -- Up-to-date: /home/blakepi/ros2_ws/install/interface/include/interface/interface/msg/servo_motor_state.hpp
[3.865s] -- Up-to-date: /home/blakepi/ros2_ws/install/interface/include/interface/interface/msg/servo_motor_state_change.hpp
[3.867s] -- Up-to-date: /home/blakepi/ros2_ws/install/interface/include/interface/interface/msg/detail
[3.868s] -- Up-to-date: /home/blakepi/ros2_ws/install/interface/include/interface/interface/msg/detail/servo_motor_state__struct.hpp
[3.870s] -- Up-to-date: /home/blakepi/ros2_ws/install/interface/include/interface/interface/msg/detail/servo_motor_state__builder.hpp
[3.871s] -- Up-to-date: /home/blakepi/ros2_ws/install/interface/include/interface/interface/msg/detail/servo_motor_state_change__traits.hpp
[3.872s] -- Up-to-date: /home/blakepi/ros2_ws/install/interface/include/interface/interface/msg/detail/servo_motor_state__traits.hpp
[3.874s] -- Up-to-date: /home/blakepi/ros2_ws/install/interface/include/interface/interface/msg/detail/servo_motor_state_change__builder.hpp
[3.875s] -- Up-to-date: /home/blakepi/ros2_ws/install/interface/include/interface/interface/msg/detail/servo_motor_state_change__struct.hpp
[3.876s] -- Up-to-date: /home/blakepi/ros2_ws/install/interface/include/interface/interface
[3.878s] -- Up-to-date: /home/blakepi/ros2_ws/install/interface/include/interface/interface/msg
[3.879s] -- Up-to-date: /home/blakepi/ros2_ws/install/interface/include/interface/interface/msg/rosidl_typesupport_fastrtps_cpp__visibility_control.h
[3.880s] -- Up-to-date: /home/blakepi/ros2_ws/install/interface/include/interface/interface/msg/detail
[3.882s] -- Up-to-date: /home/blakepi/ros2_ws/install/interface/include/interface/interface/msg/detail/servo_motor_state__rosidl_typesupport_fastrtps_cpp.hpp
[3.884s] -- Up-to-date: /home/blakepi/ros2_ws/install/interface/include/interface/interface/msg/detail/servo_motor_state_change__rosidl_typesupport_fastrtps_cpp.hpp
[3.885s] -- Up-to-date: /home/blakepi/ros2_ws/install/interface/include/interface/interface/msg/detail/dds_fastrtps
[3.888s] -- Up-to-date: /home/blakepi/ros2_ws/install/interface/lib/libinterface__rosidl_typesupport_fastrtps_cpp.so
[3.891s] -- Up-to-date: /home/blakepi/ros2_ws/install/interface/include/interface/interface
[3.892s] -- Up-to-date: /home/blakepi/ros2_ws/install/interface/include/interface/interface/msg
[3.893s] -- Up-to-date: /home/blakepi/ros2_ws/install/interface/include/interface/interface/msg/detail
[3.895s] -- Up-to-date: /home/blakepi/ros2_ws/install/interface/include/interface/interface/msg/detail/servo_motor_state_change__rosidl_typesupport_introspection_c.h
[3.896s] -- Up-to-date: /home/blakepi/ros2_ws/install/interface/include/interface/interface/msg/detail/servo_motor_state__rosidl_typesupport_introspection_c.h
[3.897s] -- Up-to-date: /home/blakepi/ros2_ws/install/interface/include/interface/interface/msg/detail/servo_motor_state_change__type_support.c
[3.899s] -- Up-to-date: /home/blakepi/ros2_ws/install/interface/include/interface/interface/msg/detail/servo_motor_state__type_support.c
[3.901s] -- Up-to-date: /home/blakepi/ros2_ws/install/interface/include/interface/interface/msg/rosidl_typesupport_introspection_c__visibility_control.h
[3.903s] -- Up-to-date: /home/blakepi/ros2_ws/install/interface/lib/libinterface__rosidl_typesupport_introspection_c.so
[3.907s] -- Up-to-date: /home/blakepi/ros2_ws/install/interface/lib/libinterface__rosidl_typesupport_c.so
[3.909s] -- Up-to-date: /home/blakepi/ros2_ws/install/interface/include/interface/interface
[3.910s] -- Up-to-date: /home/blakepi/ros2_ws/install/interface/include/interface/interface/msg
[3.912s] -- Up-to-date: /home/blakepi/ros2_ws/install/interface/include/interface/interface/msg/detail
[3.914s] -- Up-to-date: /home/blakepi/ros2_ws/install/interface/include/interface/interface/msg/detail/servo_motor_state_change__rosidl_typesupport_introspection_cpp.hpp
[3.915s] -- Up-to-date: /home/blakepi/ros2_ws/install/interface/include/interface/interface/msg/detail/servo_motor_state__rosidl_typesupport_introspection_cpp.hpp
[3.917s] -- Up-to-date: /home/blakepi/ros2_ws/install/interface/include/interface/interface/msg/detail/servo_motor_state__type_support.cpp
[3.918s] -- Up-to-date: /home/blakepi/ros2_ws/install/interface/include/interface/interface/msg/detail/servo_motor_state_change__type_support.cpp
[3.921s] -- Up-to-date: /home/blakepi/ros2_ws/install/interface/lib/libinterface__rosidl_typesupport_introspection_cpp.so
[3.925s] -- Up-to-date: /home/blakepi/ros2_ws/install/interface/lib/libinterface__rosidl_typesupport_cpp.so
[3.927s] -- Up-to-date: /home/blakepi/ros2_ws/install/interface/share/interface/environment/pythonpath.sh
[3.929s] -- Up-to-date: /home/blakepi/ros2_ws/install/interface/share/interface/environment/pythonpath.dsv
[3.931s] -- Up-to-date: /home/blakepi/ros2_ws/install/interface/local/lib/python3.10/dist-packages/interface-0.0.0-py3.10.egg-info
[3.932s] -- Installing: /home/blakepi/ros2_ws/install/interface/local/lib/python3.10/dist-packages/interface-0.0.0-py3.10.egg-info/SOURCES.txt
[3.935s] -- Installing: /home/blakepi/ros2_ws/install/interface/local/lib/python3.10/dist-packages/interface-0.0.0-py3.10.egg-info/dependency_links.txt
[3.939s] -- Installing: /home/blakepi/ros2_ws/install/interface/local/lib/python3.10/dist-packages/interface-0.0.0-py3.10.egg-info/PKG-INFO
[3.941s] -- Installing: /home/blakepi/ros2_ws/install/interface/local/lib/python3.10/dist-packages/interface-0.0.0-py3.10.egg-info/top_level.txt
[3.944s] -- Up-to-date: /home/blakepi/ros2_ws/install/interface/local/lib/python3.10/dist-packages/interface
[3.946s] -- Up-to-date: /home/blakepi/ros2_ws/install/interface/local/lib/python3.10/dist-packages/interface/interface_s__rosidl_typesupport_fastrtps_c.cpython-310-aarch64-linux-gnu.so
[3.948s] -- Up-to-date: /home/blakepi/ros2_ws/install/interface/local/lib/python3.10/dist-packages/interface/__init__.py
[3.949s] -- Up-to-date: /home/blakepi/ros2_ws/install/interface/local/lib/python3.10/dist-packages/interface/_interface_s.ep.rosidl_typesupport_fastrtps_c.c
[3.950s] -- Up-to-date: /home/blakepi/ros2_ws/install/interface/local/lib/python3.10/dist-packages/interface/_interface_s.ep.rosidl_typesupport_c.c
[3.952s] -- Up-to-date: /home/blakepi/ros2_ws/install/interface/local/lib/python3.10/dist-packages/interface/libinterface__rosidl_generator_py.so
[3.953s] -- Up-to-date: /home/blakepi/ros2_ws/install/interface/local/lib/python3.10/dist-packages/interface/_interface_s.ep.rosidl_typesupport_introspection_c.c
[3.955s] -- Up-to-date: /home/blakepi/ros2_ws/install/interface/local/lib/python3.10/dist-packages/interface/interface_s__rosidl_typesupport_introspection_c.cpython-310-aarch64-linux-gnu.so
[3.956s] -- Up-to-date: /home/blakepi/ros2_ws/install/interface/local/lib/python3.10/dist-packages/interface/msg
[3.958s] -- Up-to-date: /home/blakepi/ros2_ws/install/interface/local/lib/python3.10/dist-packages/interface/msg/_servo_motor_state_change_s.c
[3.959s] -- Up-to-date: /home/blakepi/ros2_ws/install/interface/local/lib/python3.10/dist-packages/interface/msg/__init__.py
[3.961s] -- Up-to-date: /home/blakepi/ros2_ws/install/interface/local/lib/python3.10/dist-packages/interface/msg/_servo_motor_state_change.py
[3.962s] -- Up-to-date: /home/blakepi/ros2_ws/install/interface/local/lib/python3.10/dist-packages/interface/msg/_servo_motor_state_s.c
[3.964s] -- Up-to-date: /home/blakepi/ros2_ws/install/interface/local/lib/python3.10/dist-packages/interface/msg/_servo_motor_state.py
[3.965s] -- Up-to-date: /home/blakepi/ros2_ws/install/interface/local/lib/python3.10/dist-packages/interface/interface_s__rosidl_typesupport_c.cpython-310-aarch64-linux-gnu.so
[4.181s] Listing '/home/blakepi/ros2_ws/install/interface/local/lib/python3.10/dist-packages/interface'...
[4.181s] Listing '/home/blakepi/ros2_ws/install/interface/local/lib/python3.10/dist-packages/interface/msg'...
[4.262s] -- Up-to-date: /home/blakepi/ros2_ws/install/interface/local/lib/python3.10/dist-packages/interface/interface_s__rosidl_typesupport_fastrtps_c.cpython-310-aarch64-linux-gnu.so
[4.269s] -- Up-to-date: /home/blakepi/ros2_ws/install/interface/local/lib/python3.10/dist-packages/interface/interface_s__rosidl_typesupport_introspection_c.cpython-310-aarch64-linux-gnu.so
[4.275s] -- Up-to-date: /home/blakepi/ros2_ws/install/interface/local/lib/python3.10/dist-packages/interface/interface_s__rosidl_typesupport_c.cpython-310-aarch64-linux-gnu.so
[4.282s] -- Up-to-date: /home/blakepi/ros2_ws/install/interface/lib/libinterface__rosidl_generator_py.so
[4.287s] -- Up-to-date: /home/blakepi/ros2_ws/install/interface/share/interface/msg/ServoMotorState.idl
[4.290s] -- Up-to-date: /home/blakepi/ros2_ws/install/interface/share/interface/msg/ServoMotorStateChange.idl
[4.294s] -- Up-to-date: /home/blakepi/ros2_ws/install/interface/share/interface/msg/ServoMotorState.msg
[4.296s] -- Up-to-date: /home/blakepi/ros2_ws/install/interface/share/interface/msg/ServoMotorStateChange.msg
[4.296s] -- Up-to-date: /home/blakepi/ros2_ws/install/interface/share/ament_index/resource_index/package_run_dependencies/interface
[4.297s] -- Up-to-date: /home/blakepi/ros2_ws/install/interface/share/ament_index/resource_index/parent_prefix_path/interface
[4.299s] -- Up-to-date: /home/blakepi/ros2_ws/install/interface/share/interface/environment/ament_prefix_path.sh
[4.300s] -- Up-to-date: /home/blakepi/ros2_ws/install/interface/share/interface/environment/ament_prefix_path.dsv
[4.301s] -- Up-to-date: /home/blakepi/ros2_ws/install/interface/share/interface/environment/path.sh
[4.304s] -- Up-to-date: /home/blakepi/ros2_ws/install/interface/share/interface/environment/path.dsv
[4.304s] -- Up-to-date: /home/blakepi/ros2_ws/install/interface/share/interface/local_setup.bash
[4.307s] -- Up-to-date: /home/blakepi/ros2_ws/install/interface/share/interface/local_setup.sh
[4.308s] -- Up-to-date: /home/blakepi/ros2_ws/install/interface/share/interface/local_setup.zsh
[4.310s] -- Up-to-date: /home/blakepi/ros2_ws/install/interface/share/interface/local_setup.dsv
[4.314s] -- Installing: /home/blakepi/ros2_ws/install/interface/share/interface/package.dsv
[4.315s] -- Up-to-date: /home/blakepi/ros2_ws/install/interface/share/ament_index/resource_index/packages/interface
[4.318s] -- Up-to-date: /home/blakepi/ros2_ws/install/interface/share/interface/cmake/export_interface__rosidl_generator_cExport.cmake
[4.320s] -- Up-to-date: /home/blakepi/ros2_ws/install/interface/share/interface/cmake/export_interface__rosidl_generator_cExport-noconfig.cmake
[4.321s] -- Up-to-date: /home/blakepi/ros2_ws/install/interface/share/interface/cmake/export_interface__rosidl_typesupport_fastrtps_cExport.cmake
[4.322s] -- Up-to-date: /home/blakepi/ros2_ws/install/interface/share/interface/cmake/export_interface__rosidl_typesupport_fastrtps_cExport-noconfig.cmake
[4.323s] -- Up-to-date: /home/blakepi/ros2_ws/install/interface/share/interface/cmake/export_interface__rosidl_generator_cppExport.cmake
[4.329s] -- Up-to-date: /home/blakepi/ros2_ws/install/interface/share/interface/cmake/export_interface__rosidl_typesupport_fastrtps_cppExport.cmake
[4.331s] -- Up-to-date: /home/blakepi/ros2_ws/install/interface/share/interface/cmake/export_interface__rosidl_typesupport_fastrtps_cppExport-noconfig.cmake
[4.332s] -- Up-to-date: /home/blakepi/ros2_ws/install/interface/share/interface/cmake/interface__rosidl_typesupport_introspection_cExport.cmake
[4.333s] -- Up-to-date: /home/blakepi/ros2_ws/install/interface/share/interface/cmake/interface__rosidl_typesupport_introspection_cExport-noconfig.cmake
[4.334s] -- Up-to-date: /home/blakepi/ros2_ws/install/interface/share/interface/cmake/interface__rosidl_typesupport_cExport.cmake
[4.335s] -- Up-to-date: /home/blakepi/ros2_ws/install/interface/share/interface/cmake/interface__rosidl_typesupport_cExport-noconfig.cmake
[4.335s] -- Up-to-date: /home/blakepi/ros2_ws/install/interface/share/interface/cmake/interface__rosidl_typesupport_introspection_cppExport.cmake
[4.336s] -- Up-to-date: /home/blakepi/ros2_ws/install/interface/share/interface/cmake/interface__rosidl_typesupport_introspection_cppExport-noconfig.cmake
[4.336s] -- Up-to-date: /home/blakepi/ros2_ws/install/interface/share/interface/cmake/interface__rosidl_typesupport_cppExport.cmake
[4.340s] -- Up-to-date: /home/blakepi/ros2_ws/install/interface/share/interface/cmake/interface__rosidl_typesupport_cppExport-noconfig.cmake
[4.341s] -- Up-to-date: /home/blakepi/ros2_ws/install/interface/share/interface/cmake/export_interface__rosidl_generator_pyExport.cmake
[4.343s] -- Up-to-date: /home/blakepi/ros2_ws/install/interface/share/interface/cmake/export_interface__rosidl_generator_pyExport-noconfig.cmake
[4.348s] -- Up-to-date: /home/blakepi/ros2_ws/install/interface/share/interface/cmake/rosidl_cmake-extras.cmake
[4.352s] -- Up-to-date: /home/blakepi/ros2_ws/install/interface/share/interface/cmake/ament_cmake_export_include_directories-extras.cmake
[4.355s] -- Up-to-date: /home/blakepi/ros2_ws/install/interface/share/interface/cmake/ament_cmake_export_libraries-extras.cmake
[4.356s] -- Up-to-date: /home/blakepi/ros2_ws/install/interface/share/interface/cmake/ament_cmake_export_targets-extras.cmake
[4.356s] -- Up-to-date: /home/blakepi/ros2_ws/install/interface/share/interface/cmake/rosidl_cmake_export_typesupport_targets-extras.cmake
[4.370s] -- Up-to-date: /home/blakepi/ros2_ws/install/interface/share/interface/cmake/ament_cmake_export_dependencies-extras.cmake
[4.373s] -- Up-to-date: /home/blakepi/ros2_ws/install/interface/share/interface/cmake/rosidl_cmake_export_typesupport_libraries-extras.cmake
[4.376s] -- Up-to-date: /home/blakepi/ros2_ws/install/interface/share/interface/cmake/interfaceConfig.cmake
[4.383s] -- Up-to-date: /home/blakepi/ros2_ws/install/interface/share/interface/cmake/interfaceConfig-version.cmake
[4.384s] -- Up-to-date: /home/blakepi/ros2_ws/install/interface/share/interface/package.xml
[4.385s] Invoked command in '/home/blakepi/ros2_ws/build/interface' returned '0': CMAKE_PREFIX_PATH=${CMAKE_PREFIX_PATH}:/home/blakepi/ros2_ws/install/python_pkgs:/opt/ros/humble /usr/bin/cmake --install /home/blakepi/ros2_ws/build/interface
