[4.990s] Invoking command in '/home/blakepi/ros2_ws/src/python_pkgs': PYTHONPATH=/home/blakepi/ros2_ws/build/python_pkgs/prefix_override:/usr/lib/python3/dist-packages/colcon_core/task/python/colcon_distutils_commands:/home/blakepi/ros2_ws/install/python_pkgs/lib/python3.10/site-packages:${PYTHONPATH} /usr/bin/python3 -W ignore:setup.py install is deprecated setup.py egg_info --egg-base ../../build/python_pkgs build --build-base /home/blakepi/ros2_ws/build/python_pkgs/build install --record /home/blakepi/ros2_ws/build/python_pkgs/install.log --single-version-externally-managed install_data
[6.629s] running egg_info
[6.632s] writing ../../build/python_pkgs/python_pkgs.egg-info/PKG-INFO
[6.634s] writing dependency_links to ../../build/python_pkgs/python_pkgs.egg-info/dependency_links.txt
[6.635s] writing entry points to ../../build/python_pkgs/python_pkgs.egg-info/entry_points.txt
[6.638s] writing requirements to ../../build/python_pkgs/python_pkgs.egg-info/requires.txt
[6.638s] writing top-level names to ../../build/python_pkgs/python_pkgs.egg-info/top_level.txt
[6.645s] reading manifest file '../../build/python_pkgs/python_pkgs.egg-info/SOURCES.txt'
[6.649s] writing manifest file '../../build/python_pkgs/python_pkgs.egg-info/SOURCES.txt'
[6.649s] running build
[6.650s] running build_py
[6.650s] running install
[6.652s] running install_lib
[6.659s] running install_data
[6.660s] running install_egg_info
[6.668s] removing '/home/blakepi/ros2_ws/install/python_pkgs/lib/python3.10/site-packages/python_pkgs-0.0.0-py3.10.egg-info' (and everything under it)
[6.671s] Copying ../../build/python_pkgs/python_pkgs.egg-info to /home/blakepi/ros2_ws/install/python_pkgs/lib/python3.10/site-packages/python_pkgs-0.0.0-py3.10.egg-info
[6.679s] running install_scripts
[6.786s] Installing bluetooth_node script to /home/blakepi/ros2_ws/install/python_pkgs/lib/python_pkgs
[6.789s] writing list of installed files to '/home/blakepi/ros2_ws/build/python_pkgs/install.log'
[6.945s] Invoked command in '/home/blakepi/ros2_ws/src/python_pkgs' returned '0': PYTHONPATH=/home/blakepi/ros2_ws/build/python_pkgs/prefix_override:/usr/lib/python3/dist-packages/colcon_core/task/python/colcon_distutils_commands:/home/blakepi/ros2_ws/install/python_pkgs/lib/python3.10/site-packages:${PYTHONPATH} /usr/bin/python3 -W ignore:setup.py install is deprecated setup.py egg_info --egg-base ../../build/python_pkgs build --build-base /home/blakepi/ros2_ws/build/python_pkgs/build install --record /home/blakepi/ros2_ws/build/python_pkgs/install.log --single-version-externally-managed install_data
