[17.289s] Invoking command in '/home/blakepi/ros2_ws/src/python_pkgs': PYTHONPATH=/home/blakepi/ros2_ws/build/python_pkgs/prefix_override:/usr/lib/python3/dist-packages/colcon_core/task/python/colcon_distutils_commands:/home/blakepi/ros2_ws/install/python_pkgs/lib/python3.10/site-packages:${PYTHONPATH} /usr/bin/python3 -W ignore:setup.py install is deprecated setup.py egg_info --egg-base ../../build/python_pkgs build --build-base /home/blakepi/ros2_ws/build/python_pkgs/build install --record /home/blakepi/ros2_ws/build/python_pkgs/install.log --single-version-externally-managed install_data
[23.256s] running egg_info
[23.279s] writing ../../build/python_pkgs/python_pkgs.egg-info/PKG-INFO
[23.289s] writing dependency_links to ../../build/python_pkgs/python_pkgs.egg-info/dependency_links.txt
[23.300s] writing entry points to ../../build/python_pkgs/python_pkgs.egg-info/entry_points.txt
[23.311s] writing requirements to ../../build/python_pkgs/python_pkgs.egg-info/requires.txt
[23.319s] writing top-level names to ../../build/python_pkgs/python_pkgs.egg-info/top_level.txt
[23.343s] reading manifest file '../../build/python_pkgs/python_pkgs.egg-info/SOURCES.txt'
[23.363s] writing manifest file '../../build/python_pkgs/python_pkgs.egg-info/SOURCES.txt'
[23.385s] running build
[23.389s] running build_py
[23.410s] running install
[23.423s] running install_lib
[23.460s] running install_data
[23.470s] running install_egg_info
[23.521s] removing '/home/blakepi/ros2_ws/install/python_pkgs/lib/python3.10/site-packages/python_pkgs-0.0.0-py3.10.egg-info' (and everything under it)
[23.546s] Copying ../../build/python_pkgs/python_pkgs.egg-info to /home/blakepi/ros2_ws/install/python_pkgs/lib/python3.10/site-packages/python_pkgs-0.0.0-py3.10.egg-info
[23.605s] running install_scripts
[23.959s] Installing bluetooth_node script to /home/blakepi/ros2_ws/install/python_pkgs/lib/python_pkgs
[23.966s] writing list of installed files to '/home/blakepi/ros2_ws/build/python_pkgs/install.log'
[24.401s] Invoked command in '/home/blakepi/ros2_ws/src/python_pkgs' returned '0': PYTHONPATH=/home/blakepi/ros2_ws/build/python_pkgs/prefix_override:/usr/lib/python3/dist-packages/colcon_core/task/python/colcon_distutils_commands:/home/blakepi/ros2_ws/install/python_pkgs/lib/python3.10/site-packages:${PYTHONPATH} /usr/bin/python3 -W ignore:setup.py install is deprecated setup.py egg_info --egg-base ../../build/python_pkgs build --build-base /home/blakepi/ros2_ws/build/python_pkgs/build install --record /home/blakepi/ros2_ws/build/python_pkgs/install.log --single-version-externally-managed install_data
