[10.099s] Invoking command in '/home/blakepi/ros2_ws/src/python_pkgs': PYTHONPATH=/home/blakepi/ros2_ws/build/python_pkgs/prefix_override:/usr/lib/python3/dist-packages/colcon_core/task/python/colcon_distutils_commands:/home/blakepi/ros2_ws/install/python_pkgs/lib/python3.10/site-packages:${PYTHONPATH} /usr/bin/python3 -W ignore:setup.py install is deprecated setup.py egg_info --egg-base ../../build/python_pkgs build --build-base /home/blakepi/ros2_ws/build/python_pkgs/build install --record /home/blakepi/ros2_ws/build/python_pkgs/install.log --single-version-externally-managed install_data
[10.102s] running egg_info
[10.102s] writing ../../build/python_pkgs/python_pkgs.egg-info/PKG-INFO
[10.103s] writing dependency_links to ../../build/python_pkgs/python_pkgs.egg-info/dependency_links.txt
[10.103s] writing entry points to ../../build/python_pkgs/python_pkgs.egg-info/entry_points.txt
[10.104s] writing requirements to ../../build/python_pkgs/python_pkgs.egg-info/requires.txt
[10.104s] writing top-level names to ../../build/python_pkgs/python_pkgs.egg-info/top_level.txt
[10.105s] reading manifest file '../../build/python_pkgs/python_pkgs.egg-info/SOURCES.txt'
[10.105s] writing manifest file '../../build/python_pkgs/python_pkgs.egg-info/SOURCES.txt'
[10.106s] running build
[10.106s] running build_py
[10.107s] running install
[10.107s] running install_lib
[10.108s] running install_data
[10.108s] running install_egg_info
[10.109s] removing '/home/blakepi/ros2_ws/install/python_pkgs/lib/python3.10/site-packages/python_pkgs-0.0.0-py3.10.egg-info' (and everything under it)
[10.109s] Copying ../../build/python_pkgs/python_pkgs.egg-info to /home/blakepi/ros2_ws/install/python_pkgs/lib/python3.10/site-packages/python_pkgs-0.0.0-py3.10.egg-info
[10.110s] running install_scripts
[10.223s] Installing bluetooth_node script to /home/blakepi/ros2_ws/install/python_pkgs/lib/python_pkgs
[10.225s] writing list of installed files to '/home/blakepi/ros2_ws/build/python_pkgs/install.log'
[10.375s] Invoked command in '/home/blakepi/ros2_ws/src/python_pkgs' returned '0': PYTHONPATH=/home/blakepi/ros2_ws/build/python_pkgs/prefix_override:/usr/lib/python3/dist-packages/colcon_core/task/python/colcon_distutils_commands:/home/blakepi/ros2_ws/install/python_pkgs/lib/python3.10/site-packages:${PYTHONPATH} /usr/bin/python3 -W ignore:setup.py install is deprecated setup.py egg_info --egg-base ../../build/python_pkgs build --build-base /home/blakepi/ros2_ws/build/python_pkgs/build install --record /home/blakepi/ros2_ws/build/python_pkgs/install.log --single-version-externally-managed install_data
