[0.047s] Invoking command in '/home/blakepi/ros2_ws/build/interface': CMAKE_PREFIX_PATH=${CMAKE_PREFIX_PATH}:/home/blakepi/ros2_ws/install/python_pkgs:/home/blakepi/ros2_ws/install/bluetooth_communication:/opt/ros/humble /usr/bin/cmake --build /home/blakepi/ros2_ws/build/interface -- -j4 -l4
[0.160s] -- Found ament_cmake: 1.3.9 (/opt/ros/humble/share/ament_cmake/cmake)
[0.832s] -- Found rclcpp: 16.0.9 (/opt/ros/humble/share/rclcpp/cmake)
[0.965s] -- Found rosidl_generator_c: 3.1.5 (/opt/ros/humble/share/rosidl_generator_c/cmake)
[0.977s] -- Found rosidl_adapter: 3.1.5 (/opt/ros/humble/share/rosidl_adapter/cmake)
[1.001s] -- Found rosidl_generator_cpp: 3.1.5 (/opt/ros/humble/share/rosidl_generator_cpp/cmake)
[1.047s] -- Using all available rosidl_typesupport_c: rosidl_typesupport_fastrtps_c;rosidl_typesupport_introspection_c
[1.113s] -- Using all available rosidl_typesupport_cpp: rosidl_typesupport_fastrtps_cpp;rosidl_typesupport_introspection_cpp
[1.374s] -- Found rmw_implementation_cmake: 6.1.2 (/opt/ros/humble/share/rmw_implementation_cmake/cmake)
[1.381s] -- Found rmw_fastrtps_cpp: 6.2.6 (/opt/ros/humble/share/rmw_fastrtps_cpp/cmake)
[1.937s] -- Using RMW implementation 'rmw_fastrtps_cpp' as default
[2.540s] -- Found rosidl_default_generators: 1.2.0 (/opt/ros/humble/share/rosidl_default_generators/cmake)
[3.671s] -- Found ament_cmake_ros: 0.10.0 (/opt/ros/humble/share/ament_cmake_ros/cmake)
[5.158s] -- Using all available rosidl_typesupport_c: rosidl_typesupport_fastrtps_c;rosidl_typesupport_introspection_c
[5.744s] -- Using all available rosidl_typesupport_cpp: rosidl_typesupport_fastrtps_cpp;rosidl_typesupport_introspection_cpp
[5.858s] -- Found python_cmake_module: 0.10.0 (/opt/ros/humble/share/python_cmake_module/cmake)
[5.969s] -- Using PYTHON_EXECUTABLE: /usr/bin/python3
[5.969s] -- Using PYTHON_INCLUDE_DIRS: /usr/include/python3.10
[5.970s] -- Using PYTHON_LIBRARIES: /usr/lib/aarch64-linux-gnu/libpython3.10.so
[6.022s] -- Found ament_lint_auto: 0.12.11 (/opt/ros/humble/share/ament_lint_auto/cmake)
[6.079s] -- Added test 'lint_cmake' to check CMake code style
[6.088s] -- Added test 'xmllint' to check XML markup files
[6.099s] -- Configuring done
[6.309s] -- Generating done
[6.336s] -- Build files have been written to: /home/blakepi/ros2_ws/build/interface
[6.456s] [  2%] [34m[1mGenerating C code for ROS interfaces[0m
[6.498s] [  5%] [34m[1mGenerating C++ code for ROS interfaces[0m
[6.618s] [  5%] Built target ament_cmake_python_copy_interface
[8.274s] running egg_info
[8.277s] writing interface.egg-info/PKG-INFO
[8.281s] writing dependency_links to interface.egg-info/dependency_links.txt
[8.281s] writing top-level names to interface.egg-info/top_level.txt
[8.297s] reading manifest file 'interface.egg-info/SOURCES.txt'
[8.301s] writing manifest file 'interface.egg-info/SOURCES.txt'
[8.496s] [  5%] Built target interface__cpp
[8.498s] [  5%] Built target ament_cmake_python_build_interface_egg
[8.542s] [  7%] [34m[1mGenerating C++ type support dispatch for ROS interfaces[0m
[8.550s] [ 10%] [34m[1mGenerating C++ type support for eProsima Fast-RTPS[0m
[8.554s] [35m[1mConsolidate compiler generated dependencies of target interface__rosidl_generator_c[0m
[8.570s] [ 12%] [34m[1mGenerating C++ introspection for ROS interfaces[0m
[8.628s] [ 15%] [32mBuilding C object CMakeFiles/interface__rosidl_generator_c.dir/rosidl_generator_c/interface/msg/detail/servo_motor_state__functions.c.o[0m
[8.992s] [ 17%] [32mBuilding C object CMakeFiles/interface__rosidl_generator_c.dir/rosidl_generator_c/interface/msg/detail/servo_motor_state_change__functions.c.o[0m
[9.520s] [ 20%] [32m[1mLinking C shared library libinterface__rosidl_generator_c.so[0m
[9.850s] [ 20%] Built target interface__rosidl_generator_c
[9.973s] [ 23%] [34m[1mGenerating C type support for eProsima Fast-RTPS[0m
[10.243s] [35m[1mConsolidate compiler generated dependencies of target interface__rosidl_typesupport_cpp[0m
[10.491s] [ 25%] [32mBuilding CXX object CMakeFiles/interface__rosidl_typesupport_cpp.dir/rosidl_typesupport_cpp/interface/msg/servo_motor_state__type_support.cpp.o[0m
[10.680s] [35m[1mConsolidate compiler generated dependencies of target interface__rosidl_typesupport_fastrtps_cpp[0m
[10.801s] [ 28%] [32mBuilding CXX object CMakeFiles/interface__rosidl_typesupport_fastrtps_cpp.dir/rosidl_typesupport_fastrtps_cpp/interface/msg/detail/dds_fastrtps/servo_motor_state__type_support.cpp.o[0m
[10.890s] [35m[1mConsolidate compiler generated dependencies of target interface__rosidl_typesupport_introspection_cpp[0m
[11.043s] [ 30%] [32mBuilding CXX object CMakeFiles/interface__rosidl_typesupport_introspection_cpp.dir/rosidl_typesupport_introspection_cpp/interface/msg/detail/servo_motor_state__type_support.cpp.o[0m
[12.459s] [35m[1mConsolidate compiler generated dependencies of target interface__rosidl_typesupport_fastrtps_c[0m
[12.717s] [ 33%] [32mBuilding CXX object CMakeFiles/interface__rosidl_typesupport_fastrtps_c.dir/rosidl_typesupport_fastrtps_c/interface/msg/detail/servo_motor_state__type_support_c.cpp.o[0m
[13.329s] [ 35%] [32mBuilding CXX object CMakeFiles/interface__rosidl_typesupport_cpp.dir/rosidl_typesupport_cpp/interface/msg/servo_motor_state_change__type_support.cpp.o[0m
[14.322s] [ 38%] [32mBuilding CXX object CMakeFiles/interface__rosidl_typesupport_fastrtps_cpp.dir/rosidl_typesupport_fastrtps_cpp/interface/msg/detail/dds_fastrtps/servo_motor_state_change__type_support.cpp.o[0m
[15.506s] [ 41%] [32m[1mLinking CXX shared library libinterface__rosidl_typesupport_cpp.so[0m
[15.698s] [ 43%] [32mBuilding CXX object CMakeFiles/interface__rosidl_typesupport_introspection_cpp.dir/rosidl_typesupport_introspection_cpp/interface/msg/detail/servo_motor_state_change__type_support.cpp.o[0m
[15.918s] [ 43%] Built target interface__rosidl_typesupport_cpp
[16.031s] [ 46%] [34m[1mGenerating C introspection for ROS interfaces[0m
[16.725s] [ 48%] [32mBuilding CXX object CMakeFiles/interface__rosidl_typesupport_fastrtps_c.dir/rosidl_typesupport_fastrtps_c/interface/msg/detail/servo_motor_state_change__type_support_c.cpp.o[0m
[17.980s] [ 51%] [32m[1mLinking CXX shared library libinterface__rosidl_typesupport_fastrtps_cpp.so[0m
[18.528s] [35m[1mConsolidate compiler generated dependencies of target interface__rosidl_typesupport_introspection_c[0m
[18.593s] [ 53%] [32mBuilding C object CMakeFiles/interface__rosidl_typesupport_introspection_c.dir/rosidl_typesupport_introspection_c/interface/msg/detail/servo_motor_state__type_support.c.o[0m
[18.604s] [ 53%] Built target interface__rosidl_typesupport_fastrtps_cpp
[18.711s] [ 56%] [34m[1mGenerating C type support dispatch for ROS interfaces[0m
[18.993s] [ 58%] [32mBuilding C object CMakeFiles/interface__rosidl_typesupport_introspection_c.dir/rosidl_typesupport_introspection_c/interface/msg/detail/servo_motor_state_change__type_support.c.o[0m
[19.278s] [ 61%] [32m[1mLinking CXX shared library libinterface__rosidl_typesupport_introspection_cpp.so[0m
[19.344s] [ 64%] [32m[1mLinking C shared library libinterface__rosidl_typesupport_introspection_c.so[0m
[19.695s] [ 64%] Built target interface__rosidl_typesupport_introspection_c
[19.730s] [ 64%] Built target interface__rosidl_typesupport_introspection_cpp
[19.996s] [ 66%] [32m[1mLinking CXX shared library libinterface__rosidl_typesupport_fastrtps_c.so[0m
[20.398s] [35m[1mConsolidate compiler generated dependencies of target interface__rosidl_typesupport_c[0m
[20.466s] [ 66%] Built target interface__rosidl_typesupport_fastrtps_c
[20.471s] [ 69%] [32mBuilding CXX object CMakeFiles/interface__rosidl_typesupport_c.dir/rosidl_typesupport_c/interface/msg/servo_motor_state__type_support.cpp.o[0m
[20.482s] [ 71%] [32mBuilding CXX object CMakeFiles/interface__rosidl_typesupport_c.dir/rosidl_typesupport_c/interface/msg/servo_motor_state_change__type_support.cpp.o[0m
[20.682s] [ 74%] [32m[1mLinking CXX shared library libinterface__rosidl_typesupport_c.so[0m
[20.877s] [ 74%] Built target interface__rosidl_typesupport_c
[20.963s] [ 74%] Built target interface
[21.049s] [ 76%] [34m[1mGenerating Python code for ROS interfaces[0m
[23.035s] [ 76%] Built target interface__py
[23.076s] [35m[1mConsolidate compiler generated dependencies of target interface__rosidl_generator_py[0m
[23.148s] [ 79%] [32mBuilding C object CMakeFiles/interface__rosidl_generator_py.dir/rosidl_generator_py/interface/msg/_servo_motor_state_change_s.c.o[0m
[23.152s] [ 82%] [32mBuilding C object CMakeFiles/interface__rosidl_generator_py.dir/rosidl_generator_py/interface/msg/_servo_motor_state_s.c.o[0m
[23.710s] [ 84%] [32m[1mLinking C shared library rosidl_generator_py/interface/libinterface__rosidl_generator_py.so[0m
[23.897s] [ 84%] Built target interface__rosidl_generator_py
[23.952s] [35m[1mConsolidate compiler generated dependencies of target interface__rosidl_typesupport_fastrtps_c__pyext[0m
[23.959s] [35m[1mConsolidate compiler generated dependencies of target interface__rosidl_typesupport_introspection_c__pyext[0m
[23.963s] [35m[1mConsolidate compiler generated dependencies of target interface__rosidl_typesupport_c__pyext[0m
[24.048s] [ 87%] [32mBuilding C object CMakeFiles/interface__rosidl_typesupport_c__pyext.dir/rosidl_generator_py/interface/_interface_s.ep.rosidl_typesupport_c.c.o[0m
[24.095s] [ 89%] [32mBuilding C object CMakeFiles/interface__rosidl_typesupport_fastrtps_c__pyext.dir/rosidl_generator_py/interface/_interface_s.ep.rosidl_typesupport_fastrtps_c.c.o[0m
[24.127s] [ 92%] [32mBuilding C object CMakeFiles/interface__rosidl_typesupport_introspection_c__pyext.dir/rosidl_generator_py/interface/_interface_s.ep.rosidl_typesupport_introspection_c.c.o[0m
[24.684s] [ 94%] [32m[1mLinking C shared library rosidl_generator_py/interface/interface_s__rosidl_typesupport_c.cpython-310-aarch64-linux-gnu.so[0m
[24.924s] [ 97%] [32m[1mLinking C shared library rosidl_generator_py/interface/interface_s__rosidl_typesupport_fastrtps_c.cpython-310-aarch64-linux-gnu.so[0m
[24.981s] [100%] [32m[1mLinking C shared library rosidl_generator_py/interface/interface_s__rosidl_typesupport_introspection_c.cpython-310-aarch64-linux-gnu.so[0m
[25.056s] [100%] Built target interface__rosidl_typesupport_c__pyext
[25.183s] [100%] Built target interface__rosidl_typesupport_fastrtps_c__pyext
[25.230s] [100%] Built target interface__rosidl_typesupport_introspection_c__pyext
[25.348s] Invoked command in '/home/blakepi/ros2_ws/build/interface' returned '0': CMAKE_PREFIX_PATH=${CMAKE_PREFIX_PATH}:/home/blakepi/ros2_ws/install/python_pkgs:/home/blakepi/ros2_ws/install/bluetooth_communication:/opt/ros/humble /usr/bin/cmake --build /home/blakepi/ros2_ws/build/interface -- -j4 -l4
[25.953s] Invoking command in '/home/blakepi/ros2_ws/build/interface': CMAKE_PREFIX_PATH=${CMAKE_PREFIX_PATH}:/home/blakepi/ros2_ws/install/python_pkgs:/home/blakepi/ros2_ws/install/bluetooth_communication:/opt/ros/humble /usr/bin/cmake --install /home/blakepi/ros2_ws/build/interface
[25.992s] -- Install configuration: ""
[25.993s] -- Installing: /home/blakepi/ros2_ws/install/interface/share/ament_index/resource_index/rosidl_interfaces/interface
[25.995s] -- Up-to-date: /home/blakepi/ros2_ws/install/interface/include/interface/interface
[25.996s] -- Up-to-date: /home/blakepi/ros2_ws/install/interface/include/interface/interface/msg
[25.996s] -- Installing: /home/blakepi/ros2_ws/install/interface/include/interface/interface/msg/servo_motor_state_change.h
[25.997s] -- Up-to-date: /home/blakepi/ros2_ws/install/interface/include/interface/interface/msg/detail
[25.998s] -- Installing: /home/blakepi/ros2_ws/install/interface/include/interface/interface/msg/detail/servo_motor_state__struct.h
[25.999s] -- Installing: /home/blakepi/ros2_ws/install/interface/include/interface/interface/msg/detail/servo_motor_state_change__type_support.h
[26.000s] -- Installing: /home/blakepi/ros2_ws/install/interface/include/interface/interface/msg/detail/servo_motor_state_change__functions.h
[26.001s] -- Installing: /home/blakepi/ros2_ws/install/interface/include/interface/interface/msg/detail/servo_motor_state__type_support.h
[26.003s] -- Installing: /home/blakepi/ros2_ws/install/interface/include/interface/interface/msg/detail/servo_motor_state_change__functions.c
[26.004s] -- Installing: /home/blakepi/ros2_ws/install/interface/include/interface/interface/msg/detail/servo_motor_state_change__struct.h
[26.006s] -- Installing: /home/blakepi/ros2_ws/install/interface/include/interface/interface/msg/detail/servo_motor_state__functions.h
[26.009s] -- Installing: /home/blakepi/ros2_ws/install/interface/include/interface/interface/msg/detail/servo_motor_state__functions.c
[26.013s] -- Installing: /home/blakepi/ros2_ws/install/interface/include/interface/interface/msg/servo_motor_state.h
[26.015s] -- Up-to-date: /home/blakepi/ros2_ws/install/interface/include/interface/interface/msg/rosidl_generator_c__visibility_control.h
[26.017s] -- Up-to-date: /home/blakepi/ros2_ws/install/interface/share/interface/environment/library_path.sh
[26.018s] -- Installing: /home/blakepi/ros2_ws/install/interface/share/interface/environment/library_path.dsv
[26.020s] -- Installing: /home/blakepi/ros2_ws/install/interface/lib/libinterface__rosidl_generator_c.so
[26.025s] -- Set runtime path of "/home/blakepi/ros2_ws/install/interface/lib/libinterface__rosidl_generator_c.so" to ""
[26.026s] -- Up-to-date: /home/blakepi/ros2_ws/install/interface/include/interface/interface
[26.029s] -- Up-to-date: /home/blakepi/ros2_ws/install/interface/include/interface/interface/msg
[26.030s] -- Up-to-date: /home/blakepi/ros2_ws/install/interface/include/interface/interface/msg/rosidl_typesupport_fastrtps_c__visibility_control.h
[26.031s] -- Up-to-date: /home/blakepi/ros2_ws/install/interface/include/interface/interface/msg/detail
[26.034s] -- Installing: /home/blakepi/ros2_ws/install/interface/include/interface/interface/msg/detail/servo_motor_state__rosidl_typesupport_fastrtps_c.h
[26.036s] -- Installing: /home/blakepi/ros2_ws/install/interface/include/interface/interface/msg/detail/servo_motor_state_change__rosidl_typesupport_fastrtps_c.h
[26.038s] -- Installing: /home/blakepi/ros2_ws/install/interface/lib/libinterface__rosidl_typesupport_fastrtps_c.so
[26.043s] -- Set runtime path of "/home/blakepi/ros2_ws/install/interface/lib/libinterface__rosidl_typesupport_fastrtps_c.so" to ""
[26.044s] -- Up-to-date: /home/blakepi/ros2_ws/install/interface/include/interface/interface
[26.049s] -- Up-to-date: /home/blakepi/ros2_ws/install/interface/include/interface/interface/msg
[26.060s] -- Installing: /home/blakepi/ros2_ws/install/interface/include/interface/interface/msg/servo_motor_state.hpp
[26.061s] -- Installing: /home/blakepi/ros2_ws/install/interface/include/interface/interface/msg/servo_motor_state_change.hpp
[26.062s] -- Up-to-date: /home/blakepi/ros2_ws/install/interface/include/interface/interface/msg/detail
[26.062s] -- Installing: /home/blakepi/ros2_ws/install/interface/include/interface/interface/msg/detail/servo_motor_state__struct.hpp
[26.063s] -- Installing: /home/blakepi/ros2_ws/install/interface/include/interface/interface/msg/detail/servo_motor_state__builder.hpp
[26.063s] -- Installing: /home/blakepi/ros2_ws/install/interface/include/interface/interface/msg/detail/servo_motor_state_change__traits.hpp
[26.064s] -- Installing: /home/blakepi/ros2_ws/install/interface/include/interface/interface/msg/detail/servo_motor_state__traits.hpp
[26.064s] -- Installing: /home/blakepi/ros2_ws/install/interface/include/interface/interface/msg/detail/servo_motor_state_change__builder.hpp
[26.067s] -- Installing: /home/blakepi/ros2_ws/install/interface/include/interface/interface/msg/detail/servo_motor_state_change__struct.hpp
[26.070s] -- Up-to-date: /home/blakepi/ros2_ws/install/interface/include/interface/interface
[26.073s] -- Up-to-date: /home/blakepi/ros2_ws/install/interface/include/interface/interface/msg
[26.073s] -- Up-to-date: /home/blakepi/ros2_ws/install/interface/include/interface/interface/msg/rosidl_typesupport_fastrtps_cpp__visibility_control.h
[26.076s] -- Up-to-date: /home/blakepi/ros2_ws/install/interface/include/interface/interface/msg/detail
[26.077s] -- Installing: /home/blakepi/ros2_ws/install/interface/include/interface/interface/msg/detail/servo_motor_state__rosidl_typesupport_fastrtps_cpp.hpp
[26.081s] -- Installing: /home/blakepi/ros2_ws/install/interface/include/interface/interface/msg/detail/servo_motor_state_change__rosidl_typesupport_fastrtps_cpp.hpp
[26.086s] -- Up-to-date: /home/blakepi/ros2_ws/install/interface/include/interface/interface/msg/detail/dds_fastrtps
[26.089s] -- Installing: /home/blakepi/ros2_ws/install/interface/lib/libinterface__rosidl_typesupport_fastrtps_cpp.so
[26.091s] -- Set runtime path of "/home/blakepi/ros2_ws/install/interface/lib/libinterface__rosidl_typesupport_fastrtps_cpp.so" to ""
[26.093s] -- Up-to-date: /home/blakepi/ros2_ws/install/interface/include/interface/interface
[26.096s] -- Up-to-date: /home/blakepi/ros2_ws/install/interface/include/interface/interface/msg
[26.100s] -- Up-to-date: /home/blakepi/ros2_ws/install/interface/include/interface/interface/msg/detail
[26.104s] -- Installing: /home/blakepi/ros2_ws/install/interface/include/interface/interface/msg/detail/servo_motor_state_change__rosidl_typesupport_introspection_c.h
[26.112s] -- Installing: /home/blakepi/ros2_ws/install/interface/include/interface/interface/msg/detail/servo_motor_state__rosidl_typesupport_introspection_c.h
[26.116s] -- Installing: /home/blakepi/ros2_ws/install/interface/include/interface/interface/msg/detail/servo_motor_state_change__type_support.c
[26.118s] -- Installing: /home/blakepi/ros2_ws/install/interface/include/interface/interface/msg/detail/servo_motor_state__type_support.c
[26.120s] -- Up-to-date: /home/blakepi/ros2_ws/install/interface/include/interface/interface/msg/rosidl_typesupport_introspection_c__visibility_control.h
[26.125s] -- Installing: /home/blakepi/ros2_ws/install/interface/lib/libinterface__rosidl_typesupport_introspection_c.so
[26.126s] -- Set runtime path of "/home/blakepi/ros2_ws/install/interface/lib/libinterface__rosidl_typesupport_introspection_c.so" to ""
[26.129s] -- Installing: /home/blakepi/ros2_ws/install/interface/lib/libinterface__rosidl_typesupport_c.so
[26.133s] -- Set runtime path of "/home/blakepi/ros2_ws/install/interface/lib/libinterface__rosidl_typesupport_c.so" to ""
[26.134s] -- Up-to-date: /home/blakepi/ros2_ws/install/interface/include/interface/interface
[26.136s] -- Up-to-date: /home/blakepi/ros2_ws/install/interface/include/interface/interface/msg
[26.136s] -- Up-to-date: /home/blakepi/ros2_ws/install/interface/include/interface/interface/msg/detail
[26.137s] -- Installing: /home/blakepi/ros2_ws/install/interface/include/interface/interface/msg/detail/servo_motor_state_change__rosidl_typesupport_introspection_cpp.hpp
[26.137s] -- Installing: /home/blakepi/ros2_ws/install/interface/include/interface/interface/msg/detail/servo_motor_state__rosidl_typesupport_introspection_cpp.hpp
[26.138s] -- Installing: /home/blakepi/ros2_ws/install/interface/include/interface/interface/msg/detail/servo_motor_state__type_support.cpp
[26.138s] -- Installing: /home/blakepi/ros2_ws/install/interface/include/interface/interface/msg/detail/servo_motor_state_change__type_support.cpp
[26.138s] -- Installing: /home/blakepi/ros2_ws/install/interface/lib/libinterface__rosidl_typesupport_introspection_cpp.so
[26.139s] -- Set runtime path of "/home/blakepi/ros2_ws/install/interface/lib/libinterface__rosidl_typesupport_introspection_cpp.so" to ""
[26.139s] -- Installing: /home/blakepi/ros2_ws/install/interface/lib/libinterface__rosidl_typesupport_cpp.so
[26.143s] -- Set runtime path of "/home/blakepi/ros2_ws/install/interface/lib/libinterface__rosidl_typesupport_cpp.so" to ""
[26.143s] -- Up-to-date: /home/blakepi/ros2_ws/install/interface/share/interface/environment/pythonpath.sh
[26.144s] -- Installing: /home/blakepi/ros2_ws/install/interface/share/interface/environment/pythonpath.dsv
[26.145s] -- Up-to-date: /home/blakepi/ros2_ws/install/interface/local/lib/python3.10/dist-packages/interface-0.0.0-py3.10.egg-info
[26.146s] -- Installing: /home/blakepi/ros2_ws/install/interface/local/lib/python3.10/dist-packages/interface-0.0.0-py3.10.egg-info/SOURCES.txt
[26.147s] -- Installing: /home/blakepi/ros2_ws/install/interface/local/lib/python3.10/dist-packages/interface-0.0.0-py3.10.egg-info/dependency_links.txt
[26.149s] -- Installing: /home/blakepi/ros2_ws/install/interface/local/lib/python3.10/dist-packages/interface-0.0.0-py3.10.egg-info/PKG-INFO
[26.150s] -- Installing: /home/blakepi/ros2_ws/install/interface/local/lib/python3.10/dist-packages/interface-0.0.0-py3.10.egg-info/top_level.txt
[26.153s] -- Up-to-date: /home/blakepi/ros2_ws/install/interface/local/lib/python3.10/dist-packages/interface
[26.153s] -- Installing: /home/blakepi/ros2_ws/install/interface/local/lib/python3.10/dist-packages/interface/interface_s__rosidl_typesupport_fastrtps_c.cpython-310-aarch64-linux-gnu.so
[26.154s] -- Installing: /home/blakepi/ros2_ws/install/interface/local/lib/python3.10/dist-packages/interface/__init__.py
[26.155s] -- Installing: /home/blakepi/ros2_ws/install/interface/local/lib/python3.10/dist-packages/interface/_interface_s.ep.rosidl_typesupport_fastrtps_c.c
[26.158s] -- Installing: /home/blakepi/ros2_ws/install/interface/local/lib/python3.10/dist-packages/interface/_interface_s.ep.rosidl_typesupport_c.c
[26.169s] -- Installing: /home/blakepi/ros2_ws/install/interface/local/lib/python3.10/dist-packages/interface/libinterface__rosidl_generator_py.so
[26.171s] -- Installing: /home/blakepi/ros2_ws/install/interface/local/lib/python3.10/dist-packages/interface/_interface_s.ep.rosidl_typesupport_introspection_c.c
[26.172s] -- Installing: /home/blakepi/ros2_ws/install/interface/local/lib/python3.10/dist-packages/interface/interface_s__rosidl_typesupport_introspection_c.cpython-310-aarch64-linux-gnu.so
[26.172s] -- Up-to-date: /home/blakepi/ros2_ws/install/interface/local/lib/python3.10/dist-packages/interface/msg
[26.173s] -- Installing: /home/blakepi/ros2_ws/install/interface/local/lib/python3.10/dist-packages/interface/msg/_servo_motor_state_change_s.c
[26.173s] -- Installing: /home/blakepi/ros2_ws/install/interface/local/lib/python3.10/dist-packages/interface/msg/__init__.py
[26.174s] -- Installing: /home/blakepi/ros2_ws/install/interface/local/lib/python3.10/dist-packages/interface/msg/_servo_motor_state_change.py
[26.174s] -- Installing: /home/blakepi/ros2_ws/install/interface/local/lib/python3.10/dist-packages/interface/msg/_servo_motor_state_s.c
[26.175s] -- Installing: /home/blakepi/ros2_ws/install/interface/local/lib/python3.10/dist-packages/interface/msg/_servo_motor_state.py
[26.176s] -- Installing: /home/blakepi/ros2_ws/install/interface/local/lib/python3.10/dist-packages/interface/interface_s__rosidl_typesupport_c.cpython-310-aarch64-linux-gnu.so
[26.368s] Listing '/home/blakepi/ros2_ws/install/interface/local/lib/python3.10/dist-packages/interface'...
[26.370s] Compiling '/home/blakepi/ros2_ws/install/interface/local/lib/python3.10/dist-packages/interface/__init__.py'...
[26.371s] Listing '/home/blakepi/ros2_ws/install/interface/local/lib/python3.10/dist-packages/interface/msg'...
[26.373s] Compiling '/home/blakepi/ros2_ws/install/interface/local/lib/python3.10/dist-packages/interface/msg/__init__.py'...
[26.374s] Compiling '/home/blakepi/ros2_ws/install/interface/local/lib/python3.10/dist-packages/interface/msg/_servo_motor_state.py'...
[26.379s] Compiling '/home/blakepi/ros2_ws/install/interface/local/lib/python3.10/dist-packages/interface/msg/_servo_motor_state_change.py'...
[26.397s] -- Installing: /home/blakepi/ros2_ws/install/interface/local/lib/python3.10/dist-packages/interface/interface_s__rosidl_typesupport_fastrtps_c.cpython-310-aarch64-linux-gnu.so
[26.401s] -- Set runtime path of "/home/blakepi/ros2_ws/install/interface/local/lib/python3.10/dist-packages/interface/interface_s__rosidl_typesupport_fastrtps_c.cpython-310-aarch64-linux-gnu.so" to ""
[26.402s] -- Installing: /home/blakepi/ros2_ws/install/interface/local/lib/python3.10/dist-packages/interface/interface_s__rosidl_typesupport_introspection_c.cpython-310-aarch64-linux-gnu.so
[26.405s] -- Set runtime path of "/home/blakepi/ros2_ws/install/interface/local/lib/python3.10/dist-packages/interface/interface_s__rosidl_typesupport_introspection_c.cpython-310-aarch64-linux-gnu.so" to ""
[26.406s] -- Installing: /home/blakepi/ros2_ws/install/interface/local/lib/python3.10/dist-packages/interface/interface_s__rosidl_typesupport_c.cpython-310-aarch64-linux-gnu.so
[26.409s] -- Set runtime path of "/home/blakepi/ros2_ws/install/interface/local/lib/python3.10/dist-packages/interface/interface_s__rosidl_typesupport_c.cpython-310-aarch64-linux-gnu.so" to ""
[26.411s] -- Installing: /home/blakepi/ros2_ws/install/interface/lib/libinterface__rosidl_generator_py.so
[26.415s] -- Set runtime path of "/home/blakepi/ros2_ws/install/interface/lib/libinterface__rosidl_generator_py.so" to ""
[26.416s] -- Up-to-date: /home/blakepi/ros2_ws/install/interface/share/interface/msg/ServoMotorState.idl
[26.419s] -- Installing: /home/blakepi/ros2_ws/install/interface/share/interface/msg/ServoMotorStateChange.idl
[26.420s] -- Up-to-date: /home/blakepi/ros2_ws/install/interface/share/interface/msg/ServoMotorState.msg
[26.420s] -- Installing: /home/blakepi/ros2_ws/install/interface/share/interface/msg/ServoMotorStateChange.msg
[26.422s] -- Up-to-date: /home/blakepi/ros2_ws/install/interface/share/ament_index/resource_index/package_run_dependencies/interface
[26.423s] -- Installing: /home/blakepi/ros2_ws/install/interface/share/ament_index/resource_index/parent_prefix_path/interface
[26.423s] -- Up-to-date: /home/blakepi/ros2_ws/install/interface/share/interface/environment/ament_prefix_path.sh
[26.424s] -- Installing: /home/blakepi/ros2_ws/install/interface/share/interface/environment/ament_prefix_path.dsv
[26.424s] -- Up-to-date: /home/blakepi/ros2_ws/install/interface/share/interface/environment/path.sh
[26.425s] -- Installing: /home/blakepi/ros2_ws/install/interface/share/interface/environment/path.dsv
[26.427s] -- Up-to-date: /home/blakepi/ros2_ws/install/interface/share/interface/local_setup.bash
[26.429s] -- Up-to-date: /home/blakepi/ros2_ws/install/interface/share/interface/local_setup.sh
[26.429s] -- Up-to-date: /home/blakepi/ros2_ws/install/interface/share/interface/local_setup.zsh
[26.430s] -- Installing: /home/blakepi/ros2_ws/install/interface/share/interface/local_setup.dsv
[26.430s] -- Installing: /home/blakepi/ros2_ws/install/interface/share/interface/package.dsv
[26.432s] -- Up-to-date: /home/blakepi/ros2_ws/install/interface/share/ament_index/resource_index/packages/interface
[26.433s] -- Up-to-date: /home/blakepi/ros2_ws/install/interface/share/interface/cmake/export_interface__rosidl_generator_cExport.cmake
[26.433s] -- Up-to-date: /home/blakepi/ros2_ws/install/interface/share/interface/cmake/export_interface__rosidl_generator_cExport-noconfig.cmake
[26.434s] -- Up-to-date: /home/blakepi/ros2_ws/install/interface/share/interface/cmake/export_interface__rosidl_typesupport_fastrtps_cExport.cmake
[26.436s] -- Up-to-date: /home/blakepi/ros2_ws/install/interface/share/interface/cmake/export_interface__rosidl_typesupport_fastrtps_cExport-noconfig.cmake
[26.437s] -- Up-to-date: /home/blakepi/ros2_ws/install/interface/share/interface/cmake/export_interface__rosidl_generator_cppExport.cmake
[26.438s] -- Up-to-date: /home/blakepi/ros2_ws/install/interface/share/interface/cmake/export_interface__rosidl_typesupport_fastrtps_cppExport.cmake
[26.438s] -- Up-to-date: /home/blakepi/ros2_ws/install/interface/share/interface/cmake/export_interface__rosidl_typesupport_fastrtps_cppExport-noconfig.cmake
[26.439s] -- Up-to-date: /home/blakepi/ros2_ws/install/interface/share/interface/cmake/interface__rosidl_typesupport_introspection_cExport.cmake
[26.440s] -- Up-to-date: /home/blakepi/ros2_ws/install/interface/share/interface/cmake/interface__rosidl_typesupport_introspection_cExport-noconfig.cmake
[26.440s] -- Up-to-date: /home/blakepi/ros2_ws/install/interface/share/interface/cmake/interface__rosidl_typesupport_cExport.cmake
[26.441s] -- Up-to-date: /home/blakepi/ros2_ws/install/interface/share/interface/cmake/interface__rosidl_typesupport_cExport-noconfig.cmake
[26.442s] -- Up-to-date: /home/blakepi/ros2_ws/install/interface/share/interface/cmake/interface__rosidl_typesupport_introspection_cppExport.cmake
[26.442s] -- Up-to-date: /home/blakepi/ros2_ws/install/interface/share/interface/cmake/interface__rosidl_typesupport_introspection_cppExport-noconfig.cmake
[26.443s] -- Up-to-date: /home/blakepi/ros2_ws/install/interface/share/interface/cmake/interface__rosidl_typesupport_cppExport.cmake
[26.443s] -- Up-to-date: /home/blakepi/ros2_ws/install/interface/share/interface/cmake/interface__rosidl_typesupport_cppExport-noconfig.cmake
[26.444s] -- Up-to-date: /home/blakepi/ros2_ws/install/interface/share/interface/cmake/export_interface__rosidl_generator_pyExport.cmake
[26.444s] -- Up-to-date: /home/blakepi/ros2_ws/install/interface/share/interface/cmake/export_interface__rosidl_generator_pyExport-noconfig.cmake
[26.445s] -- Installing: /home/blakepi/ros2_ws/install/interface/share/interface/cmake/rosidl_cmake-extras.cmake
[26.446s] -- Up-to-date: /home/blakepi/ros2_ws/install/interface/share/interface/cmake/ament_cmake_export_include_directories-extras.cmake
[26.447s] -- Up-to-date: /home/blakepi/ros2_ws/install/interface/share/interface/cmake/ament_cmake_export_libraries-extras.cmake
[26.448s] -- Up-to-date: /home/blakepi/ros2_ws/install/interface/share/interface/cmake/ament_cmake_export_targets-extras.cmake
[26.448s] -- Up-to-date: /home/blakepi/ros2_ws/install/interface/share/interface/cmake/rosidl_cmake_export_typesupport_targets-extras.cmake
[26.449s] -- Up-to-date: /home/blakepi/ros2_ws/install/interface/share/interface/cmake/ament_cmake_export_dependencies-extras.cmake
[26.449s] -- Up-to-date: /home/blakepi/ros2_ws/install/interface/share/interface/cmake/rosidl_cmake_export_typesupport_libraries-extras.cmake
[26.449s] -- Up-to-date: /home/blakepi/ros2_ws/install/interface/share/interface/cmake/interfaceConfig.cmake
[26.450s] -- Up-to-date: /home/blakepi/ros2_ws/install/interface/share/interface/cmake/interfaceConfig-version.cmake
[26.450s] -- Up-to-date: /home/blakepi/ros2_ws/install/interface/share/interface/package.xml
[26.468s] Invoked command in '/home/blakepi/ros2_ws/build/interface' returned '0': CMAKE_PREFIX_PATH=${CMAKE_PREFIX_PATH}:/home/blakepi/ros2_ws/install/python_pkgs:/home/blakepi/ros2_ws/install/bluetooth_communication:/opt/ros/humble /usr/bin/cmake --install /home/blakepi/ros2_ws/build/interface
