[0.073s] Invoking command in '/home/blakepi/ros2_ws/build/robot_arm': CMAKE_PREFIX_PATH=${CMAKE_PREFIX_PATH}:/opt/ros/humble /usr/bin/cmake --build /home/blakepi/ros2_ws/build/robot_arm -- -j4 -l4
[0.184s] -- Found ament_cmake: 1.3.9 (/opt/ros/humble/share/ament_cmake/cmake)
[0.739s] -- Found rclcpp: 16.0.9 (/opt/ros/humble/share/rclcpp/cmake)
[0.874s] -- Found rosidl_generator_c: 3.1.5 (/opt/ros/humble/share/rosidl_generator_c/cmake)
[0.886s] -- Found rosidl_adapter: 3.1.5 (/opt/ros/humble/share/rosidl_adapter/cmake)
[0.912s] -- Found rosidl_generator_cpp: 3.1.5 (/opt/ros/humble/share/rosidl_generator_cpp/cmake)
[0.957s] -- Using all available rosidl_typesupport_c: rosidl_typesupport_fastrtps_c;rosidl_typesupport_introspection_c
[1.021s] -- Using all available rosidl_typesupport_cpp: rosidl_typesupport_fastrtps_cpp;rosidl_typesupport_introspection_cpp
[1.248s] -- Found rmw_implementation_cmake: 6.1.2 (/opt/ros/humble/share/rmw_implementation_cmake/cmake)
[1.254s] -- Found rmw_fastrtps_cpp: 6.2.6 (/opt/ros/humble/share/rmw_fastrtps_cpp/cmake)
[1.775s] -- Using RMW implementation 'rmw_fastrtps_cpp' as default
[2.429s] [31mCMake Error at CMakeLists.txt:19 (find_package):
[2.429s]   By not providing "Findbluetooth.cmake" in CMAKE_MODULE_PATH this project
[2.430s]   has asked CMake to find a package configuration file provided by
[2.430s]   "bluetooth", but CMake did not find one.
[2.431s] 
[2.431s]   Could not find a package configuration file provided by "bluetooth" with
[2.432s]   any of the following names:
[2.433s] 
[2.434s]     bluetoothConfig.cmake
[2.435s]     bluetooth-config.cmake
[2.436s] 
[2.439s]   Add the installation prefix of "bluetooth" to CMAKE_PREFIX_PATH or set
[2.442s]   "bluetooth_DIR" to a directory containing one of the above files.  If
[2.443s]   "bluetooth" provides a separate development package or SDK, be sure it has
[2.445s]   been installed.
[2.448s] 
[2.449s] [0m
[2.449s] -- Configuring incomplete, errors occurred!
[2.451s] See also "/home/blakepi/ros2_ws/build/robot_arm/CMakeFiles/CMakeOutput.log".
[2.454s] gmake: *** [Makefile:267: cmake_check_build_system] Error 1
[2.461s] Invoked command in '/home/blakepi/ros2_ws/build/robot_arm' returned '2': CMAKE_PREFIX_PATH=${CMAKE_PREFIX_PATH}:/opt/ros/humble /usr/bin/cmake --build /home/blakepi/ros2_ws/build/robot_arm -- -j4 -l4
