[0.055s] Invoking command in '/home/blakepi/ros2_ws/build/robot_arm': CMAKE_PREFIX_PATH=${CMAKE_PREFIX_PATH}:/opt/ros/humble /usr/bin/cmake --build /home/blakepi/ros2_ws/build/robot_arm -- -j4 -l4
[0.147s] -- Found ament_cmake: 1.3.9 (/opt/ros/humble/share/ament_cmake/cmake)
[0.692s] -- Found rclcpp: 16.0.9 (/opt/ros/humble/share/rclcpp/cmake)
[0.821s] -- Found rosidl_generator_c: 3.1.5 (/opt/ros/humble/share/rosidl_generator_c/cmake)
[0.832s] -- Found rosidl_adapter: 3.1.5 (/opt/ros/humble/share/rosidl_adapter/cmake)
[0.857s] -- Found rosidl_generator_cpp: 3.1.5 (/opt/ros/humble/share/rosidl_generator_cpp/cmake)
[0.901s] -- Using all available rosidl_typesupport_c: rosidl_typesupport_fastrtps_c;rosidl_typesupport_introspection_c
[0.962s] -- Using all available rosidl_typesupport_cpp: rosidl_typesupport_fastrtps_cpp;rosidl_typesupport_introspection_cpp
[1.188s] -- Found rmw_implementation_cmake: 6.1.2 (/opt/ros/humble/share/rmw_implementation_cmake/cmake)
[1.194s] -- Found rmw_fastrtps_cpp: 6.2.6 (/opt/ros/humble/share/rmw_fastrtps_cpp/cmake)
[1.715s] -- Using RMW implementation 'rmw_fastrtps_cpp' as default
[2.360s] [31mCMake Error at CMakeLists.txt:19 (find_package):
[2.361s]   By not providing "FindDBus.cmake" in CMAKE_MODULE_PATH this project has
[2.361s]   asked CMake to find a package configuration file provided by "DBus", but
[2.361s]   CMake did not find one.
[2.362s] 
[2.362s]   Could not find a package configuration file provided by "DBus" with any of
[2.362s]   the following names:
[2.363s] 
[2.363s]     DBusConfig.cmake
[2.364s]     dbus-config.cmake
[2.365s] 
[2.366s]   Add the installation prefix of "DBus" to CMAKE_PREFIX_PATH or set
[2.366s]   "DBus_DIR" to a directory containing one of the above files.  If "DBus"
[2.367s]   provides a separate development package or SDK, be sure it has been
[2.368s]   installed.
[2.368s] 
[2.369s] [0m
[2.370s] -- Configuring incomplete, errors occurred!
[2.370s] See also "/home/blakepi/ros2_ws/build/robot_arm/CMakeFiles/CMakeOutput.log".
[2.381s] gmake: *** [Makefile:349: cmake_check_build_system] Error 1
[2.388s] Invoked command in '/home/blakepi/ros2_ws/build/robot_arm' returned '2': CMAKE_PREFIX_PATH=${CMAKE_PREFIX_PATH}:/opt/ros/humble /usr/bin/cmake --build /home/blakepi/ros2_ws/build/robot_arm -- -j4 -l4
