[14.826s] Invoking command in '/home/blakepi/ros2_ws/src/python_pkgs': PYTHONPATH=/home/blakepi/ros2_ws/build/python_pkgs/prefix_override:/usr/lib/python3/dist-packages/colcon_core/task/python/colcon_distutils_commands:/home/blakepi/ros2_ws/install/python_pkgs/lib/python3.10/site-packages:${PYTHONPATH} /usr/bin/python3 -W ignore:setup.py install is deprecated setup.py egg_info --egg-base ../../build/python_pkgs build --build-base /home/blakepi/ros2_ws/build/python_pkgs/build install --record /home/blakepi/ros2_ws/build/python_pkgs/install.log --single-version-externally-managed install_data
[20.738s] running egg_info
[20.739s] writing ../../build/python_pkgs/python_pkgs.egg-info/PKG-INFO
[20.741s] writing dependency_links to ../../build/python_pkgs/python_pkgs.egg-info/dependency_links.txt
[20.746s] writing entry points to ../../build/python_pkgs/python_pkgs.egg-info/entry_points.txt
[20.747s] writing requirements to ../../build/python_pkgs/python_pkgs.egg-info/requires.txt
[20.765s] writing top-level names to ../../build/python_pkgs/python_pkgs.egg-info/top_level.txt
[20.768s] reading manifest file '../../build/python_pkgs/python_pkgs.egg-info/SOURCES.txt'
[20.789s] writing manifest file '../../build/python_pkgs/python_pkgs.egg-info/SOURCES.txt'
[20.791s] running build
[20.793s] running build_py
[20.794s] running install
[20.798s] running install_lib
[20.813s] running install_data
[20.815s] running install_egg_info
[20.842s] removing '/home/blakepi/ros2_ws/install/python_pkgs/lib/python3.10/site-packages/python_pkgs-0.0.0-py3.10.egg-info' (and everything under it)
[20.843s] Copying ../../build/python_pkgs/python_pkgs.egg-info to /home/blakepi/ros2_ws/install/python_pkgs/lib/python3.10/site-packages/python_pkgs-0.0.0-py3.10.egg-info
[20.860s] running install_scripts
[21.202s] Installing bluetooth_node script to /home/blakepi/ros2_ws/install/python_pkgs/lib/python_pkgs
[21.206s] writing list of installed files to '/home/blakepi/ros2_ws/build/python_pkgs/install.log'
[21.564s] Invoked command in '/home/blakepi/ros2_ws/src/python_pkgs' returned '0': PYTHONPATH=/home/blakepi/ros2_ws/build/python_pkgs/prefix_override:/usr/lib/python3/dist-packages/colcon_core/task/python/colcon_distutils_commands:/home/blakepi/ros2_ws/install/python_pkgs/lib/python3.10/site-packages:${PYTHONPATH} /usr/bin/python3 -W ignore:setup.py install is deprecated setup.py egg_info --egg-base ../../build/python_pkgs build --build-base /home/blakepi/ros2_ws/build/python_pkgs/build install --record /home/blakepi/ros2_ws/build/python_pkgs/install.log --single-version-externally-managed install_data
