[0.664s] DEBUG:colcon:Command line arguments: ['/usr/bin/colcon', 'build']
[0.664s] DEBUG:colcon:Parsed command line arguments: Namespace(log_base=None, log_level=None, verb_name='build', build_base='build', install_base='install', merge_install=False, symlink_install=False, test_result_base=None, continue_on_error=False, executor='parallel', parallel_workers=4, event_handlers=None, ignore_user_meta=False, metas=['./colcon.meta'], base_paths=['.'], packages_ignore=None, packages_ignore_regex=None, paths=None, packages_up_to=None, packages_up_to_regex=None, packages_above=None, packages_above_and_dependencies=None, packages_above_depth=None, packages_select_by_dep=None, packages_skip_by_dep=None, packages_skip_up_to=None, packages_select_build_failed=False, packages_skip_build_finished=False, packages_select_test_failures=False, packages_skip_test_passed=False, packages_select=None, packages_skip=None, packages_select_regex=None, packages_skip_regex=None, packages_start=None, packages_end=None, allow_overriding=[], cmake_args=None, cmake_target=None, cmake_target_skip_unavailable=False, cmake_clean_cache=False, cmake_clean_first=False, cmake_force_configure=False, ament_cmake_args=None, catkin_cmake_args=None, catkin_skip_building_tests=False, verb_parser=<colcon_defaults.argument_parser.defaults.DefaultArgumentsDecorator object at 0xffffb36bee30>, verb_extension=<colcon_core.verb.build.BuildVerb object at 0xffffb36be9e0>, main=<bound method BuildVerb.main of <colcon_core.verb.build.BuildVerb object at 0xffffb36be9e0>>)
[1.524s] Level 1:colcon.colcon_core.package_discovery:discover_packages(colcon_meta) check parameters
[1.524s] Level 1:colcon.colcon_core.package_discovery:discover_packages(recursive) check parameters
[1.525s] Level 1:colcon.colcon_core.package_discovery:discover_packages(ignore) check parameters
[1.525s] Level 1:colcon.colcon_core.package_discovery:discover_packages(path) check parameters
[1.525s] Level 1:colcon.colcon_core.package_discovery:discover_packages(colcon_meta) discover
[1.525s] Level 1:colcon.colcon_core.package_discovery:discover_packages(recursive) discover
[1.525s] INFO:colcon.colcon_core.package_discovery:Crawling recursively for packages in '/home/blakepi/ros2_ws'
[1.526s] Level 1:colcon.colcon_core.package_identification:_identify(.) by extensions ['ignore', 'ignore_ament_install']
[1.526s] Level 1:colcon.colcon_core.package_identification:_identify(.) by extension 'ignore'
[1.527s] Level 1:colcon.colcon_core.package_identification:_identify(.) by extension 'ignore_ament_install'
[1.527s] Level 1:colcon.colcon_core.package_identification:_identify(.) by extensions ['colcon_pkg']
[1.527s] Level 1:colcon.colcon_core.package_identification:_identify(.) by extension 'colcon_pkg'
[1.528s] Level 1:colcon.colcon_core.package_identification:_identify(.) by extensions ['colcon_meta']
[1.528s] Level 1:colcon.colcon_core.package_identification:_identify(.) by extension 'colcon_meta'
[1.528s] Level 1:colcon.colcon_core.package_identification:_identify(.) by extensions ['ros']
[1.528s] Level 1:colcon.colcon_core.package_identification:_identify(.) by extension 'ros'
[1.615s] Level 1:colcon.colcon_core.package_identification:_identify(.) by extensions ['cmake', 'python']
[1.616s] Level 1:colcon.colcon_core.package_identification:_identify(.) by extension 'cmake'
[1.616s] Level 1:colcon.colcon_core.package_identification:_identify(.) by extension 'python'
[1.616s] Level 1:colcon.colcon_core.package_identification:_identify(.) by extensions ['python_setup_py']
[1.617s] Level 1:colcon.colcon_core.package_identification:_identify(.) by extension 'python_setup_py'
[1.617s] Level 1:colcon.colcon_core.package_identification:_identify(build) by extensions ['ignore', 'ignore_ament_install']
[1.618s] Level 1:colcon.colcon_core.package_identification:_identify(build) by extension 'ignore'
[1.618s] Level 1:colcon.colcon_core.package_identification:_identify(build) ignored
[1.619s] Level 1:colcon.colcon_core.package_identification:_identify(install) by extensions ['ignore', 'ignore_ament_install']
[1.620s] Level 1:colcon.colcon_core.package_identification:_identify(install) by extension 'ignore'
[1.620s] Level 1:colcon.colcon_core.package_identification:_identify(install) ignored
[1.621s] Level 1:colcon.colcon_core.package_identification:_identify(log) by extensions ['ignore', 'ignore_ament_install']
[1.622s] Level 1:colcon.colcon_core.package_identification:_identify(log) by extension 'ignore'
[1.622s] Level 1:colcon.colcon_core.package_identification:_identify(log) ignored
[1.623s] Level 1:colcon.colcon_core.package_identification:_identify(src) by extensions ['ignore', 'ignore_ament_install']
[1.623s] Level 1:colcon.colcon_core.package_identification:_identify(src) by extension 'ignore'
[1.623s] Level 1:colcon.colcon_core.package_identification:_identify(src) by extension 'ignore_ament_install'
[1.624s] Level 1:colcon.colcon_core.package_identification:_identify(src) by extensions ['colcon_pkg']
[1.624s] Level 1:colcon.colcon_core.package_identification:_identify(src) by extension 'colcon_pkg'
[1.624s] Level 1:colcon.colcon_core.package_identification:_identify(src) by extensions ['colcon_meta']
[1.624s] Level 1:colcon.colcon_core.package_identification:_identify(src) by extension 'colcon_meta'
[1.625s] Level 1:colcon.colcon_core.package_identification:_identify(src) by extensions ['ros']
[1.625s] Level 1:colcon.colcon_core.package_identification:_identify(src) by extension 'ros'
[1.625s] Level 1:colcon.colcon_core.package_identification:_identify(src) by extensions ['cmake', 'python']
[1.625s] Level 1:colcon.colcon_core.package_identification:_identify(src) by extension 'cmake'
[1.626s] Level 1:colcon.colcon_core.package_identification:_identify(src) by extension 'python'
[1.626s] Level 1:colcon.colcon_core.package_identification:_identify(src) by extensions ['python_setup_py']
[1.626s] Level 1:colcon.colcon_core.package_identification:_identify(src) by extension 'python_setup_py'
[1.627s] Level 1:colcon.colcon_core.package_identification:_identify(src/interface) by extensions ['ignore', 'ignore_ament_install']
[1.627s] Level 1:colcon.colcon_core.package_identification:_identify(src/interface) by extension 'ignore'
[1.628s] Level 1:colcon.colcon_core.package_identification:_identify(src/interface) by extension 'ignore_ament_install'
[1.628s] Level 1:colcon.colcon_core.package_identification:_identify(src/interface) by extensions ['colcon_pkg']
[1.628s] Level 1:colcon.colcon_core.package_identification:_identify(src/interface) by extension 'colcon_pkg'
[1.629s] Level 1:colcon.colcon_core.package_identification:_identify(src/interface) by extensions ['colcon_meta']
[1.629s] Level 1:colcon.colcon_core.package_identification:_identify(src/interface) by extension 'colcon_meta'
[1.629s] Level 1:colcon.colcon_core.package_identification:_identify(src/interface) by extensions ['ros']
[1.629s] Level 1:colcon.colcon_core.package_identification:_identify(src/interface) by extension 'ros'
[1.639s] DEBUG:colcon.colcon_core.package_identification:Package 'src/interface' with type 'ros.ament_cmake' and name 'interface'
[1.640s] Level 1:colcon.colcon_core.package_identification:_identify(src/python_pkgs) by extensions ['ignore', 'ignore_ament_install']
[1.641s] Level 1:colcon.colcon_core.package_identification:_identify(src/python_pkgs) by extension 'ignore'
[1.641s] Level 1:colcon.colcon_core.package_identification:_identify(src/python_pkgs) by extension 'ignore_ament_install'
[1.641s] Level 1:colcon.colcon_core.package_identification:_identify(src/python_pkgs) by extensions ['colcon_pkg']
[1.642s] Level 1:colcon.colcon_core.package_identification:_identify(src/python_pkgs) by extension 'colcon_pkg'
[1.642s] Level 1:colcon.colcon_core.package_identification:_identify(src/python_pkgs) by extensions ['colcon_meta']
[1.642s] Level 1:colcon.colcon_core.package_identification:_identify(src/python_pkgs) by extension 'colcon_meta'
[1.642s] Level 1:colcon.colcon_core.package_identification:_identify(src/python_pkgs) by extensions ['ros']
[1.643s] Level 1:colcon.colcon_core.package_identification:_identify(src/python_pkgs) by extension 'ros'
[1.645s] DEBUG:colcon.colcon_core.package_identification:Package 'src/python_pkgs' with type 'ros.ament_python' and name 'python_pkgs'
[1.646s] Level 1:colcon.colcon_core.package_identification:_identify(src/robot_arm) by extensions ['ignore', 'ignore_ament_install']
[1.646s] Level 1:colcon.colcon_core.package_identification:_identify(src/robot_arm) by extension 'ignore'
[1.647s] Level 1:colcon.colcon_core.package_identification:_identify(src/robot_arm) by extension 'ignore_ament_install'
[1.647s] Level 1:colcon.colcon_core.package_identification:_identify(src/robot_arm) by extensions ['colcon_pkg']
[1.647s] Level 1:colcon.colcon_core.package_identification:_identify(src/robot_arm) by extension 'colcon_pkg'
[1.647s] Level 1:colcon.colcon_core.package_identification:_identify(src/robot_arm) by extensions ['colcon_meta']
[1.648s] Level 1:colcon.colcon_core.package_identification:_identify(src/robot_arm) by extension 'colcon_meta'
[1.648s] Level 1:colcon.colcon_core.package_identification:_identify(src/robot_arm) by extensions ['ros']
[1.648s] Level 1:colcon.colcon_core.package_identification:_identify(src/robot_arm) by extension 'ros'
[1.653s] DEBUG:colcon.colcon_core.package_identification:Package 'src/robot_arm' with type 'ros.ament_cmake' and name 'robot_arm'
[1.653s] Level 1:colcon.colcon_core.package_discovery:discover_packages(recursive) using defaults
[1.654s] Level 1:colcon.colcon_core.package_discovery:discover_packages(ignore) discover
[1.654s] Level 1:colcon.colcon_core.package_discovery:discover_packages(ignore) using defaults
[1.654s] Level 1:colcon.colcon_core.package_discovery:discover_packages(path) discover
[1.654s] Level 1:colcon.colcon_core.package_discovery:discover_packages(path) using defaults
[1.772s] Level 1:colcon.colcon_core.package_discovery:discover_packages(prefix_path) check parameters
[1.772s] Level 1:colcon.colcon_core.package_discovery:discover_packages(prefix_path) discover
[1.783s] DEBUG:colcon.colcon_installed_package_information.package_discovery:Found 3 installed packages in /home/blakepi/ros2_ws/install
[1.790s] DEBUG:colcon.colcon_installed_package_information.package_discovery:Found 181 installed packages in /opt/ros/humble
[1.795s] Level 1:colcon.colcon_core.package_discovery:discover_packages(prefix_path) using defaults
[1.943s] Level 5:colcon.colcon_core.verb:set package 'interface' build argument 'cmake_args' from command line to 'None'
[1.944s] Level 5:colcon.colcon_core.verb:set package 'interface' build argument 'cmake_target' from command line to 'None'
[1.944s] Level 5:colcon.colcon_core.verb:set package 'interface' build argument 'cmake_target_skip_unavailable' from command line to 'False'
[1.944s] Level 5:colcon.colcon_core.verb:set package 'interface' build argument 'cmake_clean_cache' from command line to 'False'
[1.944s] Level 5:colcon.colcon_core.verb:set package 'interface' build argument 'cmake_clean_first' from command line to 'False'
[1.944s] Level 5:colcon.colcon_core.verb:set package 'interface' build argument 'cmake_force_configure' from command line to 'False'
[1.944s] Level 5:colcon.colcon_core.verb:set package 'interface' build argument 'ament_cmake_args' from command line to 'None'
[1.945s] Level 5:colcon.colcon_core.verb:set package 'interface' build argument 'catkin_cmake_args' from command line to 'None'
[1.945s] Level 5:colcon.colcon_core.verb:set package 'interface' build argument 'catkin_skip_building_tests' from command line to 'False'
[1.945s] DEBUG:colcon.colcon_core.verb:Building package 'interface' with the following arguments: {'ament_cmake_args': None, 'build_base': '/home/blakepi/ros2_ws/build/interface', 'catkin_cmake_args': None, 'catkin_skip_building_tests': False, 'cmake_args': None, 'cmake_clean_cache': False, 'cmake_clean_first': False, 'cmake_force_configure': False, 'cmake_target': None, 'cmake_target_skip_unavailable': False, 'install_base': '/home/blakepi/ros2_ws/install/interface', 'merge_install': False, 'path': '/home/blakepi/ros2_ws/src/interface', 'symlink_install': False, 'test_result_base': None}
[1.947s] Level 5:colcon.colcon_core.verb:set package 'python_pkgs' build argument 'cmake_args' from command line to 'None'
[1.947s] Level 5:colcon.colcon_core.verb:set package 'python_pkgs' build argument 'cmake_target' from command line to 'None'
[1.947s] Level 5:colcon.colcon_core.verb:set package 'python_pkgs' build argument 'cmake_target_skip_unavailable' from command line to 'False'
[1.947s] Level 5:colcon.colcon_core.verb:set package 'python_pkgs' build argument 'cmake_clean_cache' from command line to 'False'
[1.947s] Level 5:colcon.colcon_core.verb:set package 'python_pkgs' build argument 'cmake_clean_first' from command line to 'False'
[1.948s] Level 5:colcon.colcon_core.verb:set package 'python_pkgs' build argument 'cmake_force_configure' from command line to 'False'
[1.948s] Level 5:colcon.colcon_core.verb:set package 'python_pkgs' build argument 'ament_cmake_args' from command line to 'None'
[1.948s] Level 5:colcon.colcon_core.verb:set package 'python_pkgs' build argument 'catkin_cmake_args' from command line to 'None'
[1.948s] Level 5:colcon.colcon_core.verb:set package 'python_pkgs' build argument 'catkin_skip_building_tests' from command line to 'False'
[1.948s] DEBUG:colcon.colcon_core.verb:Building package 'python_pkgs' with the following arguments: {'ament_cmake_args': None, 'build_base': '/home/blakepi/ros2_ws/build/python_pkgs', 'catkin_cmake_args': None, 'catkin_skip_building_tests': False, 'cmake_args': None, 'cmake_clean_cache': False, 'cmake_clean_first': False, 'cmake_force_configure': False, 'cmake_target': None, 'cmake_target_skip_unavailable': False, 'install_base': '/home/blakepi/ros2_ws/install/python_pkgs', 'merge_install': False, 'path': '/home/blakepi/ros2_ws/src/python_pkgs', 'symlink_install': False, 'test_result_base': None}
[1.950s] Level 5:colcon.colcon_core.verb:set package 'robot_arm' build argument 'cmake_args' from command line to 'None'
[1.950s] Level 5:colcon.colcon_core.verb:set package 'robot_arm' build argument 'cmake_target' from command line to 'None'
[1.950s] Level 5:colcon.colcon_core.verb:set package 'robot_arm' build argument 'cmake_target_skip_unavailable' from command line to 'False'
[1.951s] Level 5:colcon.colcon_core.verb:set package 'robot_arm' build argument 'cmake_clean_cache' from command line to 'False'
[1.951s] Level 5:colcon.colcon_core.verb:set package 'robot_arm' build argument 'cmake_clean_first' from command line to 'False'
[1.951s] Level 5:colcon.colcon_core.verb:set package 'robot_arm' build argument 'cmake_force_configure' from command line to 'False'
[1.951s] Level 5:colcon.colcon_core.verb:set package 'robot_arm' build argument 'ament_cmake_args' from command line to 'None'
[1.951s] Level 5:colcon.colcon_core.verb:set package 'robot_arm' build argument 'catkin_cmake_args' from command line to 'None'
[1.951s] Level 5:colcon.colcon_core.verb:set package 'robot_arm' build argument 'catkin_skip_building_tests' from command line to 'False'
[1.951s] DEBUG:colcon.colcon_core.verb:Building package 'robot_arm' with the following arguments: {'ament_cmake_args': None, 'build_base': '/home/blakepi/ros2_ws/build/robot_arm', 'catkin_cmake_args': None, 'catkin_skip_building_tests': False, 'cmake_args': None, 'cmake_clean_cache': False, 'cmake_clean_first': False, 'cmake_force_configure': False, 'cmake_target': None, 'cmake_target_skip_unavailable': False, 'install_base': '/home/blakepi/ros2_ws/install/robot_arm', 'merge_install': False, 'path': '/home/blakepi/ros2_ws/src/robot_arm', 'symlink_install': False, 'test_result_base': None}
[1.952s] INFO:colcon.colcon_core.executor:Executing jobs using 'parallel' executor
[1.956s] DEBUG:colcon.colcon_parallel_executor.executor.parallel:run_until_complete
[1.957s] INFO:colcon.colcon_ros.task.ament_cmake.build:Building ROS package in '/home/blakepi/ros2_ws/src/interface' with build type 'ament_cmake'
[1.958s] INFO:colcon.colcon_cmake.task.cmake.build:Building CMake package in '/home/blakepi/ros2_ws/src/interface'
[1.970s] INFO:colcon.colcon_core.plugin_system:Skipping extension 'colcon_core.shell.bat': Not used on non-Windows systems
[1.971s] INFO:colcon.colcon_core.shell:Skip shell extension 'powershell' for command environment: Not usable outside of PowerShell
[1.971s] DEBUG:colcon.colcon_core.shell:Skip shell extension 'dsv' for command environment
[1.989s] INFO:colcon.colcon_ros.task.ament_python.build:Building ROS package in '/home/blakepi/ros2_ws/src/python_pkgs' with build type 'ament_python'
[1.990s] Level 1:colcon.colcon_core.shell:create_environment_hook('python_pkgs', 'ament_prefix_path')
[1.991s] INFO:colcon.colcon_core.shell:Creating environment hook '/home/blakepi/ros2_ws/install/python_pkgs/share/python_pkgs/hook/ament_prefix_path.ps1'
[1.995s] INFO:colcon.colcon_core.shell:Creating environment descriptor '/home/blakepi/ros2_ws/install/python_pkgs/share/python_pkgs/hook/ament_prefix_path.dsv'
[1.998s] INFO:colcon.colcon_core.shell:Creating environment hook '/home/blakepi/ros2_ws/install/python_pkgs/share/python_pkgs/hook/ament_prefix_path.sh'
[2.002s] INFO:colcon.colcon_core.shell:Skip shell extension 'powershell' for command environment: Not usable outside of PowerShell
[2.002s] DEBUG:colcon.colcon_core.shell:Skip shell extension 'dsv' for command environment
[2.108s] DEBUG:colcon.colcon_core.event_handler.log_command:Invoking command in '/home/blakepi/ros2_ws/build/interface': CMAKE_PREFIX_PATH=${CMAKE_PREFIX_PATH}:/home/blakepi/ros2_ws/install/python_pkgs:/opt/ros/humble /usr/bin/cmake --build /home/blakepi/ros2_ws/build/interface -- -j4 -l4
[3.708s] INFO:colcon.colcon_core.task.python.build:Building Python package in '/home/blakepi/ros2_ws/src/python_pkgs'
[3.709s] INFO:colcon.colcon_core.shell:Skip shell extension 'powershell' for command environment: Not usable outside of PowerShell
[3.709s] DEBUG:colcon.colcon_core.shell:Skip shell extension 'dsv' for command environment
[6.329s] DEBUG:colcon.colcon_core.event_handler.log_command:Invoked command in '/home/blakepi/ros2_ws/build/interface' returned '0': CMAKE_PREFIX_PATH=${CMAKE_PREFIX_PATH}:/home/blakepi/ros2_ws/install/python_pkgs:/opt/ros/humble /usr/bin/cmake --build /home/blakepi/ros2_ws/build/interface -- -j4 -l4
[6.890s] DEBUG:colcon.colcon_core.event_handler.log_command:Invoking command in '/home/blakepi/ros2_ws/build/interface': CMAKE_PREFIX_PATH=${CMAKE_PREFIX_PATH}:/home/blakepi/ros2_ws/install/python_pkgs:/opt/ros/humble /usr/bin/cmake --install /home/blakepi/ros2_ws/build/interface
[7.318s] Level 1:colcon.colcon_core.environment:create_environment_scripts_only(interface)
[7.335s] Level 1:colcon.colcon_core.environment:checking '/home/blakepi/ros2_ws/install/interface' for CMake module files
[7.349s] Level 1:colcon.colcon_core.environment:checking '/home/blakepi/ros2_ws/install/interface' for CMake config files
[7.357s] DEBUG:colcon.colcon_core.event_handler.log_command:Invoked command in '/home/blakepi/ros2_ws/build/interface' returned '0': CMAKE_PREFIX_PATH=${CMAKE_PREFIX_PATH}:/home/blakepi/ros2_ws/install/python_pkgs:/opt/ros/humble /usr/bin/cmake --install /home/blakepi/ros2_ws/build/interface
[7.358s] Level 1:colcon.colcon_core.shell:create_environment_hook('interface', 'cmake_prefix_path')
[7.359s] INFO:colcon.colcon_core.shell:Creating environment hook '/home/blakepi/ros2_ws/install/interface/share/interface/hook/cmake_prefix_path.ps1'
[7.362s] INFO:colcon.colcon_core.shell:Creating environment descriptor '/home/blakepi/ros2_ws/install/interface/share/interface/hook/cmake_prefix_path.dsv'
[7.364s] INFO:colcon.colcon_core.shell:Creating environment hook '/home/blakepi/ros2_ws/install/interface/share/interface/hook/cmake_prefix_path.sh'
[7.368s] Level 1:colcon.colcon_core.environment:checking '/home/blakepi/ros2_ws/install/interface/lib'
[7.369s] Level 1:colcon.colcon_core.shell:create_environment_hook('interface', 'ld_library_path_lib')
[7.371s] INFO:colcon.colcon_core.shell:Creating environment hook '/home/blakepi/ros2_ws/install/interface/share/interface/hook/ld_library_path_lib.ps1'
[7.373s] INFO:colcon.colcon_core.shell:Creating environment descriptor '/home/blakepi/ros2_ws/install/interface/share/interface/hook/ld_library_path_lib.dsv'
[7.375s] INFO:colcon.colcon_core.shell:Creating environment hook '/home/blakepi/ros2_ws/install/interface/share/interface/hook/ld_library_path_lib.sh'
[7.378s] Level 1:colcon.colcon_core.environment:checking '/home/blakepi/ros2_ws/install/interface/bin'
[7.379s] Level 1:colcon.colcon_core.environment:checking '/home/blakepi/ros2_ws/install/interface/lib/pkgconfig/interface.pc'
[7.381s] Level 1:colcon.colcon_core.environment:checking '/home/blakepi/ros2_ws/install/interface/lib/python3.10/site-packages'
[7.382s] Level 1:colcon.colcon_core.environment:checking '/home/blakepi/ros2_ws/install/interface/bin'
[7.384s] INFO:colcon.colcon_core.shell:Creating package script '/home/blakepi/ros2_ws/install/interface/share/interface/package.ps1'
[7.388s] INFO:colcon.colcon_core.shell:Creating package descriptor '/home/blakepi/ros2_ws/install/interface/share/interface/package.dsv'
[7.392s] INFO:colcon.colcon_core.shell:Creating package script '/home/blakepi/ros2_ws/install/interface/share/interface/package.sh'
[7.449s] INFO:colcon.colcon_core.shell:Creating package script '/home/blakepi/ros2_ws/install/interface/share/interface/package.bash'
[7.455s] INFO:colcon.colcon_core.shell:Creating package script '/home/blakepi/ros2_ws/install/interface/share/interface/package.zsh'
[7.460s] Level 1:colcon.colcon_core.environment:create_file_with_runtime_dependencies(/home/blakepi/ros2_ws/install/interface/share/colcon-core/packages/interface)
[7.993s] Level 1:colcon.colcon_core.environment:create_environment_scripts_only(interface)
[7.995s] Level 1:colcon.colcon_core.environment:checking '/home/blakepi/ros2_ws/install/interface' for CMake module files
[8.001s] Level 1:colcon.colcon_core.environment:checking '/home/blakepi/ros2_ws/install/interface' for CMake config files
[8.006s] Level 1:colcon.colcon_core.shell:create_environment_hook('interface', 'cmake_prefix_path')
[8.008s] INFO:colcon.colcon_core.shell:Creating environment hook '/home/blakepi/ros2_ws/install/interface/share/interface/hook/cmake_prefix_path.ps1'
[8.014s] INFO:colcon.colcon_core.shell:Creating environment descriptor '/home/blakepi/ros2_ws/install/interface/share/interface/hook/cmake_prefix_path.dsv'
[8.020s] INFO:colcon.colcon_core.shell:Creating environment hook '/home/blakepi/ros2_ws/install/interface/share/interface/hook/cmake_prefix_path.sh'
[8.029s] Level 1:colcon.colcon_core.environment:checking '/home/blakepi/ros2_ws/install/interface/lib'
[8.031s] Level 1:colcon.colcon_core.shell:create_environment_hook('interface', 'ld_library_path_lib')
[8.033s] INFO:colcon.colcon_core.shell:Creating environment hook '/home/blakepi/ros2_ws/install/interface/share/interface/hook/ld_library_path_lib.ps1'
[8.039s] INFO:colcon.colcon_core.shell:Creating environment descriptor '/home/blakepi/ros2_ws/install/interface/share/interface/hook/ld_library_path_lib.dsv'
[8.045s] INFO:colcon.colcon_core.shell:Creating environment hook '/home/blakepi/ros2_ws/install/interface/share/interface/hook/ld_library_path_lib.sh'
[8.051s] Level 1:colcon.colcon_core.environment:checking '/home/blakepi/ros2_ws/install/interface/bin'
[8.052s] Level 1:colcon.colcon_core.environment:checking '/home/blakepi/ros2_ws/install/interface/lib/pkgconfig/interface.pc'
[8.054s] Level 1:colcon.colcon_core.environment:checking '/home/blakepi/ros2_ws/install/interface/lib/python3.10/site-packages'
[8.056s] Level 1:colcon.colcon_core.environment:checking '/home/blakepi/ros2_ws/install/interface/bin'
[8.059s] INFO:colcon.colcon_core.shell:Creating package script '/home/blakepi/ros2_ws/install/interface/share/interface/package.ps1'
[8.069s] INFO:colcon.colcon_core.shell:Creating package descriptor '/home/blakepi/ros2_ws/install/interface/share/interface/package.dsv'
[8.077s] INFO:colcon.colcon_core.shell:Creating package script '/home/blakepi/ros2_ws/install/interface/share/interface/package.sh'
[8.081s] INFO:colcon.colcon_core.shell:Creating package script '/home/blakepi/ros2_ws/install/interface/share/interface/package.bash'
[8.086s] INFO:colcon.colcon_core.shell:Creating package script '/home/blakepi/ros2_ws/install/interface/share/interface/package.zsh'
[8.089s] Level 1:colcon.colcon_core.environment:create_file_with_runtime_dependencies(/home/blakepi/ros2_ws/install/interface/share/colcon-core/packages/interface)
[8.092s] INFO:colcon.colcon_ros.task.ament_cmake.build:Building ROS package in '/home/blakepi/ros2_ws/src/robot_arm' with build type 'ament_cmake'
[8.093s] INFO:colcon.colcon_cmake.task.cmake.build:Building CMake package in '/home/blakepi/ros2_ws/src/robot_arm'
[8.094s] INFO:colcon.colcon_core.shell:Skip shell extension 'powershell' for command environment: Not usable outside of PowerShell
[8.094s] DEBUG:colcon.colcon_core.shell:Skip shell extension 'dsv' for command environment
[8.132s] DEBUG:colcon.colcon_core.event_handler.log_command:Invoking command in '/home/blakepi/ros2_ws/src/python_pkgs': PYTHONPATH=/home/blakepi/ros2_ws/build/python_pkgs/prefix_override:/usr/lib/python3/dist-packages/colcon_core/task/python/colcon_distutils_commands:/home/blakepi/ros2_ws/install/python_pkgs/lib/python3.10/site-packages:${PYTHONPATH} /usr/bin/python3 -W ignore:setup.py install is deprecated setup.py egg_info --egg-base ../../build/python_pkgs build --build-base /home/blakepi/ros2_ws/build/python_pkgs/build install --record /home/blakepi/ros2_ws/build/python_pkgs/install.log --single-version-externally-managed install_data
[8.160s] DEBUG:colcon.colcon_core.event_handler.log_command:Invoking command in '/home/blakepi/ros2_ws/build/robot_arm': CMAKE_PREFIX_PATH=/home/blakepi/ros2_ws/install/interface:/home/blakepi/ros2_ws/install/robot_arm:/home/blakepi/ros2_ws/install/python_pkgs:/opt/ros/humble /usr/bin/cmake --build /home/blakepi/ros2_ws/build/robot_arm -- -j4 -l4
[11.201s] Level 1:colcon.colcon_core.environment:checking '/home/blakepi/ros2_ws/install/python_pkgs' for CMake module files
[11.206s] Level 1:colcon.colcon_core.environment:checking '/home/blakepi/ros2_ws/install/python_pkgs' for CMake config files
[11.210s] Level 1:colcon.colcon_core.environment:checking '/home/blakepi/ros2_ws/install/python_pkgs/lib'
[11.203s] DEBUG:colcon.colcon_core.event_handler.log_command:Invoked command in '/home/blakepi/ros2_ws/src/python_pkgs' returned '0': PYTHONPATH=/home/blakepi/ros2_ws/build/python_pkgs/prefix_override:/usr/lib/python3/dist-packages/colcon_core/task/python/colcon_distutils_commands:/home/blakepi/ros2_ws/install/python_pkgs/lib/python3.10/site-packages:${PYTHONPATH} /usr/bin/python3 -W ignore:setup.py install is deprecated setup.py egg_info --egg-base ../../build/python_pkgs build --build-base /home/blakepi/ros2_ws/build/python_pkgs/build install --record /home/blakepi/ros2_ws/build/python_pkgs/install.log --single-version-externally-managed install_data
[11.213s] Level 1:colcon.colcon_core.environment:checking '/home/blakepi/ros2_ws/install/python_pkgs/bin'
[11.214s] Level 1:colcon.colcon_core.environment:checking '/home/blakepi/ros2_ws/install/python_pkgs/lib/pkgconfig/python_pkgs.pc'
[11.215s] Level 1:colcon.colcon_core.environment:checking '/home/blakepi/ros2_ws/install/python_pkgs/lib/python3.10/site-packages'
[11.216s] Level 1:colcon.colcon_core.shell:create_environment_hook('python_pkgs', 'pythonpath')
[11.217s] INFO:colcon.colcon_core.shell:Creating environment hook '/home/blakepi/ros2_ws/install/python_pkgs/share/python_pkgs/hook/pythonpath.ps1'
[11.220s] INFO:colcon.colcon_core.shell:Creating environment descriptor '/home/blakepi/ros2_ws/install/python_pkgs/share/python_pkgs/hook/pythonpath.dsv'
[11.223s] INFO:colcon.colcon_core.shell:Creating environment hook '/home/blakepi/ros2_ws/install/python_pkgs/share/python_pkgs/hook/pythonpath.sh'
[11.227s] Level 1:colcon.colcon_core.environment:checking '/home/blakepi/ros2_ws/install/python_pkgs/bin'
[11.227s] Level 1:colcon.colcon_core.environment:create_environment_scripts_only(python_pkgs)
[11.229s] INFO:colcon.colcon_core.shell:Creating package script '/home/blakepi/ros2_ws/install/python_pkgs/share/python_pkgs/package.ps1'
[11.232s] INFO:colcon.colcon_core.shell:Creating package descriptor '/home/blakepi/ros2_ws/install/python_pkgs/share/python_pkgs/package.dsv'
[11.235s] INFO:colcon.colcon_core.shell:Creating package script '/home/blakepi/ros2_ws/install/python_pkgs/share/python_pkgs/package.sh'
[11.239s] INFO:colcon.colcon_core.shell:Creating package script '/home/blakepi/ros2_ws/install/python_pkgs/share/python_pkgs/package.bash'
[11.243s] INFO:colcon.colcon_core.shell:Creating package script '/home/blakepi/ros2_ws/install/python_pkgs/share/python_pkgs/package.zsh'
[11.248s] Level 1:colcon.colcon_core.environment:create_file_with_runtime_dependencies(/home/blakepi/ros2_ws/install/python_pkgs/share/colcon-core/packages/python_pkgs)
[62.687s] DEBUG:colcon.colcon_core.event_handler.log_command:Invoked command in '/home/blakepi/ros2_ws/build/robot_arm' returned '0': CMAKE_PREFIX_PATH=/home/blakepi/ros2_ws/install/interface:/home/blakepi/ros2_ws/install/robot_arm:/home/blakepi/ros2_ws/install/python_pkgs:/opt/ros/humble /usr/bin/cmake --build /home/blakepi/ros2_ws/build/robot_arm -- -j4 -l4
[63.225s] DEBUG:colcon.colcon_core.event_handler.log_command:Invoking command in '/home/blakepi/ros2_ws/build/robot_arm': CMAKE_PREFIX_PATH=/home/blakepi/ros2_ws/install/interface:/home/blakepi/ros2_ws/install/robot_arm:/home/blakepi/ros2_ws/install/python_pkgs:/opt/ros/humble /usr/bin/cmake --install /home/blakepi/ros2_ws/build/robot_arm
[70.004s] Level 1:colcon.colcon_core.environment:create_environment_scripts_only(robot_arm)
[70.005s] Level 1:colcon.colcon_core.environment:checking '/home/blakepi/ros2_ws/install/robot_arm' for CMake module files
[70.008s] DEBUG:colcon.colcon_core.event_handler.log_command:Invoked command in '/home/blakepi/ros2_ws/build/robot_arm' returned '0': CMAKE_PREFIX_PATH=/home/blakepi/ros2_ws/install/interface:/home/blakepi/ros2_ws/install/robot_arm:/home/blakepi/ros2_ws/install/python_pkgs:/opt/ros/humble /usr/bin/cmake --install /home/blakepi/ros2_ws/build/robot_arm
[70.010s] Level 1:colcon.colcon_core.environment:checking '/home/blakepi/ros2_ws/install/robot_arm' for CMake config files
[70.013s] Level 1:colcon.colcon_core.shell:create_environment_hook('robot_arm', 'cmake_prefix_path')
[70.014s] INFO:colcon.colcon_core.shell:Creating environment hook '/home/blakepi/ros2_ws/install/robot_arm/share/robot_arm/hook/cmake_prefix_path.ps1'
[70.068s] INFO:colcon.colcon_core.shell:Creating environment descriptor '/home/blakepi/ros2_ws/install/robot_arm/share/robot_arm/hook/cmake_prefix_path.dsv'
[70.071s] INFO:colcon.colcon_core.shell:Creating environment hook '/home/blakepi/ros2_ws/install/robot_arm/share/robot_arm/hook/cmake_prefix_path.sh'
[70.074s] Level 1:colcon.colcon_core.environment:checking '/home/blakepi/ros2_ws/install/robot_arm/lib'
[70.074s] Level 1:colcon.colcon_core.environment:checking '/home/blakepi/ros2_ws/install/robot_arm/bin'
[70.075s] Level 1:colcon.colcon_core.environment:checking '/home/blakepi/ros2_ws/install/robot_arm/lib/pkgconfig/robot_arm.pc'
[70.077s] Level 1:colcon.colcon_core.environment:checking '/home/blakepi/ros2_ws/install/robot_arm/lib/python3.10/site-packages'
[70.079s] Level 1:colcon.colcon_core.environment:checking '/home/blakepi/ros2_ws/install/robot_arm/bin'
[70.081s] INFO:colcon.colcon_core.shell:Creating package script '/home/blakepi/ros2_ws/install/robot_arm/share/robot_arm/package.ps1'
[70.114s] INFO:colcon.colcon_core.shell:Creating package descriptor '/home/blakepi/ros2_ws/install/robot_arm/share/robot_arm/package.dsv'
[70.117s] INFO:colcon.colcon_core.shell:Creating package script '/home/blakepi/ros2_ws/install/robot_arm/share/robot_arm/package.sh'
[70.119s] INFO:colcon.colcon_core.shell:Creating package script '/home/blakepi/ros2_ws/install/robot_arm/share/robot_arm/package.bash'
[70.122s] INFO:colcon.colcon_core.shell:Creating package script '/home/blakepi/ros2_ws/install/robot_arm/share/robot_arm/package.zsh'
[70.124s] Level 1:colcon.colcon_core.environment:create_file_with_runtime_dependencies(/home/blakepi/ros2_ws/install/robot_arm/share/colcon-core/packages/robot_arm)
[70.302s] Level 1:colcon.colcon_core.environment:create_environment_scripts_only(robot_arm)
[70.303s] Level 1:colcon.colcon_core.environment:checking '/home/blakepi/ros2_ws/install/robot_arm' for CMake module files
[70.306s] Level 1:colcon.colcon_core.environment:checking '/home/blakepi/ros2_ws/install/robot_arm' for CMake config files
[70.309s] Level 1:colcon.colcon_core.shell:create_environment_hook('robot_arm', 'cmake_prefix_path')
[70.310s] INFO:colcon.colcon_core.shell:Creating environment hook '/home/blakepi/ros2_ws/install/robot_arm/share/robot_arm/hook/cmake_prefix_path.ps1'
[70.312s] INFO:colcon.colcon_core.shell:Creating environment descriptor '/home/blakepi/ros2_ws/install/robot_arm/share/robot_arm/hook/cmake_prefix_path.dsv'
[70.314s] INFO:colcon.colcon_core.shell:Creating environment hook '/home/blakepi/ros2_ws/install/robot_arm/share/robot_arm/hook/cmake_prefix_path.sh'
[70.388s] Level 1:colcon.colcon_core.environment:checking '/home/blakepi/ros2_ws/install/robot_arm/lib'
[70.388s] Level 1:colcon.colcon_core.environment:checking '/home/blakepi/ros2_ws/install/robot_arm/bin'
[70.389s] Level 1:colcon.colcon_core.environment:checking '/home/blakepi/ros2_ws/install/robot_arm/lib/pkgconfig/robot_arm.pc'
[70.390s] Level 1:colcon.colcon_core.environment:checking '/home/blakepi/ros2_ws/install/robot_arm/lib/python3.10/site-packages'
[70.391s] Level 1:colcon.colcon_core.environment:checking '/home/blakepi/ros2_ws/install/robot_arm/bin'
[70.392s] INFO:colcon.colcon_core.shell:Creating package script '/home/blakepi/ros2_ws/install/robot_arm/share/robot_arm/package.ps1'
[71.332s] INFO:colcon.colcon_core.shell:Creating package descriptor '/home/blakepi/ros2_ws/install/robot_arm/share/robot_arm/package.dsv'
[71.334s] INFO:colcon.colcon_core.shell:Creating package script '/home/blakepi/ros2_ws/install/robot_arm/share/robot_arm/package.sh'
[71.337s] INFO:colcon.colcon_core.shell:Creating package script '/home/blakepi/ros2_ws/install/robot_arm/share/robot_arm/package.bash'
[71.339s] INFO:colcon.colcon_core.shell:Creating package script '/home/blakepi/ros2_ws/install/robot_arm/share/robot_arm/package.zsh'
[71.341s] Level 1:colcon.colcon_core.environment:create_file_with_runtime_dependencies(/home/blakepi/ros2_ws/install/robot_arm/share/colcon-core/packages/robot_arm)
[71.346s] DEBUG:colcon.colcon_parallel_executor.executor.parallel:closing loop
[71.347s] DEBUG:colcon.colcon_parallel_executor.executor.parallel:loop closed
[71.347s] DEBUG:colcon.colcon_parallel_executor.executor.parallel:run_until_complete finished with '0'
[71.348s] DEBUG:colcon.colcon_core.event_reactor:joining thread
[72.911s] INFO:colcon.colcon_core.plugin_system:Skipping extension 'colcon_notification.desktop_notification.notify_send': Could not find 'notify-send'
[72.912s] INFO:colcon.colcon_core.plugin_system:Skipping extension 'colcon_notification.desktop_notification.terminal_notifier': Not used on non-Darwin systems
[72.913s] INFO:colcon.colcon_core.plugin_system:Skipping extension 'colcon_notification.desktop_notification.win32': Not used on non-Windows systems
[72.913s] INFO:colcon.colcon_notification.desktop_notification:Sending desktop notification using 'notify2'
[72.914s] DEBUG:colcon.colcon_notification.desktop_notification.notify2:Failed to initialize notify2: org.freedesktop.DBus.Error.NoReply: Did not receive a reply. Possible causes include: the remote application did not send a reply, the message bus security policy blocked the reply, the reply timeout expired, or the network connection was broken.
[72.915s] DEBUG:colcon.colcon_core.event_reactor:joined thread
[72.916s] INFO:colcon.colcon_core.shell:Creating prefix script '/home/blakepi/ros2_ws/install/local_setup.ps1'
[73.009s] INFO:colcon.colcon_core.shell:Creating prefix util module '/home/blakepi/ros2_ws/install/_local_setup_util_ps1.py'
[73.020s] INFO:colcon.colcon_core.shell:Creating prefix chain script '/home/blakepi/ros2_ws/install/setup.ps1'
[73.025s] INFO:colcon.colcon_core.shell:Creating prefix script '/home/blakepi/ros2_ws/install/local_setup.sh'
[73.027s] INFO:colcon.colcon_core.shell:Creating prefix util module '/home/blakepi/ros2_ws/install/_local_setup_util_sh.py'
[74.820s] INFO:colcon.colcon_core.shell:Creating prefix chain script '/home/blakepi/ros2_ws/install/setup.sh'
[74.833s] INFO:colcon.colcon_core.shell:Creating prefix script '/home/blakepi/ros2_ws/install/local_setup.bash'
[74.837s] INFO:colcon.colcon_core.shell:Creating prefix chain script '/home/blakepi/ros2_ws/install/setup.bash'
[74.844s] INFO:colcon.colcon_core.shell:Creating prefix script '/home/blakepi/ros2_ws/install/local_setup.zsh'
[74.847s] INFO:colcon.colcon_core.shell:Creating prefix chain script '/home/blakepi/ros2_ws/install/setup.zsh'
