In file included from [01m[K/opt/ros/humble/include/rclcpp/rclcpp/logging.hpp:24[m[K,
                 from [01m[K/opt/ros/humble/include/rclcpp/rclcpp/client.hpp:40[m[K,
                 from [01m[K/opt/ros/humble/include/rclcpp/rclcpp/callback_group.hpp:24[m[K,
                 from [01m[K/opt/ros/humble/include/rclcpp/rclcpp/any_executable.hpp:20[m[K,
                 from [01m[K/opt/ros/humble/include/rclcpp/rclcpp/memory_strategy.hpp:25[m[K,
                 from [01m[K/opt/ros/humble/include/rclcpp/rclcpp/memory_strategies.hpp:18[m[K,
                 from [01m[K/opt/ros/humble/include/rclcpp/rclcpp/executor_options.hpp:20[m[K,
                 from [01m[K/opt/ros/humble/include/rclcpp/rclcpp/executor.hpp:37[m[K,
                 from [01m[K/opt/ros/humble/include/rclcpp/rclcpp/executors/multi_threaded_executor.hpp:25[m[K,
                 from [01m[K/opt/ros/humble/include/rclcpp/rclcpp/executors.hpp:21[m[K,
                 from [01m[K/opt/ros/humble/include/rclcpp/rclcpp/rclcpp.hpp:155[m[K,
                 from [01m[K/home/blakepi/ros2_ws/src/robot_arm/src/servo_controller.cpp:1[m[K:
[01m[K/home/blakepi/ros2_ws/src/robot_arm/src/servo_controller.cpp:[m[K In member function ‘[01m[Kvoid ServoNode::adjustServo(std::string, int, double)[m[K’:
[01m[K/home/blakepi/ros2_ws/src/robot_arm/src/servo_controller.cpp:72:41:[m[K [01;35m[Kwarning: [m[Kformat ‘[01m[K%s[m[K’ expects argument of type ‘[01m[Kchar*[m[K’, but argument 5 has type ‘[01m[Kstd::string[m[K’ {aka ‘[01m[Kstd::__cxx11::basic_string<char>[m[K’} [[01;35m[K]8;;https://gcc.gnu.org/onlinedocs/gcc/Warning-Options.html#index-Wformat=-Wformat=]8;;[m[K]
   72 |         RCLCPP_INFO(this->get_logger(), [01;35m[K"Adjusting servo %s to PWM value: %d"[m[K, servo_name, position);
      |                                         [01;35m[K^~~~~~~~~~~~~~~~~~~~~~~~~~~~~~~~~~~~~[m[K
[01m[K/home/blakepi/ros2_ws/src/robot_arm/src/servo_controller.cpp:72:59:[m[K [01;36m[Knote: [m[Kformat string is defined here
   72 |         RCLCPP_INFO(this->get_logger(), "Adjusting servo [01;36m[K%s[m[K to PWM value: %d", servo_name, position);
      |                                                          [01;36m[K~^[m[K
      |                                                           [01;36m[K|[m[K
      |                                                           [01;36m[Kchar*[m[K
In file included from [01m[K/opt/ros/humble/include/rclcpp/rclcpp/logging.hpp:24[m[K,
                 from [01m[K/opt/ros/humble/include/rclcpp/rclcpp/client.hpp:40[m[K,
                 from [01m[K/opt/ros/humble/include/rclcpp/rclcpp/callback_group.hpp:24[m[K,
                 from [01m[K/opt/ros/humble/include/rclcpp/rclcpp/any_executable.hpp:20[m[K,
                 from [01m[K/opt/ros/humble/include/rclcpp/rclcpp/memory_strategy.hpp:25[m[K,
                 from [01m[K/opt/ros/humble/include/rclcpp/rclcpp/memory_strategies.hpp:18[m[K,
                 from [01m[K/opt/ros/humble/include/rclcpp/rclcpp/executor_options.hpp:20[m[K,
                 from [01m[K/opt/ros/humble/include/rclcpp/rclcpp/executor.hpp:37[m[K,
                 from [01m[K/opt/ros/humble/include/rclcpp/rclcpp/executors/multi_threaded_executor.hpp:25[m[K,
                 from [01m[K/opt/ros/humble/include/rclcpp/rclcpp/executors.hpp:21[m[K,
                 from [01m[K/opt/ros/humble/include/rclcpp/rclcpp/rclcpp.hpp:155[m[K,
                 from [01m[K/home/blakepi/ros2_ws/src/robot_arm/src/servo_controller.cpp:1[m[K:
[01m[K/home/blakepi/ros2_ws/src/robot_arm/src/servo_controller.cpp:72:41:[m[K [01;35m[Kwarning: [m[Kformat ‘[01m[K%d[m[K’ expects argument of type ‘[01m[Kint[m[K’, but argument 6 has type ‘[01m[Kdouble[m[K’ [[01;35m[K]8;;https://gcc.gnu.org/onlinedocs/gcc/Warning-Options.html#index-Wformat=-Wformat=]8;;[m[K]
   72 |         RCLCPP_INFO(this->get_logger(), [01;35m[K"Adjusting servo %s to PWM value: %d"[m[K, servo_name, [32m[Kposition[m[K);
      |                                         [01;35m[K^~~~~~~~~~~~~~~~~~~~~~~~~~~~~~~~~~~~~[m[K              [32m[K~~~~~~~~[m[K
      |                                                                                            [32m[K|[m[K
      |                                                                                            [32m[Kdouble[m[K
[01m[K/home/blakepi/ros2_ws/src/robot_arm/src/servo_controller.cpp:72:76:[m[K [01;36m[Knote: [m[Kformat string is defined here
   72 |         RCLCPP_INFO(this->get_logger(), "Adjusting servo %s to PWM value: [01;36m[K%d[m[K", servo_name, position);
      |                                                                           [01;36m[K~^[m[K
      |                                                                            [01;36m[K|[m[K
      |                                                                            [01;36m[Kint[m[K
      |                                                                           [32m[K%f[m[K
[01m[K/home/blakepi/ros2_ws/src/robot_arm/src/servo_controller.cpp:[m[K In member function ‘[01m[Kvoid ServoNode::publish_servo_motor_state_change(std::string, double)[m[K’:
[01m[K/home/blakepi/ros2_ws/src/robot_arm/src/servo_controller.cpp:81:73:[m[K [01;31m[Kerror: [m[Kno matching function for call to ‘[01m[Kinterface::msg::ServoMotorState_<std::allocator<void> >::ServoMotorState_(std::string&, double&)[m[K’
   81 |         auto message = interface::msg::ServoMotorState(servo_name, value[01;31m[K)[m[K;
      |                                                                         [01;31m[K^[m[K
In file included from [01m[K/home/blakepi/ros2_ws/install/interface/include/interface/interface/msg/servo_motor_state.hpp:7[m[K,
                 from [01m[K/home/blakepi/ros2_ws/src/robot_arm/src/servo_controller.cpp:9[m[K:
[01m[K/home/blakepi/ros2_ws/install/interface/include/interface/interface/msg/detail/servo_motor_state__struct.hpp:46:12:[m[K [01;36m[Knote: [m[Kcandidate: ‘[01m[Kinterface::msg::ServoMotorState_<ContainerAllocator>::ServoMotorState_(const ContainerAllocator&, rosidl_runtime_cpp::MessageInitialization) [with ContainerAllocator = std::allocator<void>][m[K’
   46 |   explicit [01;36m[KServoMotorState_[m[K(const ContainerAllocator & _alloc, rosidl_runtime_cpp::MessageInitialization _init = rosidl_runtime_cpp::MessageInitialization::ALL)
      |            [01;36m[K^~~~~~~~~~~~~~~~[m[K
[01m[K/home/blakepi/ros2_ws/install/interface/include/interface/interface/msg/detail/servo_motor_state__struct.hpp:46:56:[m[K [01;36m[Knote: [m[K  no known conversion for argument 1 from ‘[01m[Kstd::string[m[K’ {aka ‘[01m[Kstd::__cxx11::basic_string<char>[m[K’} to ‘[01m[Kconst std::allocator<void>&[m[K’
   46 |   explicit ServoMotorState_([01;36m[Kconst ContainerAllocator & _alloc[m[K, rosidl_runtime_cpp::MessageInitialization _init = rosidl_runtime_cpp::MessageInitialization::ALL)
      |                             [01;36m[K~~~~~~~~~~~~~~~~~~~~~~~~~~~^~~~~~[m[K
[01m[K/home/blakepi/ros2_ws/install/interface/include/interface/interface/msg/detail/servo_motor_state__struct.hpp:36:12:[m[K [01;36m[Knote: [m[Kcandidate: ‘[01m[Kinterface::msg::ServoMotorState_<ContainerAllocator>::ServoMotorState_(rosidl_runtime_cpp::MessageInitialization) [with ContainerAllocator = std::allocator<void>][m[K’
   36 |   explicit [01;36m[KServoMotorState_[m[K(rosidl_runtime_cpp::MessageInitialization _init = rosidl_runtime_cpp::MessageInitialization::ALL)
      |            [01;36m[K^~~~~~~~~~~~~~~~[m[K
[01m[K/home/blakepi/ros2_ws/install/interface/include/interface/interface/msg/detail/servo_motor_state__struct.hpp:36:12:[m[K [01;36m[Knote: [m[K  candidate expects 1 argument, 2 provided
[01m[K/home/blakepi/ros2_ws/install/interface/include/interface/interface/msg/detail/servo_motor_state__struct.hpp:32:8:[m[K [01;36m[Knote: [m[Kcandidate: ‘[01m[Kinterface::msg::ServoMotorState_<std::allocator<void> >::ServoMotorState_(const interface::msg::ServoMotorState_<std::allocator<void> >&)[m[K’
   32 | struct [01;36m[KServoMotorState_[m[K
      |        [01;36m[K^~~~~~~~~~~~~~~~[m[K
[01m[K/home/blakepi/ros2_ws/install/interface/include/interface/interface/msg/detail/servo_motor_state__struct.hpp:32:8:[m[K [01;36m[Knote: [m[K  candidate expects 1 argument, 2 provided
[01m[K/home/blakepi/ros2_ws/install/interface/include/interface/interface/msg/detail/servo_motor_state__struct.hpp:32:8:[m[K [01;36m[Knote: [m[Kcandidate: ‘[01m[Kinterface::msg::ServoMotorState_<std::allocator<void> >::ServoMotorState_(interface::msg::ServoMotorState_<std::allocator<void> >&&)[m[K’
[01m[K/home/blakepi/ros2_ws/install/interface/include/interface/interface/msg/detail/servo_motor_state__struct.hpp:32:8:[m[K [01;36m[Knote: [m[K  candidate expects 1 argument, 2 provided
gmake[2]: *** [CMakeFiles/servo_node.dir/build.make:76: CMakeFiles/servo_node.dir/src/servo_controller.cpp.o] Error 1
gmake[1]: *** [CMakeFiles/Makefile2:167: CMakeFiles/servo_node.dir/all] Error 2
gmake: *** [Makefile:146: all] Error 2
