[3.087s] Invoking command in '/home/blakepi/ros2_ws/src/python_pkgs': PYTHONPATH=/home/blakepi/ros2_ws/build/python_pkgs/prefix_override:/home/blakepi/ros2_ws/install/python_pkgs/lib/python3.10/site-packages:${PYTHONPATH} /usr/bin/python3 -W ignore:setup.py install is deprecated setup.py egg_info --egg-base ../../build/python_pkgs build --build-base /home/blakepi/ros2_ws/build/python_pkgs/build install --record /home/blakepi/ros2_ws/build/python_pkgs/install.log --single-version-externally-managed install_data
[4.296s] running egg_info
[4.300s] writing ../../build/python_pkgs/python_pkgs.egg-info/PKG-INFO
[4.301s] writing dependency_links to ../../build/python_pkgs/python_pkgs.egg-info/dependency_links.txt
[4.302s] writing entry points to ../../build/python_pkgs/python_pkgs.egg-info/entry_points.txt
[4.303s] writing requirements to ../../build/python_pkgs/python_pkgs.egg-info/requires.txt
[4.305s] writing top-level names to ../../build/python_pkgs/python_pkgs.egg-info/top_level.txt
[4.313s] reading manifest file '../../build/python_pkgs/python_pkgs.egg-info/SOURCES.txt'
[4.319s] writing manifest file '../../build/python_pkgs/python_pkgs.egg-info/SOURCES.txt'
[4.319s] running build
[4.320s] running build_py
[4.321s] running install
[4.323s] running install_lib
[4.328s] running install_data
[4.329s] running install_egg_info
[4.336s] removing '/home/blakepi/ros2_ws/install/python_pkgs/lib/python3.10/site-packages/python_pkgs-0.0.0-py3.10.egg-info' (and everything under it)
[4.338s] Copying ../../build/python_pkgs/python_pkgs.egg-info to /home/blakepi/ros2_ws/install/python_pkgs/lib/python3.10/site-packages/python_pkgs-0.0.0-py3.10.egg-info
[4.348s] running install_scripts
[4.432s] Installing bluetooth_node script to /home/blakepi/ros2_ws/install/python_pkgs/lib/python_pkgs
[4.434s] writing list of installed files to '/home/blakepi/ros2_ws/build/python_pkgs/install.log'
[4.567s] Invoked command in '/home/blakepi/ros2_ws/src/python_pkgs' returned '0': PYTHONPATH=/home/blakepi/ros2_ws/build/python_pkgs/prefix_override:/home/blakepi/ros2_ws/install/python_pkgs/lib/python3.10/site-packages:${PYTHONPATH} /usr/bin/python3 -W ignore:setup.py install is deprecated setup.py egg_info --egg-base ../../build/python_pkgs build --build-base /home/blakepi/ros2_ws/build/python_pkgs/build install --record /home/blakepi/ros2_ws/build/python_pkgs/install.log --single-version-externally-managed install_data
