[0.428s] DEBUG:colcon:Command line arguments: ['/usr/bin/colcon', 'build']
[0.429s] DEBUG:colcon:Parsed command line arguments: Namespace(log_base=None, log_level=None, verb_name='build', build_base='build', install_base='install', merge_install=False, symlink_install=False, test_result_base=None, continue_on_error=False, executor='parallel', parallel_workers=4, event_handlers=None, ignore_user_meta=False, metas=['./colcon.meta'], base_paths=['.'], packages_ignore=None, packages_ignore_regex=None, paths=None, packages_up_to=None, packages_up_to_regex=None, packages_above=None, packages_above_and_dependencies=None, packages_above_depth=None, packages_select_by_dep=None, packages_skip_by_dep=None, packages_skip_up_to=None, packages_select_build_failed=False, packages_skip_build_finished=False, packages_select_test_failures=False, packages_skip_test_passed=False, packages_select=None, packages_skip=None, packages_select_regex=None, packages_skip_regex=None, packages_start=None, packages_end=None, allow_overriding=[], cmake_args=None, cmake_target=None, cmake_target_skip_unavailable=False, cmake_clean_cache=False, cmake_clean_first=False, cmake_force_configure=False, ament_cmake_args=None, catkin_cmake_args=None, catkin_skip_building_tests=False, verb_parser=<colcon_defaults.argument_parser.defaults.DefaultArgumentsDecorator object at 0xffff90f9ee90>, verb_extension=<colcon_core.verb.build.BuildVerb object at 0xffff90f9ea40>, main=<bound method BuildVerb.main of <colcon_core.verb.build.BuildVerb object at 0xffff90f9ea40>>)
[1.076s] Level 1:colcon.colcon_core.package_discovery:discover_packages(colcon_meta) check parameters
[1.077s] Level 1:colcon.colcon_core.package_discovery:discover_packages(recursive) check parameters
[1.077s] Level 1:colcon.colcon_core.package_discovery:discover_packages(ignore) check parameters
[1.078s] Level 1:colcon.colcon_core.package_discovery:discover_packages(path) check parameters
[1.078s] Level 1:colcon.colcon_core.package_discovery:discover_packages(colcon_meta) discover
[1.078s] Level 1:colcon.colcon_core.package_discovery:discover_packages(recursive) discover
[1.078s] INFO:colcon.colcon_core.package_discovery:Crawling recursively for packages in '/home/blakepi/ros2_ws'
[1.079s] Level 1:colcon.colcon_core.package_identification:_identify(.) by extensions ['ignore', 'ignore_ament_install']
[1.079s] Level 1:colcon.colcon_core.package_identification:_identify(.) by extension 'ignore'
[1.080s] Level 1:colcon.colcon_core.package_identification:_identify(.) by extension 'ignore_ament_install'
[1.080s] Level 1:colcon.colcon_core.package_identification:_identify(.) by extensions ['colcon_pkg']
[1.080s] Level 1:colcon.colcon_core.package_identification:_identify(.) by extension 'colcon_pkg'
[1.080s] Level 1:colcon.colcon_core.package_identification:_identify(.) by extensions ['colcon_meta']
[1.081s] Level 1:colcon.colcon_core.package_identification:_identify(.) by extension 'colcon_meta'
[1.081s] Level 1:colcon.colcon_core.package_identification:_identify(.) by extensions ['ros']
[1.081s] Level 1:colcon.colcon_core.package_identification:_identify(.) by extension 'ros'
[1.126s] Level 1:colcon.colcon_core.package_identification:_identify(.) by extensions ['cmake', 'python']
[1.126s] Level 1:colcon.colcon_core.package_identification:_identify(.) by extension 'cmake'
[1.127s] Level 1:colcon.colcon_core.package_identification:_identify(.) by extension 'python'
[1.127s] Level 1:colcon.colcon_core.package_identification:_identify(.) by extensions ['python_setup_py']
[1.127s] Level 1:colcon.colcon_core.package_identification:_identify(.) by extension 'python_setup_py'
[1.127s] Level 1:colcon.colcon_core.package_identification:_identify(build) by extensions ['ignore', 'ignore_ament_install']
[1.128s] Level 1:colcon.colcon_core.package_identification:_identify(build) by extension 'ignore'
[1.128s] Level 1:colcon.colcon_core.package_identification:_identify(build) ignored
[1.129s] Level 1:colcon.colcon_core.package_identification:_identify(install) by extensions ['ignore', 'ignore_ament_install']
[1.129s] Level 1:colcon.colcon_core.package_identification:_identify(install) by extension 'ignore'
[1.129s] Level 1:colcon.colcon_core.package_identification:_identify(install) ignored
[1.131s] Level 1:colcon.colcon_core.package_identification:_identify(log) by extensions ['ignore', 'ignore_ament_install']
[1.131s] Level 1:colcon.colcon_core.package_identification:_identify(log) by extension 'ignore'
[1.131s] Level 1:colcon.colcon_core.package_identification:_identify(log) ignored
[1.132s] Level 1:colcon.colcon_core.package_identification:_identify(src) by extensions ['ignore', 'ignore_ament_install']
[1.132s] Level 1:colcon.colcon_core.package_identification:_identify(src) by extension 'ignore'
[1.132s] Level 1:colcon.colcon_core.package_identification:_identify(src) by extension 'ignore_ament_install'
[1.132s] Level 1:colcon.colcon_core.package_identification:_identify(src) by extensions ['colcon_pkg']
[1.133s] Level 1:colcon.colcon_core.package_identification:_identify(src) by extension 'colcon_pkg'
[1.133s] Level 1:colcon.colcon_core.package_identification:_identify(src) by extensions ['colcon_meta']
[1.133s] Level 1:colcon.colcon_core.package_identification:_identify(src) by extension 'colcon_meta'
[1.133s] Level 1:colcon.colcon_core.package_identification:_identify(src) by extensions ['ros']
[1.133s] Level 1:colcon.colcon_core.package_identification:_identify(src) by extension 'ros'
[1.134s] Level 1:colcon.colcon_core.package_identification:_identify(src) by extensions ['cmake', 'python']
[1.134s] Level 1:colcon.colcon_core.package_identification:_identify(src) by extension 'cmake'
[1.134s] Level 1:colcon.colcon_core.package_identification:_identify(src) by extension 'python'
[1.134s] Level 1:colcon.colcon_core.package_identification:_identify(src) by extensions ['python_setup_py']
[1.134s] Level 1:colcon.colcon_core.package_identification:_identify(src) by extension 'python_setup_py'
[1.135s] Level 1:colcon.colcon_core.package_identification:_identify(src/interface) by extensions ['ignore', 'ignore_ament_install']
[1.135s] Level 1:colcon.colcon_core.package_identification:_identify(src/interface) by extension 'ignore'
[1.135s] Level 1:colcon.colcon_core.package_identification:_identify(src/interface) by extension 'ignore_ament_install'
[1.135s] Level 1:colcon.colcon_core.package_identification:_identify(src/interface) by extensions ['colcon_pkg']
[1.136s] Level 1:colcon.colcon_core.package_identification:_identify(src/interface) by extension 'colcon_pkg'
[1.136s] Level 1:colcon.colcon_core.package_identification:_identify(src/interface) by extensions ['colcon_meta']
[1.136s] Level 1:colcon.colcon_core.package_identification:_identify(src/interface) by extension 'colcon_meta'
[1.136s] Level 1:colcon.colcon_core.package_identification:_identify(src/interface) by extensions ['ros']
[1.136s] Level 1:colcon.colcon_core.package_identification:_identify(src/interface) by extension 'ros'
[1.144s] DEBUG:colcon.colcon_core.package_identification:Package 'src/interface' with type 'ros.ament_cmake' and name 'interface'
[1.145s] Level 1:colcon.colcon_core.package_identification:_identify(src/python_pkgs) by extensions ['ignore', 'ignore_ament_install']
[1.146s] Level 1:colcon.colcon_core.package_identification:_identify(src/python_pkgs) by extension 'ignore'
[1.146s] Level 1:colcon.colcon_core.package_identification:_identify(src/python_pkgs) by extension 'ignore_ament_install'
[1.146s] Level 1:colcon.colcon_core.package_identification:_identify(src/python_pkgs) by extensions ['colcon_pkg']
[1.146s] Level 1:colcon.colcon_core.package_identification:_identify(src/python_pkgs) by extension 'colcon_pkg'
[1.146s] Level 1:colcon.colcon_core.package_identification:_identify(src/python_pkgs) by extensions ['colcon_meta']
[1.146s] Level 1:colcon.colcon_core.package_identification:_identify(src/python_pkgs) by extension 'colcon_meta'
[1.147s] Level 1:colcon.colcon_core.package_identification:_identify(src/python_pkgs) by extensions ['ros']
[1.147s] Level 1:colcon.colcon_core.package_identification:_identify(src/python_pkgs) by extension 'ros'
[1.149s] DEBUG:colcon.colcon_core.package_identification:Package 'src/python_pkgs' with type 'ros.ament_python' and name 'python_pkgs'
[1.150s] Level 1:colcon.colcon_core.package_identification:_identify(src/robot_arm) by extensions ['ignore', 'ignore_ament_install']
[1.150s] Level 1:colcon.colcon_core.package_identification:_identify(src/robot_arm) by extension 'ignore'
[1.150s] Level 1:colcon.colcon_core.package_identification:_identify(src/robot_arm) by extension 'ignore_ament_install'
[1.150s] Level 1:colcon.colcon_core.package_identification:_identify(src/robot_arm) by extensions ['colcon_pkg']
[1.151s] Level 1:colcon.colcon_core.package_identification:_identify(src/robot_arm) by extension 'colcon_pkg'
[1.151s] Level 1:colcon.colcon_core.package_identification:_identify(src/robot_arm) by extensions ['colcon_meta']
[1.151s] Level 1:colcon.colcon_core.package_identification:_identify(src/robot_arm) by extension 'colcon_meta'
[1.151s] Level 1:colcon.colcon_core.package_identification:_identify(src/robot_arm) by extensions ['ros']
[1.151s] Level 1:colcon.colcon_core.package_identification:_identify(src/robot_arm) by extension 'ros'
[1.156s] DEBUG:colcon.colcon_core.package_identification:Package 'src/robot_arm' with type 'ros.ament_cmake' and name 'robot_arm'
[1.156s] Level 1:colcon.colcon_core.package_discovery:discover_packages(recursive) using defaults
[1.156s] Level 1:colcon.colcon_core.package_discovery:discover_packages(ignore) discover
[1.156s] Level 1:colcon.colcon_core.package_discovery:discover_packages(ignore) using defaults
[1.157s] Level 1:colcon.colcon_core.package_discovery:discover_packages(path) discover
[1.157s] Level 1:colcon.colcon_core.package_discovery:discover_packages(path) using defaults
[1.237s] Level 1:colcon.colcon_core.package_discovery:discover_packages(prefix_path) check parameters
[1.237s] Level 1:colcon.colcon_core.package_discovery:discover_packages(prefix_path) discover
[1.246s] DEBUG:colcon.colcon_installed_package_information.package_discovery:Found 3 installed packages in /home/blakepi/ros2_ws/install
[1.252s] DEBUG:colcon.colcon_installed_package_information.package_discovery:Found 181 installed packages in /opt/ros/humble
[1.256s] Level 1:colcon.colcon_core.package_discovery:discover_packages(prefix_path) using defaults
[1.367s] Level 5:colcon.colcon_core.verb:set package 'interface' build argument 'cmake_args' from command line to 'None'
[1.368s] Level 5:colcon.colcon_core.verb:set package 'interface' build argument 'cmake_target' from command line to 'None'
[1.368s] Level 5:colcon.colcon_core.verb:set package 'interface' build argument 'cmake_target_skip_unavailable' from command line to 'False'
[1.368s] Level 5:colcon.colcon_core.verb:set package 'interface' build argument 'cmake_clean_cache' from command line to 'False'
[1.368s] Level 5:colcon.colcon_core.verb:set package 'interface' build argument 'cmake_clean_first' from command line to 'False'
[1.368s] Level 5:colcon.colcon_core.verb:set package 'interface' build argument 'cmake_force_configure' from command line to 'False'
[1.368s] Level 5:colcon.colcon_core.verb:set package 'interface' build argument 'ament_cmake_args' from command line to 'None'
[1.368s] Level 5:colcon.colcon_core.verb:set package 'interface' build argument 'catkin_cmake_args' from command line to 'None'
[1.368s] Level 5:colcon.colcon_core.verb:set package 'interface' build argument 'catkin_skip_building_tests' from command line to 'False'
[1.369s] DEBUG:colcon.colcon_core.verb:Building package 'interface' with the following arguments: {'ament_cmake_args': None, 'build_base': '/home/blakepi/ros2_ws/build/interface', 'catkin_cmake_args': None, 'catkin_skip_building_tests': False, 'cmake_args': None, 'cmake_clean_cache': False, 'cmake_clean_first': False, 'cmake_force_configure': False, 'cmake_target': None, 'cmake_target_skip_unavailable': False, 'install_base': '/home/blakepi/ros2_ws/install/interface', 'merge_install': False, 'path': '/home/blakepi/ros2_ws/src/interface', 'symlink_install': False, 'test_result_base': None}
[1.370s] Level 5:colcon.colcon_core.verb:set package 'python_pkgs' build argument 'cmake_args' from command line to 'None'
[1.370s] Level 5:colcon.colcon_core.verb:set package 'python_pkgs' build argument 'cmake_target' from command line to 'None'
[1.370s] Level 5:colcon.colcon_core.verb:set package 'python_pkgs' build argument 'cmake_target_skip_unavailable' from command line to 'False'
[1.371s] Level 5:colcon.colcon_core.verb:set package 'python_pkgs' build argument 'cmake_clean_cache' from command line to 'False'
[1.371s] Level 5:colcon.colcon_core.verb:set package 'python_pkgs' build argument 'cmake_clean_first' from command line to 'False'
[1.371s] Level 5:colcon.colcon_core.verb:set package 'python_pkgs' build argument 'cmake_force_configure' from command line to 'False'
[1.371s] Level 5:colcon.colcon_core.verb:set package 'python_pkgs' build argument 'ament_cmake_args' from command line to 'None'
[1.371s] Level 5:colcon.colcon_core.verb:set package 'python_pkgs' build argument 'catkin_cmake_args' from command line to 'None'
[1.371s] Level 5:colcon.colcon_core.verb:set package 'python_pkgs' build argument 'catkin_skip_building_tests' from command line to 'False'
[1.371s] DEBUG:colcon.colcon_core.verb:Building package 'python_pkgs' with the following arguments: {'ament_cmake_args': None, 'build_base': '/home/blakepi/ros2_ws/build/python_pkgs', 'catkin_cmake_args': None, 'catkin_skip_building_tests': False, 'cmake_args': None, 'cmake_clean_cache': False, 'cmake_clean_first': False, 'cmake_force_configure': False, 'cmake_target': None, 'cmake_target_skip_unavailable': False, 'install_base': '/home/blakepi/ros2_ws/install/python_pkgs', 'merge_install': False, 'path': '/home/blakepi/ros2_ws/src/python_pkgs', 'symlink_install': False, 'test_result_base': None}
[1.373s] Level 5:colcon.colcon_core.verb:set package 'robot_arm' build argument 'cmake_args' from command line to 'None'
[1.373s] Level 5:colcon.colcon_core.verb:set package 'robot_arm' build argument 'cmake_target' from command line to 'None'
[1.373s] Level 5:colcon.colcon_core.verb:set package 'robot_arm' build argument 'cmake_target_skip_unavailable' from command line to 'False'
[1.373s] Level 5:colcon.colcon_core.verb:set package 'robot_arm' build argument 'cmake_clean_cache' from command line to 'False'
[1.373s] Level 5:colcon.colcon_core.verb:set package 'robot_arm' build argument 'cmake_clean_first' from command line to 'False'
[1.373s] Level 5:colcon.colcon_core.verb:set package 'robot_arm' build argument 'cmake_force_configure' from command line to 'False'
[1.373s] Level 5:colcon.colcon_core.verb:set package 'robot_arm' build argument 'ament_cmake_args' from command line to 'None'
[1.374s] Level 5:colcon.colcon_core.verb:set package 'robot_arm' build argument 'catkin_cmake_args' from command line to 'None'
[1.374s] Level 5:colcon.colcon_core.verb:set package 'robot_arm' build argument 'catkin_skip_building_tests' from command line to 'False'
[1.374s] DEBUG:colcon.colcon_core.verb:Building package 'robot_arm' with the following arguments: {'ament_cmake_args': None, 'build_base': '/home/blakepi/ros2_ws/build/robot_arm', 'catkin_cmake_args': None, 'catkin_skip_building_tests': False, 'cmake_args': None, 'cmake_clean_cache': False, 'cmake_clean_first': False, 'cmake_force_configure': False, 'cmake_target': None, 'cmake_target_skip_unavailable': False, 'install_base': '/home/blakepi/ros2_ws/install/robot_arm', 'merge_install': False, 'path': '/home/blakepi/ros2_ws/src/robot_arm', 'symlink_install': False, 'test_result_base': None}
[1.374s] INFO:colcon.colcon_core.executor:Executing jobs using 'parallel' executor
[1.378s] DEBUG:colcon.colcon_parallel_executor.executor.parallel:run_until_complete
[1.379s] INFO:colcon.colcon_ros.task.ament_cmake.build:Building ROS package in '/home/blakepi/ros2_ws/src/interface' with build type 'ament_cmake'
[1.379s] INFO:colcon.colcon_cmake.task.cmake.build:Building CMake package in '/home/blakepi/ros2_ws/src/interface'
[1.389s] INFO:colcon.colcon_core.plugin_system:Skipping extension 'colcon_core.shell.bat': Not used on non-Windows systems
[1.390s] INFO:colcon.colcon_core.shell:Skip shell extension 'powershell' for command environment: Not usable outside of PowerShell
[1.390s] DEBUG:colcon.colcon_core.shell:Skip shell extension 'dsv' for command environment
[1.407s] INFO:colcon.colcon_ros.task.ament_python.build:Building ROS package in '/home/blakepi/ros2_ws/src/python_pkgs' with build type 'ament_python'
[1.407s] Level 1:colcon.colcon_core.shell:create_environment_hook('python_pkgs', 'ament_prefix_path')
[1.408s] INFO:colcon.colcon_core.shell:Creating environment hook '/home/blakepi/ros2_ws/install/python_pkgs/share/python_pkgs/hook/ament_prefix_path.ps1'
[1.411s] INFO:colcon.colcon_core.shell:Creating environment descriptor '/home/blakepi/ros2_ws/install/python_pkgs/share/python_pkgs/hook/ament_prefix_path.dsv'
[1.414s] INFO:colcon.colcon_core.shell:Creating environment hook '/home/blakepi/ros2_ws/install/python_pkgs/share/python_pkgs/hook/ament_prefix_path.sh'
[1.418s] INFO:colcon.colcon_core.shell:Skip shell extension 'powershell' for command environment: Not usable outside of PowerShell
[1.419s] DEBUG:colcon.colcon_core.shell:Skip shell extension 'dsv' for command environment
[1.449s] DEBUG:colcon.colcon_core.event_handler.log_command:Invoking command in '/home/blakepi/ros2_ws/build/interface': CMAKE_PREFIX_PATH=${CMAKE_PREFIX_PATH}:/home/blakepi/ros2_ws/install/python_pkgs:/opt/ros/humble /usr/bin/cmake --build /home/blakepi/ros2_ws/build/interface -- -j4 -l4
[3.239s] INFO:colcon.colcon_core.task.python.build:Building Python package in '/home/blakepi/ros2_ws/src/python_pkgs'
[3.242s] INFO:colcon.colcon_core.shell:Skip shell extension 'powershell' for command environment: Not usable outside of PowerShell
[3.244s] DEBUG:colcon.colcon_core.shell:Skip shell extension 'dsv' for command environment
[3.760s] DEBUG:colcon.colcon_core.event_handler.log_command:Invoked command in '/home/blakepi/ros2_ws/build/interface' returned '0': CMAKE_PREFIX_PATH=${CMAKE_PREFIX_PATH}:/home/blakepi/ros2_ws/install/python_pkgs:/opt/ros/humble /usr/bin/cmake --build /home/blakepi/ros2_ws/build/interface -- -j4 -l4
[4.352s] DEBUG:colcon.colcon_core.event_handler.log_command:Invoking command in '/home/blakepi/ros2_ws/build/interface': CMAKE_PREFIX_PATH=${CMAKE_PREFIX_PATH}:/home/blakepi/ros2_ws/install/python_pkgs:/opt/ros/humble /usr/bin/cmake --install /home/blakepi/ros2_ws/build/interface
[4.867s] Level 1:colcon.colcon_core.environment:create_environment_scripts_only(interface)
[4.879s] DEBUG:colcon.colcon_core.event_handler.log_command:Invoked command in '/home/blakepi/ros2_ws/build/interface' returned '0': CMAKE_PREFIX_PATH=${CMAKE_PREFIX_PATH}:/home/blakepi/ros2_ws/install/python_pkgs:/opt/ros/humble /usr/bin/cmake --install /home/blakepi/ros2_ws/build/interface
[4.887s] Level 1:colcon.colcon_core.environment:checking '/home/blakepi/ros2_ws/install/interface' for CMake module files
[4.892s] Level 1:colcon.colcon_core.environment:checking '/home/blakepi/ros2_ws/install/interface' for CMake config files
[4.896s] Level 1:colcon.colcon_core.shell:create_environment_hook('interface', 'cmake_prefix_path')
[4.898s] INFO:colcon.colcon_core.shell:Creating environment hook '/home/blakepi/ros2_ws/install/interface/share/interface/hook/cmake_prefix_path.ps1'
[4.900s] INFO:colcon.colcon_core.shell:Creating environment descriptor '/home/blakepi/ros2_ws/install/interface/share/interface/hook/cmake_prefix_path.dsv'
[4.903s] INFO:colcon.colcon_core.shell:Creating environment hook '/home/blakepi/ros2_ws/install/interface/share/interface/hook/cmake_prefix_path.sh'
[4.908s] Level 1:colcon.colcon_core.environment:checking '/home/blakepi/ros2_ws/install/interface/lib'
[4.909s] Level 1:colcon.colcon_core.shell:create_environment_hook('interface', 'ld_library_path_lib')
[4.910s] INFO:colcon.colcon_core.shell:Creating environment hook '/home/blakepi/ros2_ws/install/interface/share/interface/hook/ld_library_path_lib.ps1'
[4.913s] INFO:colcon.colcon_core.shell:Creating environment descriptor '/home/blakepi/ros2_ws/install/interface/share/interface/hook/ld_library_path_lib.dsv'
[4.915s] INFO:colcon.colcon_core.shell:Creating environment hook '/home/blakepi/ros2_ws/install/interface/share/interface/hook/ld_library_path_lib.sh'
[4.918s] Level 1:colcon.colcon_core.environment:checking '/home/blakepi/ros2_ws/install/interface/bin'
[4.919s] Level 1:colcon.colcon_core.environment:checking '/home/blakepi/ros2_ws/install/interface/lib/pkgconfig/interface.pc'
[4.920s] Level 1:colcon.colcon_core.environment:checking '/home/blakepi/ros2_ws/install/interface/lib/python3.10/site-packages'
[4.921s] Level 1:colcon.colcon_core.environment:checking '/home/blakepi/ros2_ws/install/interface/bin'
[4.923s] INFO:colcon.colcon_core.shell:Creating package script '/home/blakepi/ros2_ws/install/interface/share/interface/package.ps1'
[4.927s] INFO:colcon.colcon_core.shell:Creating package descriptor '/home/blakepi/ros2_ws/install/interface/share/interface/package.dsv'
[4.933s] INFO:colcon.colcon_core.shell:Creating package script '/home/blakepi/ros2_ws/install/interface/share/interface/package.sh'
[4.986s] INFO:colcon.colcon_core.shell:Creating package script '/home/blakepi/ros2_ws/install/interface/share/interface/package.bash'
[4.992s] INFO:colcon.colcon_core.shell:Creating package script '/home/blakepi/ros2_ws/install/interface/share/interface/package.zsh'
[4.996s] Level 1:colcon.colcon_core.environment:create_file_with_runtime_dependencies(/home/blakepi/ros2_ws/install/interface/share/colcon-core/packages/interface)
[5.574s] Level 1:colcon.colcon_core.environment:create_environment_scripts_only(interface)
[5.577s] Level 1:colcon.colcon_core.environment:checking '/home/blakepi/ros2_ws/install/interface' for CMake module files
[5.584s] Level 1:colcon.colcon_core.environment:checking '/home/blakepi/ros2_ws/install/interface' for CMake config files
[5.593s] Level 1:colcon.colcon_core.shell:create_environment_hook('interface', 'cmake_prefix_path')
[5.609s] INFO:colcon.colcon_core.shell:Creating environment hook '/home/blakepi/ros2_ws/install/interface/share/interface/hook/cmake_prefix_path.ps1'
[5.628s] INFO:colcon.colcon_core.shell:Creating environment descriptor '/home/blakepi/ros2_ws/install/interface/share/interface/hook/cmake_prefix_path.dsv'
[5.633s] INFO:colcon.colcon_core.shell:Creating environment hook '/home/blakepi/ros2_ws/install/interface/share/interface/hook/cmake_prefix_path.sh'
[5.640s] Level 1:colcon.colcon_core.environment:checking '/home/blakepi/ros2_ws/install/interface/lib'
[5.641s] Level 1:colcon.colcon_core.shell:create_environment_hook('interface', 'ld_library_path_lib')
[5.643s] INFO:colcon.colcon_core.shell:Creating environment hook '/home/blakepi/ros2_ws/install/interface/share/interface/hook/ld_library_path_lib.ps1'
[5.647s] INFO:colcon.colcon_core.shell:Creating environment descriptor '/home/blakepi/ros2_ws/install/interface/share/interface/hook/ld_library_path_lib.dsv'
[5.651s] INFO:colcon.colcon_core.shell:Creating environment hook '/home/blakepi/ros2_ws/install/interface/share/interface/hook/ld_library_path_lib.sh'
[5.656s] Level 1:colcon.colcon_core.environment:checking '/home/blakepi/ros2_ws/install/interface/bin'
[5.657s] Level 1:colcon.colcon_core.environment:checking '/home/blakepi/ros2_ws/install/interface/lib/pkgconfig/interface.pc'
[5.659s] Level 1:colcon.colcon_core.environment:checking '/home/blakepi/ros2_ws/install/interface/lib/python3.10/site-packages'
[5.661s] Level 1:colcon.colcon_core.environment:checking '/home/blakepi/ros2_ws/install/interface/bin'
[5.664s] INFO:colcon.colcon_core.shell:Creating package script '/home/blakepi/ros2_ws/install/interface/share/interface/package.ps1'
[5.669s] INFO:colcon.colcon_core.shell:Creating package descriptor '/home/blakepi/ros2_ws/install/interface/share/interface/package.dsv'
[5.673s] INFO:colcon.colcon_core.shell:Creating package script '/home/blakepi/ros2_ws/install/interface/share/interface/package.sh'
[5.678s] INFO:colcon.colcon_core.shell:Creating package script '/home/blakepi/ros2_ws/install/interface/share/interface/package.bash'
[5.683s] INFO:colcon.colcon_core.shell:Creating package script '/home/blakepi/ros2_ws/install/interface/share/interface/package.zsh'
[5.687s] Level 1:colcon.colcon_core.environment:create_file_with_runtime_dependencies(/home/blakepi/ros2_ws/install/interface/share/colcon-core/packages/interface)
[5.697s] INFO:colcon.colcon_ros.task.ament_cmake.build:Building ROS package in '/home/blakepi/ros2_ws/src/robot_arm' with build type 'ament_cmake'
[5.700s] INFO:colcon.colcon_cmake.task.cmake.build:Building CMake package in '/home/blakepi/ros2_ws/src/robot_arm'
[5.702s] INFO:colcon.colcon_core.shell:Skip shell extension 'powershell' for command environment: Not usable outside of PowerShell
[5.703s] DEBUG:colcon.colcon_core.shell:Skip shell extension 'dsv' for command environment
[5.752s] DEBUG:colcon.colcon_core.event_handler.log_command:Invoking command in '/home/blakepi/ros2_ws/src/python_pkgs': PYTHONPATH=/home/blakepi/ros2_ws/build/python_pkgs/prefix_override:/usr/lib/python3/dist-packages/colcon_core/task/python/colcon_distutils_commands:/home/blakepi/ros2_ws/install/python_pkgs/lib/python3.10/site-packages:${PYTHONPATH} /usr/bin/python3 -W ignore:setup.py install is deprecated setup.py egg_info --egg-base ../../build/python_pkgs build --build-base /home/blakepi/ros2_ws/build/python_pkgs/build install --record /home/blakepi/ros2_ws/build/python_pkgs/install.log --single-version-externally-managed install_data
[5.823s] DEBUG:colcon.colcon_core.event_handler.log_command:Invoking command in '/home/blakepi/ros2_ws/build/robot_arm': CMAKE_PREFIX_PATH=/home/blakepi/ros2_ws/install/interface:/home/blakepi/ros2_ws/install/robot_arm:/home/blakepi/ros2_ws/install/python_pkgs:/opt/ros/humble /usr/bin/cmake --build /home/blakepi/ros2_ws/build/robot_arm -- -j4 -l4
[8.095s] Level 1:colcon.colcon_core.environment:checking '/home/blakepi/ros2_ws/install/python_pkgs' for CMake module files
[8.099s] DEBUG:colcon.colcon_core.event_handler.log_command:Invoked command in '/home/blakepi/ros2_ws/src/python_pkgs' returned '0': PYTHONPATH=/home/blakepi/ros2_ws/build/python_pkgs/prefix_override:/usr/lib/python3/dist-packages/colcon_core/task/python/colcon_distutils_commands:/home/blakepi/ros2_ws/install/python_pkgs/lib/python3.10/site-packages:${PYTHONPATH} /usr/bin/python3 -W ignore:setup.py install is deprecated setup.py egg_info --egg-base ../../build/python_pkgs build --build-base /home/blakepi/ros2_ws/build/python_pkgs/build install --record /home/blakepi/ros2_ws/build/python_pkgs/install.log --single-version-externally-managed install_data
[8.102s] Level 1:colcon.colcon_core.environment:checking '/home/blakepi/ros2_ws/install/python_pkgs' for CMake config files
[8.113s] Level 1:colcon.colcon_core.environment:checking '/home/blakepi/ros2_ws/install/python_pkgs/lib'
[8.113s] Level 1:colcon.colcon_core.environment:checking '/home/blakepi/ros2_ws/install/python_pkgs/bin'
[8.114s] Level 1:colcon.colcon_core.environment:checking '/home/blakepi/ros2_ws/install/python_pkgs/lib/pkgconfig/python_pkgs.pc'
[8.115s] Level 1:colcon.colcon_core.environment:checking '/home/blakepi/ros2_ws/install/python_pkgs/lib/python3.10/site-packages'
[8.116s] Level 1:colcon.colcon_core.shell:create_environment_hook('python_pkgs', 'pythonpath')
[8.117s] INFO:colcon.colcon_core.shell:Creating environment hook '/home/blakepi/ros2_ws/install/python_pkgs/share/python_pkgs/hook/pythonpath.ps1'
[8.132s] INFO:colcon.colcon_core.shell:Creating environment descriptor '/home/blakepi/ros2_ws/install/python_pkgs/share/python_pkgs/hook/pythonpath.dsv'
[8.136s] INFO:colcon.colcon_core.shell:Creating environment hook '/home/blakepi/ros2_ws/install/python_pkgs/share/python_pkgs/hook/pythonpath.sh'
[8.144s] Level 1:colcon.colcon_core.environment:checking '/home/blakepi/ros2_ws/install/python_pkgs/bin'
[8.145s] Level 1:colcon.colcon_core.environment:create_environment_scripts_only(python_pkgs)
[8.147s] INFO:colcon.colcon_core.shell:Creating package script '/home/blakepi/ros2_ws/install/python_pkgs/share/python_pkgs/package.ps1'
[8.153s] INFO:colcon.colcon_core.shell:Creating package descriptor '/home/blakepi/ros2_ws/install/python_pkgs/share/python_pkgs/package.dsv'
[8.157s] INFO:colcon.colcon_core.shell:Creating package script '/home/blakepi/ros2_ws/install/python_pkgs/share/python_pkgs/package.sh'
[8.162s] INFO:colcon.colcon_core.shell:Creating package script '/home/blakepi/ros2_ws/install/python_pkgs/share/python_pkgs/package.bash'
[8.166s] INFO:colcon.colcon_core.shell:Creating package script '/home/blakepi/ros2_ws/install/python_pkgs/share/python_pkgs/package.zsh'
[8.171s] Level 1:colcon.colcon_core.environment:create_file_with_runtime_dependencies(/home/blakepi/ros2_ws/install/python_pkgs/share/colcon-core/packages/python_pkgs)
[8.180s] DEBUG:colcon.colcon_core.event_handler.log_command:Invoked command in '/home/blakepi/ros2_ws/build/robot_arm' returned '0': CMAKE_PREFIX_PATH=/home/blakepi/ros2_ws/install/interface:/home/blakepi/ros2_ws/install/robot_arm:/home/blakepi/ros2_ws/install/python_pkgs:/opt/ros/humble /usr/bin/cmake --build /home/blakepi/ros2_ws/build/robot_arm -- -j4 -l4
[8.377s] DEBUG:colcon.colcon_core.event_handler.log_command:Invoking command in '/home/blakepi/ros2_ws/build/robot_arm': CMAKE_PREFIX_PATH=/home/blakepi/ros2_ws/install/interface:/home/blakepi/ros2_ws/install/robot_arm:/home/blakepi/ros2_ws/install/python_pkgs:/opt/ros/humble /usr/bin/cmake --install /home/blakepi/ros2_ws/build/robot_arm
[8.704s] Level 1:colcon.colcon_core.environment:create_environment_scripts_only(robot_arm)
[8.706s] Level 1:colcon.colcon_core.environment:checking '/home/blakepi/ros2_ws/install/robot_arm' for CMake module files
[8.710s] Level 1:colcon.colcon_core.environment:checking '/home/blakepi/ros2_ws/install/robot_arm' for CMake config files
[8.714s] Level 1:colcon.colcon_core.shell:create_environment_hook('robot_arm', 'cmake_prefix_path')
[8.715s] INFO:colcon.colcon_core.shell:Creating environment hook '/home/blakepi/ros2_ws/install/robot_arm/share/robot_arm/hook/cmake_prefix_path.ps1'
[8.720s] DEBUG:colcon.colcon_core.event_handler.log_command:Invoked command in '/home/blakepi/ros2_ws/build/robot_arm' returned '0': CMAKE_PREFIX_PATH=/home/blakepi/ros2_ws/install/interface:/home/blakepi/ros2_ws/install/robot_arm:/home/blakepi/ros2_ws/install/python_pkgs:/opt/ros/humble /usr/bin/cmake --install /home/blakepi/ros2_ws/build/robot_arm
[8.720s] INFO:colcon.colcon_core.shell:Creating environment descriptor '/home/blakepi/ros2_ws/install/robot_arm/share/robot_arm/hook/cmake_prefix_path.dsv'
[8.723s] INFO:colcon.colcon_core.shell:Creating environment hook '/home/blakepi/ros2_ws/install/robot_arm/share/robot_arm/hook/cmake_prefix_path.sh'
[8.726s] Level 1:colcon.colcon_core.environment:checking '/home/blakepi/ros2_ws/install/robot_arm/lib'
[8.727s] Level 1:colcon.colcon_core.environment:checking '/home/blakepi/ros2_ws/install/robot_arm/bin'
[8.727s] Level 1:colcon.colcon_core.environment:checking '/home/blakepi/ros2_ws/install/robot_arm/lib/pkgconfig/robot_arm.pc'
[8.728s] Level 1:colcon.colcon_core.environment:checking '/home/blakepi/ros2_ws/install/robot_arm/lib/python3.10/site-packages'
[8.730s] Level 1:colcon.colcon_core.environment:checking '/home/blakepi/ros2_ws/install/robot_arm/bin'
[8.731s] INFO:colcon.colcon_core.shell:Creating package script '/home/blakepi/ros2_ws/install/robot_arm/share/robot_arm/package.ps1'
[8.733s] INFO:colcon.colcon_core.shell:Creating package descriptor '/home/blakepi/ros2_ws/install/robot_arm/share/robot_arm/package.dsv'
[8.736s] INFO:colcon.colcon_core.shell:Creating package script '/home/blakepi/ros2_ws/install/robot_arm/share/robot_arm/package.sh'
[8.738s] INFO:colcon.colcon_core.shell:Creating package script '/home/blakepi/ros2_ws/install/robot_arm/share/robot_arm/package.bash'
[8.740s] INFO:colcon.colcon_core.shell:Creating package script '/home/blakepi/ros2_ws/install/robot_arm/share/robot_arm/package.zsh'
[8.742s] Level 1:colcon.colcon_core.environment:create_file_with_runtime_dependencies(/home/blakepi/ros2_ws/install/robot_arm/share/colcon-core/packages/robot_arm)
[8.911s] Level 1:colcon.colcon_core.environment:create_environment_scripts_only(robot_arm)
[8.913s] Level 1:colcon.colcon_core.environment:checking '/home/blakepi/ros2_ws/install/robot_arm' for CMake module files
[8.916s] Level 1:colcon.colcon_core.environment:checking '/home/blakepi/ros2_ws/install/robot_arm' for CMake config files
[8.918s] Level 1:colcon.colcon_core.shell:create_environment_hook('robot_arm', 'cmake_prefix_path')
[8.920s] INFO:colcon.colcon_core.shell:Creating environment hook '/home/blakepi/ros2_ws/install/robot_arm/share/robot_arm/hook/cmake_prefix_path.ps1'
[8.922s] INFO:colcon.colcon_core.shell:Creating environment descriptor '/home/blakepi/ros2_ws/install/robot_arm/share/robot_arm/hook/cmake_prefix_path.dsv'
[8.924s] INFO:colcon.colcon_core.shell:Creating environment hook '/home/blakepi/ros2_ws/install/robot_arm/share/robot_arm/hook/cmake_prefix_path.sh'
[8.927s] Level 1:colcon.colcon_core.environment:checking '/home/blakepi/ros2_ws/install/robot_arm/lib'
[8.927s] Level 1:colcon.colcon_core.environment:checking '/home/blakepi/ros2_ws/install/robot_arm/bin'
[8.928s] Level 1:colcon.colcon_core.environment:checking '/home/blakepi/ros2_ws/install/robot_arm/lib/pkgconfig/robot_arm.pc'
[8.929s] Level 1:colcon.colcon_core.environment:checking '/home/blakepi/ros2_ws/install/robot_arm/lib/python3.10/site-packages'
[8.930s] Level 1:colcon.colcon_core.environment:checking '/home/blakepi/ros2_ws/install/robot_arm/bin'
[8.931s] INFO:colcon.colcon_core.shell:Creating package script '/home/blakepi/ros2_ws/install/robot_arm/share/robot_arm/package.ps1'
[8.934s] INFO:colcon.colcon_core.shell:Creating package descriptor '/home/blakepi/ros2_ws/install/robot_arm/share/robot_arm/package.dsv'
[8.937s] INFO:colcon.colcon_core.shell:Creating package script '/home/blakepi/ros2_ws/install/robot_arm/share/robot_arm/package.sh'
[8.939s] INFO:colcon.colcon_core.shell:Creating package script '/home/blakepi/ros2_ws/install/robot_arm/share/robot_arm/package.bash'
[8.943s] INFO:colcon.colcon_core.shell:Creating package script '/home/blakepi/ros2_ws/install/robot_arm/share/robot_arm/package.zsh'
[8.946s] Level 1:colcon.colcon_core.environment:create_file_with_runtime_dependencies(/home/blakepi/ros2_ws/install/robot_arm/share/colcon-core/packages/robot_arm)
[8.948s] DEBUG:colcon.colcon_parallel_executor.executor.parallel:closing loop
[8.950s] DEBUG:colcon.colcon_parallel_executor.executor.parallel:loop closed
[8.951s] DEBUG:colcon.colcon_parallel_executor.executor.parallel:run_until_complete finished with '0'
[8.951s] DEBUG:colcon.colcon_core.event_reactor:joining thread
[9.002s] INFO:colcon.colcon_core.plugin_system:Skipping extension 'colcon_notification.desktop_notification.notify_send': Could not find 'notify-send'
[9.002s] INFO:colcon.colcon_core.plugin_system:Skipping extension 'colcon_notification.desktop_notification.terminal_notifier': Not used on non-Darwin systems
[9.003s] INFO:colcon.colcon_core.plugin_system:Skipping extension 'colcon_notification.desktop_notification.win32': Not used on non-Windows systems
[9.003s] INFO:colcon.colcon_notification.desktop_notification:Sending desktop notification using 'notify2'
[9.005s] DEBUG:colcon.colcon_notification.desktop_notification.notify2:Failed to initialize notify2: org.freedesktop.DBus.Error.NoReply: Did not receive a reply. Possible causes include: the remote application did not send a reply, the message bus security policy blocked the reply, the reply timeout expired, or the network connection was broken.
[9.005s] DEBUG:colcon.colcon_core.event_reactor:joined thread
[9.006s] INFO:colcon.colcon_core.shell:Creating prefix script '/home/blakepi/ros2_ws/install/local_setup.ps1'
[9.010s] INFO:colcon.colcon_core.shell:Creating prefix util module '/home/blakepi/ros2_ws/install/_local_setup_util_ps1.py'
[9.016s] INFO:colcon.colcon_core.shell:Creating prefix chain script '/home/blakepi/ros2_ws/install/setup.ps1'
[9.022s] INFO:colcon.colcon_core.shell:Creating prefix script '/home/blakepi/ros2_ws/install/local_setup.sh'
[9.024s] INFO:colcon.colcon_core.shell:Creating prefix util module '/home/blakepi/ros2_ws/install/_local_setup_util_sh.py'
[9.028s] INFO:colcon.colcon_core.shell:Creating prefix chain script '/home/blakepi/ros2_ws/install/setup.sh'
[9.034s] INFO:colcon.colcon_core.shell:Creating prefix script '/home/blakepi/ros2_ws/install/local_setup.bash'
[9.037s] INFO:colcon.colcon_core.shell:Creating prefix chain script '/home/blakepi/ros2_ws/install/setup.bash'
[9.042s] INFO:colcon.colcon_core.shell:Creating prefix script '/home/blakepi/ros2_ws/install/local_setup.zsh'
[9.045s] INFO:colcon.colcon_core.shell:Creating prefix chain script '/home/blakepi/ros2_ws/install/setup.zsh'
