[0.421s] DEBUG:colcon:Command line arguments: ['/usr/bin/colcon', 'build']
[0.421s] DEBUG:colcon:Parsed command line arguments: Namespace(log_base=None, log_level=None, verb_name='build', build_base='build', install_base='install', merge_install=False, symlink_install=False, test_result_base=None, continue_on_error=False, executor='parallel', parallel_workers=4, event_handlers=None, ignore_user_meta=False, metas=['./colcon.meta'], base_paths=['.'], packages_ignore=None, packages_ignore_regex=None, paths=None, packages_up_to=None, packages_up_to_regex=None, packages_above=None, packages_above_and_dependencies=None, packages_above_depth=None, packages_select_by_dep=None, packages_skip_by_dep=None, packages_skip_up_to=None, packages_select_build_failed=False, packages_skip_build_finished=False, packages_select_test_failures=False, packages_skip_test_passed=False, packages_select=None, packages_skip=None, packages_select_regex=None, packages_skip_regex=None, packages_start=None, packages_end=None, allow_overriding=[], cmake_args=None, cmake_target=None, cmake_target_skip_unavailable=False, cmake_clean_cache=False, cmake_clean_first=False, cmake_force_configure=False, ament_cmake_args=None, catkin_cmake_args=None, catkin_skip_building_tests=False, verb_parser=<colcon_defaults.argument_parser.defaults.DefaultArgumentsDecorator object at 0xffff94eeee60>, verb_extension=<colcon_core.verb.build.BuildVerb object at 0xffff94eeea10>, main=<bound method BuildVerb.main of <colcon_core.verb.build.BuildVerb object at 0xffff94eeea10>>)
[1.078s] Level 1:colcon.colcon_core.package_discovery:discover_packages(colcon_meta) check parameters
[1.079s] Level 1:colcon.colcon_core.package_discovery:discover_packages(recursive) check parameters
[1.079s] Level 1:colcon.colcon_core.package_discovery:discover_packages(ignore) check parameters
[1.079s] Level 1:colcon.colcon_core.package_discovery:discover_packages(path) check parameters
[1.079s] Level 1:colcon.colcon_core.package_discovery:discover_packages(colcon_meta) discover
[1.079s] Level 1:colcon.colcon_core.package_discovery:discover_packages(recursive) discover
[1.080s] INFO:colcon.colcon_core.package_discovery:Crawling recursively for packages in '/home/blakepi/ros2_ws'
[1.080s] Level 1:colcon.colcon_core.package_identification:_identify(.) by extensions ['ignore', 'ignore_ament_install']
[1.080s] Level 1:colcon.colcon_core.package_identification:_identify(.) by extension 'ignore'
[1.081s] Level 1:colcon.colcon_core.package_identification:_identify(.) by extension 'ignore_ament_install'
[1.081s] Level 1:colcon.colcon_core.package_identification:_identify(.) by extensions ['colcon_pkg']
[1.081s] Level 1:colcon.colcon_core.package_identification:_identify(.) by extension 'colcon_pkg'
[1.081s] Level 1:colcon.colcon_core.package_identification:_identify(.) by extensions ['colcon_meta']
[1.081s] Level 1:colcon.colcon_core.package_identification:_identify(.) by extension 'colcon_meta'
[1.082s] Level 1:colcon.colcon_core.package_identification:_identify(.) by extensions ['ros']
[1.082s] Level 1:colcon.colcon_core.package_identification:_identify(.) by extension 'ros'
[1.127s] Level 1:colcon.colcon_core.package_identification:_identify(.) by extensions ['cmake', 'python']
[1.127s] Level 1:colcon.colcon_core.package_identification:_identify(.) by extension 'cmake'
[1.127s] Level 1:colcon.colcon_core.package_identification:_identify(.) by extension 'python'
[1.127s] Level 1:colcon.colcon_core.package_identification:_identify(.) by extensions ['python_setup_py']
[1.128s] Level 1:colcon.colcon_core.package_identification:_identify(.) by extension 'python_setup_py'
[1.128s] Level 1:colcon.colcon_core.package_identification:_identify(build) by extensions ['ignore', 'ignore_ament_install']
[1.128s] Level 1:colcon.colcon_core.package_identification:_identify(build) by extension 'ignore'
[1.129s] Level 1:colcon.colcon_core.package_identification:_identify(build) ignored
[1.129s] Level 1:colcon.colcon_core.package_identification:_identify(install) by extensions ['ignore', 'ignore_ament_install']
[1.130s] Level 1:colcon.colcon_core.package_identification:_identify(install) by extension 'ignore'
[1.130s] Level 1:colcon.colcon_core.package_identification:_identify(install) ignored
[1.131s] Level 1:colcon.colcon_core.package_identification:_identify(log) by extensions ['ignore', 'ignore_ament_install']
[1.131s] Level 1:colcon.colcon_core.package_identification:_identify(log) by extension 'ignore'
[1.132s] Level 1:colcon.colcon_core.package_identification:_identify(log) ignored
[1.132s] Level 1:colcon.colcon_core.package_identification:_identify(src) by extensions ['ignore', 'ignore_ament_install']
[1.132s] Level 1:colcon.colcon_core.package_identification:_identify(src) by extension 'ignore'
[1.133s] Level 1:colcon.colcon_core.package_identification:_identify(src) by extension 'ignore_ament_install'
[1.133s] Level 1:colcon.colcon_core.package_identification:_identify(src) by extensions ['colcon_pkg']
[1.133s] Level 1:colcon.colcon_core.package_identification:_identify(src) by extension 'colcon_pkg'
[1.133s] Level 1:colcon.colcon_core.package_identification:_identify(src) by extensions ['colcon_meta']
[1.133s] Level 1:colcon.colcon_core.package_identification:_identify(src) by extension 'colcon_meta'
[1.134s] Level 1:colcon.colcon_core.package_identification:_identify(src) by extensions ['ros']
[1.134s] Level 1:colcon.colcon_core.package_identification:_identify(src) by extension 'ros'
[1.134s] Level 1:colcon.colcon_core.package_identification:_identify(src) by extensions ['cmake', 'python']
[1.134s] Level 1:colcon.colcon_core.package_identification:_identify(src) by extension 'cmake'
[1.134s] Level 1:colcon.colcon_core.package_identification:_identify(src) by extension 'python'
[1.134s] Level 1:colcon.colcon_core.package_identification:_identify(src) by extensions ['python_setup_py']
[1.135s] Level 1:colcon.colcon_core.package_identification:_identify(src) by extension 'python_setup_py'
[1.135s] Level 1:colcon.colcon_core.package_identification:_identify(src/interface) by extensions ['ignore', 'ignore_ament_install']
[1.136s] Level 1:colcon.colcon_core.package_identification:_identify(src/interface) by extension 'ignore'
[1.136s] Level 1:colcon.colcon_core.package_identification:_identify(src/interface) by extension 'ignore_ament_install'
[1.136s] Level 1:colcon.colcon_core.package_identification:_identify(src/interface) by extensions ['colcon_pkg']
[1.136s] Level 1:colcon.colcon_core.package_identification:_identify(src/interface) by extension 'colcon_pkg'
[1.136s] Level 1:colcon.colcon_core.package_identification:_identify(src/interface) by extensions ['colcon_meta']
[1.136s] Level 1:colcon.colcon_core.package_identification:_identify(src/interface) by extension 'colcon_meta'
[1.137s] Level 1:colcon.colcon_core.package_identification:_identify(src/interface) by extensions ['ros']
[1.137s] Level 1:colcon.colcon_core.package_identification:_identify(src/interface) by extension 'ros'
[1.145s] DEBUG:colcon.colcon_core.package_identification:Package 'src/interface' with type 'ros.ament_cmake' and name 'interface'
[1.146s] Level 1:colcon.colcon_core.package_identification:_identify(src/python_pkgs) by extensions ['ignore', 'ignore_ament_install']
[1.146s] Level 1:colcon.colcon_core.package_identification:_identify(src/python_pkgs) by extension 'ignore'
[1.147s] Level 1:colcon.colcon_core.package_identification:_identify(src/python_pkgs) by extension 'ignore_ament_install'
[1.147s] Level 1:colcon.colcon_core.package_identification:_identify(src/python_pkgs) by extensions ['colcon_pkg']
[1.147s] Level 1:colcon.colcon_core.package_identification:_identify(src/python_pkgs) by extension 'colcon_pkg'
[1.147s] Level 1:colcon.colcon_core.package_identification:_identify(src/python_pkgs) by extensions ['colcon_meta']
[1.147s] Level 1:colcon.colcon_core.package_identification:_identify(src/python_pkgs) by extension 'colcon_meta'
[1.148s] Level 1:colcon.colcon_core.package_identification:_identify(src/python_pkgs) by extensions ['ros']
[1.148s] Level 1:colcon.colcon_core.package_identification:_identify(src/python_pkgs) by extension 'ros'
[1.150s] DEBUG:colcon.colcon_core.package_identification:Package 'src/python_pkgs' with type 'ros.ament_python' and name 'python_pkgs'
[1.151s] Level 1:colcon.colcon_core.package_identification:_identify(src/robot_arm) by extensions ['ignore', 'ignore_ament_install']
[1.151s] Level 1:colcon.colcon_core.package_identification:_identify(src/robot_arm) by extension 'ignore'
[1.151s] Level 1:colcon.colcon_core.package_identification:_identify(src/robot_arm) by extension 'ignore_ament_install'
[1.151s] Level 1:colcon.colcon_core.package_identification:_identify(src/robot_arm) by extensions ['colcon_pkg']
[1.152s] Level 1:colcon.colcon_core.package_identification:_identify(src/robot_arm) by extension 'colcon_pkg'
[1.152s] Level 1:colcon.colcon_core.package_identification:_identify(src/robot_arm) by extensions ['colcon_meta']
[1.152s] Level 1:colcon.colcon_core.package_identification:_identify(src/robot_arm) by extension 'colcon_meta'
[1.152s] Level 1:colcon.colcon_core.package_identification:_identify(src/robot_arm) by extensions ['ros']
[1.152s] Level 1:colcon.colcon_core.package_identification:_identify(src/robot_arm) by extension 'ros'
[1.157s] DEBUG:colcon.colcon_core.package_identification:Package 'src/robot_arm' with type 'ros.ament_cmake' and name 'robot_arm'
[1.157s] Level 1:colcon.colcon_core.package_discovery:discover_packages(recursive) using defaults
[1.157s] Level 1:colcon.colcon_core.package_discovery:discover_packages(ignore) discover
[1.157s] Level 1:colcon.colcon_core.package_discovery:discover_packages(ignore) using defaults
[1.157s] Level 1:colcon.colcon_core.package_discovery:discover_packages(path) discover
[1.158s] Level 1:colcon.colcon_core.package_discovery:discover_packages(path) using defaults
[1.238s] Level 1:colcon.colcon_core.package_discovery:discover_packages(prefix_path) check parameters
[1.238s] Level 1:colcon.colcon_core.package_discovery:discover_packages(prefix_path) discover
[1.247s] DEBUG:colcon.colcon_installed_package_information.package_discovery:Found 3 installed packages in /home/blakepi/ros2_ws/install
[1.253s] DEBUG:colcon.colcon_installed_package_information.package_discovery:Found 181 installed packages in /opt/ros/humble
[1.257s] Level 1:colcon.colcon_core.package_discovery:discover_packages(prefix_path) using defaults
[1.364s] Level 5:colcon.colcon_core.verb:set package 'interface' build argument 'cmake_args' from command line to 'None'
[1.365s] Level 5:colcon.colcon_core.verb:set package 'interface' build argument 'cmake_target' from command line to 'None'
[1.365s] Level 5:colcon.colcon_core.verb:set package 'interface' build argument 'cmake_target_skip_unavailable' from command line to 'False'
[1.365s] Level 5:colcon.colcon_core.verb:set package 'interface' build argument 'cmake_clean_cache' from command line to 'False'
[1.365s] Level 5:colcon.colcon_core.verb:set package 'interface' build argument 'cmake_clean_first' from command line to 'False'
[1.365s] Level 5:colcon.colcon_core.verb:set package 'interface' build argument 'cmake_force_configure' from command line to 'False'
[1.365s] Level 5:colcon.colcon_core.verb:set package 'interface' build argument 'ament_cmake_args' from command line to 'None'
[1.365s] Level 5:colcon.colcon_core.verb:set package 'interface' build argument 'catkin_cmake_args' from command line to 'None'
[1.365s] Level 5:colcon.colcon_core.verb:set package 'interface' build argument 'catkin_skip_building_tests' from command line to 'False'
[1.366s] DEBUG:colcon.colcon_core.verb:Building package 'interface' with the following arguments: {'ament_cmake_args': None, 'build_base': '/home/blakepi/ros2_ws/build/interface', 'catkin_cmake_args': None, 'catkin_skip_building_tests': False, 'cmake_args': None, 'cmake_clean_cache': False, 'cmake_clean_first': False, 'cmake_force_configure': False, 'cmake_target': None, 'cmake_target_skip_unavailable': False, 'install_base': '/home/blakepi/ros2_ws/install/interface', 'merge_install': False, 'path': '/home/blakepi/ros2_ws/src/interface', 'symlink_install': False, 'test_result_base': None}
[1.367s] Level 5:colcon.colcon_core.verb:set package 'python_pkgs' build argument 'cmake_args' from command line to 'None'
[1.367s] Level 5:colcon.colcon_core.verb:set package 'python_pkgs' build argument 'cmake_target' from command line to 'None'
[1.367s] Level 5:colcon.colcon_core.verb:set package 'python_pkgs' build argument 'cmake_target_skip_unavailable' from command line to 'False'
[1.368s] Level 5:colcon.colcon_core.verb:set package 'python_pkgs' build argument 'cmake_clean_cache' from command line to 'False'
[1.368s] Level 5:colcon.colcon_core.verb:set package 'python_pkgs' build argument 'cmake_clean_first' from command line to 'False'
[1.368s] Level 5:colcon.colcon_core.verb:set package 'python_pkgs' build argument 'cmake_force_configure' from command line to 'False'
[1.368s] Level 5:colcon.colcon_core.verb:set package 'python_pkgs' build argument 'ament_cmake_args' from command line to 'None'
[1.368s] Level 5:colcon.colcon_core.verb:set package 'python_pkgs' build argument 'catkin_cmake_args' from command line to 'None'
[1.368s] Level 5:colcon.colcon_core.verb:set package 'python_pkgs' build argument 'catkin_skip_building_tests' from command line to 'False'
[1.368s] DEBUG:colcon.colcon_core.verb:Building package 'python_pkgs' with the following arguments: {'ament_cmake_args': None, 'build_base': '/home/blakepi/ros2_ws/build/python_pkgs', 'catkin_cmake_args': None, 'catkin_skip_building_tests': False, 'cmake_args': None, 'cmake_clean_cache': False, 'cmake_clean_first': False, 'cmake_force_configure': False, 'cmake_target': None, 'cmake_target_skip_unavailable': False, 'install_base': '/home/blakepi/ros2_ws/install/python_pkgs', 'merge_install': False, 'path': '/home/blakepi/ros2_ws/src/python_pkgs', 'symlink_install': False, 'test_result_base': None}
[1.370s] Level 5:colcon.colcon_core.verb:set package 'robot_arm' build argument 'cmake_args' from command line to 'None'
[1.370s] Level 5:colcon.colcon_core.verb:set package 'robot_arm' build argument 'cmake_target' from command line to 'None'
[1.370s] Level 5:colcon.colcon_core.verb:set package 'robot_arm' build argument 'cmake_target_skip_unavailable' from command line to 'False'
[1.370s] Level 5:colcon.colcon_core.verb:set package 'robot_arm' build argument 'cmake_clean_cache' from command line to 'False'
[1.370s] Level 5:colcon.colcon_core.verb:set package 'robot_arm' build argument 'cmake_clean_first' from command line to 'False'
[1.370s] Level 5:colcon.colcon_core.verb:set package 'robot_arm' build argument 'cmake_force_configure' from command line to 'False'
[1.370s] Level 5:colcon.colcon_core.verb:set package 'robot_arm' build argument 'ament_cmake_args' from command line to 'None'
[1.370s] Level 5:colcon.colcon_core.verb:set package 'robot_arm' build argument 'catkin_cmake_args' from command line to 'None'
[1.370s] Level 5:colcon.colcon_core.verb:set package 'robot_arm' build argument 'catkin_skip_building_tests' from command line to 'False'
[1.371s] DEBUG:colcon.colcon_core.verb:Building package 'robot_arm' with the following arguments: {'ament_cmake_args': None, 'build_base': '/home/blakepi/ros2_ws/build/robot_arm', 'catkin_cmake_args': None, 'catkin_skip_building_tests': False, 'cmake_args': None, 'cmake_clean_cache': False, 'cmake_clean_first': False, 'cmake_force_configure': False, 'cmake_target': None, 'cmake_target_skip_unavailable': False, 'install_base': '/home/blakepi/ros2_ws/install/robot_arm', 'merge_install': False, 'path': '/home/blakepi/ros2_ws/src/robot_arm', 'symlink_install': False, 'test_result_base': None}
[1.371s] INFO:colcon.colcon_core.executor:Executing jobs using 'parallel' executor
[1.374s] DEBUG:colcon.colcon_parallel_executor.executor.parallel:run_until_complete
[1.376s] INFO:colcon.colcon_ros.task.ament_cmake.build:Building ROS package in '/home/blakepi/ros2_ws/src/interface' with build type 'ament_cmake'
[1.376s] INFO:colcon.colcon_cmake.task.cmake.build:Building CMake package in '/home/blakepi/ros2_ws/src/interface'
[1.386s] INFO:colcon.colcon_core.plugin_system:Skipping extension 'colcon_core.shell.bat': Not used on non-Windows systems
[1.387s] INFO:colcon.colcon_core.shell:Skip shell extension 'powershell' for command environment: Not usable outside of PowerShell
[1.388s] DEBUG:colcon.colcon_core.shell:Skip shell extension 'dsv' for command environment
[1.403s] INFO:colcon.colcon_ros.task.ament_python.build:Building ROS package in '/home/blakepi/ros2_ws/src/python_pkgs' with build type 'ament_python'
[1.404s] Level 1:colcon.colcon_core.shell:create_environment_hook('python_pkgs', 'ament_prefix_path')
[1.405s] INFO:colcon.colcon_core.shell:Creating environment hook '/home/blakepi/ros2_ws/install/python_pkgs/share/python_pkgs/hook/ament_prefix_path.ps1'
[1.408s] INFO:colcon.colcon_core.shell:Creating environment descriptor '/home/blakepi/ros2_ws/install/python_pkgs/share/python_pkgs/hook/ament_prefix_path.dsv'
[1.411s] INFO:colcon.colcon_core.shell:Creating environment hook '/home/blakepi/ros2_ws/install/python_pkgs/share/python_pkgs/hook/ament_prefix_path.sh'
[1.415s] INFO:colcon.colcon_core.shell:Skip shell extension 'powershell' for command environment: Not usable outside of PowerShell
[1.415s] DEBUG:colcon.colcon_core.shell:Skip shell extension 'dsv' for command environment
[1.446s] DEBUG:colcon.colcon_core.event_handler.log_command:Invoking command in '/home/blakepi/ros2_ws/build/interface': CMAKE_PREFIX_PATH=${CMAKE_PREFIX_PATH}:/home/blakepi/ros2_ws/install/python_pkgs:/opt/ros/humble /usr/bin/cmake --build /home/blakepi/ros2_ws/build/interface -- -j4 -l4
[3.067s] INFO:colcon.colcon_core.task.python.build:Building Python package in '/home/blakepi/ros2_ws/src/python_pkgs'
[3.068s] INFO:colcon.colcon_core.shell:Skip shell extension 'powershell' for command environment: Not usable outside of PowerShell
[3.068s] DEBUG:colcon.colcon_core.shell:Skip shell extension 'dsv' for command environment
[3.751s] DEBUG:colcon.colcon_core.event_handler.log_command:Invoked command in '/home/blakepi/ros2_ws/build/interface' returned '0': CMAKE_PREFIX_PATH=${CMAKE_PREFIX_PATH}:/home/blakepi/ros2_ws/install/python_pkgs:/opt/ros/humble /usr/bin/cmake --build /home/blakepi/ros2_ws/build/interface -- -j4 -l4
[4.367s] DEBUG:colcon.colcon_core.event_handler.log_command:Invoking command in '/home/blakepi/ros2_ws/build/interface': CMAKE_PREFIX_PATH=${CMAKE_PREFIX_PATH}:/home/blakepi/ros2_ws/install/python_pkgs:/opt/ros/humble /usr/bin/cmake --install /home/blakepi/ros2_ws/build/interface
[4.752s] Level 1:colcon.colcon_core.environment:create_environment_scripts_only(interface)
[4.778s] DEBUG:colcon.colcon_core.event_handler.log_command:Invoked command in '/home/blakepi/ros2_ws/build/interface' returned '0': CMAKE_PREFIX_PATH=${CMAKE_PREFIX_PATH}:/home/blakepi/ros2_ws/install/python_pkgs:/opt/ros/humble /usr/bin/cmake --install /home/blakepi/ros2_ws/build/interface
[4.782s] Level 1:colcon.colcon_core.environment:checking '/home/blakepi/ros2_ws/install/interface' for CMake module files
[4.786s] Level 1:colcon.colcon_core.environment:checking '/home/blakepi/ros2_ws/install/interface' for CMake config files
[4.790s] Level 1:colcon.colcon_core.shell:create_environment_hook('interface', 'cmake_prefix_path')
[4.792s] INFO:colcon.colcon_core.shell:Creating environment hook '/home/blakepi/ros2_ws/install/interface/share/interface/hook/cmake_prefix_path.ps1'
[4.794s] INFO:colcon.colcon_core.shell:Creating environment descriptor '/home/blakepi/ros2_ws/install/interface/share/interface/hook/cmake_prefix_path.dsv'
[4.797s] INFO:colcon.colcon_core.shell:Creating environment hook '/home/blakepi/ros2_ws/install/interface/share/interface/hook/cmake_prefix_path.sh'
[4.800s] Level 1:colcon.colcon_core.environment:checking '/home/blakepi/ros2_ws/install/interface/lib'
[4.802s] Level 1:colcon.colcon_core.shell:create_environment_hook('interface', 'ld_library_path_lib')
[4.803s] INFO:colcon.colcon_core.shell:Creating environment hook '/home/blakepi/ros2_ws/install/interface/share/interface/hook/ld_library_path_lib.ps1'
[4.806s] INFO:colcon.colcon_core.shell:Creating environment descriptor '/home/blakepi/ros2_ws/install/interface/share/interface/hook/ld_library_path_lib.dsv'
[4.811s] INFO:colcon.colcon_core.shell:Creating environment hook '/home/blakepi/ros2_ws/install/interface/share/interface/hook/ld_library_path_lib.sh'
[4.816s] Level 1:colcon.colcon_core.environment:checking '/home/blakepi/ros2_ws/install/interface/bin'
[4.817s] Level 1:colcon.colcon_core.environment:checking '/home/blakepi/ros2_ws/install/interface/lib/pkgconfig/interface.pc'
[4.818s] Level 1:colcon.colcon_core.environment:checking '/home/blakepi/ros2_ws/install/interface/lib/python3.10/site-packages'
[4.819s] Level 1:colcon.colcon_core.environment:checking '/home/blakepi/ros2_ws/install/interface/bin'
[4.821s] INFO:colcon.colcon_core.shell:Creating package script '/home/blakepi/ros2_ws/install/interface/share/interface/package.ps1'
[4.826s] INFO:colcon.colcon_core.shell:Creating package descriptor '/home/blakepi/ros2_ws/install/interface/share/interface/package.dsv'
[4.829s] INFO:colcon.colcon_core.shell:Creating package script '/home/blakepi/ros2_ws/install/interface/share/interface/package.sh'
[4.883s] INFO:colcon.colcon_core.shell:Creating package script '/home/blakepi/ros2_ws/install/interface/share/interface/package.bash'
[4.888s] INFO:colcon.colcon_core.shell:Creating package script '/home/blakepi/ros2_ws/install/interface/share/interface/package.zsh'
[4.891s] Level 1:colcon.colcon_core.environment:create_file_with_runtime_dependencies(/home/blakepi/ros2_ws/install/interface/share/colcon-core/packages/interface)
[5.212s] DEBUG:colcon.colcon_core.event_handler.log_command:Invoking command in '/home/blakepi/ros2_ws/src/python_pkgs': PYTHONPATH=/home/blakepi/ros2_ws/build/python_pkgs/prefix_override:/usr/lib/python3/dist-packages/colcon_core/task/python/colcon_distutils_commands:/home/blakepi/ros2_ws/install/python_pkgs/lib/python3.10/site-packages:${PYTHONPATH} /usr/bin/python3 -W ignore:setup.py install is deprecated setup.py egg_info --egg-base ../../build/python_pkgs build --build-base /home/blakepi/ros2_ws/build/python_pkgs/build install --record /home/blakepi/ros2_ws/build/python_pkgs/install.log --single-version-externally-managed install_data
[5.442s] Level 1:colcon.colcon_core.environment:create_environment_scripts_only(interface)
[5.444s] Level 1:colcon.colcon_core.environment:checking '/home/blakepi/ros2_ws/install/interface' for CMake module files
[5.449s] Level 1:colcon.colcon_core.environment:checking '/home/blakepi/ros2_ws/install/interface' for CMake config files
[5.455s] Level 1:colcon.colcon_core.shell:create_environment_hook('interface', 'cmake_prefix_path')
[5.456s] INFO:colcon.colcon_core.shell:Creating environment hook '/home/blakepi/ros2_ws/install/interface/share/interface/hook/cmake_prefix_path.ps1'
[5.458s] INFO:colcon.colcon_core.shell:Creating environment descriptor '/home/blakepi/ros2_ws/install/interface/share/interface/hook/cmake_prefix_path.dsv'
[5.461s] INFO:colcon.colcon_core.shell:Creating environment hook '/home/blakepi/ros2_ws/install/interface/share/interface/hook/cmake_prefix_path.sh'
[5.465s] Level 1:colcon.colcon_core.environment:checking '/home/blakepi/ros2_ws/install/interface/lib'
[5.466s] Level 1:colcon.colcon_core.shell:create_environment_hook('interface', 'ld_library_path_lib')
[5.468s] INFO:colcon.colcon_core.shell:Creating environment hook '/home/blakepi/ros2_ws/install/interface/share/interface/hook/ld_library_path_lib.ps1'
[5.470s] INFO:colcon.colcon_core.shell:Creating environment descriptor '/home/blakepi/ros2_ws/install/interface/share/interface/hook/ld_library_path_lib.dsv'
[5.473s] INFO:colcon.colcon_core.shell:Creating environment hook '/home/blakepi/ros2_ws/install/interface/share/interface/hook/ld_library_path_lib.sh'
[5.475s] Level 1:colcon.colcon_core.environment:checking '/home/blakepi/ros2_ws/install/interface/bin'
[5.476s] Level 1:colcon.colcon_core.environment:checking '/home/blakepi/ros2_ws/install/interface/lib/pkgconfig/interface.pc'
[5.477s] Level 1:colcon.colcon_core.environment:checking '/home/blakepi/ros2_ws/install/interface/lib/python3.10/site-packages'
[5.479s] Level 1:colcon.colcon_core.environment:checking '/home/blakepi/ros2_ws/install/interface/bin'
[5.480s] INFO:colcon.colcon_core.shell:Creating package script '/home/blakepi/ros2_ws/install/interface/share/interface/package.ps1'
[5.483s] INFO:colcon.colcon_core.shell:Creating package descriptor '/home/blakepi/ros2_ws/install/interface/share/interface/package.dsv'
[5.487s] INFO:colcon.colcon_core.shell:Creating package script '/home/blakepi/ros2_ws/install/interface/share/interface/package.sh'
[5.490s] INFO:colcon.colcon_core.shell:Creating package script '/home/blakepi/ros2_ws/install/interface/share/interface/package.bash'
[5.493s] INFO:colcon.colcon_core.shell:Creating package script '/home/blakepi/ros2_ws/install/interface/share/interface/package.zsh'
[5.496s] Level 1:colcon.colcon_core.environment:create_file_with_runtime_dependencies(/home/blakepi/ros2_ws/install/interface/share/colcon-core/packages/interface)
[5.498s] INFO:colcon.colcon_ros.task.ament_cmake.build:Building ROS package in '/home/blakepi/ros2_ws/src/robot_arm' with build type 'ament_cmake'
[5.499s] INFO:colcon.colcon_cmake.task.cmake.build:Building CMake package in '/home/blakepi/ros2_ws/src/robot_arm'
[5.500s] INFO:colcon.colcon_core.shell:Skip shell extension 'powershell' for command environment: Not usable outside of PowerShell
[5.501s] DEBUG:colcon.colcon_core.shell:Skip shell extension 'dsv' for command environment
[5.557s] DEBUG:colcon.colcon_core.event_handler.log_command:Invoking command in '/home/blakepi/ros2_ws/build/robot_arm': CMAKE_PREFIX_PATH=/home/blakepi/ros2_ws/install/interface:/home/blakepi/ros2_ws/install/robot_arm:/home/blakepi/ros2_ws/install/python_pkgs:/opt/ros/humble /usr/bin/cmake --build /home/blakepi/ros2_ws/build/robot_arm -- -j4 -l4
[6.926s] Level 1:colcon.colcon_core.environment:checking '/home/blakepi/ros2_ws/install/python_pkgs' for CMake module files
[6.928s] DEBUG:colcon.colcon_core.event_handler.log_command:Invoked command in '/home/blakepi/ros2_ws/src/python_pkgs' returned '0': PYTHONPATH=/home/blakepi/ros2_ws/build/python_pkgs/prefix_override:/usr/lib/python3/dist-packages/colcon_core/task/python/colcon_distutils_commands:/home/blakepi/ros2_ws/install/python_pkgs/lib/python3.10/site-packages:${PYTHONPATH} /usr/bin/python3 -W ignore:setup.py install is deprecated setup.py egg_info --egg-base ../../build/python_pkgs build --build-base /home/blakepi/ros2_ws/build/python_pkgs/build install --record /home/blakepi/ros2_ws/build/python_pkgs/install.log --single-version-externally-managed install_data
[6.930s] Level 1:colcon.colcon_core.environment:checking '/home/blakepi/ros2_ws/install/python_pkgs' for CMake config files
[6.933s] Level 1:colcon.colcon_core.environment:checking '/home/blakepi/ros2_ws/install/python_pkgs/lib'
[6.934s] Level 1:colcon.colcon_core.environment:checking '/home/blakepi/ros2_ws/install/python_pkgs/bin'
[6.934s] Level 1:colcon.colcon_core.environment:checking '/home/blakepi/ros2_ws/install/python_pkgs/lib/pkgconfig/python_pkgs.pc'
[6.935s] Level 1:colcon.colcon_core.environment:checking '/home/blakepi/ros2_ws/install/python_pkgs/lib/python3.10/site-packages'
[6.936s] Level 1:colcon.colcon_core.shell:create_environment_hook('python_pkgs', 'pythonpath')
[6.937s] INFO:colcon.colcon_core.shell:Creating environment hook '/home/blakepi/ros2_ws/install/python_pkgs/share/python_pkgs/hook/pythonpath.ps1'
[6.940s] INFO:colcon.colcon_core.shell:Creating environment descriptor '/home/blakepi/ros2_ws/install/python_pkgs/share/python_pkgs/hook/pythonpath.dsv'
[6.942s] INFO:colcon.colcon_core.shell:Creating environment hook '/home/blakepi/ros2_ws/install/python_pkgs/share/python_pkgs/hook/pythonpath.sh'
[6.945s] Level 1:colcon.colcon_core.environment:checking '/home/blakepi/ros2_ws/install/python_pkgs/bin'
[6.946s] Level 1:colcon.colcon_core.environment:create_environment_scripts_only(python_pkgs)
[6.947s] INFO:colcon.colcon_core.shell:Creating package script '/home/blakepi/ros2_ws/install/python_pkgs/share/python_pkgs/package.ps1'
[6.950s] INFO:colcon.colcon_core.shell:Creating package descriptor '/home/blakepi/ros2_ws/install/python_pkgs/share/python_pkgs/package.dsv'
[6.952s] INFO:colcon.colcon_core.shell:Creating package script '/home/blakepi/ros2_ws/install/python_pkgs/share/python_pkgs/package.sh'
[6.955s] INFO:colcon.colcon_core.shell:Creating package script '/home/blakepi/ros2_ws/install/python_pkgs/share/python_pkgs/package.bash'
[6.957s] INFO:colcon.colcon_core.shell:Creating package script '/home/blakepi/ros2_ws/install/python_pkgs/share/python_pkgs/package.zsh'
[6.959s] Level 1:colcon.colcon_core.environment:create_file_with_runtime_dependencies(/home/blakepi/ros2_ws/install/python_pkgs/share/colcon-core/packages/python_pkgs)
[7.311s] DEBUG:colcon.colcon_core.event_handler.log_command:Invoked command in '/home/blakepi/ros2_ws/build/robot_arm' returned '0': CMAKE_PREFIX_PATH=/home/blakepi/ros2_ws/install/interface:/home/blakepi/ros2_ws/install/robot_arm:/home/blakepi/ros2_ws/install/python_pkgs:/opt/ros/humble /usr/bin/cmake --build /home/blakepi/ros2_ws/build/robot_arm -- -j4 -l4
[7.496s] DEBUG:colcon.colcon_core.event_handler.log_command:Invoking command in '/home/blakepi/ros2_ws/build/robot_arm': CMAKE_PREFIX_PATH=/home/blakepi/ros2_ws/install/interface:/home/blakepi/ros2_ws/install/robot_arm:/home/blakepi/ros2_ws/install/python_pkgs:/opt/ros/humble /usr/bin/cmake --install /home/blakepi/ros2_ws/build/robot_arm
[7.717s] Level 1:colcon.colcon_core.environment:create_environment_scripts_only(robot_arm)
[7.718s] Level 1:colcon.colcon_core.environment:checking '/home/blakepi/ros2_ws/install/robot_arm' for CMake module files
[7.720s] DEBUG:colcon.colcon_core.event_handler.log_command:Invoked command in '/home/blakepi/ros2_ws/build/robot_arm' returned '0': CMAKE_PREFIX_PATH=/home/blakepi/ros2_ws/install/interface:/home/blakepi/ros2_ws/install/robot_arm:/home/blakepi/ros2_ws/install/python_pkgs:/opt/ros/humble /usr/bin/cmake --install /home/blakepi/ros2_ws/build/robot_arm
[7.722s] Level 1:colcon.colcon_core.environment:checking '/home/blakepi/ros2_ws/install/robot_arm' for CMake config files
[7.725s] Level 1:colcon.colcon_core.shell:create_environment_hook('robot_arm', 'cmake_prefix_path')
[7.726s] INFO:colcon.colcon_core.shell:Creating environment hook '/home/blakepi/ros2_ws/install/robot_arm/share/robot_arm/hook/cmake_prefix_path.ps1'
[7.727s] INFO:colcon.colcon_core.shell:Creating environment descriptor '/home/blakepi/ros2_ws/install/robot_arm/share/robot_arm/hook/cmake_prefix_path.dsv'
[7.729s] INFO:colcon.colcon_core.shell:Creating environment hook '/home/blakepi/ros2_ws/install/robot_arm/share/robot_arm/hook/cmake_prefix_path.sh'
[7.732s] Level 1:colcon.colcon_core.environment:checking '/home/blakepi/ros2_ws/install/robot_arm/lib'
[7.732s] Level 1:colcon.colcon_core.environment:checking '/home/blakepi/ros2_ws/install/robot_arm/bin'
[7.732s] Level 1:colcon.colcon_core.environment:checking '/home/blakepi/ros2_ws/install/robot_arm/lib/pkgconfig/robot_arm.pc'
[7.733s] Level 1:colcon.colcon_core.environment:checking '/home/blakepi/ros2_ws/install/robot_arm/lib/python3.10/site-packages'
[7.734s] Level 1:colcon.colcon_core.environment:checking '/home/blakepi/ros2_ws/install/robot_arm/bin'
[7.735s] INFO:colcon.colcon_core.shell:Creating package script '/home/blakepi/ros2_ws/install/robot_arm/share/robot_arm/package.ps1'
[7.737s] INFO:colcon.colcon_core.shell:Creating package descriptor '/home/blakepi/ros2_ws/install/robot_arm/share/robot_arm/package.dsv'
[7.739s] INFO:colcon.colcon_core.shell:Creating package script '/home/blakepi/ros2_ws/install/robot_arm/share/robot_arm/package.sh'
[7.741s] INFO:colcon.colcon_core.shell:Creating package script '/home/blakepi/ros2_ws/install/robot_arm/share/robot_arm/package.bash'
[7.743s] INFO:colcon.colcon_core.shell:Creating package script '/home/blakepi/ros2_ws/install/robot_arm/share/robot_arm/package.zsh'
[7.745s] Level 1:colcon.colcon_core.environment:create_file_with_runtime_dependencies(/home/blakepi/ros2_ws/install/robot_arm/share/colcon-core/packages/robot_arm)
[7.920s] Level 1:colcon.colcon_core.environment:create_environment_scripts_only(robot_arm)
[7.922s] Level 1:colcon.colcon_core.environment:checking '/home/blakepi/ros2_ws/install/robot_arm' for CMake module files
[7.927s] Level 1:colcon.colcon_core.environment:checking '/home/blakepi/ros2_ws/install/robot_arm' for CMake config files
[7.930s] Level 1:colcon.colcon_core.shell:create_environment_hook('robot_arm', 'cmake_prefix_path')
[7.931s] INFO:colcon.colcon_core.shell:Creating environment hook '/home/blakepi/ros2_ws/install/robot_arm/share/robot_arm/hook/cmake_prefix_path.ps1'
[7.934s] INFO:colcon.colcon_core.shell:Creating environment descriptor '/home/blakepi/ros2_ws/install/robot_arm/share/robot_arm/hook/cmake_prefix_path.dsv'
[7.936s] INFO:colcon.colcon_core.shell:Creating environment hook '/home/blakepi/ros2_ws/install/robot_arm/share/robot_arm/hook/cmake_prefix_path.sh'
[7.940s] Level 1:colcon.colcon_core.environment:checking '/home/blakepi/ros2_ws/install/robot_arm/lib'
[7.941s] Level 1:colcon.colcon_core.environment:checking '/home/blakepi/ros2_ws/install/robot_arm/bin'
[7.941s] Level 1:colcon.colcon_core.environment:checking '/home/blakepi/ros2_ws/install/robot_arm/lib/pkgconfig/robot_arm.pc'
[7.942s] Level 1:colcon.colcon_core.environment:checking '/home/blakepi/ros2_ws/install/robot_arm/lib/python3.10/site-packages'
[7.944s] Level 1:colcon.colcon_core.environment:checking '/home/blakepi/ros2_ws/install/robot_arm/bin'
[7.945s] INFO:colcon.colcon_core.shell:Creating package script '/home/blakepi/ros2_ws/install/robot_arm/share/robot_arm/package.ps1'
[7.949s] INFO:colcon.colcon_core.shell:Creating package descriptor '/home/blakepi/ros2_ws/install/robot_arm/share/robot_arm/package.dsv'
[7.952s] INFO:colcon.colcon_core.shell:Creating package script '/home/blakepi/ros2_ws/install/robot_arm/share/robot_arm/package.sh'
[7.955s] INFO:colcon.colcon_core.shell:Creating package script '/home/blakepi/ros2_ws/install/robot_arm/share/robot_arm/package.bash'
[7.958s] INFO:colcon.colcon_core.shell:Creating package script '/home/blakepi/ros2_ws/install/robot_arm/share/robot_arm/package.zsh'
[7.960s] Level 1:colcon.colcon_core.environment:create_file_with_runtime_dependencies(/home/blakepi/ros2_ws/install/robot_arm/share/colcon-core/packages/robot_arm)
[7.962s] DEBUG:colcon.colcon_parallel_executor.executor.parallel:closing loop
[7.966s] DEBUG:colcon.colcon_parallel_executor.executor.parallel:loop closed
[7.966s] DEBUG:colcon.colcon_parallel_executor.executor.parallel:run_until_complete finished with '0'
[7.967s] DEBUG:colcon.colcon_core.event_reactor:joining thread
[7.988s] INFO:colcon.colcon_core.plugin_system:Skipping extension 'colcon_notification.desktop_notification.notify_send': Could not find 'notify-send'
[7.989s] INFO:colcon.colcon_core.plugin_system:Skipping extension 'colcon_notification.desktop_notification.terminal_notifier': Not used on non-Darwin systems
[7.989s] INFO:colcon.colcon_core.plugin_system:Skipping extension 'colcon_notification.desktop_notification.win32': Not used on non-Windows systems
[7.989s] INFO:colcon.colcon_notification.desktop_notification:Sending desktop notification using 'notify2'
[7.990s] DEBUG:colcon.colcon_notification.desktop_notification.notify2:Failed to initialize notify2: org.freedesktop.DBus.Error.NoReply: Did not receive a reply. Possible causes include: the remote application did not send a reply, the message bus security policy blocked the reply, the reply timeout expired, or the network connection was broken.
[7.991s] DEBUG:colcon.colcon_core.event_reactor:joined thread
[7.992s] INFO:colcon.colcon_core.shell:Creating prefix script '/home/blakepi/ros2_ws/install/local_setup.ps1'
[7.995s] INFO:colcon.colcon_core.shell:Creating prefix util module '/home/blakepi/ros2_ws/install/_local_setup_util_ps1.py'
[8.002s] INFO:colcon.colcon_core.shell:Creating prefix chain script '/home/blakepi/ros2_ws/install/setup.ps1'
[8.009s] INFO:colcon.colcon_core.shell:Creating prefix script '/home/blakepi/ros2_ws/install/local_setup.sh'
[8.011s] INFO:colcon.colcon_core.shell:Creating prefix util module '/home/blakepi/ros2_ws/install/_local_setup_util_sh.py'
[8.014s] INFO:colcon.colcon_core.shell:Creating prefix chain script '/home/blakepi/ros2_ws/install/setup.sh'
[8.019s] INFO:colcon.colcon_core.shell:Creating prefix script '/home/blakepi/ros2_ws/install/local_setup.bash'
[8.022s] INFO:colcon.colcon_core.shell:Creating prefix chain script '/home/blakepi/ros2_ws/install/setup.bash'
[8.027s] INFO:colcon.colcon_core.shell:Creating prefix script '/home/blakepi/ros2_ws/install/local_setup.zsh'
[8.029s] INFO:colcon.colcon_core.shell:Creating prefix chain script '/home/blakepi/ros2_ws/install/setup.zsh'
