[0.071s] Invoking command in '/home/blakepi/ros2_ws/build/interface': CMAKE_PREFIX_PATH=${CMAKE_PREFIX_PATH}:/home/blakepi/ros2_ws/install/python_pkgs:/opt/ros/humble /usr/bin/cmake --build /home/blakepi/ros2_ws/build/interface -- -j4 -l4
[0.336s] [  2%] Built target interface__cpp
[0.384s] [ 12%] Built target interface__rosidl_generator_c
[0.400s] [ 12%] Built target ament_cmake_python_copy_interface
[0.565s] [ 23%] Built target interface__rosidl_typesupport_cpp
[0.610s] [ 33%] Built target interface__rosidl_typesupport_introspection_cpp
[0.631s] [ 43%] Built target interface__rosidl_typesupport_fastrtps_c
[0.635s] [ 53%] Built target interface__rosidl_typesupport_fastrtps_cpp
[0.744s] [ 64%] Built target interface__rosidl_typesupport_introspection_c
[0.804s] [ 74%] Built target interface__rosidl_typesupport_c
[0.915s] [ 74%] Built target interface
[1.032s] [ 76%] Built target interface__py
[1.145s] [ 84%] Built target interface__rosidl_generator_py
[1.395s] [ 89%] Built target interface__rosidl_typesupport_fastrtps_c__pyext
[1.399s] [ 94%] Built target interface__rosidl_typesupport_introspection_c__pyext
[1.428s] [100%] Built target interface__rosidl_typesupport_c__pyext
[2.178s] running egg_info
[2.182s] writing interface.egg-info/PKG-INFO
[2.184s] writing dependency_links to interface.egg-info/dependency_links.txt
[2.185s] writing top-level names to interface.egg-info/top_level.txt
[2.198s] reading manifest file 'interface.egg-info/SOURCES.txt'
[2.201s] writing manifest file 'interface.egg-info/SOURCES.txt'
[2.355s] [100%] Built target ament_cmake_python_build_interface_egg
[2.407s] Invoked command in '/home/blakepi/ros2_ws/build/interface' returned '0': CMAKE_PREFIX_PATH=${CMAKE_PREFIX_PATH}:/home/blakepi/ros2_ws/install/python_pkgs:/opt/ros/humble /usr/bin/cmake --build /home/blakepi/ros2_ws/build/interface -- -j4 -l4
[3.006s] Invoking command in '/home/blakepi/ros2_ws/build/interface': CMAKE_PREFIX_PATH=${CMAKE_PREFIX_PATH}:/home/blakepi/ros2_ws/install/python_pkgs:/opt/ros/humble /usr/bin/cmake --install /home/blakepi/ros2_ws/build/interface
[3.043s] -- Install configuration: ""
[3.045s] -- Up-to-date: /home/blakepi/ros2_ws/install/interface/share/ament_index/resource_index/rosidl_interfaces/interface
[3.048s] -- Up-to-date: /home/blakepi/ros2_ws/install/interface/include/interface/interface
[3.049s] -- Up-to-date: /home/blakepi/ros2_ws/install/interface/include/interface/interface/msg
[3.051s] -- Up-to-date: /home/blakepi/ros2_ws/install/interface/include/interface/interface/msg/servo_motor_state_change.h
[3.053s] -- Up-to-date: /home/blakepi/ros2_ws/install/interface/include/interface/interface/msg/detail
[3.054s] -- Up-to-date: /home/blakepi/ros2_ws/install/interface/include/interface/interface/msg/detail/servo_motor_state__struct.h
[3.057s] -- Up-to-date: /home/blakepi/ros2_ws/install/interface/include/interface/interface/msg/detail/servo_motor_state_change__type_support.h
[3.058s] -- Up-to-date: /home/blakepi/ros2_ws/install/interface/include/interface/interface/msg/detail/servo_motor_state_change__functions.h
[3.061s] -- Up-to-date: /home/blakepi/ros2_ws/install/interface/include/interface/interface/msg/detail/servo_motor_state__type_support.h
[3.065s] -- Up-to-date: /home/blakepi/ros2_ws/install/interface/include/interface/interface/msg/detail/servo_motor_state_change__functions.c
[3.066s] -- Up-to-date: /home/blakepi/ros2_ws/install/interface/include/interface/interface/msg/detail/servo_motor_state_change__struct.h
[3.066s] -- Up-to-date: /home/blakepi/ros2_ws/install/interface/include/interface/interface/msg/detail/servo_motor_state__functions.h
[3.069s] -- Up-to-date: /home/blakepi/ros2_ws/install/interface/include/interface/interface/msg/detail/servo_motor_state__functions.c
[3.070s] -- Up-to-date: /home/blakepi/ros2_ws/install/interface/include/interface/interface/msg/servo_motor_state.h
[3.073s] -- Up-to-date: /home/blakepi/ros2_ws/install/interface/include/interface/interface/msg/rosidl_generator_c__visibility_control.h
[3.074s] -- Up-to-date: /home/blakepi/ros2_ws/install/interface/share/interface/environment/library_path.sh
[3.079s] -- Up-to-date: /home/blakepi/ros2_ws/install/interface/share/interface/environment/library_path.dsv
[3.079s] -- Up-to-date: /home/blakepi/ros2_ws/install/interface/lib/libinterface__rosidl_generator_c.so
[3.080s] -- Up-to-date: /home/blakepi/ros2_ws/install/interface/include/interface/interface
[3.083s] -- Up-to-date: /home/blakepi/ros2_ws/install/interface/include/interface/interface/msg
[3.086s] -- Up-to-date: /home/blakepi/ros2_ws/install/interface/include/interface/interface/msg/rosidl_typesupport_fastrtps_c__visibility_control.h
[3.086s] -- Up-to-date: /home/blakepi/ros2_ws/install/interface/include/interface/interface/msg/detail
[3.088s] -- Up-to-date: /home/blakepi/ros2_ws/install/interface/include/interface/interface/msg/detail/servo_motor_state__rosidl_typesupport_fastrtps_c.h
[3.089s] -- Up-to-date: /home/blakepi/ros2_ws/install/interface/include/interface/interface/msg/detail/servo_motor_state_change__rosidl_typesupport_fastrtps_c.h
[3.091s] -- Up-to-date: /home/blakepi/ros2_ws/install/interface/lib/libinterface__rosidl_typesupport_fastrtps_c.so
[3.094s] -- Up-to-date: /home/blakepi/ros2_ws/install/interface/include/interface/interface
[3.097s] -- Up-to-date: /home/blakepi/ros2_ws/install/interface/include/interface/interface/msg
[3.098s] -- Up-to-date: /home/blakepi/ros2_ws/install/interface/include/interface/interface/msg/servo_motor_state.hpp
[3.098s] -- Up-to-date: /home/blakepi/ros2_ws/install/interface/include/interface/interface/msg/servo_motor_state_change.hpp
[3.099s] -- Up-to-date: /home/blakepi/ros2_ws/install/interface/include/interface/interface/msg/detail
[3.099s] -- Up-to-date: /home/blakepi/ros2_ws/install/interface/include/interface/interface/msg/detail/servo_motor_state__struct.hpp
[3.100s] -- Up-to-date: /home/blakepi/ros2_ws/install/interface/include/interface/interface/msg/detail/servo_motor_state__builder.hpp
[3.100s] -- Up-to-date: /home/blakepi/ros2_ws/install/interface/include/interface/interface/msg/detail/servo_motor_state_change__traits.hpp
[3.100s] -- Up-to-date: /home/blakepi/ros2_ws/install/interface/include/interface/interface/msg/detail/servo_motor_state__traits.hpp
[3.101s] -- Up-to-date: /home/blakepi/ros2_ws/install/interface/include/interface/interface/msg/detail/servo_motor_state_change__builder.hpp
[3.101s] -- Up-to-date: /home/blakepi/ros2_ws/install/interface/include/interface/interface/msg/detail/servo_motor_state_change__struct.hpp
[3.102s] -- Up-to-date: /home/blakepi/ros2_ws/install/interface/include/interface/interface
[3.102s] -- Up-to-date: /home/blakepi/ros2_ws/install/interface/include/interface/interface/msg
[3.103s] -- Up-to-date: /home/blakepi/ros2_ws/install/interface/include/interface/interface/msg/rosidl_typesupport_fastrtps_cpp__visibility_control.h
[3.103s] -- Up-to-date: /home/blakepi/ros2_ws/install/interface/include/interface/interface/msg/detail
[3.104s] -- Up-to-date: /home/blakepi/ros2_ws/install/interface/include/interface/interface/msg/detail/servo_motor_state__rosidl_typesupport_fastrtps_cpp.hpp
[3.105s] -- Up-to-date: /home/blakepi/ros2_ws/install/interface/include/interface/interface/msg/detail/servo_motor_state_change__rosidl_typesupport_fastrtps_cpp.hpp
[3.105s] -- Up-to-date: /home/blakepi/ros2_ws/install/interface/include/interface/interface/msg/detail/dds_fastrtps
[3.106s] -- Up-to-date: /home/blakepi/ros2_ws/install/interface/lib/libinterface__rosidl_typesupport_fastrtps_cpp.so
[3.106s] -- Up-to-date: /home/blakepi/ros2_ws/install/interface/include/interface/interface
[3.107s] -- Up-to-date: /home/blakepi/ros2_ws/install/interface/include/interface/interface/msg
[3.109s] -- Up-to-date: /home/blakepi/ros2_ws/install/interface/include/interface/interface/msg/detail
[3.109s] -- Up-to-date: /home/blakepi/ros2_ws/install/interface/include/interface/interface/msg/detail/servo_motor_state_change__rosidl_typesupport_introspection_c.h
[3.110s] -- Up-to-date: /home/blakepi/ros2_ws/install/interface/include/interface/interface/msg/detail/servo_motor_state__rosidl_typesupport_introspection_c.h
[3.110s] -- Up-to-date: /home/blakepi/ros2_ws/install/interface/include/interface/interface/msg/detail/servo_motor_state_change__type_support.c
[3.111s] -- Up-to-date: /home/blakepi/ros2_ws/install/interface/include/interface/interface/msg/detail/servo_motor_state__type_support.c
[3.111s] -- Up-to-date: /home/blakepi/ros2_ws/install/interface/include/interface/interface/msg/rosidl_typesupport_introspection_c__visibility_control.h
[3.112s] -- Up-to-date: /home/blakepi/ros2_ws/install/interface/lib/libinterface__rosidl_typesupport_introspection_c.so
[3.112s] -- Up-to-date: /home/blakepi/ros2_ws/install/interface/lib/libinterface__rosidl_typesupport_c.so
[3.113s] -- Up-to-date: /home/blakepi/ros2_ws/install/interface/include/interface/interface
[3.113s] -- Up-to-date: /home/blakepi/ros2_ws/install/interface/include/interface/interface/msg
[3.114s] -- Up-to-date: /home/blakepi/ros2_ws/install/interface/include/interface/interface/msg/detail
[3.114s] -- Up-to-date: /home/blakepi/ros2_ws/install/interface/include/interface/interface/msg/detail/servo_motor_state_change__rosidl_typesupport_introspection_cpp.hpp
[3.115s] -- Up-to-date: /home/blakepi/ros2_ws/install/interface/include/interface/interface/msg/detail/servo_motor_state__rosidl_typesupport_introspection_cpp.hpp
[3.115s] -- Up-to-date: /home/blakepi/ros2_ws/install/interface/include/interface/interface/msg/detail/servo_motor_state__type_support.cpp
[3.116s] -- Up-to-date: /home/blakepi/ros2_ws/install/interface/include/interface/interface/msg/detail/servo_motor_state_change__type_support.cpp
[3.117s] -- Up-to-date: /home/blakepi/ros2_ws/install/interface/lib/libinterface__rosidl_typesupport_introspection_cpp.so
[3.117s] -- Up-to-date: /home/blakepi/ros2_ws/install/interface/lib/libinterface__rosidl_typesupport_cpp.so
[3.118s] -- Up-to-date: /home/blakepi/ros2_ws/install/interface/share/interface/environment/pythonpath.sh
[3.118s] -- Up-to-date: /home/blakepi/ros2_ws/install/interface/share/interface/environment/pythonpath.dsv
[3.119s] -- Up-to-date: /home/blakepi/ros2_ws/install/interface/local/lib/python3.10/dist-packages/interface-0.0.0-py3.10.egg-info
[3.120s] -- Installing: /home/blakepi/ros2_ws/install/interface/local/lib/python3.10/dist-packages/interface-0.0.0-py3.10.egg-info/SOURCES.txt
[3.120s] -- Installing: /home/blakepi/ros2_ws/install/interface/local/lib/python3.10/dist-packages/interface-0.0.0-py3.10.egg-info/dependency_links.txt
[3.121s] -- Installing: /home/blakepi/ros2_ws/install/interface/local/lib/python3.10/dist-packages/interface-0.0.0-py3.10.egg-info/PKG-INFO
[3.122s] -- Installing: /home/blakepi/ros2_ws/install/interface/local/lib/python3.10/dist-packages/interface-0.0.0-py3.10.egg-info/top_level.txt
[3.122s] -- Up-to-date: /home/blakepi/ros2_ws/install/interface/local/lib/python3.10/dist-packages/interface
[3.123s] -- Up-to-date: /home/blakepi/ros2_ws/install/interface/local/lib/python3.10/dist-packages/interface/interface_s__rosidl_typesupport_fastrtps_c.cpython-310-aarch64-linux-gnu.so
[3.124s] -- Up-to-date: /home/blakepi/ros2_ws/install/interface/local/lib/python3.10/dist-packages/interface/__init__.py
[3.124s] -- Up-to-date: /home/blakepi/ros2_ws/install/interface/local/lib/python3.10/dist-packages/interface/_interface_s.ep.rosidl_typesupport_fastrtps_c.c
[3.125s] -- Up-to-date: /home/blakepi/ros2_ws/install/interface/local/lib/python3.10/dist-packages/interface/_interface_s.ep.rosidl_typesupport_c.c
[3.126s] -- Up-to-date: /home/blakepi/ros2_ws/install/interface/local/lib/python3.10/dist-packages/interface/libinterface__rosidl_generator_py.so
[3.127s] -- Up-to-date: /home/blakepi/ros2_ws/install/interface/local/lib/python3.10/dist-packages/interface/_interface_s.ep.rosidl_typesupport_introspection_c.c
[3.128s] -- Up-to-date: /home/blakepi/ros2_ws/install/interface/local/lib/python3.10/dist-packages/interface/interface_s__rosidl_typesupport_introspection_c.cpython-310-aarch64-linux-gnu.so
[3.128s] -- Up-to-date: /home/blakepi/ros2_ws/install/interface/local/lib/python3.10/dist-packages/interface/msg
[3.129s] -- Up-to-date: /home/blakepi/ros2_ws/install/interface/local/lib/python3.10/dist-packages/interface/msg/_servo_motor_state_change_s.c
[3.130s] -- Up-to-date: /home/blakepi/ros2_ws/install/interface/local/lib/python3.10/dist-packages/interface/msg/__init__.py
[3.133s] -- Up-to-date: /home/blakepi/ros2_ws/install/interface/local/lib/python3.10/dist-packages/interface/msg/_servo_motor_state_change.py
[3.134s] -- Up-to-date: /home/blakepi/ros2_ws/install/interface/local/lib/python3.10/dist-packages/interface/msg/_servo_motor_state_s.c
[3.135s] -- Up-to-date: /home/blakepi/ros2_ws/install/interface/local/lib/python3.10/dist-packages/interface/msg/_servo_motor_state.py
[3.135s] -- Up-to-date: /home/blakepi/ros2_ws/install/interface/local/lib/python3.10/dist-packages/interface/interface_s__rosidl_typesupport_c.cpython-310-aarch64-linux-gnu.so
[3.316s] Listing '/home/blakepi/ros2_ws/install/interface/local/lib/python3.10/dist-packages/interface'...
[3.317s] Listing '/home/blakepi/ros2_ws/install/interface/local/lib/python3.10/dist-packages/interface/msg'...
[3.348s] -- Up-to-date: /home/blakepi/ros2_ws/install/interface/local/lib/python3.10/dist-packages/interface/interface_s__rosidl_typesupport_fastrtps_c.cpython-310-aarch64-linux-gnu.so
[3.350s] -- Up-to-date: /home/blakepi/ros2_ws/install/interface/local/lib/python3.10/dist-packages/interface/interface_s__rosidl_typesupport_introspection_c.cpython-310-aarch64-linux-gnu.so
[3.353s] -- Up-to-date: /home/blakepi/ros2_ws/install/interface/local/lib/python3.10/dist-packages/interface/interface_s__rosidl_typesupport_c.cpython-310-aarch64-linux-gnu.so
[3.356s] -- Up-to-date: /home/blakepi/ros2_ws/install/interface/lib/libinterface__rosidl_generator_py.so
[3.358s] -- Up-to-date: /home/blakepi/ros2_ws/install/interface/share/interface/msg/ServoMotorState.idl
[3.359s] -- Up-to-date: /home/blakepi/ros2_ws/install/interface/share/interface/msg/ServoMotorStateChange.idl
[3.359s] -- Up-to-date: /home/blakepi/ros2_ws/install/interface/share/interface/msg/ServoMotorState.msg
[3.360s] -- Up-to-date: /home/blakepi/ros2_ws/install/interface/share/interface/msg/ServoMotorStateChange.msg
[3.363s] -- Up-to-date: /home/blakepi/ros2_ws/install/interface/share/ament_index/resource_index/package_run_dependencies/interface
[3.365s] -- Up-to-date: /home/blakepi/ros2_ws/install/interface/share/ament_index/resource_index/parent_prefix_path/interface
[3.367s] -- Up-to-date: /home/blakepi/ros2_ws/install/interface/share/interface/environment/ament_prefix_path.sh
[3.368s] -- Up-to-date: /home/blakepi/ros2_ws/install/interface/share/interface/environment/ament_prefix_path.dsv
[3.370s] -- Up-to-date: /home/blakepi/ros2_ws/install/interface/share/interface/environment/path.sh
[3.372s] -- Up-to-date: /home/blakepi/ros2_ws/install/interface/share/interface/environment/path.dsv
[3.373s] -- Up-to-date: /home/blakepi/ros2_ws/install/interface/share/interface/local_setup.bash
[3.375s] -- Up-to-date: /home/blakepi/ros2_ws/install/interface/share/interface/local_setup.sh
[3.377s] -- Up-to-date: /home/blakepi/ros2_ws/install/interface/share/interface/local_setup.zsh
[3.379s] -- Up-to-date: /home/blakepi/ros2_ws/install/interface/share/interface/local_setup.dsv
[3.381s] -- Installing: /home/blakepi/ros2_ws/install/interface/share/interface/package.dsv
[3.383s] -- Up-to-date: /home/blakepi/ros2_ws/install/interface/share/ament_index/resource_index/packages/interface
[3.385s] -- Up-to-date: /home/blakepi/ros2_ws/install/interface/share/interface/cmake/export_interface__rosidl_generator_cExport.cmake
[3.387s] -- Up-to-date: /home/blakepi/ros2_ws/install/interface/share/interface/cmake/export_interface__rosidl_generator_cExport-noconfig.cmake
[3.389s] -- Up-to-date: /home/blakepi/ros2_ws/install/interface/share/interface/cmake/export_interface__rosidl_typesupport_fastrtps_cExport.cmake
[3.391s] -- Up-to-date: /home/blakepi/ros2_ws/install/interface/share/interface/cmake/export_interface__rosidl_typesupport_fastrtps_cExport-noconfig.cmake
[3.393s] -- Up-to-date: /home/blakepi/ros2_ws/install/interface/share/interface/cmake/export_interface__rosidl_generator_cppExport.cmake
[3.395s] -- Up-to-date: /home/blakepi/ros2_ws/install/interface/share/interface/cmake/export_interface__rosidl_typesupport_fastrtps_cppExport.cmake
[3.397s] -- Up-to-date: /home/blakepi/ros2_ws/install/interface/share/interface/cmake/export_interface__rosidl_typesupport_fastrtps_cppExport-noconfig.cmake
[3.399s] -- Up-to-date: /home/blakepi/ros2_ws/install/interface/share/interface/cmake/interface__rosidl_typesupport_introspection_cExport.cmake
[3.401s] -- Up-to-date: /home/blakepi/ros2_ws/install/interface/share/interface/cmake/interface__rosidl_typesupport_introspection_cExport-noconfig.cmake
[3.403s] -- Up-to-date: /home/blakepi/ros2_ws/install/interface/share/interface/cmake/interface__rosidl_typesupport_cExport.cmake
[3.404s] -- Up-to-date: /home/blakepi/ros2_ws/install/interface/share/interface/cmake/interface__rosidl_typesupport_cExport-noconfig.cmake
[3.406s] -- Up-to-date: /home/blakepi/ros2_ws/install/interface/share/interface/cmake/interface__rosidl_typesupport_introspection_cppExport.cmake
[3.409s] -- Up-to-date: /home/blakepi/ros2_ws/install/interface/share/interface/cmake/interface__rosidl_typesupport_introspection_cppExport-noconfig.cmake
[3.410s] -- Up-to-date: /home/blakepi/ros2_ws/install/interface/share/interface/cmake/interface__rosidl_typesupport_cppExport.cmake
[3.411s] -- Up-to-date: /home/blakepi/ros2_ws/install/interface/share/interface/cmake/interface__rosidl_typesupport_cppExport-noconfig.cmake
[3.418s] -- Up-to-date: /home/blakepi/ros2_ws/install/interface/share/interface/cmake/export_interface__rosidl_generator_pyExport.cmake
[3.419s] -- Up-to-date: /home/blakepi/ros2_ws/install/interface/share/interface/cmake/export_interface__rosidl_generator_pyExport-noconfig.cmake
[3.419s] -- Up-to-date: /home/blakepi/ros2_ws/install/interface/share/interface/cmake/rosidl_cmake-extras.cmake
[3.420s] -- Up-to-date: /home/blakepi/ros2_ws/install/interface/share/interface/cmake/ament_cmake_export_include_directories-extras.cmake
[3.420s] -- Up-to-date: /home/blakepi/ros2_ws/install/interface/share/interface/cmake/ament_cmake_export_libraries-extras.cmake
[3.421s] -- Up-to-date: /home/blakepi/ros2_ws/install/interface/share/interface/cmake/ament_cmake_export_targets-extras.cmake
[3.422s] -- Up-to-date: /home/blakepi/ros2_ws/install/interface/share/interface/cmake/rosidl_cmake_export_typesupport_targets-extras.cmake
[3.422s] -- Up-to-date: /home/blakepi/ros2_ws/install/interface/share/interface/cmake/ament_cmake_export_dependencies-extras.cmake
[3.423s] -- Up-to-date: /home/blakepi/ros2_ws/install/interface/share/interface/cmake/rosidl_cmake_export_typesupport_libraries-extras.cmake
[3.424s] -- Up-to-date: /home/blakepi/ros2_ws/install/interface/share/interface/cmake/interfaceConfig.cmake
[3.424s] -- Up-to-date: /home/blakepi/ros2_ws/install/interface/share/interface/cmake/interfaceConfig-version.cmake
[3.425s] -- Up-to-date: /home/blakepi/ros2_ws/install/interface/share/interface/package.xml
[3.442s] Invoked command in '/home/blakepi/ros2_ws/build/interface' returned '0': CMAKE_PREFIX_PATH=${CMAKE_PREFIX_PATH}:/home/blakepi/ros2_ws/install/python_pkgs:/opt/ros/humble /usr/bin/cmake --install /home/blakepi/ros2_ws/build/interface
