[0.368s] Invoking command in '/home/blakepi/ros2_ws/build/robot_arm': CMAKE_PREFIX_PATH=/home/blakepi/ros2_ws/install/interface:/home/blakepi/ros2_ws/install/robot_arm:/home/blakepi/ros2_ws/install/python_pkgs:/opt/ros/humble /usr/bin/cmake --build /home/blakepi/ros2_ws/build/robot_arm -- -j4 -l4
[1.437s] [ 50%] Built target servo_node
[1.990s] [ 50%] Built target ament_cmake_python_copy_robot_arm
[2.665s] [100%] Built target bluetooth_node
[9.245s] running egg_info
[9.278s] writing robot_arm.egg-info/PKG-INFO
[9.293s] writing dependency_links to robot_arm.egg-info/dependency_links.txt
[9.307s] writing top-level names to robot_arm.egg-info/top_level.txt
[9.374s] reading manifest file 'robot_arm.egg-info/SOURCES.txt'
[9.389s] writing manifest file 'robot_arm.egg-info/SOURCES.txt'
[10.116s] [100%] Built target ament_cmake_python_build_robot_arm_egg
[10.399s] Invoked command in '/home/blakepi/ros2_ws/build/robot_arm' returned '0': CMAKE_PREFIX_PATH=/home/blakepi/ros2_ws/install/interface:/home/blakepi/ros2_ws/install/robot_arm:/home/blakepi/ros2_ws/install/python_pkgs:/opt/ros/humble /usr/bin/cmake --build /home/blakepi/ros2_ws/build/robot_arm -- -j4 -l4
[11.259s] Invoking command in '/home/blakepi/ros2_ws/build/robot_arm': CMAKE_PREFIX_PATH=/home/blakepi/ros2_ws/install/interface:/home/blakepi/ros2_ws/install/robot_arm:/home/blakepi/ros2_ws/install/python_pkgs:/opt/ros/humble /usr/bin/cmake --install /home/blakepi/ros2_ws/build/robot_arm
[11.475s] -- Install configuration: ""
[11.478s] -- Up-to-date: /home/blakepi/ros2_ws/install/robot_arm/lib/robot_arm/servo_node
[11.485s] -- Up-to-date: /home/blakepi/ros2_ws/install/robot_arm/lib/robot_arm/bluetooth_node
[11.515s] -- Up-to-date: /home/blakepi/ros2_ws/install/robot_arm/share/robot_arm/environment/pythonpath.sh
[11.524s] -- Up-to-date: /home/blakepi/ros2_ws/install/robot_arm/share/robot_arm/environment/pythonpath.dsv
[11.546s] -- Up-to-date: /home/blakepi/ros2_ws/install/robot_arm/local/lib/python3.10/dist-packages/robot_arm-0.0.0-py3.10.egg-info
[11.551s] -- Installing: /home/blakepi/ros2_ws/install/robot_arm/local/lib/python3.10/dist-packages/robot_arm-0.0.0-py3.10.egg-info/SOURCES.txt
[11.554s] -- Installing: /home/blakepi/ros2_ws/install/robot_arm/local/lib/python3.10/dist-packages/robot_arm-0.0.0-py3.10.egg-info/dependency_links.txt
[11.578s] -- Installing: /home/blakepi/ros2_ws/install/robot_arm/local/lib/python3.10/dist-packages/robot_arm-0.0.0-py3.10.egg-info/PKG-INFO
[11.583s] -- Installing: /home/blakepi/ros2_ws/install/robot_arm/local/lib/python3.10/dist-packages/robot_arm-0.0.0-py3.10.egg-info/top_level.txt
[11.615s] -- Up-to-date: /home/blakepi/ros2_ws/install/robot_arm/local/lib/python3.10/dist-packages/robot_arm
[11.623s] -- Up-to-date: /home/blakepi/ros2_ws/install/robot_arm/local/lib/python3.10/dist-packages/robot_arm/__init__.py
[11.625s] -- Up-to-date: /home/blakepi/ros2_ws/install/robot_arm/local/lib/python3.10/dist-packages/robot_arm/wifi_image_sender_node.py
[11.626s] -- Up-to-date: /home/blakepi/ros2_ws/install/robot_arm/local/lib/python3.10/dist-packages/robot_arm/camera_node.py
[11.636s] -- Installing: /home/blakepi/ros2_ws/install/robot_arm/local/lib/python3.10/dist-packages/robot_arm/distance_node.py
[12.435s] Listing '/home/blakepi/ros2_ws/install/robot_arm/local/lib/python3.10/dist-packages/robot_arm'...
[12.437s] Compiling '/home/blakepi/ros2_ws/install/robot_arm/local/lib/python3.10/dist-packages/robot_arm/distance_node.py'...
[12.504s] -- Up-to-date: /home/blakepi/ros2_ws/install/robot_arm/lib/robot_arm/camera_node.py
[12.506s] -- Installing: /home/blakepi/ros2_ws/install/robot_arm/lib/robot_arm/distance_node.py
[12.514s] -- Up-to-date: /home/blakepi/ros2_ws/install/robot_arm/lib/robot_arm/wifi_image_sender_node.py
[12.520s] -- Up-to-date: /home/blakepi/ros2_ws/install/robot_arm/share/ament_index/resource_index/package_run_dependencies/robot_arm
[12.523s] -- Up-to-date: /home/blakepi/ros2_ws/install/robot_arm/share/ament_index/resource_index/parent_prefix_path/robot_arm
[12.526s] -- Up-to-date: /home/blakepi/ros2_ws/install/robot_arm/share/robot_arm/environment/ament_prefix_path.sh
[12.531s] -- Up-to-date: /home/blakepi/ros2_ws/install/robot_arm/share/robot_arm/environment/ament_prefix_path.dsv
[12.533s] -- Up-to-date: /home/blakepi/ros2_ws/install/robot_arm/share/robot_arm/environment/path.sh
[12.538s] -- Up-to-date: /home/blakepi/ros2_ws/install/robot_arm/share/robot_arm/environment/path.dsv
[12.548s] -- Up-to-date: /home/blakepi/ros2_ws/install/robot_arm/share/robot_arm/local_setup.bash
[12.549s] -- Up-to-date: /home/blakepi/ros2_ws/install/robot_arm/share/robot_arm/local_setup.sh
[12.558s] -- Up-to-date: /home/blakepi/ros2_ws/install/robot_arm/share/robot_arm/local_setup.zsh
[12.559s] -- Up-to-date: /home/blakepi/ros2_ws/install/robot_arm/share/robot_arm/local_setup.dsv
[12.561s] -- Installing: /home/blakepi/ros2_ws/install/robot_arm/share/robot_arm/package.dsv
[12.574s] -- Up-to-date: /home/blakepi/ros2_ws/install/robot_arm/share/ament_index/resource_index/packages/robot_arm
[12.575s] -- Up-to-date: /home/blakepi/ros2_ws/install/robot_arm/share/robot_arm/cmake/robot_armConfig.cmake
[12.576s] -- Up-to-date: /home/blakepi/ros2_ws/install/robot_arm/share/robot_arm/cmake/robot_armConfig-version.cmake
[12.577s] -- Up-to-date: /home/blakepi/ros2_ws/install/robot_arm/share/robot_arm/package.xml
[12.607s] Invoked command in '/home/blakepi/ros2_ws/build/robot_arm' returned '0': CMAKE_PREFIX_PATH=/home/blakepi/ros2_ws/install/interface:/home/blakepi/ros2_ws/install/robot_arm:/home/blakepi/ros2_ws/install/python_pkgs:/opt/ros/humble /usr/bin/cmake --install /home/blakepi/ros2_ws/build/robot_arm
