[0.418s] DEBUG:colcon:Command line arguments: ['/usr/bin/colcon', 'build', '--packages-select', 'robot_arm']
[0.419s] DEBUG:colcon:Parsed command line arguments: Namespace(log_base=None, log_level=None, verb_name='build', build_base='build', install_base='install', merge_install=False, symlink_install=False, test_result_base=None, continue_on_error=False, executor='parallel', parallel_workers=4, event_handlers=None, ignore_user_meta=False, metas=['./colcon.meta'], base_paths=['.'], packages_ignore=None, packages_ignore_regex=None, paths=None, packages_up_to=None, packages_up_to_regex=None, packages_above=None, packages_above_and_dependencies=None, packages_above_depth=None, packages_select_by_dep=None, packages_skip_by_dep=None, packages_skip_up_to=None, packages_select_build_failed=False, packages_skip_build_finished=False, packages_select_test_failures=False, packages_skip_test_passed=False, packages_select=['robot_arm'], packages_skip=None, packages_select_regex=None, packages_skip_regex=None, packages_start=None, packages_end=None, allow_overriding=[], cmake_args=None, cmake_target=None, cmake_target_skip_unavailable=False, cmake_clean_cache=False, cmake_clean_first=False, cmake_force_configure=False, ament_cmake_args=None, catkin_cmake_args=None, catkin_skip_building_tests=False, verb_parser=<colcon_defaults.argument_parser.defaults.DefaultArgumentsDecorator object at 0xffffa6556170>, verb_extension=<colcon_core.verb.build.BuildVerb object at 0xffffa66f2d70>, main=<bound method BuildVerb.main of <colcon_core.verb.build.BuildVerb object at 0xffffa66f2d70>>)
[1.068s] Level 1:colcon.colcon_core.package_discovery:discover_packages(colcon_meta) check parameters
[1.068s] Level 1:colcon.colcon_core.package_discovery:discover_packages(recursive) check parameters
[1.068s] Level 1:colcon.colcon_core.package_discovery:discover_packages(ignore) check parameters
[1.068s] Level 1:colcon.colcon_core.package_discovery:discover_packages(path) check parameters
[1.069s] Level 1:colcon.colcon_core.package_discovery:discover_packages(colcon_meta) discover
[1.069s] Level 1:colcon.colcon_core.package_discovery:discover_packages(recursive) discover
[1.069s] INFO:colcon.colcon_core.package_discovery:Crawling recursively for packages in '/home/blakepi/ros2_ws/src/robot_arm'
[1.069s] Level 1:colcon.colcon_core.package_identification:_identify(.) by extensions ['ignore', 'ignore_ament_install']
[1.070s] Level 1:colcon.colcon_core.package_identification:_identify(.) by extension 'ignore'
[1.070s] Level 1:colcon.colcon_core.package_identification:_identify(.) by extension 'ignore_ament_install'
[1.070s] Level 1:colcon.colcon_core.package_identification:_identify(.) by extensions ['colcon_pkg']
[1.070s] Level 1:colcon.colcon_core.package_identification:_identify(.) by extension 'colcon_pkg'
[1.070s] Level 1:colcon.colcon_core.package_identification:_identify(.) by extensions ['colcon_meta']
[1.071s] Level 1:colcon.colcon_core.package_identification:_identify(.) by extension 'colcon_meta'
[1.071s] Level 1:colcon.colcon_core.package_identification:_identify(.) by extensions ['ros']
[1.071s] Level 1:colcon.colcon_core.package_identification:_identify(.) by extension 'ros'
[1.123s] DEBUG:colcon.colcon_core.package_identification:Package '.' with type 'ros.ament_cmake' and name 'robot_arm'
[1.123s] Level 1:colcon.colcon_core.package_discovery:discover_packages(recursive) using defaults
[1.123s] Level 1:colcon.colcon_core.package_discovery:discover_packages(ignore) discover
[1.123s] Level 1:colcon.colcon_core.package_discovery:discover_packages(ignore) using defaults
[1.123s] Level 1:colcon.colcon_core.package_discovery:discover_packages(path) discover
[1.124s] Level 1:colcon.colcon_core.package_discovery:discover_packages(path) using defaults
[1.200s] Level 1:colcon.colcon_core.package_discovery:discover_packages(prefix_path) check parameters
[1.200s] Level 1:colcon.colcon_core.package_discovery:discover_packages(prefix_path) discover
[1.211s] DEBUG:colcon.colcon_installed_package_information.package_discovery:Found 180 installed packages in /opt/ros/humble
[1.216s] Level 1:colcon.colcon_core.package_discovery:discover_packages(prefix_path) using defaults
[1.319s] Level 5:colcon.colcon_core.verb:set package 'robot_arm' build argument 'cmake_args' from command line to 'None'
[1.319s] Level 5:colcon.colcon_core.verb:set package 'robot_arm' build argument 'cmake_target' from command line to 'None'
[1.320s] Level 5:colcon.colcon_core.verb:set package 'robot_arm' build argument 'cmake_target_skip_unavailable' from command line to 'False'
[1.320s] Level 5:colcon.colcon_core.verb:set package 'robot_arm' build argument 'cmake_clean_cache' from command line to 'False'
[1.320s] Level 5:colcon.colcon_core.verb:set package 'robot_arm' build argument 'cmake_clean_first' from command line to 'False'
[1.320s] Level 5:colcon.colcon_core.verb:set package 'robot_arm' build argument 'cmake_force_configure' from command line to 'False'
[1.320s] Level 5:colcon.colcon_core.verb:set package 'robot_arm' build argument 'ament_cmake_args' from command line to 'None'
[1.320s] Level 5:colcon.colcon_core.verb:set package 'robot_arm' build argument 'catkin_cmake_args' from command line to 'None'
[1.320s] Level 5:colcon.colcon_core.verb:set package 'robot_arm' build argument 'catkin_skip_building_tests' from command line to 'False'
[1.320s] DEBUG:colcon.colcon_core.verb:Building package 'robot_arm' with the following arguments: {'ament_cmake_args': None, 'build_base': '/home/blakepi/ros2_ws/src/robot_arm/build/robot_arm', 'catkin_cmake_args': None, 'catkin_skip_building_tests': False, 'cmake_args': None, 'cmake_clean_cache': False, 'cmake_clean_first': False, 'cmake_force_configure': False, 'cmake_target': None, 'cmake_target_skip_unavailable': False, 'install_base': '/home/blakepi/ros2_ws/src/robot_arm/install/robot_arm', 'merge_install': False, 'path': '/home/blakepi/ros2_ws/src/robot_arm', 'symlink_install': False, 'test_result_base': None}
[1.321s] INFO:colcon.colcon_core.executor:Executing jobs using 'parallel' executor
[1.324s] DEBUG:colcon.colcon_parallel_executor.executor.parallel:run_until_complete
[1.325s] INFO:colcon.colcon_ros.task.ament_cmake.build:Building ROS package in '/home/blakepi/ros2_ws/src/robot_arm' with build type 'ament_cmake'
[1.326s] INFO:colcon.colcon_cmake.task.cmake.build:Building CMake package in '/home/blakepi/ros2_ws/src/robot_arm'
[1.334s] INFO:colcon.colcon_core.plugin_system:Skipping extension 'colcon_core.shell.bat': Not used on non-Windows systems
[1.335s] INFO:colcon.colcon_core.shell:Skip shell extension 'powershell' for command environment: Not usable outside of PowerShell
[1.336s] DEBUG:colcon.colcon_core.shell:Skip shell extension 'dsv' for command environment
[1.364s] DEBUG:colcon.colcon_core.event_handler.log_command:Invoking command in '/home/blakepi/ros2_ws/src/robot_arm/build/robot_arm': CMAKE_PREFIX_PATH=/opt/ros/humble /usr/bin/cmake /home/blakepi/ros2_ws/src/robot_arm -DCMAKE_INSTALL_PREFIX=/home/blakepi/ros2_ws/src/robot_arm/install/robot_arm
[7.435s] DEBUG:colcon.colcon_core.event_handler.log_command:Invoked command in '/home/blakepi/ros2_ws/src/robot_arm/build/robot_arm' returned '0': CMAKE_PREFIX_PATH=/opt/ros/humble /usr/bin/cmake /home/blakepi/ros2_ws/src/robot_arm -DCMAKE_INSTALL_PREFIX=/home/blakepi/ros2_ws/src/robot_arm/install/robot_arm
[7.444s] DEBUG:colcon.colcon_core.event_handler.log_command:Invoking command in '/home/blakepi/ros2_ws/src/robot_arm/build/robot_arm': CMAKE_PREFIX_PATH=/opt/ros/humble /usr/bin/cmake --build /home/blakepi/ros2_ws/src/robot_arm/build/robot_arm -- -j4 -l4
[19.874s] DEBUG:colcon.colcon_core.event_handler.log_command:Invoked command in '/home/blakepi/ros2_ws/src/robot_arm/build/robot_arm' returned '0': CMAKE_PREFIX_PATH=/opt/ros/humble /usr/bin/cmake --build /home/blakepi/ros2_ws/src/robot_arm/build/robot_arm -- -j4 -l4
[20.044s] DEBUG:colcon.colcon_core.event_handler.log_command:Invoking command in '/home/blakepi/ros2_ws/src/robot_arm/build/robot_arm': CMAKE_PREFIX_PATH=/opt/ros/humble /usr/bin/cmake --install /home/blakepi/ros2_ws/src/robot_arm/build/robot_arm
[20.095s] Level 1:colcon.colcon_core.environment:create_environment_scripts_only(robot_arm)
[20.096s] DEBUG:colcon.colcon_core.event_handler.log_command:Invoked command in '/home/blakepi/ros2_ws/src/robot_arm/build/robot_arm' returned '0': CMAKE_PREFIX_PATH=/opt/ros/humble /usr/bin/cmake --install /home/blakepi/ros2_ws/src/robot_arm/build/robot_arm
[20.107s] Level 1:colcon.colcon_core.environment:checking '/home/blakepi/ros2_ws/src/robot_arm/install/robot_arm' for CMake module files
[20.111s] Level 1:colcon.colcon_core.environment:checking '/home/blakepi/ros2_ws/src/robot_arm/install/robot_arm' for CMake config files
[20.113s] Level 1:colcon.colcon_core.shell:create_environment_hook('robot_arm', 'cmake_prefix_path')
[20.114s] INFO:colcon.colcon_core.shell:Creating environment hook '/home/blakepi/ros2_ws/src/robot_arm/install/robot_arm/share/robot_arm/hook/cmake_prefix_path.ps1'
[20.119s] INFO:colcon.colcon_core.shell:Creating environment descriptor '/home/blakepi/ros2_ws/src/robot_arm/install/robot_arm/share/robot_arm/hook/cmake_prefix_path.dsv'
[20.122s] INFO:colcon.colcon_core.shell:Creating environment hook '/home/blakepi/ros2_ws/src/robot_arm/install/robot_arm/share/robot_arm/hook/cmake_prefix_path.sh'
[20.127s] Level 1:colcon.colcon_core.environment:checking '/home/blakepi/ros2_ws/src/robot_arm/install/robot_arm/lib'
[20.128s] Level 1:colcon.colcon_core.environment:checking '/home/blakepi/ros2_ws/src/robot_arm/install/robot_arm/bin'
[20.128s] Level 1:colcon.colcon_core.environment:checking '/home/blakepi/ros2_ws/src/robot_arm/install/robot_arm/lib/pkgconfig/robot_arm.pc'
[20.130s] Level 1:colcon.colcon_core.environment:checking '/home/blakepi/ros2_ws/src/robot_arm/install/robot_arm/lib/python3.10/site-packages'
[20.131s] Level 1:colcon.colcon_core.environment:checking '/home/blakepi/ros2_ws/src/robot_arm/install/robot_arm/bin'
[20.132s] INFO:colcon.colcon_core.shell:Creating package script '/home/blakepi/ros2_ws/src/robot_arm/install/robot_arm/share/robot_arm/package.ps1'
[20.137s] INFO:colcon.colcon_core.shell:Creating package descriptor '/home/blakepi/ros2_ws/src/robot_arm/install/robot_arm/share/robot_arm/package.dsv'
[20.139s] INFO:colcon.colcon_core.shell:Creating package script '/home/blakepi/ros2_ws/src/robot_arm/install/robot_arm/share/robot_arm/package.sh'
[20.142s] INFO:colcon.colcon_core.shell:Creating package script '/home/blakepi/ros2_ws/src/robot_arm/install/robot_arm/share/robot_arm/package.bash'
[20.145s] INFO:colcon.colcon_core.shell:Creating package script '/home/blakepi/ros2_ws/src/robot_arm/install/robot_arm/share/robot_arm/package.zsh'
[20.148s] Level 1:colcon.colcon_core.environment:create_file_with_runtime_dependencies(/home/blakepi/ros2_ws/src/robot_arm/install/robot_arm/share/colcon-core/packages/robot_arm)
[20.276s] Level 1:colcon.colcon_core.environment:create_environment_scripts_only(robot_arm)
[20.277s] Level 1:colcon.colcon_core.environment:checking '/home/blakepi/ros2_ws/src/robot_arm/install/robot_arm' for CMake module files
[20.280s] Level 1:colcon.colcon_core.environment:checking '/home/blakepi/ros2_ws/src/robot_arm/install/robot_arm' for CMake config files
[20.282s] Level 1:colcon.colcon_core.shell:create_environment_hook('robot_arm', 'cmake_prefix_path')
[20.283s] INFO:colcon.colcon_core.shell:Creating environment hook '/home/blakepi/ros2_ws/src/robot_arm/install/robot_arm/share/robot_arm/hook/cmake_prefix_path.ps1'
[20.285s] INFO:colcon.colcon_core.shell:Creating environment descriptor '/home/blakepi/ros2_ws/src/robot_arm/install/robot_arm/share/robot_arm/hook/cmake_prefix_path.dsv'
[20.286s] INFO:colcon.colcon_core.shell:Creating environment hook '/home/blakepi/ros2_ws/src/robot_arm/install/robot_arm/share/robot_arm/hook/cmake_prefix_path.sh'
[20.289s] Level 1:colcon.colcon_core.environment:checking '/home/blakepi/ros2_ws/src/robot_arm/install/robot_arm/lib'
[20.289s] Level 1:colcon.colcon_core.environment:checking '/home/blakepi/ros2_ws/src/robot_arm/install/robot_arm/bin'
[20.289s] Level 1:colcon.colcon_core.environment:checking '/home/blakepi/ros2_ws/src/robot_arm/install/robot_arm/lib/pkgconfig/robot_arm.pc'
[20.290s] Level 1:colcon.colcon_core.environment:checking '/home/blakepi/ros2_ws/src/robot_arm/install/robot_arm/lib/python3.10/site-packages'
[20.291s] Level 1:colcon.colcon_core.environment:checking '/home/blakepi/ros2_ws/src/robot_arm/install/robot_arm/bin'
[20.292s] INFO:colcon.colcon_core.shell:Creating package script '/home/blakepi/ros2_ws/src/robot_arm/install/robot_arm/share/robot_arm/package.ps1'
[20.294s] INFO:colcon.colcon_core.shell:Creating package descriptor '/home/blakepi/ros2_ws/src/robot_arm/install/robot_arm/share/robot_arm/package.dsv'
[20.296s] INFO:colcon.colcon_core.shell:Creating package script '/home/blakepi/ros2_ws/src/robot_arm/install/robot_arm/share/robot_arm/package.sh'
[20.298s] INFO:colcon.colcon_core.shell:Creating package script '/home/blakepi/ros2_ws/src/robot_arm/install/robot_arm/share/robot_arm/package.bash'
[20.300s] INFO:colcon.colcon_core.shell:Creating package script '/home/blakepi/ros2_ws/src/robot_arm/install/robot_arm/share/robot_arm/package.zsh'
[20.302s] Level 1:colcon.colcon_core.environment:create_file_with_runtime_dependencies(/home/blakepi/ros2_ws/src/robot_arm/install/robot_arm/share/colcon-core/packages/robot_arm)
[20.303s] DEBUG:colcon.colcon_parallel_executor.executor.parallel:closing loop
[20.304s] DEBUG:colcon.colcon_parallel_executor.executor.parallel:loop closed
[20.305s] DEBUG:colcon.colcon_parallel_executor.executor.parallel:run_until_complete finished with '0'
[20.305s] DEBUG:colcon.colcon_core.event_reactor:joining thread
[20.360s] INFO:colcon.colcon_core.plugin_system:Skipping extension 'colcon_notification.desktop_notification.notify_send': Could not find 'notify-send'
[20.360s] INFO:colcon.colcon_core.plugin_system:Skipping extension 'colcon_notification.desktop_notification.terminal_notifier': Not used on non-Darwin systems
[20.361s] INFO:colcon.colcon_core.plugin_system:Skipping extension 'colcon_notification.desktop_notification.win32': Not used on non-Windows systems
[20.361s] INFO:colcon.colcon_notification.desktop_notification:Sending desktop notification using 'notify2'
[20.363s] DEBUG:colcon.colcon_notification.desktop_notification.notify2:Failed to initialize notify2: org.freedesktop.DBus.Error.ServiceUnknown: The name org.freedesktop.Notifications was not provided by any .service files
[20.364s] DEBUG:colcon.colcon_core.event_reactor:joined thread
[20.365s] INFO:colcon.colcon_core.shell:Creating prefix script '/home/blakepi/ros2_ws/src/robot_arm/install/local_setup.ps1'
[20.368s] INFO:colcon.colcon_core.shell:Creating prefix util module '/home/blakepi/ros2_ws/src/robot_arm/install/_local_setup_util_ps1.py'
[20.373s] INFO:colcon.colcon_core.shell:Creating prefix chain script '/home/blakepi/ros2_ws/src/robot_arm/install/setup.ps1'
[20.377s] INFO:colcon.colcon_core.shell:Creating prefix script '/home/blakepi/ros2_ws/src/robot_arm/install/local_setup.sh'
[20.380s] INFO:colcon.colcon_core.shell:Creating prefix util module '/home/blakepi/ros2_ws/src/robot_arm/install/_local_setup_util_sh.py'
[20.381s] INFO:colcon.colcon_core.shell:Creating prefix chain script '/home/blakepi/ros2_ws/src/robot_arm/install/setup.sh'
[20.385s] INFO:colcon.colcon_core.shell:Creating prefix script '/home/blakepi/ros2_ws/src/robot_arm/install/local_setup.bash'
[20.388s] INFO:colcon.colcon_core.shell:Creating prefix chain script '/home/blakepi/ros2_ws/src/robot_arm/install/setup.bash'
[20.392s] INFO:colcon.colcon_core.shell:Creating prefix script '/home/blakepi/ros2_ws/src/robot_arm/install/local_setup.zsh'
[20.393s] INFO:colcon.colcon_core.shell:Creating prefix chain script '/home/blakepi/ros2_ws/src/robot_arm/install/setup.zsh'
