[0.056s] Invoking command in '/home/blakepi/ros2_ws/build/robot_arm': CMAKE_PREFIX_PATH=${CMAKE_PREFIX_PATH}:/opt/ros/humble /usr/bin/cmake --build /home/blakepi/ros2_ws/build/robot_arm -- -j4 -l4
[0.222s] [35m[1mConsolidate compiler generated dependencies of target bluetooth_node[0m
[0.279s] [ 50%] Built target servo_node
[0.330s] [ 75%] [32mBuilding CXX object CMakeFiles/bluetooth_node.dir/src/bluetooth_node.cpp.o[0m
[12.826s] [100%] [32m[1mLinking CXX executable bluetooth_node[0m
[13.383s] [100%] Built target bluetooth_node
[13.453s] Invoked command in '/home/blakepi/ros2_ws/build/robot_arm' returned '0': CMAKE_PREFIX_PATH=${CMAKE_PREFIX_PATH}:/opt/ros/humble /usr/bin/cmake --build /home/blakepi/ros2_ws/build/robot_arm -- -j4 -l4
[13.647s] Invoking command in '/home/blakepi/ros2_ws/build/robot_arm': CMAKE_PREFIX_PATH=${CMAKE_PREFIX_PATH}:/opt/ros/humble /usr/bin/cmake --install /home/blakepi/ros2_ws/build/robot_arm
[13.672s] -- Install configuration: ""
[13.673s] -- Installing: /home/blakepi/ros2_ws/install/robot_arm/lib/robot_arm/servo_node
[13.711s] -- Set runtime path of "/home/blakepi/ros2_ws/install/robot_arm/lib/robot_arm/servo_node" to ""
[13.711s] -- Installing: /home/blakepi/ros2_ws/install/robot_arm/lib/robot_arm/bluetooth_node
[13.715s] -- Set runtime path of "/home/blakepi/ros2_ws/install/robot_arm/lib/robot_arm/bluetooth_node" to ""
[13.716s] -- Up-to-date: /home/blakepi/ros2_ws/install/robot_arm/share/ament_index/resource_index/package_run_dependencies/robot_arm
[13.717s] -- Up-to-date: /home/blakepi/ros2_ws/install/robot_arm/share/ament_index/resource_index/parent_prefix_path/robot_arm
[13.717s] -- Up-to-date: /home/blakepi/ros2_ws/install/robot_arm/share/robot_arm/environment/ament_prefix_path.sh
[13.718s] -- Installing: /home/blakepi/ros2_ws/install/robot_arm/share/robot_arm/environment/ament_prefix_path.dsv
[13.719s] -- Up-to-date: /home/blakepi/ros2_ws/install/robot_arm/share/robot_arm/environment/path.sh
[13.719s] -- Installing: /home/blakepi/ros2_ws/install/robot_arm/share/robot_arm/environment/path.dsv
[13.721s] -- Up-to-date: /home/blakepi/ros2_ws/install/robot_arm/share/robot_arm/local_setup.bash
[13.722s] -- Up-to-date: /home/blakepi/ros2_ws/install/robot_arm/share/robot_arm/local_setup.sh
[13.722s] -- Up-to-date: /home/blakepi/ros2_ws/install/robot_arm/share/robot_arm/local_setup.zsh
[13.723s] -- Installing: /home/blakepi/ros2_ws/install/robot_arm/share/robot_arm/local_setup.dsv
[13.724s] -- Installing: /home/blakepi/ros2_ws/install/robot_arm/share/robot_arm/package.dsv
[13.726s] -- Up-to-date: /home/blakepi/ros2_ws/install/robot_arm/share/ament_index/resource_index/packages/robot_arm
[13.727s] -- Up-to-date: /home/blakepi/ros2_ws/install/robot_arm/share/robot_arm/cmake/robot_armConfig.cmake
[13.727s] -- Up-to-date: /home/blakepi/ros2_ws/install/robot_arm/share/robot_arm/cmake/robot_armConfig-version.cmake
[13.728s] -- Up-to-date: /home/blakepi/ros2_ws/install/robot_arm/share/robot_arm/package.xml
[13.733s] Invoked command in '/home/blakepi/ros2_ws/build/robot_arm' returned '0': CMAKE_PREFIX_PATH=${CMAKE_PREFIX_PATH}:/opt/ros/humble /usr/bin/cmake --install /home/blakepi/ros2_ws/build/robot_arm
