[35m[1mConsolidate compiler generated dependencies of target servo_node[0m
[ 33%] Built target servo_publisher_node
[ 66%] Built target bluetooth_node
[ 83%] [32mBuilding CXX object CMakeFiles/servo_node.dir/src/servo_controller.cpp.o[0m
[100%] [32m[1mLinking CXX executable servo_node[0m
[100%] Built target servo_node
-- Install configuration: ""
-- Installing: /home/blakepi/ros2_ws/install/robot_arm/lib/robot_arm/servo_node
-- Set runtime path of "/home/blakepi/ros2_ws/install/robot_arm/lib/robot_arm/servo_node" to ""
-- Installing: /home/blakepi/ros2_ws/install/robot_arm/lib/robot_arm/servo_publisher_node
-- Set runtime path of "/home/blakepi/ros2_ws/install/robot_arm/lib/robot_arm/servo_publisher_node" to ""
-- Installing: /home/blakepi/ros2_ws/install/robot_arm/lib/robot_arm/bluetooth_node
-- Set runtime path of "/home/blakepi/ros2_ws/install/robot_arm/lib/robot_arm/bluetooth_node" to ""
-- Installing: /home/blakepi/ros2_ws/install/robot_arm/share/ament_index/resource_index/package_run_dependencies/robot_arm
-- Installing: /home/blakepi/ros2_ws/install/robot_arm/share/ament_index/resource_index/parent_prefix_path/robot_arm
-- Installing: /home/blakepi/ros2_ws/install/robot_arm/share/robot_arm/environment/ament_prefix_path.sh
-- Installing: /home/blakepi/ros2_ws/install/robot_arm/share/robot_arm/environment/ament_prefix_path.dsv
-- Installing: /home/blakepi/ros2_ws/install/robot_arm/share/robot_arm/environment/path.sh
-- Installing: /home/blakepi/ros2_ws/install/robot_arm/share/robot_arm/environment/path.dsv
-- Installing: /home/blakepi/ros2_ws/install/robot_arm/share/robot_arm/local_setup.bash
-- Installing: /home/blakepi/ros2_ws/install/robot_arm/share/robot_arm/local_setup.sh
-- Installing: /home/blakepi/ros2_ws/install/robot_arm/share/robot_arm/local_setup.zsh
-- Installing: /home/blakepi/ros2_ws/install/robot_arm/share/robot_arm/local_setup.dsv
-- Installing: /home/blakepi/ros2_ws/install/robot_arm/share/robot_arm/package.dsv
-- Installing: /home/blakepi/ros2_ws/install/robot_arm/share/ament_index/resource_index/packages/robot_arm
-- Installing: /home/blakepi/ros2_ws/install/robot_arm/share/robot_arm/cmake/robot_armConfig.cmake
-- Installing: /home/blakepi/ros2_ws/install/robot_arm/share/robot_arm/cmake/robot_armConfig-version.cmake
-- Installing: /home/blakepi/ros2_ws/install/robot_arm/share/robot_arm/package.xml
