running egg_info
creating ../../build/bluetooth_communication/bluetooth_communication.egg-info
writing ../../build/bluetooth_communication/bluetooth_communication.egg-info/PKG-INFO
writing dependency_links to ../../build/bluetooth_communication/bluetooth_communication.egg-info/dependency_links.txt
writing entry points to ../../build/bluetooth_communication/bluetooth_communication.egg-info/entry_points.txt
writing requirements to ../../build/bluetooth_communication/bluetooth_communication.egg-info/requires.txt
writing top-level names to ../../build/bluetooth_communication/bluetooth_communication.egg-info/top_level.txt
writing manifest file '../../build/bluetooth_communication/bluetooth_communication.egg-info/SOURCES.txt'
reading manifest file '../../build/bluetooth_communication/bluetooth_communication.egg-info/SOURCES.txt'
writing manifest file '../../build/bluetooth_communication/bluetooth_communication.egg-info/SOURCES.txt'
running build
running build_py
creating /home/blakepi/ros2_ws/build/bluetooth_communication/build
creating /home/blakepi/ros2_ws/build/bluetooth_communication/build/lib
creating /home/blakepi/ros2_ws/build/bluetooth_communication/build/lib/bluetooth_communication
copying bluetooth_communication/__init__.py -> /home/blakepi/ros2_ws/build/bluetooth_communication/build/lib/bluetooth_communication
copying bluetooth_communication/bluetooth_node.py -> /home/blakepi/ros2_ws/build/bluetooth_communication/build/lib/bluetooth_communication
running install
running install_lib
creating /home/blakepi/ros2_ws/install/bluetooth_communication/lib/python3.10/site-packages/bluetooth_communication
copying /home/blakepi/ros2_ws/build/bluetooth_communication/build/lib/bluetooth_communication/__init__.py -> /home/blakepi/ros2_ws/install/bluetooth_communication/lib/python3.10/site-packages/bluetooth_communication
copying /home/blakepi/ros2_ws/build/bluetooth_communication/build/lib/bluetooth_communication/bluetooth_node.py -> /home/blakepi/ros2_ws/install/bluetooth_communication/lib/python3.10/site-packages/bluetooth_communication
byte-compiling /home/blakepi/ros2_ws/install/bluetooth_communication/lib/python3.10/site-packages/bluetooth_communication/__init__.py to __init__.cpython-310.pyc
byte-compiling /home/blakepi/ros2_ws/install/bluetooth_communication/lib/python3.10/site-packages/bluetooth_communication/bluetooth_node.py to bluetooth_node.cpython-310.pyc
running install_data
creating /home/blakepi/ros2_ws/install/bluetooth_communication/share/ament_index
creating /home/blakepi/ros2_ws/install/bluetooth_communication/share/ament_index/resource_index
creating /home/blakepi/ros2_ws/install/bluetooth_communication/share/ament_index/resource_index/packages
copying resource/bluetooth_communication -> /home/blakepi/ros2_ws/install/bluetooth_communication/share/ament_index/resource_index/packages
copying package.xml -> /home/blakepi/ros2_ws/install/bluetooth_communication/share/bluetooth_communication
running install_egg_info
Copying ../../build/bluetooth_communication/bluetooth_communication.egg-info to /home/blakepi/ros2_ws/install/bluetooth_communication/lib/python3.10/site-packages/bluetooth_communication-0.0.0-py3.10.egg-info
running install_scripts
Installing bluetooth_node script to /home/blakepi/ros2_ws/install/bluetooth_communication/lib/bluetooth_communication
writing list of installed files to '/home/blakepi/ros2_ws/build/bluetooth_communication/install.log'
