[4.461s] Invoking command in '/home/blakepi/ros2_ws/src/bluetooth_communication': PYTHONPATH=/home/blakepi/ros2_ws/build/bluetooth_communication/prefix_override:/home/blakepi/ros2_ws/install/bluetooth_communication/lib/python3.10/site-packages:${PYTHONPATH} /usr/bin/python3 -W ignore:setup.py install is deprecated setup.py egg_info --egg-base ../../build/bluetooth_communication build --build-base /home/blakepi/ros2_ws/build/bluetooth_communication/build install --record /home/blakepi/ros2_ws/build/bluetooth_communication/install.log --single-version-externally-managed install_data
[5.777s] running egg_info
[5.784s] creating ../../build/bluetooth_communication/bluetooth_communication.egg-info
[5.787s] writing ../../build/bluetooth_communication/bluetooth_communication.egg-info/PKG-INFO
[5.788s] writing dependency_links to ../../build/bluetooth_communication/bluetooth_communication.egg-info/dependency_links.txt
[5.788s] writing entry points to ../../build/bluetooth_communication/bluetooth_communication.egg-info/entry_points.txt
[5.789s] writing requirements to ../../build/bluetooth_communication/bluetooth_communication.egg-info/requires.txt
[5.789s] writing top-level names to ../../build/bluetooth_communication/bluetooth_communication.egg-info/top_level.txt
[5.790s] writing manifest file '../../build/bluetooth_communication/bluetooth_communication.egg-info/SOURCES.txt'
[5.792s] reading manifest file '../../build/bluetooth_communication/bluetooth_communication.egg-info/SOURCES.txt'
[5.801s] writing manifest file '../../build/bluetooth_communication/bluetooth_communication.egg-info/SOURCES.txt'
[5.802s] running build
[5.803s] running build_py
[5.803s] creating /home/blakepi/ros2_ws/build/bluetooth_communication/build
[5.804s] creating /home/blakepi/ros2_ws/build/bluetooth_communication/build/lib
[5.805s] creating /home/blakepi/ros2_ws/build/bluetooth_communication/build/lib/bluetooth_communication
[5.805s] copying bluetooth_communication/__init__.py -> /home/blakepi/ros2_ws/build/bluetooth_communication/build/lib/bluetooth_communication
[5.806s] copying bluetooth_communication/bluetooth_node.py -> /home/blakepi/ros2_ws/build/bluetooth_communication/build/lib/bluetooth_communication
[5.823s] running install
[5.833s] running install_lib
[5.841s] creating /home/blakepi/ros2_ws/install/bluetooth_communication/lib/python3.10/site-packages/bluetooth_communication
[5.841s] copying /home/blakepi/ros2_ws/build/bluetooth_communication/build/lib/bluetooth_communication/__init__.py -> /home/blakepi/ros2_ws/install/bluetooth_communication/lib/python3.10/site-packages/bluetooth_communication
[5.842s] copying /home/blakepi/ros2_ws/build/bluetooth_communication/build/lib/bluetooth_communication/bluetooth_node.py -> /home/blakepi/ros2_ws/install/bluetooth_communication/lib/python3.10/site-packages/bluetooth_communication
[5.842s] byte-compiling /home/blakepi/ros2_ws/install/bluetooth_communication/lib/python3.10/site-packages/bluetooth_communication/__init__.py to __init__.cpython-310.pyc
[5.843s] byte-compiling /home/blakepi/ros2_ws/install/bluetooth_communication/lib/python3.10/site-packages/bluetooth_communication/bluetooth_node.py to bluetooth_node.cpython-310.pyc
[5.843s] running install_data
[5.843s] creating /home/blakepi/ros2_ws/install/bluetooth_communication/share/ament_index
[5.844s] creating /home/blakepi/ros2_ws/install/bluetooth_communication/share/ament_index/resource_index
[5.844s] creating /home/blakepi/ros2_ws/install/bluetooth_communication/share/ament_index/resource_index/packages
[5.845s] copying resource/bluetooth_communication -> /home/blakepi/ros2_ws/install/bluetooth_communication/share/ament_index/resource_index/packages
[5.846s] copying package.xml -> /home/blakepi/ros2_ws/install/bluetooth_communication/share/bluetooth_communication
[5.846s] running install_egg_info
[5.847s] Copying ../../build/bluetooth_communication/bluetooth_communication.egg-info to /home/blakepi/ros2_ws/install/bluetooth_communication/lib/python3.10/site-packages/bluetooth_communication-0.0.0-py3.10.egg-info
[5.872s] running install_scripts
[5.934s] Installing bluetooth_node script to /home/blakepi/ros2_ws/install/bluetooth_communication/lib/bluetooth_communication
[5.937s] writing list of installed files to '/home/blakepi/ros2_ws/build/bluetooth_communication/install.log'
[6.120s] Invoked command in '/home/blakepi/ros2_ws/src/bluetooth_communication' returned '0': PYTHONPATH=/home/blakepi/ros2_ws/build/bluetooth_communication/prefix_override:/home/blakepi/ros2_ws/install/bluetooth_communication/lib/python3.10/site-packages:${PYTHONPATH} /usr/bin/python3 -W ignore:setup.py install is deprecated setup.py egg_info --egg-base ../../build/bluetooth_communication build --build-base /home/blakepi/ros2_ws/build/bluetooth_communication/build install --record /home/blakepi/ros2_ws/build/bluetooth_communication/install.log --single-version-externally-managed install_data
