[1.185s] Invoking command in '/home/blakepi/ros2_ws/build/robot_arm': CMAKE_PREFIX_PATH=${CMAKE_PREFIX_PATH}:/home/blakepi/ros2_ws/install/python_pkgs:/home/blakepi/ros2_ws/install/bluetooth_communication:/opt/ros/humble /usr/bin/cmake --build /home/blakepi/ros2_ws/build/robot_arm -- -j4 -l4
[1.298s] -- Found ament_cmake: 1.3.9 (/opt/ros/humble/share/ament_cmake/cmake)
[2.050s] -- Found rclcpp: 16.0.9 (/opt/ros/humble/share/rclcpp/cmake)
[2.194s] -- Found rosidl_generator_c: 3.1.5 (/opt/ros/humble/share/rosidl_generator_c/cmake)
[2.206s] -- Found rosidl_adapter: 3.1.5 (/opt/ros/humble/share/rosidl_adapter/cmake)
[2.238s] -- Found rosidl_generator_cpp: 3.1.5 (/opt/ros/humble/share/rosidl_generator_cpp/cmake)
[2.294s] -- Using all available rosidl_typesupport_c: rosidl_typesupport_fastrtps_c;rosidl_typesupport_introspection_c
[2.367s] -- Using all available rosidl_typesupport_cpp: rosidl_typesupport_fastrtps_cpp;rosidl_typesupport_introspection_cpp
[2.622s] -- Found rmw_implementation_cmake: 6.1.2 (/opt/ros/humble/share/rmw_implementation_cmake/cmake)
[2.629s] -- Found rmw_fastrtps_cpp: 6.2.6 (/opt/ros/humble/share/rmw_fastrtps_cpp/cmake)
[3.185s] -- Using RMW implementation 'rmw_fastrtps_cpp' as default
[3.919s] -- Found rosidl_default_generators: 1.2.0 (/opt/ros/humble/share/rosidl_default_generators/cmake)
[4.939s] [31mCMake Error at /opt/ros/humble/share/rosidl_cmake/cmake/rosidl_generate_interfaces.cmake:229 (message):
[4.939s]   Packages installing interfaces must include
[4.940s]   '<member_of_group>rosidl_interface_packages</member_of_group>' in their
[4.940s]   package.xml
[4.941s] Call Stack (most recent call first):
[4.941s]   CMakeLists.txt:21 (rosidl_generate_interfaces)
[4.941s] 
[4.941s] [0m
[4.942s] -- Configuring incomplete, errors occurred!
[4.942s] See also "/home/blakepi/ros2_ws/build/robot_arm/CMakeFiles/CMakeOutput.log".
[4.968s] gmake: *** [Makefile:349: cmake_check_build_system] Error 1
[4.974s] Invoked command in '/home/blakepi/ros2_ws/build/robot_arm' returned '2': CMAKE_PREFIX_PATH=${CMAKE_PREFIX_PATH}:/home/blakepi/ros2_ws/install/python_pkgs:/home/blakepi/ros2_ws/install/bluetooth_communication:/opt/ros/humble /usr/bin/cmake --build /home/blakepi/ros2_ws/build/robot_arm -- -j4 -l4
