[5.394s] Invoking command in '/home/blakepi/ros2_ws/src/python_pkgs': PYTHONPATH=/home/blakepi/ros2_ws/build/python_pkgs/prefix_override:/usr/lib/python3/dist-packages/colcon_core/task/python/colcon_distutils_commands:/home/blakepi/ros2_ws/install/python_pkgs/lib/python3.10/site-packages:${PYTHONPATH} /usr/bin/python3 -W ignore:setup.py install is deprecated setup.py egg_info --egg-base ../../build/python_pkgs build --build-base /home/blakepi/ros2_ws/build/python_pkgs/build install --record /home/blakepi/ros2_ws/build/python_pkgs/install.log --single-version-externally-managed install_data
[7.655s] running egg_info
[7.664s] writing ../../build/python_pkgs/python_pkgs.egg-info/PKG-INFO
[7.678s] writing dependency_links to ../../build/python_pkgs/python_pkgs.egg-info/dependency_links.txt
[7.683s] writing entry points to ../../build/python_pkgs/python_pkgs.egg-info/entry_points.txt
[7.690s] writing requirements to ../../build/python_pkgs/python_pkgs.egg-info/requires.txt
[7.697s] writing top-level names to ../../build/python_pkgs/python_pkgs.egg-info/top_level.txt
[7.710s] reading manifest file '../../build/python_pkgs/python_pkgs.egg-info/SOURCES.txt'
[7.713s] writing manifest file '../../build/python_pkgs/python_pkgs.egg-info/SOURCES.txt'
[7.714s] running build
[7.716s] running build_py
[7.717s] running install
[7.718s] running install_lib
[7.726s] running install_data
[7.726s] running install_egg_info
[7.732s] removing '/home/blakepi/ros2_ws/install/python_pkgs/lib/python3.10/site-packages/python_pkgs-0.0.0-py3.10.egg-info' (and everything under it)
[7.735s] Copying ../../build/python_pkgs/python_pkgs.egg-info to /home/blakepi/ros2_ws/install/python_pkgs/lib/python3.10/site-packages/python_pkgs-0.0.0-py3.10.egg-info
[7.754s] running install_scripts
[8.003s] Installing bluetooth_node script to /home/blakepi/ros2_ws/install/python_pkgs/lib/python_pkgs
[8.010s] writing list of installed files to '/home/blakepi/ros2_ws/build/python_pkgs/install.log'
[8.202s] Invoked command in '/home/blakepi/ros2_ws/src/python_pkgs' returned '0': PYTHONPATH=/home/blakepi/ros2_ws/build/python_pkgs/prefix_override:/usr/lib/python3/dist-packages/colcon_core/task/python/colcon_distutils_commands:/home/blakepi/ros2_ws/install/python_pkgs/lib/python3.10/site-packages:${PYTHONPATH} /usr/bin/python3 -W ignore:setup.py install is deprecated setup.py egg_info --egg-base ../../build/python_pkgs build --build-base /home/blakepi/ros2_ws/build/python_pkgs/build install --record /home/blakepi/ros2_ws/build/python_pkgs/install.log --single-version-externally-managed install_data
