[0.046s] Invoking command in '/home/blakepi/ros2_ws/build/robot_arm': CMAKE_PREFIX_PATH=${CMAKE_PREFIX_PATH}:/opt/ros/humble /usr/bin/cmake --build /home/blakepi/ros2_ws/build/robot_arm -- -j4 -l4
[0.222s] [35m[1mConsolidate compiler generated dependencies of target servo_publisher_node[0m
[0.230s] [35m[1mConsolidate compiler generated dependencies of target bluetooth_node[0m
[0.284s] [ 16%] [32mBuilding CXX object CMakeFiles/servo_node.dir/src/servo_controller.cpp.o[0m
[0.341s] [ 50%] Built target bluetooth_node
[0.363s] [ 83%] Built target servo_publisher_node
[34.908s] [100%] [32m[1mLinking CXX executable servo_node[0m
[36.713s] [100%] Built target servo_node
[36.754s] Invoked command in '/home/blakepi/ros2_ws/build/robot_arm' returned '0': CMAKE_PREFIX_PATH=${CMAKE_PREFIX_PATH}:/opt/ros/humble /usr/bin/cmake --build /home/blakepi/ros2_ws/build/robot_arm -- -j4 -l4
[36.987s] Invoking command in '/home/blakepi/ros2_ws/build/robot_arm': CMAKE_PREFIX_PATH=${CMAKE_PREFIX_PATH}:/opt/ros/humble /usr/bin/cmake --install /home/blakepi/ros2_ws/build/robot_arm
[37.015s] -- Install configuration: ""
[37.017s] -- Installing: /home/blakepi/ros2_ws/install/robot_arm/lib/robot_arm/servo_node
[37.073s] -- Set runtime path of "/home/blakepi/ros2_ws/install/robot_arm/lib/robot_arm/servo_node" to ""
[37.075s] -- Up-to-date: /home/blakepi/ros2_ws/install/robot_arm/lib/robot_arm/servo_publisher_node
[37.076s] -- Up-to-date: /home/blakepi/ros2_ws/install/robot_arm/lib/robot_arm/bluetooth_node
[37.076s] -- Up-to-date: /home/blakepi/ros2_ws/install/robot_arm/share/ament_index/resource_index/package_run_dependencies/robot_arm
[37.077s] -- Up-to-date: /home/blakepi/ros2_ws/install/robot_arm/share/ament_index/resource_index/parent_prefix_path/robot_arm
[37.078s] -- Up-to-date: /home/blakepi/ros2_ws/install/robot_arm/share/robot_arm/environment/ament_prefix_path.sh
[37.078s] -- Up-to-date: /home/blakepi/ros2_ws/install/robot_arm/share/robot_arm/environment/ament_prefix_path.dsv
[37.079s] -- Up-to-date: /home/blakepi/ros2_ws/install/robot_arm/share/robot_arm/environment/path.sh
[37.080s] -- Up-to-date: /home/blakepi/ros2_ws/install/robot_arm/share/robot_arm/environment/path.dsv
[37.081s] -- Up-to-date: /home/blakepi/ros2_ws/install/robot_arm/share/robot_arm/local_setup.bash
[37.083s] -- Up-to-date: /home/blakepi/ros2_ws/install/robot_arm/share/robot_arm/local_setup.sh
[37.085s] -- Up-to-date: /home/blakepi/ros2_ws/install/robot_arm/share/robot_arm/local_setup.zsh
[37.086s] -- Up-to-date: /home/blakepi/ros2_ws/install/robot_arm/share/robot_arm/local_setup.dsv
[37.087s] -- Installing: /home/blakepi/ros2_ws/install/robot_arm/share/robot_arm/package.dsv
[37.089s] -- Up-to-date: /home/blakepi/ros2_ws/install/robot_arm/share/ament_index/resource_index/packages/robot_arm
[37.090s] -- Up-to-date: /home/blakepi/ros2_ws/install/robot_arm/share/robot_arm/cmake/robot_armConfig.cmake
[37.091s] -- Up-to-date: /home/blakepi/ros2_ws/install/robot_arm/share/robot_arm/cmake/robot_armConfig-version.cmake
[37.092s] -- Up-to-date: /home/blakepi/ros2_ws/install/robot_arm/share/robot_arm/package.xml
[37.094s] Invoked command in '/home/blakepi/ros2_ws/build/robot_arm' returned '0': CMAKE_PREFIX_PATH=${CMAKE_PREFIX_PATH}:/opt/ros/humble /usr/bin/cmake --install /home/blakepi/ros2_ws/build/robot_arm
