[0.080s] Invoking command in '/home/blakepi/ros2_ws/build/robot_arm': CMAKE_PREFIX_PATH=/home/blakepi/ros2_ws/install/interface:/home/blakepi/ros2_ws/install/robot_arm:/home/blakepi/ros2_ws/install/python_pkgs:/opt/ros/humble /usr/bin/cmake --build /home/blakepi/ros2_ws/build/robot_arm -- -j4 -l4
[0.461s] [ 50%] Built target servo_node
[0.479s] [100%] Built target bluetooth_node
[0.553s] [100%] Built target ament_cmake_python_copy_robot_arm
[1.814s] running egg_info
[1.815s] writing robot_arm.egg-info/PKG-INFO
[1.817s] writing dependency_links to robot_arm.egg-info/dependency_links.txt
[1.819s] writing top-level names to robot_arm.egg-info/top_level.txt
[1.832s] reading manifest file 'robot_arm.egg-info/SOURCES.txt'
[1.854s] writing manifest file 'robot_arm.egg-info/SOURCES.txt'
[1.972s] [100%] Built target ament_cmake_python_build_robot_arm_egg
[2.011s] Invoked command in '/home/blakepi/ros2_ws/build/robot_arm' returned '0': CMAKE_PREFIX_PATH=/home/blakepi/ros2_ws/install/interface:/home/blakepi/ros2_ws/install/robot_arm:/home/blakepi/ros2_ws/install/python_pkgs:/opt/ros/humble /usr/bin/cmake --build /home/blakepi/ros2_ws/build/robot_arm -- -j4 -l4
[2.190s] Invoking command in '/home/blakepi/ros2_ws/build/robot_arm': CMAKE_PREFIX_PATH=/home/blakepi/ros2_ws/install/interface:/home/blakepi/ros2_ws/install/robot_arm:/home/blakepi/ros2_ws/install/python_pkgs:/opt/ros/humble /usr/bin/cmake --install /home/blakepi/ros2_ws/build/robot_arm
[2.216s] -- Install configuration: ""
[2.218s] -- Up-to-date: /home/blakepi/ros2_ws/install/robot_arm/lib/robot_arm/servo_node
[2.220s] -- Up-to-date: /home/blakepi/ros2_ws/install/robot_arm/lib/robot_arm/bluetooth_node
[2.222s] -- Up-to-date: /home/blakepi/ros2_ws/install/robot_arm/share/robot_arm/environment/pythonpath.sh
[2.223s] -- Up-to-date: /home/blakepi/ros2_ws/install/robot_arm/share/robot_arm/environment/pythonpath.dsv
[2.224s] -- Up-to-date: /home/blakepi/ros2_ws/install/robot_arm/local/lib/python3.10/dist-packages/robot_arm-0.0.0-py3.10.egg-info
[2.224s] -- Installing: /home/blakepi/ros2_ws/install/robot_arm/local/lib/python3.10/dist-packages/robot_arm-0.0.0-py3.10.egg-info/SOURCES.txt
[2.225s] -- Installing: /home/blakepi/ros2_ws/install/robot_arm/local/lib/python3.10/dist-packages/robot_arm-0.0.0-py3.10.egg-info/dependency_links.txt
[2.226s] -- Installing: /home/blakepi/ros2_ws/install/robot_arm/local/lib/python3.10/dist-packages/robot_arm-0.0.0-py3.10.egg-info/PKG-INFO
[2.228s] -- Installing: /home/blakepi/ros2_ws/install/robot_arm/local/lib/python3.10/dist-packages/robot_arm-0.0.0-py3.10.egg-info/top_level.txt
[2.230s] -- Up-to-date: /home/blakepi/ros2_ws/install/robot_arm/local/lib/python3.10/dist-packages/robot_arm
[2.230s] -- Up-to-date: /home/blakepi/ros2_ws/install/robot_arm/local/lib/python3.10/dist-packages/robot_arm/__init__.py
[2.231s] -- Up-to-date: /home/blakepi/ros2_ws/install/robot_arm/local/lib/python3.10/dist-packages/robot_arm/wifi_image_sender_node.py
[2.231s] -- Installing: /home/blakepi/ros2_ws/install/robot_arm/local/lib/python3.10/dist-packages/robot_arm/camera_node.py
[2.232s] -- Up-to-date: /home/blakepi/ros2_ws/install/robot_arm/local/lib/python3.10/dist-packages/robot_arm/distance_node.py
[2.394s] Listing '/home/blakepi/ros2_ws/install/robot_arm/local/lib/python3.10/dist-packages/robot_arm'...
[2.396s] Compiling '/home/blakepi/ros2_ws/install/robot_arm/local/lib/python3.10/dist-packages/robot_arm/camera_node.py'...
[2.418s] -- Installing: /home/blakepi/ros2_ws/install/robot_arm/lib/robot_arm/camera_node.py
[2.419s] -- Up-to-date: /home/blakepi/ros2_ws/install/robot_arm/lib/robot_arm/distance_node.py
[2.420s] -- Up-to-date: /home/blakepi/ros2_ws/install/robot_arm/lib/robot_arm/wifi_image_sender_node.py
[2.420s] -- Up-to-date: /home/blakepi/ros2_ws/install/robot_arm/share/ament_index/resource_index/package_run_dependencies/robot_arm
[2.421s] -- Up-to-date: /home/blakepi/ros2_ws/install/robot_arm/share/ament_index/resource_index/parent_prefix_path/robot_arm
[2.421s] -- Up-to-date: /home/blakepi/ros2_ws/install/robot_arm/share/robot_arm/environment/ament_prefix_path.sh
[2.422s] -- Up-to-date: /home/blakepi/ros2_ws/install/robot_arm/share/robot_arm/environment/ament_prefix_path.dsv
[2.422s] -- Up-to-date: /home/blakepi/ros2_ws/install/robot_arm/share/robot_arm/environment/path.sh
[2.423s] -- Up-to-date: /home/blakepi/ros2_ws/install/robot_arm/share/robot_arm/environment/path.dsv
[2.423s] -- Up-to-date: /home/blakepi/ros2_ws/install/robot_arm/share/robot_arm/local_setup.bash
[2.423s] -- Up-to-date: /home/blakepi/ros2_ws/install/robot_arm/share/robot_arm/local_setup.sh
[2.424s] -- Up-to-date: /home/blakepi/ros2_ws/install/robot_arm/share/robot_arm/local_setup.zsh
[2.425s] -- Up-to-date: /home/blakepi/ros2_ws/install/robot_arm/share/robot_arm/local_setup.dsv
[2.426s] -- Installing: /home/blakepi/ros2_ws/install/robot_arm/share/robot_arm/package.dsv
[2.427s] -- Up-to-date: /home/blakepi/ros2_ws/install/robot_arm/share/ament_index/resource_index/packages/robot_arm
[2.427s] -- Up-to-date: /home/blakepi/ros2_ws/install/robot_arm/share/robot_arm/cmake/robot_armConfig.cmake
[2.428s] -- Up-to-date: /home/blakepi/ros2_ws/install/robot_arm/share/robot_arm/cmake/robot_armConfig-version.cmake
[2.428s] -- Up-to-date: /home/blakepi/ros2_ws/install/robot_arm/share/robot_arm/package.xml
[2.434s] Invoked command in '/home/blakepi/ros2_ws/build/robot_arm' returned '0': CMAKE_PREFIX_PATH=/home/blakepi/ros2_ws/install/interface:/home/blakepi/ros2_ws/install/robot_arm:/home/blakepi/ros2_ws/install/python_pkgs:/opt/ros/humble /usr/bin/cmake --install /home/blakepi/ros2_ws/build/robot_arm
