[0.051s] Invoking command in '/home/blakepi/ros2_ws/build/robot_arm': CMAKE_PREFIX_PATH=${CMAKE_PREFIX_PATH}:/opt/ros/humble /usr/bin/cmake --build /home/blakepi/ros2_ws/build/robot_arm -- -j4 -l4
[0.148s] -- Found ament_cmake: 1.3.9 (/opt/ros/humble/share/ament_cmake/cmake)
[0.691s] -- Found rclcpp: 16.0.9 (/opt/ros/humble/share/rclcpp/cmake)
[0.825s] -- Found rosidl_generator_c: 3.1.5 (/opt/ros/humble/share/rosidl_generator_c/cmake)
[0.836s] -- Found rosidl_adapter: 3.1.5 (/opt/ros/humble/share/rosidl_adapter/cmake)
[0.861s] -- Found rosidl_generator_cpp: 3.1.5 (/opt/ros/humble/share/rosidl_generator_cpp/cmake)
[0.905s] -- Using all available rosidl_typesupport_c: rosidl_typesupport_fastrtps_c;rosidl_typesupport_introspection_c
[0.968s] -- Using all available rosidl_typesupport_cpp: rosidl_typesupport_fastrtps_cpp;rosidl_typesupport_introspection_cpp
[1.193s] -- Found rmw_implementation_cmake: 6.1.2 (/opt/ros/humble/share/rmw_implementation_cmake/cmake)
[1.199s] -- Found rmw_fastrtps_cpp: 6.2.6 (/opt/ros/humble/share/rmw_fastrtps_cpp/cmake)
[1.722s] -- Using RMW implementation 'rmw_fastrtps_cpp' as default
[2.374s] [31mCMake Error at CMakeLists.txt:16 (find_package):
[2.375s]   By not providing "Findpigpio.cmake" in CMAKE_MODULE_PATH this project has
[2.375s]   asked CMake to find a package configuration file provided by "pigpio", but
[2.376s]   CMake did not find one.
[2.376s] 
[2.376s]   Could not find a package configuration file provided by "pigpio" with any
[2.377s]   of the following names:
[2.377s] 
[2.378s]     pigpioConfig.cmake
[2.378s]     pigpio-config.cmake
[2.379s] 
[2.381s]   Add the installation prefix of "pigpio" to CMAKE_PREFIX_PATH or set
[2.382s]   "pigpio_DIR" to a directory containing one of the above files.  If "pigpio"
[2.382s]   provides a separate development package or SDK, be sure it has been
[2.384s]   installed.
[2.384s] 
[2.385s] [0m
[2.386s] -- Configuring incomplete, errors occurred!
[2.386s] See also "/home/blakepi/ros2_ws/build/robot_arm/CMakeFiles/CMakeOutput.log".
[2.400s] gmake: *** [Makefile:267: cmake_check_build_system] Error 1
[2.406s] Invoked command in '/home/blakepi/ros2_ws/build/robot_arm' returned '2': CMAKE_PREFIX_PATH=${CMAKE_PREFIX_PATH}:/opt/ros/humble /usr/bin/cmake --build /home/blakepi/ros2_ws/build/robot_arm -- -j4 -l4
