[4.671s] Invoking command in '/home/blakepi/ros2_ws/src/bluetooth_communication': PYTHONPATH=/home/blakepi/ros2_ws/build/bluetooth_communication/prefix_override:/home/blakepi/ros2_ws/install/bluetooth_communication/lib/python3.10/site-packages:${PYTHONPATH} /usr/bin/python3 -W ignore:setup.py install is deprecated setup.py egg_info --egg-base ../../build/bluetooth_communication build --build-base /home/blakepi/ros2_ws/build/bluetooth_communication/build install --record /home/blakepi/ros2_ws/build/bluetooth_communication/install.log --single-version-externally-managed install_data
[5.750s] running egg_info
[5.754s] writing ../../build/bluetooth_communication/bluetooth_communication.egg-info/PKG-INFO
[5.756s] writing dependency_links to ../../build/bluetooth_communication/bluetooth_communication.egg-info/dependency_links.txt
[5.758s] writing entry points to ../../build/bluetooth_communication/bluetooth_communication.egg-info/entry_points.txt
[5.760s] writing requirements to ../../build/bluetooth_communication/bluetooth_communication.egg-info/requires.txt
[5.761s] writing top-level names to ../../build/bluetooth_communication/bluetooth_communication.egg-info/top_level.txt
[5.767s] reading manifest file '../../build/bluetooth_communication/bluetooth_communication.egg-info/SOURCES.txt'
[5.772s] writing manifest file '../../build/bluetooth_communication/bluetooth_communication.egg-info/SOURCES.txt'
[5.773s] running build
[5.774s] running build_py
[5.775s] running install
[5.777s] running install_lib
[5.783s] running install_data
[5.784s] running install_egg_info
[5.792s] removing '/home/blakepi/ros2_ws/install/bluetooth_communication/lib/python3.10/site-packages/bluetooth_communication-0.0.0-py3.10.egg-info' (and everything under it)
[5.794s] Copying ../../build/bluetooth_communication/bluetooth_communication.egg-info to /home/blakepi/ros2_ws/install/bluetooth_communication/lib/python3.10/site-packages/bluetooth_communication-0.0.0-py3.10.egg-info
[5.804s] running install_scripts
[5.891s] Installing bluetooth_node script to /home/blakepi/ros2_ws/install/bluetooth_communication/lib/bluetooth_communication
[5.893s] writing list of installed files to '/home/blakepi/ros2_ws/build/bluetooth_communication/install.log'
[6.072s] Invoked command in '/home/blakepi/ros2_ws/src/bluetooth_communication' returned '0': PYTHONPATH=/home/blakepi/ros2_ws/build/bluetooth_communication/prefix_override:/home/blakepi/ros2_ws/install/bluetooth_communication/lib/python3.10/site-packages:${PYTHONPATH} /usr/bin/python3 -W ignore:setup.py install is deprecated setup.py egg_info --egg-base ../../build/bluetooth_communication build --build-base /home/blakepi/ros2_ws/build/bluetooth_communication/build install --record /home/blakepi/ros2_ws/build/bluetooth_communication/install.log --single-version-externally-managed install_data
